2026-02-21 05:32:47: -- Analysis Started by On Schedule Min=30 Hour=5 
2026-02-21 05:32:47: L: Reading State File C:/Users/mr big/Dropbox/code/c sharp/projects/open_source/maui/bannister/_gsdata_/_file_state_v4._gs
2026-02-21 05:32:54: R: Reading State File goodrive://www.googleapis.com/:personal:/bannister_open_source/_gsdata_/_file_state_v4._gs
2026-02-21 05:33:01: Changes: 82, Conflicts: 0, CopyTime: 0, FixState: 0, Errors: 0, All: 4022
2026-02-21 05:33:01: Left to Right: Copy File: 77 Delete File: 5 
2026-02-21 05:33:01: == Sync Started by On Schedule Min=30 Hour=5 
2026-02-21 05:33:01: ConnectCloned connected to file:///C:/Users/mr big/Dropbox/code/c sharp/projects/open_source/maui/bannister
2026-02-21 05:33:01: ConnectCloned connected to file:///C:/Users/mr big/Dropbox/code/c sharp/projects/open_source/maui/bannister
2026-02-21 05:33:01: ConnectCloned connected to file:///C:/Users/mr big/Dropbox/code/c sharp/projects/open_source/maui/bannister
2026-02-21 05:33:01: GsConnectAndSetRoot1 connected to goodrive://www.googleapis.com/:personal:/bannister_open_source
2026-02-21 05:33:01: GsConnectAndSetRoot1 connected to goodrive://www.googleapis.com/:personal:/bannister_open_source
2026-02-21 05:33:01: GsConnectAndSetRoot1 connected to goodrive://www.googleapis.com/:personal:/bannister_open_source
2026-02-21 05:33:07: Copy Over 'C:/Users/mr big/Dropbox/code/c sharp/projects/open_source/maui/bannister/Bannister/MainShell.xaml.cs' -> 'goodrive://www.googleapis.com/:personal:/bannister_open_source/Bannister/MainShell.xaml.cs' (1,057)
2026-02-21 05:33:07: Copy Over 'C:/Users/mr big/Dropbox/code/c sharp/projects/open_source/maui/bannister/Bannister/Bannister.csproj' -> 'goodrive://www.googleapis.com/:personal:/bannister_open_source/Bannister/Bannister.csproj' (2,677)
2026-02-21 05:33:08: Copy Over 'C:/Users/mr big/Dropbox/code/c sharp/projects/open_source/maui/bannister/Bannister/ConversationPractice/Views/PracticePage.cs' -> 'goodrive://www.googleapis.com/:personal:/bannister_open_source/Bannister/ConversationPractice/Views/PracticePage.cs' (15,932)
2026-02-21 05:33:11: Copy Over 'C:/Users/mr big/Dropbox/code/c sharp/projects/open_source/maui/bannister/Bannister/ConversationPractice/Views/TreeBuilderPage.cs' -> 'goodrive://www.googleapis.com/:personal:/bannister_open_source/Bannister/ConversationPractice/Views/TreeBuilderPage.cs' (13,506)
2026-02-21 05:33:12: Copy Over 'C:/Users/mr big/Dropbox/code/c sharp/projects/open_source/maui/bannister/Bannister/MauiProgram.cs' -> 'goodrive://www.googleapis.com/:personal:/bannister_open_source/Bannister/MauiProgram.cs' (3,265)
2026-02-21 05:33:13: Copy Over 'C:/Users/mr big/Dropbox/code/c sharp/projects/open_source/maui/bannister/Bannister/Models/Activity.cs' -> 'goodrive://www.googleapis.com/:personal:/bannister_open_source/Bannister/Models/Activity.cs' (1,707)
2026-02-21 05:33:13: > Copy Over 'C:/Users/mr big/Dropbox/code/c sharp/projects/open_source/maui/bannister/Bannister/bin/x64/Debug/net8.0-windows10.0.19041.0/win10-x64/AppX/Bannister.dll' -> 'goodrive://www.googleapis.com/:personal:/bannister_open_source/Bannister/bin/x64/Debug/net8.0-windows10.0.19041.0/win10-x64/AppX/Bannister.dll' (1,069,568)
2026-02-21 05:33:14: Copy Over 'C:/Users/mr big/Dropbox/code/c sharp/projects/open_source/maui/bannister/Bannister/bin/x64/Debug/net8.0-windows10.0.19041.0/win10-x64/AppX/AppxManifest.xml' -> 'goodrive://www.googleapis.com/:personal:/bannister_open_source/Bannister/bin/x64/Debug/net8.0-windows10.0.19041.0/win10-x64/AppX/AppxManifest.xml' (2,821)
2026-02-21 05:33:16: Copy Over 'C:/Users/mr big/Dropbox/code/c sharp/projects/open_source/maui/bannister/Bannister/bin/x64/Debug/net8.0-windows10.0.19041.0/win10-x64/AppX/Bannister.deps.json' -> 'goodrive://www.googleapis.com/:personal:/bannister_open_source/Bannister/bin/x64/Debug/net8.0-windows10.0.19041.0/win10-x64/AppX/Bannister.deps.json' (32,443)
2026-02-21 05:33:17: < Copy Over 'C:/Users/mr big/Dropbox/code/c sharp/projects/open_source/maui/bannister/Bannister/bin/x64/Debug/net8.0-windows10.0.19041.0/win10-x64/AppX/Bannister.dll' -> 'goodrive://www.googleapis.com/:personal:/bannister_open_source/Bannister/bin/x64/Debug/net8.0-windows10.0.19041.0/win10-x64/AppX/Bannister.dll' (1,069,568)
2026-02-21 05:33:18: Copy Over 'C:/Users/mr big/Dropbox/code/c sharp/projects/open_source/maui/bannister/Bannister/bin/x64/Debug/net8.0-windows10.0.19041.0/win10-x64/AppX/Bannister.exe' -> 'goodrive://www.googleapis.com/:personal:/bannister_open_source/Bannister/bin/x64/Debug/net8.0-windows10.0.19041.0/win10-x64/AppX/Bannister.exe' (153,088)
2026-02-21 05:33:19: Copy Over 'C:/Users/mr big/Dropbox/code/c sharp/projects/open_source/maui/bannister/Bannister/bin/x64/Debug/net8.0-windows10.0.19041.0/win10-x64/AppX/resources.pri' -> 'goodrive://www.googleapis.com/:personal:/bannister_open_source/Bannister/bin/x64/Debug/net8.0-windows10.0.19041.0/win10-x64/AppX/resources.pri' (140,664)
2026-02-21 05:33:21: Copy New 'C:/Users/mr big/Dropbox/code/c sharp/projects/open_source/maui/bannister/Bannister/Models/StreakAttempt.cs' -> 'goodrive://www.googleapis.com/:personal:/bannister_open_source/Bannister/Models/StreakAttempt.cs' (2,541)
2026-02-21 05:33:22: Copy Over 'C:/Users/mr big/Dropbox/code/c sharp/projects/open_source/maui/bannister/Bannister/bin/x64/Debug/net8.0-windows10.0.19041.0/win10-x64/AppX/vs.appxrecipe' -> 'goodrive://www.googleapis.com/:personal:/bannister_open_source/Bannister/bin/x64/Debug/net8.0-windows10.0.19041.0/win10-x64/AppX/vs.appxrecipe' (59,032)
2026-02-21 05:33:23: Copy Over 'C:/Users/mr big/Dropbox/code/c sharp/projects/open_source/maui/bannister/Bannister/bin/x64/Debug/net8.0-windows10.0.19041.0/win10-x64/AppxManifest.xml' -> 'goodrive://www.googleapis.com/:personal:/bannister_open_source/Bannister/bin/x64/Debug/net8.0-windows10.0.19041.0/win10-x64/AppxManifest.xml' (2,821)
2026-02-21 05:33:23: > Copy Over 'C:/Users/mr big/Dropbox/code/c sharp/projects/open_source/maui/bannister/Bannister/bin/x64/Debug/net8.0-windows10.0.19041.0/win10-x64/Bannister.dll' -> 'goodrive://www.googleapis.com/:personal:/bannister_open_source/Bannister/bin/x64/Debug/net8.0-windows10.0.19041.0/win10-x64/Bannister.dll' (1,069,568)
2026-02-21 05:33:25: Copy Over 'C:/Users/mr big/Dropbox/code/c sharp/projects/open_source/maui/bannister/Bannister/bin/x64/Debug/net8.0-windows10.0.19041.0/win10-x64/Bannister.deps.json' -> 'goodrive://www.googleapis.com/:personal:/bannister_open_source/Bannister/bin/x64/Debug/net8.0-windows10.0.19041.0/win10-x64/Bannister.deps.json' (32,443)
2026-02-21 05:33:25: Copy Over 'C:/Users/mr big/Dropbox/code/c sharp/projects/open_source/maui/bannister/Bannister/bin/x64/Debug/net8.0-windows10.0.19041.0/win10-x64/Bannister.build.appxrecipe' -> 'goodrive://www.googleapis.com/:personal:/bannister_open_source/Bannister/bin/x64/Debug/net8.0-windows10.0.19041.0/win10-x64/Bannister.build.appxrecipe' (50,103)
2026-02-21 05:33:28: < Copy Over 'C:/Users/mr big/Dropbox/code/c sharp/projects/open_source/maui/bannister/Bannister/bin/x64/Debug/net8.0-windows10.0.19041.0/win10-x64/Bannister.dll' -> 'goodrive://www.googleapis.com/:personal:/bannister_open_source/Bannister/bin/x64/Debug/net8.0-windows10.0.19041.0/win10-x64/Bannister.dll' (1,069,568)
2026-02-21 05:33:29: Copy Over 'C:/Users/mr big/Dropbox/code/c sharp/projects/open_source/maui/bannister/Bannister/bin/x64/Debug/net8.0-windows10.0.19041.0/win10-x64/Bannister.pdb' -> 'goodrive://www.googleapis.com/:personal:/bannister_open_source/Bannister/bin/x64/Debug/net8.0-windows10.0.19041.0/win10-x64/Bannister.pdb' (231,520)
2026-02-21 05:33:29: Copy Over 'C:/Users/mr big/Dropbox/code/c sharp/projects/open_source/maui/bannister/Bannister/bin/x64/Debug/net8.0-windows10.0.19041.0/win10-x64/Bannister.exe' -> 'goodrive://www.googleapis.com/:personal:/bannister_open_source/Bannister/bin/x64/Debug/net8.0-windows10.0.19041.0/win10-x64/Bannister.exe' (153,088)
2026-02-21 05:33:32: Copy Over 'C:/Users/mr big/Dropbox/code/c sharp/projects/open_source/maui/bannister/Bannister/bin/x64/Debug/net8.0-windows10.0.19041.0/win10-x64/resources.pri' -> 'goodrive://www.googleapis.com/:personal:/bannister_open_source/Bannister/bin/x64/Debug/net8.0-windows10.0.19041.0/win10-x64/resources.pri' (140,664)
2026-02-21 05:33:33: Copy Over 'C:/Users/mr big/Dropbox/code/c sharp/projects/open_source/maui/bannister/Bannister/Services/ActivityService.cs' -> 'goodrive://www.googleapis.com/:personal:/bannister_open_source/Bannister/Services/ActivityService.cs' (6,316)
2026-02-21 05:33:34: Copy Over 'C:/Users/mr big/Dropbox/code/c sharp/projects/open_source/maui/bannister/Bannister/Services/ExpEngine.cs' -> 'goodrive://www.googleapis.com/:personal:/bannister_open_source/Bannister/Services/ExpEngine.cs' (4,031)
2026-02-21 05:33:37: Copy Over 'C:/Users/mr big/Dropbox/code/c sharp/projects/open_source/maui/bannister/Bannister/obj/x64/Debug/net8.0-android/__Microsoft.Android.Resource.Designer.cs' -> 'goodrive://www.googleapis.com/:personal:/bannister_open_source/Bannister/obj/x64/Debug/net8.0-android/__Microsoft.Android.Resource.Designer.cs' (450)
2026-02-21 05:33:37: Copy Over 'C:/Users/mr big/Dropbox/code/c sharp/projects/open_source/maui/bannister/Bannister/obj/x64/Debug/net8.0-android/Bannister.GeneratedMSBuildEditorConfig.editorconfig' -> 'goodrive://www.googleapis.com/:personal:/bannister_open_source/Bannister/obj/x64/Debug/net8.0-android/Bannister.GeneratedMSBuildEditorConfig.editorconfig' (8,275)
2026-02-21 05:33:38: Copy Over 'C:/Users/mr big/Dropbox/code/c sharp/projects/open_source/maui/bannister/Bannister/obj/x64/Debug/net8.0-windows10.0.19041.0/win10-x64/apphost.exe' -> 'goodrive://www.googleapis.com/:personal:/bannister_open_source/Bannister/obj/x64/Debug/net8.0-windows10.0.19041.0/win10-x64/apphost.exe' (153,088)
2026-02-21 05:33:38: > Copy Over 'C:/Users/mr big/Dropbox/code/c sharp/projects/open_source/maui/bannister/Bannister/obj/x64/Debug/net8.0-windows10.0.19041.0/win10-x64/Bannister.dll' -> 'goodrive://www.googleapis.com/:personal:/bannister_open_source/Bannister/obj/x64/Debug/net8.0-windows10.0.19041.0/win10-x64/Bannister.dll' (1,069,568)
2026-02-21 05:33:40: Copy Over 'C:/Users/mr big/Dropbox/code/c sharp/projects/open_source/maui/bannister/Bannister/obj/x64/Debug/net8.0-windows10.0.19041.0/win10-x64/Bannister.csproj.CoreCompileInputs.cache' -> 'goodrive://www.googleapis.com/:personal:/bannister_open_source/Bannister/obj/x64/Debug/net8.0-windows10.0.19041.0/win10-x64/Bannister.csproj.CoreCompileInputs.cache' (66)
2026-02-21 05:33:41: Copy Over 'C:/Users/mr big/Dropbox/code/c sharp/projects/open_source/maui/bannister/Bannister/obj/x64/Debug/net8.0-windows10.0.19041.0/win10-x64/Bannister.csproj.BuildWithSkipAnalyzers' -> 'goodrive://www.googleapis.com/:personal:/bannister_open_source/Bannister/obj/x64/Debug/net8.0-windows10.0.19041.0/win10-x64/Bannister.csproj.BuildWithSkipAnalyzers' (0)
2026-02-21 05:33:42: < Copy Over 'C:/Users/mr big/Dropbox/code/c sharp/projects/open_source/maui/bannister/Bannister/obj/x64/Debug/net8.0-windows10.0.19041.0/win10-x64/Bannister.dll' -> 'goodrive://www.googleapis.com/:personal:/bannister_open_source/Bannister/obj/x64/Debug/net8.0-windows10.0.19041.0/win10-x64/Bannister.dll' (1,069,568)
2026-02-21 05:33:43: Copy Over 'C:/Users/mr big/Dropbox/code/c sharp/projects/open_source/maui/bannister/Bannister/obj/x64/Debug/net8.0-windows10.0.19041.0/win10-x64/Bannister.GeneratedMSBuildEditorConfig.editorconfig' -> 'goodrive://www.googleapis.com/:personal:/bannister_open_source/Bannister/obj/x64/Debug/net8.0-windows10.0.19041.0/win10-x64/Bannister.GeneratedMSBuildEditorConfig.editorconfig' (8,541)
2026-02-21 05:33:44: Copy Over 'C:/Users/mr big/Dropbox/code/c sharp/projects/open_source/maui/bannister/Bannister/obj/x64/Debug/net8.0-windows10.0.19041.0/win10-x64/Bannister.pdb' -> 'goodrive://www.googleapis.com/:personal:/bannister_open_source/Bannister/obj/x64/Debug/net8.0-windows10.0.19041.0/win10-x64/Bannister.pdb' (231,520)
2026-02-21 05:33:47: Copy Over 'C:/Users/mr big/Dropbox/code/c sharp/projects/open_source/maui/bannister/Bannister/obj/x64/Debug/net8.0-windows10.0.19041.0/win10-x64/excluded.layout.resfiles.intermediate' -> 'goodrive://www.googleapis.com/:personal:/bannister_open_source/Bannister/obj/x64/Debug/net8.0-windows10.0.19041.0/win10-x64/excluded.layout.resfiles.intermediate' (0)
2026-02-21 05:33:48: Copy Over 'C:/Users/mr big/Dropbox/code/c sharp/projects/open_source/maui/bannister/Bannister/obj/x64/Debug/net8.0-windows10.0.19041.0/win10-x64/filtered.layout.resfiles.intermediate' -> 'goodrive://www.googleapis.com/:personal:/bannister_open_source/Bannister/obj/x64/Debug/net8.0-windows10.0.19041.0/win10-x64/filtered.layout.resfiles.intermediate' (2,300)
2026-02-21 05:33:48: Copy Over 'C:/Users/mr big/Dropbox/code/c sharp/projects/open_source/maui/bannister/Bannister/obj/x64/Debug/net8.0-windows10.0.19041.0/win10-x64/embed/embed.resfiles.intermediate' -> 'goodrive://www.googleapis.com/:personal:/bannister_open_source/Bannister/obj/x64/Debug/net8.0-windows10.0.19041.0/win10-x64/embed/embed.resfiles.intermediate' (27)
2026-02-21 05:33:50: Copy Over 'C:/Users/mr big/Dropbox/code/c sharp/projects/open_source/maui/bannister/Bannister/obj/x64/Debug/net8.0-windows10.0.19041.0/win10-x64/intermediatexaml/Bannister.dll' -> 'goodrive://www.googleapis.com/:personal:/bannister_open_source/Bannister/obj/x64/Debug/net8.0-windows10.0.19041.0/win10-x64/intermediatexaml/Bannister.dll' (921,088)
2026-02-21 05:33:51: Copy Over 'C:/Users/mr big/Dropbox/code/c sharp/projects/open_source/maui/bannister/Bannister/obj/x64/Debug/net8.0-windows10.0.19041.0/win10-x64/pri.resfiles.intermediate' -> 'goodrive://www.googleapis.com/:personal:/bannister_open_source/Bannister/obj/x64/Debug/net8.0-windows10.0.19041.0/win10-x64/pri.resfiles.intermediate' (386)
2026-02-21 05:33:52: Copy Over 'C:/Users/mr big/Dropbox/code/c sharp/projects/open_source/maui/bannister/Bannister/obj/x64/Debug/net8.0-windows10.0.19041.0/win10-x64/Platforms/Windows/App.xaml' -> 'goodrive://www.googleapis.com/:personal:/bannister_open_source/Bannister/obj/x64/Debug/net8.0-windows10.0.19041.0/win10-x64/Platforms/Windows/App.xaml' (312)
2026-02-21 05:33:53: Copy Over 'C:/Users/mr big/Dropbox/code/c sharp/projects/open_source/maui/bannister/Bannister/obj/x64/Debug/net8.0-windows10.0.19041.0/win10-x64/priconfig.xml.intermediate' -> 'goodrive://www.googleapis.com/:personal:/bannister_open_source/Bannister/obj/x64/Debug/net8.0-windows10.0.19041.0/win10-x64/priconfig.xml.intermediate' (3,194)
2026-02-21 05:33:54: Copy Over 'C:/Users/mr big/Dropbox/code/c sharp/projects/open_source/maui/bannister/Bannister/obj/x64/Debug/net8.0-windows10.0.19041.0/win10-x64/qualifiers.txt.intermediate' -> 'goodrive://www.googleapis.com/:personal:/bannister_open_source/Bannister/obj/x64/Debug/net8.0-windows10.0.19041.0/win10-x64/qualifiers.txt.intermediate' (184)
2026-02-21 05:33:56: Copy Over 'C:/Users/mr big/Dropbox/code/c sharp/projects/open_source/maui/bannister/Bannister/obj/x64/Debug/net8.0-windows10.0.19041.0/win10-x64/ref/Bannister.dll' -> 'goodrive://www.googleapis.com/:personal:/bannister_open_source/Bannister/obj/x64/Debug/net8.0-windows10.0.19041.0/win10-x64/ref/Bannister.dll' (389,120)
2026-02-21 05:33:57: Copy Over 'C:/Users/mr big/Dropbox/code/c sharp/projects/open_source/maui/bannister/Bannister/obj/x64/Debug/net8.0-windows10.0.19041.0/win10-x64/resources.resfiles.intermediate' -> 'goodrive://www.googleapis.com/:personal:/bannister_open_source/Bannister/obj/x64/Debug/net8.0-windows10.0.19041.0/win10-x64/resources.resfiles.intermediate' (0)
2026-02-21 05:33:57: Copy Over 'C:/Users/mr big/Dropbox/code/c sharp/projects/open_source/maui/bannister/Bannister/obj/x64/Debug/net8.0-windows10.0.19041.0/win10-x64/refint/Bannister.dll' -> 'goodrive://www.googleapis.com/:personal:/bannister_open_source/Bannister/obj/x64/Debug/net8.0-windows10.0.19041.0/win10-x64/refint/Bannister.dll' (389,120)
2026-02-21 05:34:00: Copy Over 'C:/Users/mr big/Dropbox/code/c sharp/projects/open_source/maui/bannister/Bannister/obj/x64/Debug/net8.0-windows10.0.19041.0/win10-x64/unfiltered.layout.resfiles.intermediate' -> 'goodrive://www.googleapis.com/:personal:/bannister_open_source/Bannister/obj/x64/Debug/net8.0-windows10.0.19041.0/win10-x64/unfiltered.layout.resfiles.intermediate' (2,300)
2026-02-21 05:34:01: Copy Over 'C:/Users/mr big/Dropbox/code/c sharp/projects/open_source/maui/bannister/Bannister/obj/x64/Debug/net8.0-windows10.0.19041.0/win10-x64/XamlC.stamp' -> 'goodrive://www.googleapis.com/:personal:/bannister_open_source/Bannister/obj/x64/Debug/net8.0-windows10.0.19041.0/win10-x64/XamlC.stamp' (0)
2026-02-21 05:34:02: Copy Over 'C:/Users/mr big/Dropbox/code/c sharp/projects/open_source/maui/bannister/Bannister/obj/x64/Debug/net8.0-windows10.0.19041.0/win10-x64/XamlSaveStateFile.xml' -> 'goodrive://www.googleapis.com/:personal:/bannister_open_source/Bannister/obj/x64/Debug/net8.0-windows10.0.19041.0/win10-x64/XamlSaveStateFile.xml' (943)
2026-02-21 05:34:05: Copy Over 'C:/Users/mr big/Dropbox/code/c sharp/projects/open_source/maui/bannister/Bannister/obj/x64/Debug/net8.0-android/libraryprojectimports.cache' -> 'goodrive://www.googleapis.com/:personal:/bannister_open_source/Bannister/obj/x64/Debug/net8.0-android/libraryprojectimports.cache' (55,805)
2026-02-21 05:34:06: Copy Over 'C:/Users/mr big/Dropbox/code/c sharp/projects/open_source/maui/bannister/Bannister/obj/x64/Debug/net8.0-android/designtime/stamp/_BuildLibraryImportsCache.stamp' -> 'goodrive://www.googleapis.com/:personal:/bannister_open_source/Bannister/obj/x64/Debug/net8.0-android/designtime/stamp/_BuildLibraryImportsCache.stamp' (0)
2026-02-21 05:34:08: Copy Over 'C:/Users/mr big/Dropbox/code/c sharp/projects/open_source/maui/bannister/Bannister/obj/x64/Debug/net8.0-android/designtime/stamp/_ResolveLibraryProjectImports.stamp' -> 'goodrive://www.googleapis.com/:personal:/bannister_open_source/Bannister/obj/x64/Debug/net8.0-android/designtime/stamp/_ResolveLibraryProjectImports.stamp' (0)
2026-02-21 05:34:08: Copy Over 'C:/Users/mr big/Dropbox/code/c sharp/projects/open_source/maui/bannister/Bannister/obj/x64/Debug/net8.0-android/lp/map.cache' -> 'goodrive://www.googleapis.com/:personal:/bannister_open_source/Bannister/obj/x64/Debug/net8.0-android/lp/map.cache' (6,252)
2026-02-21 05:34:10: Copy Over 'C:/Users/mr big/Dropbox/code/c sharp/projects/open_source/maui/bannister/Bannister/Services/GameService.cs' -> 'goodrive://www.googleapis.com/:personal:/bannister_open_source/Bannister/Services/GameService.cs' (4,025)
2026-02-21 05:34:10: Copy New 'C:/Users/mr big/Dropbox/code/c sharp/projects/open_source/maui/bannister/Bannister/Services/StreakService.cs' -> 'goodrive://www.googleapis.com/:personal:/bannister_open_source/Bannister/Services/StreakService.cs' (8,822)
2026-02-21 05:34:12: Copy Over 'C:/Users/mr big/Dropbox/code/c sharp/projects/open_source/maui/bannister/Bannister/ViewModels/ActivityGameViewModel.cs' -> 'goodrive://www.googleapis.com/:personal:/bannister_open_source/Bannister/ViewModels/ActivityGameViewModel.cs' (4,188)
2026-02-21 05:34:14: Copy Over 'C:/Users/mr big/Dropbox/code/c sharp/projects/open_source/maui/bannister/Bannister/Views/DevFixes.cs' -> 'goodrive://www.googleapis.com/:personal:/bannister_open_source/Bannister/Views/DevFixes.cs' (1,462)
2026-02-21 05:34:15: Copy Over 'C:/Users/mr big/Dropbox/code/c sharp/projects/open_source/maui/bannister/Bannister/Views/ActivityCreationPage.cs' -> 'goodrive://www.googleapis.com/:personal:/bannister_open_source/Bannister/Views/ActivityCreationPage.cs' (20,006)
2026-02-21 05:34:17: Copy Over 'C:/Users/mr big/Dropbox/code/c sharp/projects/open_source/maui/bannister/Bannister/Views/ActivityGamePage/ActivityGamePage_DataLoading.cs' -> 'goodrive://www.googleapis.com/:personal:/bannister_open_source/Bannister/Views/ActivityGamePage/ActivityGamePage_DataLoading.cs' (9,890)
2026-02-21 05:34:17: Copy Over 'C:/Users/mr big/Dropbox/code/c sharp/projects/open_source/maui/bannister/Bannister/Views/ActivityGamePage/ActivityGamePage.cs' -> 'goodrive://www.googleapis.com/:personal:/bannister_open_source/Bannister/Views/ActivityGamePage/ActivityGamePage.cs' (6,681)
2026-02-21 05:34:17: Copy Over 'C:/Users/mr big/Dropbox/code/c sharp/projects/open_source/maui/bannister/Bannister/Views/ActivityGamePage/ActivityGamePage_EscalationTimer.cs' -> 'goodrive://www.googleapis.com/:personal:/bannister_open_source/Bannister/Views/ActivityGamePage/ActivityGamePage_EscalationTimer.cs' (17,677)
2026-02-21 05:34:21: Copy Over 'C:/Users/mr big/Dropbox/code/c sharp/projects/open_source/maui/bannister/Bannister/Views/EditActivityPage.xaml' -> 'goodrive://www.googleapis.com/:personal:/bannister_open_source/Bannister/Views/EditActivityPage.xaml' (10,116)
2026-02-21 05:34:21: Copy Over 'C:/Users/mr big/Dropbox/code/c sharp/projects/open_source/maui/bannister/Bannister/Views/ActivityGamePage/ActivityGamePage_EventHandlers.cs' -> 'goodrive://www.googleapis.com/:personal:/bannister_open_source/Bannister/Views/ActivityGamePage/ActivityGamePage_EventHandlers.cs' (9,131)
2026-02-21 05:34:21: Copy Over 'C:/Users/mr big/Dropbox/code/c sharp/projects/open_source/maui/bannister/Bannister/Views/EditActivityPage.xaml.cs' -> 'goodrive://www.googleapis.com/:personal:/bannister_open_source/Bannister/Views/EditActivityPage.xaml.cs' (12,037)
2026-02-21 05:34:24: Copy Over 'C:/Users/mr big/Dropbox/code/c sharp/projects/open_source/maui/bannister/Bannister/Views/HomePage.xaml' -> 'goodrive://www.googleapis.com/:personal:/bannister_open_source/Bannister/Views/HomePage.xaml' (5,635)
2026-02-21 05:34:24: Copy Over 'C:/Users/mr big/Dropbox/code/c sharp/projects/open_source/maui/bannister/Bannister/Views/LoginPage_xaml.cs' -> 'goodrive://www.googleapis.com/:personal:/bannister_open_source/Bannister/Views/LoginPage_xaml.cs' (12,359)
2026-02-21 05:34:24: Copy Over 'C:/Users/mr big/Dropbox/code/c sharp/projects/open_source/maui/bannister/Bannister/Views/HomePage.xaml.cs' -> 'goodrive://www.googleapis.com/:personal:/bannister_open_source/Bannister/Views/HomePage.xaml.cs' (9,068)
2026-02-21 05:34:26: Copy New 'C:/Users/mr big/Dropbox/code/c sharp/projects/open_source/maui/bannister/Bannister/Views/StreakDashboardPage.cs' -> 'goodrive://www.googleapis.com/:personal:/bannister_open_source/Bannister/Views/StreakDashboardPage.cs' (8,715)
2026-02-21 05:34:26: > Copy Over 'C:/Users/mr big/Dropbox/code/c sharp/projects/open_source/maui/bannister/.vs/Bannister/CopilotIndices/17.13.441.19478/CodeChunks.db' -> 'goodrive://www.googleapis.com/:personal:/bannister_open_source/.vs/Bannister/CopilotIndices/17.13.441.19478/CodeChunks.db' (1,114,112)
2026-02-21 05:34:26: Copy New 'C:/Users/mr big/Dropbox/code/c sharp/projects/open_source/maui/bannister/Bannister/Views/StreakAttemptsPage.cs' -> 'goodrive://www.googleapis.com/:personal:/bannister_open_source/Bannister/Views/StreakAttemptsPage.cs' (7,316)
2026-02-21 05:34:26: > Copy Over 'C:/Users/mr big/Dropbox/code/c sharp/projects/open_source/maui/bannister/.vs/Bannister/CopilotIndices/17.13.441.19478/CodeChunks.db-wal' -> 'goodrive://www.googleapis.com/:personal:/bannister_open_source/.vs/Bannister/CopilotIndices/17.13.441.19478/CodeChunks.db-wal' (4,144,752)
2026-02-21 05:34:28: Copy Over 'C:/Users/mr big/Dropbox/code/c sharp/projects/open_source/maui/bannister/.vs/Bannister/DesignTimeBuild/.dtbcache.v2' -> 'goodrive://www.googleapis.com/:personal:/bannister_open_source/.vs/Bannister/DesignTimeBuild/.dtbcache.v2' (187,324)
2026-02-21 05:34:30: < Copy Over 'C:/Users/mr big/Dropbox/code/c sharp/projects/open_source/maui/bannister/.vs/Bannister/CopilotIndices/17.13.441.19478/CodeChunks.db' -> 'goodrive://www.googleapis.com/:personal:/bannister_open_source/.vs/Bannister/CopilotIndices/17.13.441.19478/CodeChunks.db' (1,114,112)
2026-02-21 05:34:30: > Copy Over 'C:/Users/mr big/Dropbox/code/c sharp/projects/open_source/maui/bannister/.vs/Bannister/CopilotIndices/17.13.441.19478/SemanticSymbols.db-wal' -> 'goodrive://www.googleapis.com/:personal:/bannister_open_source/.vs/Bannister/CopilotIndices/17.13.441.19478/SemanticSymbols.db-wal' (4,140,632)
2026-02-21 05:34:30: C:/Users/mr big/Dropbox/code/c sharp/projects/open_source/maui/bannister/.vs/Bannister/CopilotIndices/17.13.441.19478/CodeChunks.db-wal: Source file has changed between Analyze and Sync from '[file] size=4,144,752 accu-time=2026-02-20 20:56:21 attr=Archive,WArchive cktype=0' to 'size=4,144,752 time=2026-02-20 21:49:06', noted in source file state
2026-02-21 05:34:30: < Copy Over 'C:/Users/mr big/Dropbox/code/c sharp/projects/open_source/maui/bannister/.vs/Bannister/CopilotIndices/17.13.441.19478/CodeChunks.db-wal' -> 'goodrive://www.googleapis.com/:personal:/bannister_open_source/.vs/Bannister/CopilotIndices/17.13.441.19478/CodeChunks.db-wal' (4,144,752)
2026-02-21 05:34:30: CopyFileSimple: OpenDownload: ERR: Cannot open file C:/Users/mr big/Dropbox/code/c sharp/projects/open_source/maui/bannister/.vs/Bannister/FileContentIndex/2cec17dd-1239-482a-8bd4-f4fc7296e490.vsidx: cannot open file 'C:/Users/mr big/Dropbox/code/c sharp/projects/open_source/maui/bannister/.vs/Bannister/FileContentIndex/2cec17dd-1239-482a-8bd4-f4fc7296e490.vsidx': The process cannot access the file because it is being used by another process.  (error 32)
2026-02-21 05:34:30: Connecting to Elevated Local GoodSync Server to complete operation
2026-02-21 05:34:30: LOCAL C:(127.0.0.1) -> S:127.0.0.1:33333
2026-02-21 05:34:31: Copy Over 'C:/Users/mr big/Dropbox/code/c sharp/projects/open_source/maui/bannister/.vs/Bannister/CopilotIndices/17.13.441.19478/SemanticSymbols.db' -> 'goodrive://www.googleapis.com/:personal:/bannister_open_source/.vs/Bannister/CopilotIndices/17.13.441.19478/SemanticSymbols.db' (528,384)
2026-02-21 05:34:34: C:/Users/mr big/Dropbox/code/c sharp/projects/open_source/maui/bannister/.vs/Bannister/CopilotIndices/17.13.441.19478/SemanticSymbols.db-wal: Source file has changed between Analyze and Sync from '[file] size=4,140,632 accu-time=2026-02-20 21:14:52 attr=Archive,WArchive cktype=0' to 'size=4,140,632 time=2026-02-20 21:49:06', noted in source file state
2026-02-21 05:34:34: < Copy Over 'C:/Users/mr big/Dropbox/code/c sharp/projects/open_source/maui/bannister/.vs/Bannister/CopilotIndices/17.13.441.19478/SemanticSymbols.db-wal' -> 'goodrive://www.googleapis.com/:personal:/bannister_open_source/.vs/Bannister/CopilotIndices/17.13.441.19478/SemanticSymbols.db-wal' (4,140,632)
2026-02-21 05:34:36: C:/Users/mr big/Dropbox/code/c sharp/projects/open_source/maui/bannister/.vs/Bannister/v17/.suo: Source file has changed between Analyze and Sync from '[file] size=185,856 accu-time=2026-02-20 21:49:46 attr=Hidden,Archive,WArchive,WHidden cktype=0' to 'size=184,832 time=2026-02-21 05:33:53', noted in source file state
2026-02-21 05:34:36: Copy Over 'C:/Users/mr big/Dropbox/code/c sharp/projects/open_source/maui/bannister/.vs/Bannister/v17/.suo' -> 'goodrive://www.googleapis.com/:personal:/bannister_open_source/.vs/Bannister/v17/.suo' (185,856)
2026-02-21 05:34:37: C:/Users/mr big/Dropbox/code/c sharp/projects/open_source/maui/bannister/.vs/Bannister/v17/DocumentLayout.backup.json: Source file has changed between Analyze and Sync from '[file] size=46,332 accu-time=2026-02-20 21:49:06 attr=Archive,WArchive cktype=0' to 'size=46,332 time=2026-02-20 21:49:46', noted in source file state
2026-02-21 05:34:37: Copy Over 'C:/Users/mr big/Dropbox/code/c sharp/projects/open_source/maui/bannister/.vs/Bannister/v17/DocumentLayout.backup.json' -> 'goodrive://www.googleapis.com/:personal:/bannister_open_source/.vs/Bannister/v17/DocumentLayout.backup.json' (46,332)
2026-02-21 05:34:37: CopyFileSimple: OpenDownload: ERR: Cannot open file C:/Users/mr big/Dropbox/code/c sharp/projects/open_source/maui/bannister/.vs/Bannister/FileContentIndex/369f1002-8848-4fa2-8a9b-ae980ed3ef3e.vsidx: cannot open file 'C:/Users/mr big/Dropbox/code/c sharp/projects/open_source/maui/bannister/.vs/Bannister/FileContentIndex/369f1002-8848-4fa2-8a9b-ae980ed3ef3e.vsidx': The process cannot access the file because it is being used by another process.  (error 32)
2026-02-21 05:34:49: C:/Users/mr big/Dropbox/code/c sharp/projects/open_source/maui/bannister/.vs/Bannister/v17/DocumentLayout.json: Source file has changed between Analyze and Sync from '[file] size=46,332 accu-time=2026-02-20 21:49:46 attr=Archive,WArchive cktype=0' to 'size=46,332 time=2026-02-21 05:33:47', noted in source file state
2026-02-21 05:34:49: Copy Over 'C:/Users/mr big/Dropbox/code/c sharp/projects/open_source/maui/bannister/.vs/Bannister/v17/DocumentLayout.json' -> 'goodrive://www.googleapis.com/:personal:/bannister_open_source/.vs/Bannister/v17/DocumentLayout.json' (46,332)
2026-02-21 05:34:52: CopyFileSimple: OpenDownload: ERR: Cannot open file C:/Users/mr big/Dropbox/code/c sharp/projects/open_source/maui/bannister/.vs/Bannister/FileContentIndex/73a8fd69-23b2-45d1-8a43-7d37af0df8cc.vsidx: cannot open file 'C:/Users/mr big/Dropbox/code/c sharp/projects/open_source/maui/bannister/.vs/Bannister/FileContentIndex/73a8fd69-23b2-45d1-8a43-7d37af0df8cc.vsidx': The process cannot access the file because it is being used by another process.  (error 32)
2026-02-21 05:36:45: Created Snapshot of Volume 'C:' at '/GLOBALROOT/Device/HarddiskVolumeShadowCopy4', Elevated
2026-02-21 05:36:45: Open File Snap GetShadow: AbsPath=/GLOBALROOT/Device/HarddiskVolumeShadowCopy4/Users/mr big/Dropbox/code/c sharp/projects/open_source/maui/bannister/.vs/Bannister/FileContentIndex/2cec17dd-1239-482a-8bd4-f4fc7296e490.vsidx SnapshotPath=/GLOBALROOT/Device/HarddiskVolumeShadowCopy4 SnapVolume=C:
2026-02-21 05:36:45: Open File Snap GetShadow: AbsPath=/GLOBALROOT/Device/HarddiskVolumeShadowCopy4/Users/mr big/Dropbox/code/c sharp/projects/open_source/maui/bannister/.vs/Bannister/FileContentIndex/369f1002-8848-4fa2-8a9b-ae980ed3ef3e.vsidx SnapshotPath=/GLOBALROOT/Device/HarddiskVolumeShadowCopy4 SnapVolume=C:
2026-02-21 05:36:45: Open File Snap GetShadow: AbsPath=/GLOBALROOT/Device/HarddiskVolumeShadowCopy4/Users/mr big/Dropbox/code/c sharp/projects/open_source/maui/bannister/.vs/Bannister/FileContentIndex/73a8fd69-23b2-45d1-8a43-7d37af0df8cc.vsidx SnapshotPath=/GLOBALROOT/Device/HarddiskVolumeShadowCopy4 SnapVolume=C:
2026-02-21 05:36:48: Copy New 'C:/Users/mr big/Dropbox/code/c sharp/projects/open_source/maui/bannister/.vs/Bannister/FileContentIndex/369f1002-8848-4fa2-8a9b-ae980ed3ef3e.vsidx' -> 'goodrive://www.googleapis.com/:personal:/bannister_open_source/.vs/Bannister/FileContentIndex/369f1002-8848-4fa2-8a9b-ae980ed3ef3e.vsidx' (114,447)
2026-02-21 05:36:48: Copy New 'C:/Users/mr big/Dropbox/code/c sharp/projects/open_source/maui/bannister/.vs/Bannister/FileContentIndex/73a8fd69-23b2-45d1-8a43-7d37af0df8cc.vsidx' -> 'goodrive://www.googleapis.com/:personal:/bannister_open_source/.vs/Bannister/FileContentIndex/73a8fd69-23b2-45d1-8a43-7d37af0df8cc.vsidx' (103,150)
2026-02-21 05:36:48: Copy New 'C:/Users/mr big/Dropbox/code/c sharp/projects/open_source/maui/bannister/.vs/Bannister/FileContentIndex/2cec17dd-1239-482a-8bd4-f4fc7296e490.vsidx' -> 'goodrive://www.googleapis.com/:personal:/bannister_open_source/.vs/Bannister/FileContentIndex/2cec17dd-1239-482a-8bd4-f4fc7296e490.vsidx' (95,200)
2026-02-21 05:36:48: CopyFileSimple: OpenDownload: ERR: Cannot open file C:/Users/mr big/Dropbox/code/c sharp/projects/open_source/maui/bannister/.vs/Bannister/FileContentIndex/a2d161dd-bd9b-4223-a3a6-faff93443bda.vsidx: cannot open file 'C:/Users/mr big/Dropbox/code/c sharp/projects/open_source/maui/bannister/.vs/Bannister/FileContentIndex/a2d161dd-bd9b-4223-a3a6-faff93443bda.vsidx': The process cannot access the file because it is being used by another process.  (error 32)
2026-02-21 05:36:48: Open File Snap GetShadow: AbsPath=/GLOBALROOT/Device/HarddiskVolumeShadowCopy4/Users/mr big/Dropbox/code/c sharp/projects/open_source/maui/bannister/.vs/Bannister/FileContentIndex/a2d161dd-bd9b-4223-a3a6-faff93443bda.vsidx SnapshotPath=/GLOBALROOT/Device/HarddiskVolumeShadowCopy4 SnapVolume=C:
2026-02-21 05:36:49: Delete File goodrive://www.googleapis.com/:personal:/bannister_open_source/.vs/Bannister/FileContentIndex/941a074c-3555-4309-a0d6-9f627468f39b.vsidx
2026-02-21 05:36:49: CopyFileSimple: OpenDownload: ERR: Cannot open file C:/Users/mr big/Dropbox/code/c sharp/projects/open_source/maui/bannister/.vs/Bannister/FileContentIndex/b98105c1-9c59-4a4c-ad7f-c17d769e61e4.vsidx: cannot open file 'C:/Users/mr big/Dropbox/code/c sharp/projects/open_source/maui/bannister/.vs/Bannister/FileContentIndex/b98105c1-9c59-4a4c-ad7f-c17d769e61e4.vsidx': The process cannot access the file because it is being used by another process.  (error 32)
2026-02-21 05:37:00: Delete File goodrive://www.googleapis.com/:personal:/bannister_open_source/.vs/Bannister/FileContentIndex/96c0d211-3376-4f60-b5d7-e98e2bb58808.vsidx
2026-02-21 05:37:00: Open File Snap GetShadow: AbsPath=/GLOBALROOT/Device/HarddiskVolumeShadowCopy4/Users/mr big/Dropbox/code/c sharp/projects/open_source/maui/bannister/.vs/Bannister/FileContentIndex/b98105c1-9c59-4a4c-ad7f-c17d769e61e4.vsidx SnapshotPath=/GLOBALROOT/Device/HarddiskVolumeShadowCopy4 SnapVolume=C:
2026-02-21 05:37:01: Copy New 'C:/Users/mr big/Dropbox/code/c sharp/projects/open_source/maui/bannister/.vs/Bannister/FileContentIndex/a2d161dd-bd9b-4223-a3a6-faff93443bda.vsidx' -> 'goodrive://www.googleapis.com/:personal:/bannister_open_source/.vs/Bannister/FileContentIndex/a2d161dd-bd9b-4223-a3a6-faff93443bda.vsidx' (98,132)
2026-02-21 05:37:02: Delete File goodrive://www.googleapis.com/:personal:/bannister_open_source/.vs/Bannister/FileContentIndex/c67b191b-aa4b-45ec-8b37-f21b1d32d487.vsidx
2026-02-21 05:37:02: Delete File goodrive://www.googleapis.com/:personal:/bannister_open_source/.vs/Bannister/FileContentIndex/c937a603-0488-439e-bd07-f329182840a1.vsidx
2026-02-21 05:37:02: Delete File goodrive://www.googleapis.com/:personal:/bannister_open_source/.vs/Bannister/FileContentIndex/e9f221db-25e9-4ed9-b23f-d408230514a7.vsidx
2026-02-21 05:37:03: Copy New 'C:/Users/mr big/Dropbox/code/c sharp/projects/open_source/maui/bannister/.vs/Bannister/FileContentIndex/b98105c1-9c59-4a4c-ad7f-c17d769e61e4.vsidx' -> 'goodrive://www.googleapis.com/:personal:/bannister_open_source/.vs/Bannister/FileContentIndex/b98105c1-9c59-4a4c-ad7f-c17d769e61e4.vsidx' (99,218)
2026-02-21 05:37:03: Save State File C:/Users/mr big/Dropbox/code/c sharp/projects/open_source/maui/bannister/_gsdata_/_file_state_v4._gs
2026-02-21 05:37:03: CopyFileSimple: CloseUpload: ERR: Cannot flush chunk: [SSL sending [-1] www.googleapis.com:443]: Connection was reset by remote machine
2026-02-21 05:37:03: Waiting for 0 + 0 of 4 sec on CopyFileSimple: CloseUpload: Cannot flush chunk: [SSL sending [-1] www.googleapis.com:443]: Connection was reset by remote machine
2026-02-21 05:37:08: Recovered the connection, continuing operations
2026-02-21 05:37:10: Save State File goodrive://www.googleapis.com/:personal:/bannister_open_source/_gsdata_/_file_state_v4._gs
2026-02-21 05:37:10: Release Snapshot of Volume C:
2026-02-21 05:37:13: == Sync Complete. Time: 00:04:12, Speed: 71.11 KB/s, OK: 82, Errors: 0
