2026-05-07 05:30:38: -- Analysis Started by On Schedule Min=30 Hour=5 
2026-05-07 05:30:38: L: Reading State File C:/rock/bannister/_gsdata_/_file_state_v4._gs
2026-05-07 05:30:41: R: Reading State File goodrive://www.googleapis.com/:personal:/bannister/_gsdata_/_file_state_v4._gs
2026-05-07 05:30:43: Changes: 37, Conflicts: 0, CopyTime: 0, FixState: 0, Errors: 0, All: 11883
2026-05-07 05:30:43: Left to Right: Copy File: 35 Delete File: 2 
2026-05-07 05:30:43: == Sync Started by On Schedule Min=30 Hour=5 
2026-05-07 05:30:43: ConnectCloned connected to file:///C:/rock/bannister
2026-05-07 05:30:43: ConnectCloned connected to file:///C:/rock/bannister
2026-05-07 05:30:43: ConnectCloned connected to file:///C:/rock/bannister
2026-05-07 05:30:43: GsConnectAndSetRoot1 connected to goodrive://www.googleapis.com/:personal:/bannister
2026-05-07 05:30:43: GsConnectAndSetRoot1 connected to goodrive://www.googleapis.com/:personal:/bannister
2026-05-07 05:30:43: GsConnectAndSetRoot1 connected to goodrive://www.googleapis.com/:personal:/bannister
2026-05-07 05:30:46: Copy New 'C:/rock/bannister/Bannister/Views/TextInputPage.cs' -> 'goodrive://www.googleapis.com/:personal:/bannister/bannister/Views/TextInputPage.cs' (3,549)
2026-05-07 05:30:48: Copy Over 'C:/rock/bannister/Bannister/Services/AudioLibraryService.cs' -> 'goodrive://www.googleapis.com/:personal:/bannister/bannister/Services/AudioLibraryService.cs' (9,700)
2026-05-07 05:30:48: > Copy Over 'C:/rock/bannister/Bannister/bin/x64/Debug/net8.0-windows10.0.19041.0/AppX/Bannister.dll' -> 'goodrive://www.googleapis.com/:personal:/bannister/bannister/bin/x64/Debug/net8.0-windows10.0.19041.0/AppX/Bannister.dll' (3,608,576)
2026-05-07 05:30:48: Copy Over 'C:/rock/bannister/Bannister/Views/AudioLibraryPage.cs' -> 'goodrive://www.googleapis.com/:personal:/bannister/bannister/Views/AudioLibraryPage.cs' (25,980)
2026-05-07 05:30:50: Copy Over 'C:/rock/bannister/Bannister/bin/x64/Debug/net8.0-windows10.0.19041.0/AppX/AppxManifest.xml' -> 'goodrive://www.googleapis.com/:personal:/bannister/bannister/bin/x64/Debug/net8.0-windows10.0.19041.0/AppX/AppxManifest.xml' (2,821)
2026-05-07 05:30:52: < Copy Over 'C:/rock/bannister/Bannister/bin/x64/Debug/net8.0-windows10.0.19041.0/AppX/Bannister.dll' -> 'goodrive://www.googleapis.com/:personal:/bannister/bannister/bin/x64/Debug/net8.0-windows10.0.19041.0/AppX/Bannister.dll' (3,608,576)
2026-05-07 05:30:52: Copy Over 'C:/rock/bannister/Bannister/obj/x64/Debug/net8.0-windows10.0.19041.0/apphost.exe' -> 'goodrive://www.googleapis.com/:personal:/bannister/bannister/obj/x64/Debug/net8.0-windows10.0.19041.0/apphost.exe' (153,088)
2026-05-07 05:30:52: > Copy Over 'C:/rock/bannister/Bannister/obj/x64/Debug/net8.0-windows10.0.19041.0/Bannister.dll' -> 'goodrive://www.googleapis.com/:personal:/bannister/bannister/obj/x64/Debug/net8.0-windows10.0.19041.0/Bannister.dll' (3,608,576)
2026-05-07 05:30:54: Copy Over 'C:/rock/bannister/Bannister/obj/x64/Debug/net8.0-windows10.0.19041.0/Bannister.csproj.BuildWithSkipAnalyzers' -> 'goodrive://www.googleapis.com/:personal:/bannister/bannister/obj/x64/Debug/net8.0-windows10.0.19041.0/Bannister.csproj.BuildWithSkipAnalyzers' (0)
2026-05-07 05:30:57: Copy Over 'C:/rock/bannister/Bannister/obj/x64/Debug/net8.0-windows10.0.19041.0/Bannister.csproj.CoreCompileInputs.cache' -> 'goodrive://www.googleapis.com/:personal:/bannister/bannister/obj/x64/Debug/net8.0-windows10.0.19041.0/Bannister.csproj.CoreCompileInputs.cache' (66)
2026-05-07 05:30:57: < Copy Over 'C:/rock/bannister/Bannister/obj/x64/Debug/net8.0-windows10.0.19041.0/Bannister.dll' -> 'goodrive://www.googleapis.com/:personal:/bannister/bannister/obj/x64/Debug/net8.0-windows10.0.19041.0/Bannister.dll' (3,608,576)
2026-05-07 05:30:57: Copy Over 'C:/rock/bannister/Bannister/obj/x64/Debug/net8.0-windows10.0.19041.0/Bannister.pdb' -> 'goodrive://www.googleapis.com/:personal:/bannister/bannister/obj/x64/Debug/net8.0-windows10.0.19041.0/Bannister.pdb' (777,580)
2026-05-07 05:31:00: Copy Over 'C:/rock/bannister/Bannister/obj/x64/Debug/net8.0-windows10.0.19041.0/excluded.layout.resfiles.intermediate' -> 'goodrive://www.googleapis.com/:personal:/bannister/bannister/obj/x64/Debug/net8.0-windows10.0.19041.0/excluded.layout.resfiles.intermediate' (0)
2026-05-07 05:31:00: > Copy Over 'C:/rock/bannister/Bannister/obj/x64/Debug/net8.0-windows10.0.19041.0/intermediatexaml/Bannister.dll' -> 'goodrive://www.googleapis.com/:personal:/bannister/bannister/obj/x64/Debug/net8.0-windows10.0.19041.0/intermediatexaml/Bannister.dll' (3,470,336)
2026-05-07 05:31:00: Copy Over 'C:/rock/bannister/Bannister/obj/x64/Debug/net8.0-windows10.0.19041.0/embed/embed.resfiles.intermediate' -> 'goodrive://www.googleapis.com/:personal:/bannister/bannister/obj/x64/Debug/net8.0-windows10.0.19041.0/embed/embed.resfiles.intermediate' (27)
2026-05-07 05:31:01: Copy Over 'C:/rock/bannister/Bannister/obj/x64/Debug/net8.0-windows10.0.19041.0/filtered.layout.resfiles.intermediate' -> 'goodrive://www.googleapis.com/:personal:/bannister/bannister/obj/x64/Debug/net8.0-windows10.0.19041.0/filtered.layout.resfiles.intermediate' (2,300)
2026-05-07 05:31:04: Copy Over 'C:/rock/bannister/Bannister/obj/x64/Debug/net8.0-windows10.0.19041.0/pri.resfiles.intermediate' -> 'goodrive://www.googleapis.com/:personal:/bannister/bannister/obj/x64/Debug/net8.0-windows10.0.19041.0/pri.resfiles.intermediate' (386)
2026-05-07 05:31:05: < Copy Over 'C:/rock/bannister/Bannister/obj/x64/Debug/net8.0-windows10.0.19041.0/intermediatexaml/Bannister.dll' -> 'goodrive://www.googleapis.com/:personal:/bannister/bannister/obj/x64/Debug/net8.0-windows10.0.19041.0/intermediatexaml/Bannister.dll' (3,470,336)
2026-05-07 05:31:05: Copy Over 'C:/rock/bannister/Bannister/obj/x64/Debug/net8.0-windows10.0.19041.0/Platforms/Windows/App.xaml' -> 'goodrive://www.googleapis.com/:personal:/bannister/bannister/obj/x64/Debug/net8.0-windows10.0.19041.0/Platforms/Windows/App.xaml' (304)
2026-05-07 05:31:08: Copy Over 'C:/rock/bannister/Bannister/obj/x64/Debug/net8.0-windows10.0.19041.0/priconfig.xml.intermediate' -> 'goodrive://www.googleapis.com/:personal:/bannister/bannister/obj/x64/Debug/net8.0-windows10.0.19041.0/priconfig.xml.intermediate' (3,154)
2026-05-07 05:31:09: Copy Over 'C:/rock/bannister/Bannister/obj/x64/Debug/net8.0-windows10.0.19041.0/refint/Bannister.dll' -> 'goodrive://www.googleapis.com/:personal:/bannister/bannister/obj/x64/Debug/net8.0-windows10.0.19041.0/refint/Bannister.dll' (827,392)
2026-05-07 05:31:09: Copy Over 'C:/rock/bannister/Bannister/obj/x64/Debug/net8.0-windows10.0.19041.0/ref/Bannister.dll' -> 'goodrive://www.googleapis.com/:personal:/bannister/bannister/obj/x64/Debug/net8.0-windows10.0.19041.0/ref/Bannister.dll' (827,392)
2026-05-07 05:31:12: Copy Over 'C:/rock/bannister/Bannister/obj/x64/Debug/net8.0-windows10.0.19041.0/unfiltered.layout.resfiles.intermediate' -> 'goodrive://www.googleapis.com/:personal:/bannister/bannister/obj/x64/Debug/net8.0-windows10.0.19041.0/unfiltered.layout.resfiles.intermediate' (2,300)
2026-05-07 05:31:12: Copy Over 'C:/rock/bannister/Bannister/obj/x64/Debug/net8.0-windows10.0.19041.0/resources.resfiles.intermediate' -> 'goodrive://www.googleapis.com/:personal:/bannister/bannister/obj/x64/Debug/net8.0-windows10.0.19041.0/resources.resfiles.intermediate' (0)
2026-05-07 05:31:12: Copy Over 'C:/rock/bannister/Bannister/obj/x64/Debug/net8.0-windows10.0.19041.0/XamlC.stamp' -> 'goodrive://www.googleapis.com/:personal:/bannister/bannister/obj/x64/Debug/net8.0-windows10.0.19041.0/XamlC.stamp' (0)
2026-05-07 05:31:15: Copy Over 'C:/rock/bannister/Bannister/bin/x64/Debug/net8.0-windows10.0.19041.0/AppX/Bannister.exe' -> 'goodrive://www.googleapis.com/:personal:/bannister/bannister/bin/x64/Debug/net8.0-windows10.0.19041.0/AppX/Bannister.exe' (153,088)
2026-05-07 05:31:16: Copy Over 'C:/rock/bannister/Bannister/obj/x64/Debug/net8.0-windows10.0.19041.0/XamlSaveStateFile.xml' -> 'goodrive://www.googleapis.com/:personal:/bannister/bannister/obj/x64/Debug/net8.0-windows10.0.19041.0/XamlSaveStateFile.xml' (834)
2026-05-07 05:31:16: Copy Over 'C:/rock/bannister/Bannister/bin/x64/Debug/net8.0-windows10.0.19041.0/AppX/vs.appxrecipe' -> 'goodrive://www.googleapis.com/:personal:/bannister/bannister/bin/x64/Debug/net8.0-windows10.0.19041.0/AppX/vs.appxrecipe' (70,202)
2026-05-07 05:31:16: > Copy Over 'C:/rock/bannister/Bannister/bin/x64/Debug/net8.0-windows10.0.19041.0/Bannister.dll' -> 'goodrive://www.googleapis.com/:personal:/bannister/bannister/bin/x64/Debug/net8.0-windows10.0.19041.0/Bannister.dll' (3,608,576)
2026-05-07 05:31:19: Copy Over 'C:/rock/bannister/Bannister/bin/x64/Debug/net8.0-windows10.0.19041.0/AppxManifest.xml' -> 'goodrive://www.googleapis.com/:personal:/bannister/bannister/bin/x64/Debug/net8.0-windows10.0.19041.0/AppxManifest.xml' (2,821)
2026-05-07 05:31:20: Copy Over 'C:/rock/bannister/Bannister/bin/x64/Debug/net8.0-windows10.0.19041.0/Bannister.build.appxrecipe' -> 'goodrive://www.googleapis.com/:personal:/bannister/bannister/bin/x64/Debug/net8.0-windows10.0.19041.0/Bannister.build.appxrecipe' (58,561)
2026-05-07 05:31:20: < Copy Over 'C:/rock/bannister/Bannister/bin/x64/Debug/net8.0-windows10.0.19041.0/Bannister.dll' -> 'goodrive://www.googleapis.com/:personal:/bannister/bannister/bin/x64/Debug/net8.0-windows10.0.19041.0/Bannister.dll' (3,608,576)
2026-05-07 05:31:21: Delete File goodrive://www.googleapis.com/:personal:/bannister/.vs/Bannister/FileContentIndex/04ae722f-c74e-4b3f-8168-7d654af3561a.vsidx
2026-05-07 05:31:23: Copy Over 'C:/rock/bannister/Bannister/bin/x64/Debug/net8.0-windows10.0.19041.0/Bannister.exe' -> 'goodrive://www.googleapis.com/:personal:/bannister/bannister/bin/x64/Debug/net8.0-windows10.0.19041.0/Bannister.exe' (153,088)
2026-05-07 05:31:24: Copy Over 'C:/rock/bannister/Bannister/bin/x64/Debug/net8.0-windows10.0.19041.0/Bannister.pdb' -> 'goodrive://www.googleapis.com/:personal:/bannister/bannister/bin/x64/Debug/net8.0-windows10.0.19041.0/Bannister.pdb' (777,580)
2026-05-07 05:31:25: Copy Over 'C:/rock/bannister/.vs/Bannister/v18/.suo' -> 'goodrive://www.googleapis.com/:personal:/bannister/.vs/Bannister/v18/.suo' (61,952)
2026-05-07 05:31:25: CopyFileSimple: OpenDownload: ERR: Cannot open file C:/rock/bannister/.vs/Bannister/FileContentIndex/aca9d4be-4a1d-4fe0-98ee-ca76c9350974.vsidx: cannot open file 'C:/rock/bannister/.vs/Bannister/FileContentIndex/aca9d4be-4a1d-4fe0-98ee-ca76c9350974.vsidx': The process cannot access the file because it is being used by another process.  (error 32)
2026-05-07 05:31:25: Creating Snapshot of Volume 'C:' because this file is locked: C:/rock/bannister/.vs/Bannister/FileContentIndex/aca9d4be-4a1d-4fe0-98ee-ca76c9350974.vsidx
2026-05-07 05:31:25: Connecting to Elevated Local GoodSync Server to complete operation
2026-05-07 05:31:25: LOCAL C:(127.0.0.1) -> S:127.0.0.1:33333
2026-05-07 05:31:27: Copy Over 'C:/rock/bannister/.vs/Bannister/v18/DocumentLayout.backup.json' -> 'goodrive://www.googleapis.com/:personal:/bannister/.vs/Bannister/v18/DocumentLayout.backup.json' (10,826)
2026-05-07 05:31:27: CopyFileSimple: OpenDownload: ERR: Cannot open file C:/rock/bannister/.vs/Bannister/FileContentIndex/d3ca7a56-741d-4f9b-88c3-d8a8cbd367a6.vsidx: cannot open file 'C:/rock/bannister/.vs/Bannister/FileContentIndex/d3ca7a56-741d-4f9b-88c3-d8a8cbd367a6.vsidx': The process cannot access the file because it is being used by another process.  (error 32)
2026-05-07 05:31:27: Copy Over 'C:/rock/bannister/.vs/Bannister/v18/DocumentLayout.json' -> 'goodrive://www.googleapis.com/:personal:/bannister/.vs/Bannister/v18/DocumentLayout.json' (10,826)
2026-05-07 05:31:28: Delete File goodrive://www.googleapis.com/:personal:/bannister/.vs/Bannister/FileContentIndex/ffc4390e-6012-4301-a5ac-a4645debbde5.vsidx
2026-05-07 05:31:51: Created Snapshot of Volume 'C:' at '/GLOBALROOT/Device/HarddiskVolumeShadowCopy30', Elevated
2026-05-07 05:31:51: Open File Snap GetShadow: AbsPath=/GLOBALROOT/Device/HarddiskVolumeShadowCopy30/rock/bannister/.vs/Bannister/FileContentIndex/aca9d4be-4a1d-4fe0-98ee-ca76c9350974.vsidx SnapshotPath=/GLOBALROOT/Device/HarddiskVolumeShadowCopy30 SnapVolume=C:
2026-05-07 05:31:51: Open File Snap GetShadow: AbsPath=/GLOBALROOT/Device/HarddiskVolumeShadowCopy30/rock/bannister/.vs/Bannister/FileContentIndex/d3ca7a56-741d-4f9b-88c3-d8a8cbd367a6.vsidx SnapshotPath=/GLOBALROOT/Device/HarddiskVolumeShadowCopy30 SnapVolume=C:
2026-05-07 05:31:55: Copy New 'C:/rock/bannister/.vs/Bannister/FileContentIndex/aca9d4be-4a1d-4fe0-98ee-ca76c9350974.vsidx' -> 'goodrive://www.googleapis.com/:personal:/bannister/.vs/Bannister/FileContentIndex/aca9d4be-4a1d-4fe0-98ee-ca76c9350974.vsidx' (27,631)
2026-05-07 05:31:55: Copy New 'C:/rock/bannister/.vs/Bannister/FileContentIndex/d3ca7a56-741d-4f9b-88c3-d8a8cbd367a6.vsidx' -> 'goodrive://www.googleapis.com/:personal:/bannister/.vs/Bannister/FileContentIndex/d3ca7a56-741d-4f9b-88c3-d8a8cbd367a6.vsidx' (28,980)
2026-05-07 05:31:55: Save State File C:/rock/bannister/_gsdata_/_file_state_v4._gs
2026-05-07 05:31:58: Save State File goodrive://www.googleapis.com/:personal:/bannister/_gsdata_/_file_state_v4._gs
2026-05-07 05:31:58: Release Snapshot of Volume C:
2026-05-07 05:32:01: == Sync Complete. Time: 00:01:18, Speed: 244.85 KB/s, OK: 37, Errors: 0
