2026-03-29 05:32:24: -- Analysis Started by On Schedule Min=30 Hour=5 
2026-03-29 05:32:25: L: Reading State File C:/Users/mr big/Dropbox/code/c sharp/projects/open_source/maui/bannister/_gsdata_/_file_state_v4._gs
2026-03-29 05:32:31: R: Reading State File goodrive://www.googleapis.com/:personal:/bannister_open_source/_gsdata_/_file_state_v4._gs
2026-03-29 05:32:33: Changes: 95, Conflicts: 0, CopyTime: 0, FixState: 0, Errors: 0, All: 9224
2026-03-29 05:32:33: Left to Right: Copy File: 90 Delete File: 5 
2026-03-29 05:32:33: == Sync Started by On Schedule Min=30 Hour=5 
2026-03-29 05:32:33: ConnectCloned connected to file:///C:/Users/mr big/Dropbox/code/c sharp/projects/open_source/maui/bannister
2026-03-29 05:32:33: ConnectCloned connected to file:///C:/Users/mr big/Dropbox/code/c sharp/projects/open_source/maui/bannister
2026-03-29 05:32:33: ConnectCloned connected to file:///C:/Users/mr big/Dropbox/code/c sharp/projects/open_source/maui/bannister
2026-03-29 05:32:34: GsConnectAndSetRoot1 connected to goodrive://www.googleapis.com/:personal:/bannister_open_source
2026-03-29 05:32:34: GsConnectAndSetRoot1 connected to goodrive://www.googleapis.com/:personal:/bannister_open_source
2026-03-29 05:32:34: GsConnectAndSetRoot1 connected to goodrive://www.googleapis.com/:personal:/bannister_open_source
2026-03-29 05:32:39: Copy Over 'C:/Users/mr big/Dropbox/code/c sharp/projects/open_source/maui/bannister/.git/COMMIT_EDITMSG' -> 'goodrive://www.googleapis.com/:personal:/bannister_open_source/.git/COMMIT_EDITMSG' (328)
2026-03-29 05:32:39: Copy Over 'C:/Users/mr big/Dropbox/code/c sharp/projects/open_source/maui/bannister/Bannister/Bannister.csproj' -> 'goodrive://www.googleapis.com/:personal:/bannister_open_source/Bannister/Bannister.csproj' (3,191)
2026-03-29 05:32:39: > Copy Over 'C:/Users/mr big/Dropbox/code/c sharp/projects/open_source/maui/bannister/.vs/Bannister/CopilotIndices/17.13.441.19478/CodeChunks.db' -> 'goodrive://www.googleapis.com/:personal:/bannister_open_source/.vs/Bannister/CopilotIndices/17.13.441.19478/CodeChunks.db' (2,686,976)
2026-03-29 05:32:39: Copy Over 'C:/Users/mr big/Dropbox/code/c sharp/projects/open_source/maui/bannister/.vs/Bannister/DesignTimeBuild/.dtbcache.v2' -> 'goodrive://www.googleapis.com/:personal:/bannister_open_source/.vs/Bannister/DesignTimeBuild/.dtbcache.v2' (188,051)
2026-03-29 05:32:43: Copy Over 'C:/Users/mr big/Dropbox/code/c sharp/projects/open_source/maui/bannister/.vs/Bannister/CopilotIndices/17.13.441.19478/CodeChunks.db-shm' -> 'goodrive://www.googleapis.com/:personal:/bannister_open_source/.vs/Bannister/CopilotIndices/17.13.441.19478/CodeChunks.db-shm' (32,768)
2026-03-29 05:32:43: Copy Over 'C:/Users/mr big/Dropbox/code/c sharp/projects/open_source/maui/bannister/.vs/Bannister/CopilotIndices/17.13.441.19478/CodeChunks.db-wal' -> 'goodrive://www.googleapis.com/:personal:/bannister_open_source/.vs/Bannister/CopilotIndices/17.13.441.19478/CodeChunks.db-wal' (234,872)
2026-03-29 05:32:43: < Copy Over 'C:/Users/mr big/Dropbox/code/c sharp/projects/open_source/maui/bannister/.vs/Bannister/CopilotIndices/17.13.441.19478/CodeChunks.db' -> 'goodrive://www.googleapis.com/:personal:/bannister_open_source/.vs/Bannister/CopilotIndices/17.13.441.19478/CodeChunks.db' (2,686,976)
2026-03-29 05:32:47: Copy Over 'C:/Users/mr big/Dropbox/code/c sharp/projects/open_source/maui/bannister/.vs/Bannister/CopilotIndices/17.13.441.19478/SemanticSymbols.db-shm' -> 'goodrive://www.googleapis.com/:personal:/bannister_open_source/.vs/Bannister/CopilotIndices/17.13.441.19478/SemanticSymbols.db-shm' (32,768)
2026-03-29 05:32:47: CopyFileSimple: OpenDownload: ERR: Cannot open file C:/Users/mr big/Dropbox/code/c sharp/projects/open_source/maui/bannister/.vs/Bannister/FileContentIndex/1f6b806e-35a7-4687-9f42-306771debc7b.vsidx: cannot open file 'C:/Users/mr big/Dropbox/code/c sharp/projects/open_source/maui/bannister/.vs/Bannister/FileContentIndex/1f6b806e-35a7-4687-9f42-306771debc7b.vsidx': The process cannot access the file because it is being used by another process.  (error 32)
2026-03-29 05:32:47: Connecting to Elevated Local GoodSync Server to complete operation
2026-03-29 05:32:47: LOCAL C:(127.0.0.1) -> S:127.0.0.1:33333
2026-03-29 05:32:47: Copy Over 'C:/Users/mr big/Dropbox/code/c sharp/projects/open_source/maui/bannister/.vs/Bannister/CopilotIndices/17.13.441.19478/SemanticSymbols.db' -> 'goodrive://www.googleapis.com/:personal:/bannister_open_source/.vs/Bannister/CopilotIndices/17.13.441.19478/SemanticSymbols.db' (1,028,096)
2026-03-29 05:32:47: Copy Over 'C:/Users/mr big/Dropbox/code/c sharp/projects/open_source/maui/bannister/.vs/Bannister/CopilotIndices/17.13.441.19478/SemanticSymbols.db-wal' -> 'goodrive://www.googleapis.com/:personal:/bannister_open_source/.vs/Bannister/CopilotIndices/17.13.441.19478/SemanticSymbols.db-wal' (148,352)
2026-03-29 05:32:51: Copy Over 'C:/Users/mr big/Dropbox/code/c sharp/projects/open_source/maui/bannister/.vs/Bannister/v17/.futdcache.v2' -> 'goodrive://www.googleapis.com/:personal:/bannister_open_source/.vs/Bannister/v17/.futdcache.v2' (1,178)
2026-03-29 05:32:51: Copy Over 'C:/Users/mr big/Dropbox/code/c sharp/projects/open_source/maui/bannister/.vs/Bannister/v17/.suo' -> 'goodrive://www.googleapis.com/:personal:/bannister_open_source/.vs/Bannister/v17/.suo' (132,096)
2026-03-29 05:32:55: Copy Over 'C:/Users/mr big/Dropbox/code/c sharp/projects/open_source/maui/bannister/.vs/Bannister/v17/DocumentLayout.json' -> 'goodrive://www.googleapis.com/:personal:/bannister_open_source/.vs/Bannister/v17/DocumentLayout.json' (18,204)
2026-03-29 05:32:55: CopyFileSimple: OpenDownload: ERR: Cannot open file C:/Users/mr big/Dropbox/code/c sharp/projects/open_source/maui/bannister/.vs/Bannister/FileContentIndex/23153d31-92e8-46d5-8ce5-894250884a1b.vsidx: cannot open file 'C:/Users/mr big/Dropbox/code/c sharp/projects/open_source/maui/bannister/.vs/Bannister/FileContentIndex/23153d31-92e8-46d5-8ce5-894250884a1b.vsidx': The process cannot access the file because it is being used by another process.  (error 32)
2026-03-29 05:32:55: Copy Over 'C:/Users/mr big/Dropbox/code/c sharp/projects/open_source/maui/bannister/.vs/Bannister/v17/DocumentLayout.backup.json' -> 'goodrive://www.googleapis.com/:personal:/bannister_open_source/.vs/Bannister/v17/DocumentLayout.backup.json' (18,636)
2026-03-29 05:32:56: Delete File goodrive://www.googleapis.com/:personal:/bannister_open_source/.vs/Bannister/FileContentIndex/a17d204d-80a4-4198-82ba-73d702a96c08.vsidx
2026-03-29 05:33:08: CopyFileSimple: OpenDownload: ERR: Cannot open file C:/Users/mr big/Dropbox/code/c sharp/projects/open_source/maui/bannister/.vs/Bannister/FileContentIndex/b1b610ab-aa85-4ab7-a538-739b8283d76d.vsidx: cannot open file 'C:/Users/mr big/Dropbox/code/c sharp/projects/open_source/maui/bannister/.vs/Bannister/FileContentIndex/b1b610ab-aa85-4ab7-a538-739b8283d76d.vsidx': The process cannot access the file because it is being used by another process.  (error 32)
2026-03-29 05:35:02: Created Snapshot of Volume 'C:' at '/GLOBALROOT/Device/HarddiskVolumeShadowCopy23', Elevated
2026-03-29 05:35:03: Open File Snap GetShadow: AbsPath=/GLOBALROOT/Device/HarddiskVolumeShadowCopy23/Users/mr big/Dropbox/code/c sharp/projects/open_source/maui/bannister/.vs/Bannister/FileContentIndex/1f6b806e-35a7-4687-9f42-306771debc7b.vsidx SnapshotPath=/GLOBALROOT/Device/HarddiskVolumeShadowCopy23 SnapVolume=C:
2026-03-29 05:35:03: Open File Snap GetShadow: AbsPath=/GLOBALROOT/Device/HarddiskVolumeShadowCopy23/Users/mr big/Dropbox/code/c sharp/projects/open_source/maui/bannister/.vs/Bannister/FileContentIndex/b1b610ab-aa85-4ab7-a538-739b8283d76d.vsidx SnapshotPath=/GLOBALROOT/Device/HarddiskVolumeShadowCopy23 SnapVolume=C:
2026-03-29 05:35:03: Open File Snap GetShadow: AbsPath=/GLOBALROOT/Device/HarddiskVolumeShadowCopy23/Users/mr big/Dropbox/code/c sharp/projects/open_source/maui/bannister/.vs/Bannister/FileContentIndex/23153d31-92e8-46d5-8ce5-894250884a1b.vsidx SnapshotPath=/GLOBALROOT/Device/HarddiskVolumeShadowCopy23 SnapVolume=C:
2026-03-29 05:35:05: Copy New 'C:/Users/mr big/Dropbox/code/c sharp/projects/open_source/maui/bannister/.vs/Bannister/FileContentIndex/b1b610ab-aa85-4ab7-a538-739b8283d76d.vsidx' -> 'goodrive://www.googleapis.com/:personal:/bannister_open_source/.vs/Bannister/FileContentIndex/b1b610ab-aa85-4ab7-a538-739b8283d76d.vsidx' (157,432)
2026-03-29 05:35:18: Copy New 'C:/Users/mr big/Dropbox/code/c sharp/projects/open_source/maui/bannister/.vs/Bannister/FileContentIndex/23153d31-92e8-46d5-8ce5-894250884a1b.vsidx' -> 'goodrive://www.googleapis.com/:personal:/bannister_open_source/.vs/Bannister/FileContentIndex/23153d31-92e8-46d5-8ce5-894250884a1b.vsidx' (159,332)
2026-03-29 05:35:18: Copy New 'C:/Users/mr big/Dropbox/code/c sharp/projects/open_source/maui/bannister/.vs/Bannister/FileContentIndex/1f6b806e-35a7-4687-9f42-306771debc7b.vsidx' -> 'goodrive://www.googleapis.com/:personal:/bannister_open_source/.vs/Bannister/FileContentIndex/1f6b806e-35a7-4687-9f42-306771debc7b.vsidx' (157,812)
2026-03-29 05:35:19: Delete File goodrive://www.googleapis.com/:personal:/bannister_open_source/.vs/Bannister/FileContentIndex/e2b8c4bd-59d9-4c8a-b3b4-943a03cee2e4.vsidx
2026-03-29 05:35:19: Delete File goodrive://www.googleapis.com/:personal:/bannister_open_source/.vs/Bannister/FileContentIndex/c62c31e7-c61f-465c-9a1c-57a97cbbe859.vsidx
2026-03-29 05:35:21: Copy New 'C:/Users/mr big/Dropbox/code/c sharp/projects/open_source/maui/bannister/Bannister/Models/PromptItem.cs' -> 'goodrive://www.googleapis.com/:personal:/bannister_open_source/Bannister/Models/PromptItem.cs' (2,491)
2026-03-29 05:35:22: Copy Over 'C:/Users/mr big/Dropbox/code/c sharp/projects/open_source/maui/bannister/Bannister/MauiProgram.cs' -> 'goodrive://www.googleapis.com/:personal:/bannister_open_source/Bannister/MauiProgram.cs' (3,876)
2026-03-29 05:35:22: > Copy Over 'C:/Users/mr big/Dropbox/code/c sharp/projects/open_source/maui/bannister/Bannister/bin/x64/Debug/net8.0-windows10.0.19041.0/AppX/Bannister.dll' -> 'goodrive://www.googleapis.com/:personal:/bannister_open_source/Bannister/bin/x64/Debug/net8.0-windows10.0.19041.0/AppX/Bannister.dll' (2,128,384)
2026-03-29 05:35:23: Copy Over 'C:/Users/mr big/Dropbox/code/c sharp/projects/open_source/maui/bannister/Bannister/bin/x64/Debug/net8.0-windows10.0.19041.0/AppX/AppxManifest.xml' -> 'goodrive://www.googleapis.com/:personal:/bannister_open_source/Bannister/bin/x64/Debug/net8.0-windows10.0.19041.0/AppX/AppxManifest.xml' (2,821)
2026-03-29 05:35:25: Copy Over 'C:/Users/mr big/Dropbox/code/c sharp/projects/open_source/maui/bannister/Bannister/bin/x64/Debug/net8.0-windows10.0.19041.0/AppX/Bannister.deps.json' -> 'goodrive://www.googleapis.com/:personal:/bannister_open_source/Bannister/bin/x64/Debug/net8.0-windows10.0.19041.0/AppX/Bannister.deps.json' (38,340)
2026-03-29 05:35:27: < Copy Over 'C:/Users/mr big/Dropbox/code/c sharp/projects/open_source/maui/bannister/Bannister/bin/x64/Debug/net8.0-windows10.0.19041.0/AppX/Bannister.dll' -> 'goodrive://www.googleapis.com/:personal:/bannister_open_source/Bannister/bin/x64/Debug/net8.0-windows10.0.19041.0/AppX/Bannister.dll' (2,128,384)
2026-03-29 05:35:28: Copy Over 'C:/Users/mr big/Dropbox/code/c sharp/projects/open_source/maui/bannister/Bannister/obj/x64/Debug/net8.0-windows10.0.19041.0/apphost.exe' -> 'goodrive://www.googleapis.com/:personal:/bannister_open_source/Bannister/obj/x64/Debug/net8.0-windows10.0.19041.0/apphost.exe' (153,088)
2026-03-29 05:35:28: > Copy Over 'C:/Users/mr big/Dropbox/code/c sharp/projects/open_source/maui/bannister/Bannister/obj/x64/Debug/net8.0-windows10.0.19041.0/Bannister.dll' -> 'goodrive://www.googleapis.com/:personal:/bannister_open_source/Bannister/obj/x64/Debug/net8.0-windows10.0.19041.0/Bannister.dll' (2,128,384)
2026-03-29 05:35:29: Copy Over 'C:/Users/mr big/Dropbox/code/c sharp/projects/open_source/maui/bannister/Bannister/obj/x64/Debug/net8.0-windows10.0.19041.0/Bannister.csproj.BuildWithSkipAnalyzers' -> 'goodrive://www.googleapis.com/:personal:/bannister_open_source/Bannister/obj/x64/Debug/net8.0-windows10.0.19041.0/Bannister.csproj.BuildWithSkipAnalyzers' (0)
2026-03-29 05:35:31: Copy Over 'C:/Users/mr big/Dropbox/code/c sharp/projects/open_source/maui/bannister/Bannister/obj/x64/Debug/net8.0-windows10.0.19041.0/Bannister.csproj.CoreCompileInputs.cache' -> 'goodrive://www.googleapis.com/:personal:/bannister_open_source/Bannister/obj/x64/Debug/net8.0-windows10.0.19041.0/Bannister.csproj.CoreCompileInputs.cache' (66)
2026-03-29 05:35:32: < Copy Over 'C:/Users/mr big/Dropbox/code/c sharp/projects/open_source/maui/bannister/Bannister/obj/x64/Debug/net8.0-windows10.0.19041.0/Bannister.dll' -> 'goodrive://www.googleapis.com/:personal:/bannister_open_source/Bannister/obj/x64/Debug/net8.0-windows10.0.19041.0/Bannister.dll' (2,128,384)
2026-03-29 05:35:33: Copy Over 'C:/Users/mr big/Dropbox/code/c sharp/projects/open_source/maui/bannister/Bannister/obj/x64/Debug/net8.0-windows10.0.19041.0/Bannister.GeneratedMSBuildEditorConfig.editorconfig' -> 'goodrive://www.googleapis.com/:personal:/bannister_open_source/Bannister/obj/x64/Debug/net8.0-windows10.0.19041.0/Bannister.GeneratedMSBuildEditorConfig.editorconfig' (6,965)
2026-03-29 05:35:35: Copy Over 'C:/Users/mr big/Dropbox/code/c sharp/projects/open_source/maui/bannister/Bannister/obj/x64/Debug/net8.0-windows10.0.19041.0/excluded.layout.resfiles.intermediate' -> 'goodrive://www.googleapis.com/:personal:/bannister_open_source/Bannister/obj/x64/Debug/net8.0-windows10.0.19041.0/excluded.layout.resfiles.intermediate' (0)
2026-03-29 05:35:35: Copy Over 'C:/Users/mr big/Dropbox/code/c sharp/projects/open_source/maui/bannister/Bannister/obj/x64/Debug/net8.0-windows10.0.19041.0/Bannister.pdb' -> 'goodrive://www.googleapis.com/:personal:/bannister_open_source/Bannister/obj/x64/Debug/net8.0-windows10.0.19041.0/Bannister.pdb' (471,660)
2026-03-29 05:35:35: > Copy Over 'C:/Users/mr big/Dropbox/code/c sharp/projects/open_source/maui/bannister/Bannister/obj/x64/Debug/net8.0-windows10.0.19041.0/intermediatexaml/Bannister.dll' -> 'goodrive://www.googleapis.com/:personal:/bannister_open_source/Bannister/obj/x64/Debug/net8.0-windows10.0.19041.0/intermediatexaml/Bannister.dll' (1,990,144)
2026-03-29 05:35:37: Copy Over 'C:/Users/mr big/Dropbox/code/c sharp/projects/open_source/maui/bannister/Bannister/obj/x64/Debug/net8.0-windows10.0.19041.0/embed/embed.resfiles.intermediate' -> 'goodrive://www.googleapis.com/:personal:/bannister_open_source/Bannister/obj/x64/Debug/net8.0-windows10.0.19041.0/embed/embed.resfiles.intermediate' (27)
2026-03-29 05:35:38: Copy Over 'C:/Users/mr big/Dropbox/code/c sharp/projects/open_source/maui/bannister/Bannister/obj/x64/Debug/net8.0-windows10.0.19041.0/filtered.layout.resfiles.intermediate' -> 'goodrive://www.googleapis.com/:personal:/bannister_open_source/Bannister/obj/x64/Debug/net8.0-windows10.0.19041.0/filtered.layout.resfiles.intermediate' (2,300)
2026-03-29 05:35:40: < Copy Over 'C:/Users/mr big/Dropbox/code/c sharp/projects/open_source/maui/bannister/Bannister/obj/x64/Debug/net8.0-windows10.0.19041.0/intermediatexaml/Bannister.dll' -> 'goodrive://www.googleapis.com/:personal:/bannister_open_source/Bannister/obj/x64/Debug/net8.0-windows10.0.19041.0/intermediatexaml/Bannister.dll' (1,990,144)
2026-03-29 05:35:40: Copy Over 'C:/Users/mr big/Dropbox/code/c sharp/projects/open_source/maui/bannister/Bannister/obj/x64/Debug/net8.0-windows10.0.19041.0/pri.resfiles.intermediate' -> 'goodrive://www.googleapis.com/:personal:/bannister_open_source/Bannister/obj/x64/Debug/net8.0-windows10.0.19041.0/pri.resfiles.intermediate' (386)
2026-03-29 05:35:42: Copy Over 'C:/Users/mr big/Dropbox/code/c sharp/projects/open_source/maui/bannister/Bannister/obj/x64/Debug/net8.0-windows10.0.19041.0/Platforms/Windows/App.xaml' -> 'goodrive://www.googleapis.com/:personal:/bannister_open_source/Bannister/obj/x64/Debug/net8.0-windows10.0.19041.0/Platforms/Windows/App.xaml' (312)
2026-03-29 05:35:43: Copy Over 'C:/Users/mr big/Dropbox/code/c sharp/projects/open_source/maui/bannister/Bannister/obj/x64/Debug/net8.0-windows10.0.19041.0/priconfig.xml.intermediate' -> 'goodrive://www.googleapis.com/:personal:/bannister_open_source/Bannister/obj/x64/Debug/net8.0-windows10.0.19041.0/priconfig.xml.intermediate' (3,154)
2026-03-29 05:35:44: Copy Over 'C:/Users/mr big/Dropbox/code/c sharp/projects/open_source/maui/bannister/Bannister/obj/x64/Debug/net8.0-windows10.0.19041.0/qualifiers.txt.intermediate' -> 'goodrive://www.googleapis.com/:personal:/bannister_open_source/Bannister/obj/x64/Debug/net8.0-windows10.0.19041.0/qualifiers.txt.intermediate' (184)
2026-03-29 05:35:46: Copy Over 'C:/Users/mr big/Dropbox/code/c sharp/projects/open_source/maui/bannister/Bannister/obj/x64/Debug/net8.0-windows10.0.19041.0/ref/Bannister.dll' -> 'goodrive://www.googleapis.com/:personal:/bannister_open_source/Bannister/obj/x64/Debug/net8.0-windows10.0.19041.0/ref/Bannister.dll' (593,408)
2026-03-29 05:35:47: Copy Over 'C:/Users/mr big/Dropbox/code/c sharp/projects/open_source/maui/bannister/Bannister/obj/x64/Debug/net8.0-windows10.0.19041.0/refint/Bannister.dll' -> 'goodrive://www.googleapis.com/:personal:/bannister_open_source/Bannister/obj/x64/Debug/net8.0-windows10.0.19041.0/refint/Bannister.dll' (593,408)
2026-03-29 05:35:48: Copy Over 'C:/Users/mr big/Dropbox/code/c sharp/projects/open_source/maui/bannister/Bannister/obj/x64/Debug/net8.0-windows10.0.19041.0/resources.resfiles.intermediate' -> 'goodrive://www.googleapis.com/:personal:/bannister_open_source/Bannister/obj/x64/Debug/net8.0-windows10.0.19041.0/resources.resfiles.intermediate' (0)
2026-03-29 05:35:49: Copy Over 'C:/Users/mr big/Dropbox/code/c sharp/projects/open_source/maui/bannister/Bannister/obj/x64/Debug/net8.0-windows10.0.19041.0/unfiltered.layout.resfiles.intermediate' -> 'goodrive://www.googleapis.com/:personal:/bannister_open_source/Bannister/obj/x64/Debug/net8.0-windows10.0.19041.0/unfiltered.layout.resfiles.intermediate' (2,300)
2026-03-29 05:35:50: Copy Over 'C:/Users/mr big/Dropbox/code/c sharp/projects/open_source/maui/bannister/Bannister/obj/x64/Debug/net8.0-windows10.0.19041.0/XamlC.stamp' -> 'goodrive://www.googleapis.com/:personal:/bannister_open_source/Bannister/obj/x64/Debug/net8.0-windows10.0.19041.0/XamlC.stamp' (0)
2026-03-29 05:35:52: Copy Over 'C:/Users/mr big/Dropbox/code/c sharp/projects/open_source/maui/bannister/Bannister/obj/x64/Debug/net8.0-windows10.0.19041.0/XamlSaveStateFile.xml' -> 'goodrive://www.googleapis.com/:personal:/bannister_open_source/Bannister/obj/x64/Debug/net8.0-windows10.0.19041.0/XamlSaveStateFile.xml' (923)
2026-03-29 05:35:53: Copy Over 'C:/Users/mr big/Dropbox/code/c sharp/projects/open_source/maui/bannister/Bannister/bin/x64/Debug/net8.0-windows10.0.19041.0/AppX/Bannister.exe' -> 'goodrive://www.googleapis.com/:personal:/bannister_open_source/Bannister/bin/x64/Debug/net8.0-windows10.0.19041.0/AppX/Bannister.exe' (153,088)
2026-03-29 05:35:54: Copy Over 'C:/Users/mr big/Dropbox/code/c sharp/projects/open_source/maui/bannister/Bannister/bin/x64/Debug/net8.0-windows10.0.19041.0/AppX/resources.pri' -> 'goodrive://www.googleapis.com/:personal:/bannister_open_source/Bannister/bin/x64/Debug/net8.0-windows10.0.19041.0/AppX/resources.pri' (140,664)
2026-03-29 05:35:56: C:/Users/mr big/Dropbox/code/c sharp/projects/open_source/maui/bannister/Bannister/bin/x64/Debug/net8.0-windows10.0.19041.0/AppX/vs.appxrecipe: Source file has changed between Analyze and Sync from '[file] size=67,613 accu-time=2026-03-28 21:41:14 attr=Archive,WArchive cktype=0' to 'size=67,613 time=2026-03-29 05:35:22', noted in source file state
2026-03-29 05:35:56: Copy Over 'C:/Users/mr big/Dropbox/code/c sharp/projects/open_source/maui/bannister/Bannister/bin/x64/Debug/net8.0-windows10.0.19041.0/AppX/vs.appxrecipe' -> 'goodrive://www.googleapis.com/:personal:/bannister_open_source/Bannister/bin/x64/Debug/net8.0-windows10.0.19041.0/AppX/vs.appxrecipe' (67,613)
2026-03-29 05:35:57: Copy Over 'C:/Users/mr big/Dropbox/code/c sharp/projects/open_source/maui/bannister/Bannister/bin/x64/Debug/net8.0-windows10.0.19041.0/AppxManifest.xml' -> 'goodrive://www.googleapis.com/:personal:/bannister_open_source/Bannister/bin/x64/Debug/net8.0-windows10.0.19041.0/AppxManifest.xml' (2,821)
2026-03-29 05:35:57: > Copy Over 'C:/Users/mr big/Dropbox/code/c sharp/projects/open_source/maui/bannister/Bannister/bin/x64/Debug/net8.0-windows10.0.19041.0/Bannister.dll' -> 'goodrive://www.googleapis.com/:personal:/bannister_open_source/Bannister/bin/x64/Debug/net8.0-windows10.0.19041.0/Bannister.dll' (2,128,384)
2026-03-29 05:35:58: Copy Over 'C:/Users/mr big/Dropbox/code/c sharp/projects/open_source/maui/bannister/Bannister/bin/x64/Debug/net8.0-windows10.0.19041.0/Bannister.build.appxrecipe' -> 'goodrive://www.googleapis.com/:personal:/bannister_open_source/Bannister/bin/x64/Debug/net8.0-windows10.0.19041.0/Bannister.build.appxrecipe' (57,124)
2026-03-29 05:36:00: Copy Over 'C:/Users/mr big/Dropbox/code/c sharp/projects/open_source/maui/bannister/Bannister/bin/x64/Debug/net8.0-windows10.0.19041.0/Bannister.deps.json' -> 'goodrive://www.googleapis.com/:personal:/bannister_open_source/Bannister/bin/x64/Debug/net8.0-windows10.0.19041.0/Bannister.deps.json' (38,340)
2026-03-29 05:36:01: < Copy Over 'C:/Users/mr big/Dropbox/code/c sharp/projects/open_source/maui/bannister/Bannister/bin/x64/Debug/net8.0-windows10.0.19041.0/Bannister.dll' -> 'goodrive://www.googleapis.com/:personal:/bannister_open_source/Bannister/bin/x64/Debug/net8.0-windows10.0.19041.0/Bannister.dll' (2,128,384)
2026-03-29 05:36:02: Copy Over 'C:/Users/mr big/Dropbox/code/c sharp/projects/open_source/maui/bannister/Bannister/bin/x64/Debug/net8.0-windows10.0.19041.0/Bannister.exe' -> 'goodrive://www.googleapis.com/:personal:/bannister_open_source/Bannister/bin/x64/Debug/net8.0-windows10.0.19041.0/Bannister.exe' (153,088)
2026-03-29 05:36:04: Copy Over 'C:/Users/mr big/Dropbox/code/c sharp/projects/open_source/maui/bannister/Bannister/bin/x64/Debug/net8.0-windows10.0.19041.0/Bannister.pdb' -> 'goodrive://www.googleapis.com/:personal:/bannister_open_source/Bannister/bin/x64/Debug/net8.0-windows10.0.19041.0/Bannister.pdb' (471,660)
2026-03-29 05:36:04: Copy New 'C:/Users/mr big/Dropbox/code/c sharp/projects/open_source/maui/bannister/Bannister/Services/PromptService.cs' -> 'goodrive://www.googleapis.com/:personal:/bannister_open_source/Bannister/Services/PromptService.cs' (17,475)
2026-03-29 05:36:05: Copy Over 'C:/Users/mr big/Dropbox/code/c sharp/projects/open_source/maui/bannister/Bannister/bin/x64/Debug/net8.0-windows10.0.19041.0/resources.pri' -> 'goodrive://www.googleapis.com/:personal:/bannister_open_source/Bannister/bin/x64/Debug/net8.0-windows10.0.19041.0/resources.pri' (140,664)
2026-03-29 05:36:05: Delete File goodrive://www.googleapis.com/:personal:/bannister_open_source/Bannister/Views/HomePage.xaml
2026-03-29 05:36:06: Copy New 'C:/Users/mr big/Dropbox/code/c sharp/projects/open_source/maui/bannister/Bannister/Views/HomePage.cs' -> 'goodrive://www.googleapis.com/:personal:/bannister_open_source/Bannister/Views/HomePage.cs' (13,949)
2026-03-29 05:36:07: Delete File goodrive://www.googleapis.com/:personal:/bannister_open_source/Bannister/Views/HomePage.xaml.cs
2026-03-29 05:36:08: Copy New 'C:/Users/mr big/Dropbox/code/c sharp/projects/open_source/maui/bannister/Bannister/Views/PromptsEditPage.cs' -> 'goodrive://www.googleapis.com/:personal:/bannister_open_source/Bannister/Views/PromptsEditPage.cs' (23,806)
2026-03-29 05:36:08: Copy New 'C:/Users/mr big/Dropbox/code/c sharp/projects/open_source/maui/bannister/Bannister/Views/PromptsPage.cs' -> 'goodrive://www.googleapis.com/:personal:/bannister_open_source/Bannister/Views/PromptsPage.cs' (20,693)
2026-03-29 05:36:08: > Copy Over 'C:/Users/mr big/Dropbox/code/c sharp/projects/open_source/maui/bannister/.vs/ProjectEvaluation/bannister.projects.v9.bin' -> 'goodrive://www.googleapis.com/:personal:/bannister_open_source/.vs/ProjectEvaluation/bannister.projects.v9.bin' (3,474,103)
2026-03-29 05:36:10: Copy Over 'C:/Users/mr big/Dropbox/code/c sharp/projects/open_source/maui/bannister/.git/index' -> 'goodrive://www.googleapis.com/:personal:/bannister_open_source/.git/index' (22,684)
2026-03-29 05:36:11: Copy Over 'C:/Users/mr big/Dropbox/code/c sharp/projects/open_source/maui/bannister/.vs/ProjectEvaluation/bannister.metadata.v9.bin' -> 'goodrive://www.googleapis.com/:personal:/bannister_open_source/.vs/ProjectEvaluation/bannister.metadata.v9.bin' (6,563)
2026-03-29 05:36:13: < Copy Over 'C:/Users/mr big/Dropbox/code/c sharp/projects/open_source/maui/bannister/.vs/ProjectEvaluation/bannister.projects.v9.bin' -> 'goodrive://www.googleapis.com/:personal:/bannister_open_source/.vs/ProjectEvaluation/bannister.projects.v9.bin' (3,474,103)
2026-03-29 05:36:14: Create Folder goodrive://www.googleapis.com/:personal:/bannister_open_source/.git/objects/01
2026-03-29 05:36:14: Copy Over 'C:/Users/mr big/Dropbox/code/c sharp/projects/open_source/maui/bannister/.vs/ProjectEvaluation/bannister.strings.v9.bin' -> 'goodrive://www.googleapis.com/:personal:/bannister_open_source/.vs/ProjectEvaluation/bannister.strings.v9.bin' (316,292)
2026-03-29 05:36:15: Copy Over 'C:/Users/mr big/Dropbox/code/c sharp/projects/open_source/maui/bannister/.git/logs/HEAD' -> 'goodrive://www.googleapis.com/:personal:/bannister_open_source/.git/logs/HEAD' (5,925)
2026-03-29 05:36:16: Copy New 'C:/Users/mr big/Dropbox/code/c sharp/projects/open_source/maui/bannister/.git/objects/01/5e82f1b679d43e21f2df525e6f9183f1da54ca' -> 'goodrive://www.googleapis.com/:personal:/bannister_open_source/.git/objects/01/5e82f1b679d43e21f2df525e6f9183f1da54ca' (3,761)
2026-03-29 05:36:16: Copy New 'C:/Users/mr big/Dropbox/code/c sharp/projects/open_source/maui/bannister/.git/objects/17/29968a681337ac9daa34f33129045f2243adfd' -> 'goodrive://www.googleapis.com/:personal:/bannister_open_source/.git/objects/17/29968a681337ac9daa34f33129045f2243adfd' (101,536)
2026-03-29 05:36:17: Copy New 'C:/Users/mr big/Dropbox/code/c sharp/projects/open_source/maui/bannister/.git/objects/23/eed7326cd3acedcf8252931795df7761512114' -> 'goodrive://www.googleapis.com/:personal:/bannister_open_source/.git/objects/23/eed7326cd3acedcf8252931795df7761512114' (320)
2026-03-29 05:36:18: Copy New 'C:/Users/mr big/Dropbox/code/c sharp/projects/open_source/maui/bannister/.git/objects/2c/cbb3641cee8c4bf32a3e9a9fb5af6ba2156f5e' -> 'goodrive://www.googleapis.com/:personal:/bannister_open_source/.git/objects/2c/cbb3641cee8c4bf32a3e9a9fb5af6ba2156f5e' (5,345)
2026-03-29 05:36:19: Copy New 'C:/Users/mr big/Dropbox/code/c sharp/projects/open_source/maui/bannister/.git/objects/2e/c994f98bb3879d7c77d41b1b2101adf7503277' -> 'goodrive://www.googleapis.com/:personal:/bannister_open_source/.git/objects/2e/c994f98bb3879d7c77d41b1b2101adf7503277' (3,872)
2026-03-29 05:36:19: Copy New 'C:/Users/mr big/Dropbox/code/c sharp/projects/open_source/maui/bannister/.git/objects/30/ad5c202f32ef763a54a938f5f5c274145859eb' -> 'goodrive://www.googleapis.com/:personal:/bannister_open_source/.git/objects/30/ad5c202f32ef763a54a938f5f5c274145859eb' (4,537)
2026-03-29 05:36:20: Create Folder goodrive://www.googleapis.com/:personal:/bannister_open_source/.git/objects/52
2026-03-29 05:36:21: Copy New 'C:/Users/mr big/Dropbox/code/c sharp/projects/open_source/maui/bannister/.git/objects/41/3e8e665dc5e638a6de9058d98038463d17914c' -> 'goodrive://www.googleapis.com/:personal:/bannister_open_source/.git/objects/41/3e8e665dc5e638a6de9058d98038463d17914c' (156)
2026-03-29 05:36:22: Copy New 'C:/Users/mr big/Dropbox/code/c sharp/projects/open_source/maui/bannister/.git/objects/43/869c35bcf386acc1df44fe0599c44647a1029b' -> 'goodrive://www.googleapis.com/:personal:/bannister_open_source/.git/objects/43/869c35bcf386acc1df44fe0599c44647a1029b' (5,701)
2026-03-29 05:36:22: Create Folder goodrive://www.googleapis.com/:personal:/bannister_open_source/.git/objects/61
2026-03-29 05:36:22: Copy New 'C:/Users/mr big/Dropbox/code/c sharp/projects/open_source/maui/bannister/.git/objects/4d/cc46beb001da6083d4974e49a22d891120dacf' -> 'goodrive://www.googleapis.com/:personal:/bannister_open_source/.git/objects/4d/cc46beb001da6083d4974e49a22d891120dacf' (534)
2026-03-29 05:36:23: Copy New 'C:/Users/mr big/Dropbox/code/c sharp/projects/open_source/maui/bannister/.git/objects/52/df9cce2ed59cfb77cf51de3541800cc9831575' -> 'goodrive://www.googleapis.com/:personal:/bannister_open_source/.git/objects/52/df9cce2ed59cfb77cf51de3541800cc9831575' (345)
2026-03-29 05:36:24: Create Folder goodrive://www.googleapis.com/:personal:/bannister_open_source/.git/objects/67
2026-03-29 05:36:25: Copy New 'C:/Users/mr big/Dropbox/code/c sharp/projects/open_source/maui/bannister/.git/objects/60/2b3e9429e9feb520f1554dcd0c242022a4cab5' -> 'goodrive://www.googleapis.com/:personal:/bannister_open_source/.git/objects/60/2b3e9429e9feb520f1554dcd0c242022a4cab5' (4,632)
2026-03-29 05:36:25: Copy New 'C:/Users/mr big/Dropbox/code/c sharp/projects/open_source/maui/bannister/.git/objects/61/044bd322f98f29a622a20b27b47813a8557ce2' -> 'goodrive://www.googleapis.com/:personal:/bannister_open_source/.git/objects/61/044bd322f98f29a622a20b27b47813a8557ce2' (1,001)
2026-03-29 05:36:26: Copy New 'C:/Users/mr big/Dropbox/code/c sharp/projects/open_source/maui/bannister/.git/objects/67/1631d4a69c1f21256fea2b825e81e374fe2cbf' -> 'goodrive://www.googleapis.com/:personal:/bannister_open_source/.git/objects/67/1631d4a69c1f21256fea2b825e81e374fe2cbf' (109)
2026-03-29 05:36:27: Copy New 'C:/Users/mr big/Dropbox/code/c sharp/projects/open_source/maui/bannister/.git/objects/68/89ba14cc6f2efdda280dd3d7327582463c22f4' -> 'goodrive://www.googleapis.com/:personal:/bannister_open_source/.git/objects/68/89ba14cc6f2efdda280dd3d7327582463c22f4' (237)
2026-03-29 05:36:27: Copy New 'C:/Users/mr big/Dropbox/code/c sharp/projects/open_source/maui/bannister/.git/objects/82/55206d2e7160f8f3a62a29b00c3b3f93cad604' -> 'goodrive://www.googleapis.com/:personal:/bannister_open_source/.git/objects/82/55206d2e7160f8f3a62a29b00c3b3f93cad604' (4,673)
2026-03-29 05:36:29: Copy New 'C:/Users/mr big/Dropbox/code/c sharp/projects/open_source/maui/bannister/.git/objects/83/e69b37437c0db9c1b5c8e7aa6c27644838873c' -> 'goodrive://www.googleapis.com/:personal:/bannister_open_source/.git/objects/83/e69b37437c0db9c1b5c8e7aa6c27644838873c' (926)
2026-03-29 05:36:29: Copy New 'C:/Users/mr big/Dropbox/code/c sharp/projects/open_source/maui/bannister/.git/objects/ad/65476df26d3a95ec55cfd16ed369ef5fb140d9' -> 'goodrive://www.googleapis.com/:personal:/bannister_open_source/.git/objects/ad/65476df26d3a95ec55cfd16ed369ef5fb140d9' (464)
2026-03-29 05:36:29: Copy New 'C:/Users/mr big/Dropbox/code/c sharp/projects/open_source/maui/bannister/.git/objects/9d/ad1cc9fa91242eb9ff7247130b0611fd3fc4ab' -> 'goodrive://www.googleapis.com/:personal:/bannister_open_source/.git/objects/9d/ad1cc9fa91242eb9ff7247130b0611fd3fc4ab' (33,864)
2026-03-29 05:36:31: Copy New 'C:/Users/mr big/Dropbox/code/c sharp/projects/open_source/maui/bannister/.git/objects/c0/5187f94b870a6f5f62c2ef79da77767c96683e' -> 'goodrive://www.googleapis.com/:personal:/bannister_open_source/.git/objects/c0/5187f94b870a6f5f62c2ef79da77767c96683e' (612)
2026-03-29 05:36:31: Copy New 'C:/Users/mr big/Dropbox/code/c sharp/projects/open_source/maui/bannister/.git/objects/c1/c26547f6ea4f346055b5bc8ef6d3ec1d9f711c' -> 'goodrive://www.googleapis.com/:personal:/bannister_open_source/.git/objects/c1/c26547f6ea4f346055b5bc8ef6d3ec1d9f711c' (1,874)
2026-03-29 05:36:31: Copy New 'C:/Users/mr big/Dropbox/code/c sharp/projects/open_source/maui/bannister/.git/objects/df/c440f3b5d59b25c8395c3d03f92a9cef70e3c8' -> 'goodrive://www.googleapis.com/:personal:/bannister_open_source/.git/objects/df/c440f3b5d59b25c8395c3d03f92a9cef70e3c8' (572)
2026-03-29 05:36:33: Copy New 'C:/Users/mr big/Dropbox/code/c sharp/projects/open_source/maui/bannister/.git/objects/e9/81b68ce58e0bca18e35ce3b4fa4f4affa90c45' -> 'goodrive://www.googleapis.com/:personal:/bannister_open_source/.git/objects/e9/81b68ce58e0bca18e35ce3b4fa4f4affa90c45' (980)
2026-03-29 05:36:35: Copy Over 'C:/Users/mr big/Dropbox/code/c sharp/projects/open_source/maui/bannister/.git/refs/heads/main' -> 'goodrive://www.googleapis.com/:personal:/bannister_open_source/.git/refs/heads/main' (41)
2026-03-29 05:36:35: Copy Over 'C:/Users/mr big/Dropbox/code/c sharp/projects/open_source/maui/bannister/.git/logs/refs/heads/main' -> 'goodrive://www.googleapis.com/:personal:/bannister_open_source/.git/logs/refs/heads/main' (5,978)
2026-03-29 05:36:37: Copy Over 'C:/Users/mr big/Dropbox/code/c sharp/projects/open_source/maui/bannister/.git/refs/remotes/origin/main' -> 'goodrive://www.googleapis.com/:personal:/bannister_open_source/.git/refs/remotes/origin/main' (41)
2026-03-29 05:36:38: Copy Over 'C:/Users/mr big/Dropbox/code/c sharp/projects/open_source/maui/bannister/.git/logs/refs/remotes/origin/main' -> 'goodrive://www.googleapis.com/:personal:/bannister_open_source/.git/logs/refs/remotes/origin/main' (2,900)
2026-03-29 05:36:38: Save State File C:/Users/mr big/Dropbox/code/c sharp/projects/open_source/maui/bannister/_gsdata_/_file_state_v4._gs
2026-03-29 05:36:39: CopyFileSimple: CloseUpload: ERR: Cannot flush chunk: [SSL sending [-1] www.googleapis.com:443]: Connection was reset by remote machine
2026-03-29 05:36:39: Waiting for 0 + 0 of 4 sec on CopyFileSimple: CloseUpload: Cannot flush chunk: [SSL sending [-1] www.googleapis.com:443]: Connection was reset by remote machine
2026-03-29 05:36:43: Recovered the connection, continuing operations
2026-03-29 05:36:46: Save State File goodrive://www.googleapis.com/:personal:/bannister_open_source/_gsdata_/_file_state_v4._gs
2026-03-29 05:36:46: Release Snapshot of Volume C:
2026-03-29 05:36:47: Deleted Recycled: goodrive://www.googleapis.com/:personal:/bannister_open_source/_gsdata_/_saved_/Bannister/Views/ManageActivitiesPage.xaml.cs
2026-03-29 05:36:50: == Sync Complete. Time: 00:04:17, Speed: 82.29 KB/s, OK: 95, Errors: 0
