2026-07-20 05:30:29: -- Analysis Started by On Schedule Min=30 Hour=5 
2026-07-20 05:30:29: L: Reading State File C:/rock/bannister/_gsdata_/_file_state_v4._gs
2026-07-20 05:30:32: R: Reading State File goodrive://www.googleapis.com/:personal:/bannister/_gsdata_/_file_state_v4._gs
2026-07-20 05:30:34: /.vs/Bannister/CopilotIndices/18.6.39603.9996/CodeChunks.db-wal: L:TimeSize<>; Warning: Older file to replace Newer file
2026-07-20 05:30:34: /.vs/Bannister/CopilotIndices/18.6.39603.9996/SemanticSymbols.db-wal: L:TimeSize<>; Warning: Older file to replace Newer file
2026-07-20 05:30:35: Changes: 54, Conflicts: 0, CopyTime: 0, FixState: 0, Errors: 0, All: 22343
2026-07-20 05:30:35: Left to Right: Copy File: 54 
2026-07-20 05:30:35: == Sync Started by On Schedule Min=30 Hour=5 
2026-07-20 05:30:35: ConnectCloned connected to file:///C:/rock/bannister
2026-07-20 05:30:35: ConnectCloned connected to file:///C:/rock/bannister
2026-07-20 05:30:35: ConnectCloned connected to file:///C:/rock/bannister
2026-07-20 05:30:35: GsConnectAndSetRoot1 connected to goodrive://www.googleapis.com/:personal:/bannister
2026-07-20 05:30:35: GsConnectAndSetRoot1 connected to goodrive://www.googleapis.com/:personal:/bannister
2026-07-20 05:30:35: GsConnectAndSetRoot1 connected to goodrive://www.googleapis.com/:personal:/bannister
2026-07-20 05:30:37: Copy New 'C:/rock/bannister/.git/objects/3e/efccd414afabe6f757863de42f584d6a8bd28f' -> 'goodrive://www.googleapis.com/:personal:/bannister/.git/objects/3e/efccd414afabe6f757863de42f584d6a8bd28f' (356)
2026-07-20 05:30:40: Copy Over 'C:/rock/bannister/Bannister/obj/Bannister.csproj.nuget.dgspec.json' -> 'goodrive://www.googleapis.com/:personal:/bannister/bannister/obj/Bannister.csproj.nuget.dgspec.json' (7,559)
2026-07-20 05:30:41: Copy Over 'C:/rock/bannister/Bannister/obj/Bannister.csproj.nuget.g.props' -> 'goodrive://www.googleapis.com/:personal:/bannister/bannister/obj/Bannister.csproj.nuget.g.props' (5,005)
2026-07-20 05:30:42: Copy Over 'C:/rock/bannister/Bannister/bin/x64/Debug/net8.0-windows10.0.19041.0/AppxManifest.xml' -> 'goodrive://www.googleapis.com/:personal:/bannister/bannister/bin/x64/Debug/net8.0-windows10.0.19041.0/AppxManifest.xml' (2,821)
2026-07-20 05:30:42: > Copy Over 'C:/rock/bannister/Bannister/bin/x64/Debug/net8.0-windows10.0.19041.0/AppX/Bannister.dll' -> 'goodrive://www.googleapis.com/:personal:/bannister/bannister/bin/x64/Debug/net8.0-windows10.0.19041.0/AppX/Bannister.dll' (6,604,288)
2026-07-20 05:30:44: Copy Over 'C:/rock/bannister/Bannister/bin/x64/Debug/net8.0-windows10.0.19041.0/AppX/Bannister.deps.json' -> 'goodrive://www.googleapis.com/:personal:/bannister/bannister/bin/x64/Debug/net8.0-windows10.0.19041.0/AppX/Bannister.deps.json' (72,297)
2026-07-20 05:30:44: Copy Over 'C:/rock/bannister/Bannister/bin/x64/Debug/net8.0-windows10.0.19041.0/AppX/AppxManifest.xml' -> 'goodrive://www.googleapis.com/:personal:/bannister/bannister/bin/x64/Debug/net8.0-windows10.0.19041.0/AppX/AppxManifest.xml' (2,821)
2026-07-20 05:30:47: < Copy Over 'C:/rock/bannister/Bannister/bin/x64/Debug/net8.0-windows10.0.19041.0/AppX/Bannister.dll' -> 'goodrive://www.googleapis.com/:personal:/bannister/bannister/bin/x64/Debug/net8.0-windows10.0.19041.0/AppX/Bannister.dll' (6,604,288)
2026-07-20 05:30:48: Copy Over 'C:/rock/bannister/Bannister/bin/x64/Debug/net8.0-windows10.0.19041.0/AppX/Bannister.runtimeconfig.json' -> 'goodrive://www.googleapis.com/:personal:/bannister/bannister/bin/x64/Debug/net8.0-windows10.0.19041.0/AppX/Bannister.runtimeconfig.json' (385)
2026-07-20 05:30:49: Copy Over 'C:/rock/bannister/Bannister/bin/x64/Debug/net8.0-windows10.0.19041.0/AppX/Bannister.exe' -> 'goodrive://www.googleapis.com/:personal:/bannister/bannister/bin/x64/Debug/net8.0-windows10.0.19041.0/AppX/Bannister.exe' (153,088)
2026-07-20 05:30:52: Copy Over 'C:/rock/bannister/Bannister/bin/x64/Debug/net8.0-windows10.0.19041.0/AppX/resources.pri' -> 'goodrive://www.googleapis.com/:personal:/bannister/bannister/bin/x64/Debug/net8.0-windows10.0.19041.0/AppX/resources.pri' (140,744)
2026-07-20 05:30:52: Copy Over 'C:/rock/bannister/Bannister/bin/x64/Debug/net8.0-windows10.0.19041.0/AppX/vs.appxrecipe' -> 'goodrive://www.googleapis.com/:personal:/bannister/bannister/bin/x64/Debug/net8.0-windows10.0.19041.0/AppX/vs.appxrecipe' (72,682)
2026-07-20 05:30:52: > Copy Over 'C:/rock/bannister/Bannister/bin/x64/Debug/net8.0-windows10.0.19041.0/Bannister.dll' -> 'goodrive://www.googleapis.com/:personal:/bannister/bannister/bin/x64/Debug/net8.0-windows10.0.19041.0/Bannister.dll' (6,604,288)
2026-07-20 05:30:53: Copy Over 'C:/rock/bannister/Bannister/bin/x64/Debug/net8.0-windows10.0.19041.0/Bannister.build.appxrecipe' -> 'goodrive://www.googleapis.com/:personal:/bannister/bannister/bin/x64/Debug/net8.0-windows10.0.19041.0/Bannister.build.appxrecipe' (60,573)
2026-07-20 05:30:56: Copy Over 'C:/rock/bannister/Bannister/bin/x64/Debug/net8.0-windows10.0.19041.0/Bannister.deps.json' -> 'goodrive://www.googleapis.com/:personal:/bannister/bannister/bin/x64/Debug/net8.0-windows10.0.19041.0/Bannister.deps.json' (72,297)
2026-07-20 05:30:56: > Copy Over 'C:/rock/bannister/Bannister/bin/x64/Debug/net8.0-windows10.0.19041.0/Bannister.pdb' -> 'goodrive://www.googleapis.com/:personal:/bannister/bannister/bin/x64/Debug/net8.0-windows10.0.19041.0/Bannister.pdb' (1,396,768)
2026-07-20 05:30:56: Copy Over 'C:/rock/bannister/Bannister/bin/x64/Debug/net8.0-windows10.0.19041.0/Bannister.exe' -> 'goodrive://www.googleapis.com/:personal:/bannister/bannister/bin/x64/Debug/net8.0-windows10.0.19041.0/Bannister.exe' (153,088)
2026-07-20 05:30:56: < Copy Over 'C:/rock/bannister/Bannister/bin/x64/Debug/net8.0-windows10.0.19041.0/Bannister.dll' -> 'goodrive://www.googleapis.com/:personal:/bannister/bannister/bin/x64/Debug/net8.0-windows10.0.19041.0/Bannister.dll' (6,604,288)
2026-07-20 05:31:00: Copy Over 'C:/rock/bannister/Bannister/bin/x64/Debug/net8.0-windows10.0.19041.0/resources.pri' -> 'goodrive://www.googleapis.com/:personal:/bannister/bannister/bin/x64/Debug/net8.0-windows10.0.19041.0/resources.pri' (140,744)
2026-07-20 05:31:00: Copy Over 'C:/rock/bannister/Bannister/obj/project.nuget.cache' -> 'goodrive://www.googleapis.com/:personal:/bannister/bannister/obj/project.nuget.cache' (27,012)
2026-07-20 05:31:01: < Copy Over 'C:/rock/bannister/Bannister/bin/x64/Debug/net8.0-windows10.0.19041.0/Bannister.pdb' -> 'goodrive://www.googleapis.com/:personal:/bannister/bannister/bin/x64/Debug/net8.0-windows10.0.19041.0/Bannister.pdb' (1,396,768)
2026-07-20 05:31:02: Copy New 'C:/rock/bannister/.git/objects/58/cc85f05a2d26a1c6a111e30c0f8308c044b353' -> 'goodrive://www.googleapis.com/:personal:/bannister/.git/objects/58/cc85f05a2d26a1c6a111e30c0f8308c044b353' (708)
2026-07-20 05:31:04: Copy Over 'C:/rock/bannister/Bannister/obj/x64/Debug/net8.0-windows10.0.19041.0/apphost.exe' -> 'goodrive://www.googleapis.com/:personal:/bannister/bannister/obj/x64/Debug/net8.0-windows10.0.19041.0/apphost.exe' (153,088)
2026-07-20 05:31:04: Copy Over 'C:/rock/bannister/Bannister/obj/x64/Debug/net8.0-android/Bannister.AssemblyInfo.cs' -> 'goodrive://www.googleapis.com/:personal:/bannister/bannister/obj/x64/Debug/net8.0-android/Bannister.AssemblyInfo.cs' (1,200)
2026-07-20 05:31:06: Copy Over 'C:/rock/bannister/Bannister/obj/x64/Debug/net8.0-windows10.0.19041.0/Bannister.AssemblyInfo.cs' -> 'goodrive://www.googleapis.com/:personal:/bannister/bannister/obj/x64/Debug/net8.0-windows10.0.19041.0/Bannister.AssemblyInfo.cs' (1,713)
2026-07-20 05:31:07: Copy Over 'C:/rock/bannister/Bannister/obj/x64/Debug/net8.0-windows10.0.19041.0/Bannister.AssemblyInfoInputs.cache' -> 'goodrive://www.googleapis.com/:personal:/bannister/bannister/obj/x64/Debug/net8.0-windows10.0.19041.0/Bannister.AssemblyInfoInputs.cache' (66)
2026-07-20 05:31:07: > Copy Over 'C:/rock/bannister/Bannister/obj/x64/Debug/net8.0-windows10.0.19041.0/Bannister.dll' -> 'goodrive://www.googleapis.com/:personal:/bannister/bannister/obj/x64/Debug/net8.0-windows10.0.19041.0/Bannister.dll' (6,604,288)
2026-07-20 05:31:08: Copy Over 'C:/rock/bannister/Bannister/obj/x64/Debug/net8.0-windows10.0.19041.0/Bannister.csproj.BuildWithSkipAnalyzers' -> 'goodrive://www.googleapis.com/:personal:/bannister/bannister/obj/x64/Debug/net8.0-windows10.0.19041.0/Bannister.csproj.BuildWithSkipAnalyzers' (0)
2026-07-20 05:31:08: > Copy Over 'C:/rock/bannister/Bannister/obj/x64/Debug/net8.0-windows10.0.19041.0/Bannister.pdb' -> 'goodrive://www.googleapis.com/:personal:/bannister/bannister/obj/x64/Debug/net8.0-windows10.0.19041.0/Bannister.pdb' (1,396,768)
2026-07-20 05:31:10: Copy Over 'C:/rock/bannister/Bannister/obj/x64/Debug/net8.0-windows10.0.19041.0/Bannister.csproj.CoreCompileInputs.cache' -> 'goodrive://www.googleapis.com/:personal:/bannister/bannister/obj/x64/Debug/net8.0-windows10.0.19041.0/Bannister.csproj.CoreCompileInputs.cache' (66)
2026-07-20 05:31:11: < Copy Over 'C:/rock/bannister/Bannister/obj/x64/Debug/net8.0-windows10.0.19041.0/Bannister.pdb' -> 'goodrive://www.googleapis.com/:personal:/bannister/bannister/obj/x64/Debug/net8.0-windows10.0.19041.0/Bannister.pdb' (1,396,768)
2026-07-20 05:31:12: < Copy Over 'C:/rock/bannister/Bannister/obj/x64/Debug/net8.0-windows10.0.19041.0/Bannister.dll' -> 'goodrive://www.googleapis.com/:personal:/bannister/bannister/obj/x64/Debug/net8.0-windows10.0.19041.0/Bannister.dll' (6,604,288)
2026-07-20 05:31:13: Copy Over 'C:/rock/bannister/Bannister/obj/x64/Debug/net8.0-windows10.0.19041.0/Bannister.sourcelink.json' -> 'goodrive://www.googleapis.com/:personal:/bannister/bannister/obj/x64/Debug/net8.0-windows10.0.19041.0/Bannister.sourcelink.json' (141)
2026-07-20 05:31:15: Copy Over 'C:/rock/bannister/Bannister/obj/x64/Debug/net8.0-windows10.0.19041.0/excluded.layout.resfiles.intermediate' -> 'goodrive://www.googleapis.com/:personal:/bannister/bannister/obj/x64/Debug/net8.0-windows10.0.19041.0/excluded.layout.resfiles.intermediate' (0)
2026-07-20 05:31:15: > Copy Over 'C:/rock/bannister/Bannister/obj/x64/Debug/net8.0-windows10.0.19041.0/intermediatexaml/Bannister.dll' -> 'goodrive://www.googleapis.com/:personal:/bannister/bannister/obj/x64/Debug/net8.0-windows10.0.19041.0/intermediatexaml/Bannister.dll' (6,464,000)
2026-07-20 05:31:16: Copy Over 'C:/rock/bannister/Bannister/obj/x64/Debug/net8.0-windows10.0.19041.0/embed/embed.resfiles.intermediate' -> 'goodrive://www.googleapis.com/:personal:/bannister/bannister/obj/x64/Debug/net8.0-windows10.0.19041.0/embed/embed.resfiles.intermediate' (27)
2026-07-20 05:31:17: Copy Over 'C:/rock/bannister/Bannister/obj/x64/Debug/net8.0-windows10.0.19041.0/filtered.layout.resfiles.intermediate' -> 'goodrive://www.googleapis.com/:personal:/bannister/bannister/obj/x64/Debug/net8.0-windows10.0.19041.0/filtered.layout.resfiles.intermediate' (2,329)
2026-07-20 05:31:19: Copy Over 'C:/rock/bannister/Bannister/obj/x64/Debug/net8.0-windows10.0.19041.0/pri.resfiles.intermediate' -> 'goodrive://www.googleapis.com/:personal:/bannister/bannister/obj/x64/Debug/net8.0-windows10.0.19041.0/pri.resfiles.intermediate' (386)
2026-07-20 05:31:20: < Copy Over 'C:/rock/bannister/Bannister/obj/x64/Debug/net8.0-windows10.0.19041.0/intermediatexaml/Bannister.dll' -> 'goodrive://www.googleapis.com/:personal:/bannister/bannister/obj/x64/Debug/net8.0-windows10.0.19041.0/intermediatexaml/Bannister.dll' (6,464,000)
2026-07-20 05:31:21: Copy Over 'C:/rock/bannister/Bannister/obj/x64/Debug/net8.0-windows10.0.19041.0/Platforms/Windows/App.xaml' -> 'goodrive://www.googleapis.com/:personal:/bannister/bannister/obj/x64/Debug/net8.0-windows10.0.19041.0/Platforms/Windows/App.xaml' (304)
2026-07-20 05:31:21: > Copy Over 'C:/rock/bannister/Bannister/obj/x64/Debug/net8.0-windows10.0.19041.0/ref/Bannister.dll' -> 'goodrive://www.googleapis.com/:personal:/bannister/bannister/obj/x64/Debug/net8.0-windows10.0.19041.0/ref/Bannister.dll' (1,423,872)
2026-07-20 05:31:23: Copy Over 'C:/rock/bannister/Bannister/obj/x64/Debug/net8.0-windows10.0.19041.0/priconfig.xml.intermediate' -> 'goodrive://www.googleapis.com/:personal:/bannister/bannister/obj/x64/Debug/net8.0-windows10.0.19041.0/priconfig.xml.intermediate' (3,154)
2026-07-20 05:31:23: > Copy Over 'C:/rock/bannister/Bannister/obj/x64/Debug/net8.0-windows10.0.19041.0/refint/Bannister.dll' -> 'goodrive://www.googleapis.com/:personal:/bannister/bannister/obj/x64/Debug/net8.0-windows10.0.19041.0/refint/Bannister.dll' (1,423,872)
2026-07-20 05:31:24: Copy Over 'C:/rock/bannister/Bannister/obj/x64/Debug/net8.0-windows10.0.19041.0/qualifiers.txt.intermediate' -> 'goodrive://www.googleapis.com/:personal:/bannister/bannister/obj/x64/Debug/net8.0-windows10.0.19041.0/qualifiers.txt.intermediate' (184)
2026-07-20 05:31:24: < Copy Over 'C:/rock/bannister/Bannister/obj/x64/Debug/net8.0-windows10.0.19041.0/ref/Bannister.dll' -> 'goodrive://www.googleapis.com/:personal:/bannister/bannister/obj/x64/Debug/net8.0-windows10.0.19041.0/ref/Bannister.dll' (1,423,872)
2026-07-20 05:31:28: Copy Over 'C:/rock/bannister/Bannister/obj/x64/Debug/net8.0-windows10.0.19041.0/resources.resfiles.intermediate' -> 'goodrive://www.googleapis.com/:personal:/bannister/bannister/obj/x64/Debug/net8.0-windows10.0.19041.0/resources.resfiles.intermediate' (0)
2026-07-20 05:31:28: Copy Over 'C:/rock/bannister/Bannister/obj/x64/Debug/net8.0-windows10.0.19041.0/unfiltered.layout.resfiles.intermediate' -> 'goodrive://www.googleapis.com/:personal:/bannister/bannister/obj/x64/Debug/net8.0-windows10.0.19041.0/unfiltered.layout.resfiles.intermediate' (2,329)
2026-07-20 05:31:28: < Copy Over 'C:/rock/bannister/Bannister/obj/x64/Debug/net8.0-windows10.0.19041.0/refint/Bannister.dll' -> 'goodrive://www.googleapis.com/:personal:/bannister/bannister/obj/x64/Debug/net8.0-windows10.0.19041.0/refint/Bannister.dll' (1,423,872)
2026-07-20 05:31:31: Copy Over 'C:/rock/bannister/Bannister/obj/x64/Debug/net8.0-windows10.0.19041.0/XamlSaveStateFile.xml' -> 'goodrive://www.googleapis.com/:personal:/bannister/bannister/obj/x64/Debug/net8.0-windows10.0.19041.0/XamlSaveStateFile.xml' (834)
2026-07-20 05:31:31: Copy Over 'C:/rock/bannister/Bannister/obj/x64/Debug/net8.0-windows10.0.19041.0/XamlC.stamp' -> 'goodrive://www.googleapis.com/:personal:/bannister/bannister/obj/x64/Debug/net8.0-windows10.0.19041.0/XamlC.stamp' (0)
2026-07-20 05:31:32: Copy Over 'C:/rock/bannister/Bannister/obj/x64/Debug/net8.0-android/Bannister.AssemblyInfoInputs.cache' -> 'goodrive://www.googleapis.com/:personal:/bannister/bannister/obj/x64/Debug/net8.0-android/Bannister.AssemblyInfoInputs.cache' (66)
2026-07-20 05:31:33: Copy New 'C:/rock/bannister/.git/objects/5d/c377dada9710f0b33a1f30212c72c641797040' -> 'goodrive://www.googleapis.com/:personal:/bannister/.git/objects/5d/c377dada9710f0b33a1f30212c72c641797040' (4,471)
2026-07-20 05:31:34: Copy New 'C:/rock/bannister/.git/objects/a4/8516facdedce112a8a7b05ba87d233fce5e63d' -> 'goodrive://www.googleapis.com/:personal:/bannister/.git/objects/a4/8516facdedce112a8a7b05ba87d233fce5e63d' (617)
2026-07-20 05:31:34: Copy New 'C:/rock/bannister/.git/objects/b5/ead3f9e3c83e06784227905a380c793a4b011c' -> 'goodrive://www.googleapis.com/:personal:/bannister/.git/objects/b5/ead3f9e3c83e06784227905a380c793a4b011c' (585)
2026-07-20 05:31:36: Copy New 'C:/rock/bannister/.git/objects/bf/ffb2c9799ecd92c20ab8370516bfc6ea880dd9' -> 'goodrive://www.googleapis.com/:personal:/bannister/.git/objects/bf/ffb2c9799ecd92c20ab8370516bfc6ea880dd9' (3,882)
2026-07-20 05:31:36: > Copy Over 'C:/rock/bannister/.vs/Bannister/CopilotIndices/18.6.39603.9996/CodeChunks.db-wal' -> 'goodrive://www.googleapis.com/:personal:/bannister/.vs/Bannister/CopilotIndices/18.6.39603.9996/CodeChunks.db-wal' (4,260,112)
2026-07-20 05:31:36: Copy New 'C:/rock/bannister/.git/objects/c5/053e13eb90528d2ae6deac66188f988992a1ca' -> 'goodrive://www.googleapis.com/:personal:/bannister/.git/objects/c5/053e13eb90528d2ae6deac66188f988992a1ca' (112)
2026-07-20 05:31:36: > Copy Over 'C:/rock/bannister/.vs/Bannister/CopilotIndices/18.6.39603.9996/SemanticSymbols.db-wal' -> 'goodrive://www.googleapis.com/:personal:/bannister/.vs/Bannister/CopilotIndices/18.6.39603.9996/SemanticSymbols.db-wal' (4,540,272)
2026-07-20 05:31:38: Copy Over 'C:/rock/bannister/.vs/Bannister/DesignTimeBuild/.dtbcache.v2' -> 'goodrive://www.googleapis.com/:personal:/bannister/.vs/Bannister/DesignTimeBuild/.dtbcache.v2' (201,654)
2026-07-20 05:31:40: C:/rock/bannister/.vs/Bannister/CopilotIndices/18.6.39603.9996/CodeChunks.db-wal: Source file has changed between Analyze and Sync from '[file] size=4,260,112 accu-time=2026-07-19 05:30:45 attr=Archive,WArchive cktype=0' to 'size=4,260,112 time=2026-07-19 05:41:40', noted in source file state
2026-07-20 05:31:40: < Copy Over 'C:/rock/bannister/.vs/Bannister/CopilotIndices/18.6.39603.9996/CodeChunks.db-wal' -> 'goodrive://www.googleapis.com/:personal:/bannister/.vs/Bannister/CopilotIndices/18.6.39603.9996/CodeChunks.db-wal' (4,260,112)
2026-07-20 05:31:40: C:/rock/bannister/.vs/Bannister/CopilotIndices/18.6.39603.9996/SemanticSymbols.db-wal: Source file has changed between Analyze and Sync from '[file] size=4,540,272 accu-time=2026-07-19 05:30:45 attr=Archive,WArchive cktype=0' to 'size=4,540,272 time=2026-07-19 05:41:40', noted in source file state
2026-07-20 05:31:40: < Copy Over 'C:/rock/bannister/.vs/Bannister/CopilotIndices/18.6.39603.9996/SemanticSymbols.db-wal' -> 'goodrive://www.googleapis.com/:personal:/bannister/.vs/Bannister/CopilotIndices/18.6.39603.9996/SemanticSymbols.db-wal' (4,540,272)
2026-07-20 05:31:41: Copy Over 'C:/rock/bannister/.vs/Bannister/v18/.suo' -> 'goodrive://www.googleapis.com/:personal:/bannister/.vs/Bannister/v18/.suo' (86,016)
2026-07-20 05:31:43: Copy Over 'C:/rock/bannister/.vs/Bannister/v18/DocumentLayout.backup.json' -> 'goodrive://www.googleapis.com/:personal:/bannister/.vs/Bannister/v18/DocumentLayout.backup.json' (17,863)
2026-07-20 05:31:44: Copy Over 'C:/rock/bannister/.vs/Bannister/v18/DocumentLayout.json' -> 'goodrive://www.googleapis.com/:personal:/bannister/.vs/Bannister/v18/DocumentLayout.json' (17,863)
2026-07-20 05:31:44: Save State File C:/rock/bannister/_gsdata_/_file_state_v4._gs
2026-07-20 05:31:47: Save State File goodrive://www.googleapis.com/:personal:/bannister/_gsdata_/_file_state_v4._gs
2026-07-20 05:31:47: Deleted Recycled: goodrive://www.googleapis.com/:personal:/bannister/_gsdata_/_saved_/.vs/Bannister/FileContentIndex/342b36da-be8a-4ba8-a8e4-95cb4be7dbc6.vsidx
2026-07-20 05:31:48: Deleted Recycled: goodrive://www.googleapis.com/:personal:/bannister/_gsdata_/_saved_/bannister/bin/x64/Debug/net8.0-android/Microsoft.Maui.Controls.HotReload.Forms.dll
2026-07-20 05:31:49: Deleted Recycled: goodrive://www.googleapis.com/:personal:/bannister/_gsdata_/_saved_/bannister/bin/x64/Debug/net8.0-android/Microsoft.VisualStudio.DesignTools.MobileTapContracts.dll
2026-07-20 05:31:49: Deleted Recycled: goodrive://www.googleapis.com/:personal:/bannister/_gsdata_/_saved_/bannister/bin/x64/Debug/net8.0-android/Microsoft.VisualStudio.DesignTools.TapContract.dll
2026-07-20 05:31:50: Deleted Recycled: goodrive://www.googleapis.com/:personal:/bannister/_gsdata_/_saved_/bannister/bin/x64/Debug/net8.0-android/Microsoft.VisualStudio.DesignTools.XamlTapContract.dll
2026-07-20 05:31:53: == Sync Complete. Time: 00:01:18, Speed: 594.58 KB/s, OK: 54, Errors: 0
