2026-05-02 18:11:49: -- Analysis Started by Analyze All
2026-05-02 18:11:49: L: Reading State File C:/rock/Bannister/_gsdata_/_file_state_v4._gs
2026-05-02 18:11:50: R: Reading State File goodrive://www.googleapis.com/:personal:/bannister_open_source/_gsdata_/_file_state_v4._gs
2026-05-02 18:13:56: /Bannister/bin/x64/Debug/net8.0-windows10.0.19041.0/AppX/runtimes/linux-arm/native/libe_sqlite3.so: Warning: Older file to replace Newer file
2026-05-02 18:13:56: /Bannister/bin/x64/Debug/net8.0-windows10.0.19041.0/AppX/runtimes/linux-arm64/native/libe_sqlite3.so: Warning: Older file to replace Newer file
2026-05-02 18:13:56: /Bannister/bin/x64/Debug/net8.0-windows10.0.19041.0/AppX/runtimes/linux-armel/native/libe_sqlite3.so: Warning: Older file to replace Newer file
2026-05-02 18:13:56: /Bannister/bin/x64/Debug/net8.0-windows10.0.19041.0/AppX/runtimes/linux-mips64/native/libe_sqlite3.so: Warning: Older file to replace Newer file
2026-05-02 18:13:56: /Bannister/bin/x64/Debug/net8.0-windows10.0.19041.0/AppX/runtimes/linux-musl-arm/native/libe_sqlite3.so: Warning: Older file to replace Newer file
2026-05-02 18:13:56: /Bannister/bin/x64/Debug/net8.0-windows10.0.19041.0/AppX/runtimes/linux-musl-arm64/native/libe_sqlite3.so: Warning: Older file to replace Newer file
2026-05-02 18:13:56: /Bannister/bin/x64/Debug/net8.0-windows10.0.19041.0/AppX/runtimes/linux-musl-x64/native/libe_sqlite3.so: Warning: Older file to replace Newer file
2026-05-02 18:13:56: /Bannister/bin/x64/Debug/net8.0-windows10.0.19041.0/AppX/runtimes/linux-s390x/native/libe_sqlite3.so: Warning: Older file to replace Newer file
2026-05-02 18:13:56: /Bannister/bin/x64/Debug/net8.0-windows10.0.19041.0/AppX/runtimes/linux-x64/native/libe_sqlite3.so: Warning: Older file to replace Newer file
2026-05-02 18:13:56: /Bannister/bin/x64/Debug/net8.0-windows10.0.19041.0/AppX/runtimes/linux-x86/native/libe_sqlite3.so: Warning: Older file to replace Newer file
2026-05-02 18:13:56: /Bannister/bin/x64/Debug/net8.0-windows10.0.19041.0/AppX/runtimes/maccatalyst-arm64/native/libe_sqlite3.dylib: Warning: Older file to replace Newer file
2026-05-02 18:13:56: /Bannister/bin/x64/Debug/net8.0-windows10.0.19041.0/AppX/runtimes/maccatalyst-x64/native/libe_sqlite3.dylib: Warning: Older file to replace Newer file
2026-05-02 18:13:56: /Bannister/bin/x64/Debug/net8.0-windows10.0.19041.0/AppX/runtimes/osx-arm64/native/libe_sqlite3.dylib: Warning: Older file to replace Newer file
2026-05-02 18:13:56: /Bannister/bin/x64/Debug/net8.0-windows10.0.19041.0/AppX/runtimes/osx-x64/native/libe_sqlite3.dylib: Warning: Older file to replace Newer file
2026-05-02 18:13:56: /Bannister/bin/x64/Debug/net8.0-windows10.0.19041.0/AppX/runtimes/win-arm/native/e_sqlite3.dll: Warning: Older file to replace Newer file
2026-05-02 18:13:56: /Bannister/bin/x64/Debug/net8.0-windows10.0.19041.0/AppX/runtimes/win-arm64/native/e_sqlite3.dll: Warning: Older file to replace Newer file
2026-05-02 18:13:56: /Bannister/bin/x64/Debug/net8.0-windows10.0.19041.0/AppX/runtimes/win-x64/native/e_sqlite3.dll: Warning: Older file to replace Newer file
2026-05-02 18:13:56: /Bannister/bin/x64/Debug/net8.0-windows10.0.19041.0/AppX/runtimes/win-x86/native/e_sqlite3.dll: Warning: Older file to replace Newer file
2026-05-02 18:13:56: /Bannister/bin/x64/Debug/net8.0-windows10.0.19041.0/AppX/SQLitePCLRaw.provider.e_sqlite3.dll: Warning: Older file to replace Newer file
2026-05-02 18:13:56: /Bannister/bin/x64/Debug/net8.0-windows10.0.19041.0/runtimes/linux-arm/native/libe_sqlite3.so: Warning: Older file to replace Newer file
2026-05-02 18:13:56: /Bannister/bin/x64/Debug/net8.0-windows10.0.19041.0/runtimes/linux-arm64/native/libe_sqlite3.so: Warning: Older file to replace Newer file
2026-05-02 18:13:56: /Bannister/bin/x64/Debug/net8.0-windows10.0.19041.0/runtimes/linux-armel/native/libe_sqlite3.so: Warning: Older file to replace Newer file
2026-05-02 18:13:56: /Bannister/bin/x64/Debug/net8.0-windows10.0.19041.0/runtimes/linux-mips64/native/libe_sqlite3.so: Warning: Older file to replace Newer file
2026-05-02 18:13:56: /Bannister/bin/x64/Debug/net8.0-windows10.0.19041.0/runtimes/linux-musl-arm/native/libe_sqlite3.so: Warning: Older file to replace Newer file
2026-05-02 18:13:56: /Bannister/bin/x64/Debug/net8.0-windows10.0.19041.0/runtimes/linux-musl-arm64/native/libe_sqlite3.so: Warning: Older file to replace Newer file
2026-05-02 18:13:56: /Bannister/bin/x64/Debug/net8.0-windows10.0.19041.0/runtimes/linux-musl-x64/native/libe_sqlite3.so: Warning: Older file to replace Newer file
2026-05-02 18:13:56: /Bannister/bin/x64/Debug/net8.0-windows10.0.19041.0/runtimes/linux-s390x/native/libe_sqlite3.so: Warning: Older file to replace Newer file
2026-05-02 18:13:56: /Bannister/bin/x64/Debug/net8.0-windows10.0.19041.0/runtimes/linux-x64/native/libe_sqlite3.so: Warning: Older file to replace Newer file
2026-05-02 18:13:56: /Bannister/bin/x64/Debug/net8.0-windows10.0.19041.0/runtimes/linux-x86/native/libe_sqlite3.so: Warning: Older file to replace Newer file
2026-05-02 18:13:56: /Bannister/bin/x64/Debug/net8.0-windows10.0.19041.0/runtimes/maccatalyst-arm64/native/libe_sqlite3.dylib: Warning: Older file to replace Newer file
2026-05-02 18:13:56: /Bannister/bin/x64/Debug/net8.0-windows10.0.19041.0/runtimes/maccatalyst-x64/native/libe_sqlite3.dylib: Warning: Older file to replace Newer file
2026-05-02 18:13:56: /Bannister/bin/x64/Debug/net8.0-windows10.0.19041.0/runtimes/osx-arm64/native/libe_sqlite3.dylib: Warning: Older file to replace Newer file
2026-05-02 18:13:56: /Bannister/bin/x64/Debug/net8.0-windows10.0.19041.0/runtimes/osx-x64/native/libe_sqlite3.dylib: Warning: Older file to replace Newer file
2026-05-02 18:13:56: /Bannister/bin/x64/Debug/net8.0-windows10.0.19041.0/runtimes/win-arm/native/e_sqlite3.dll: Warning: Older file to replace Newer file
2026-05-02 18:13:56: /Bannister/bin/x64/Debug/net8.0-windows10.0.19041.0/runtimes/win-arm64/native/e_sqlite3.dll: Warning: Older file to replace Newer file
2026-05-02 18:13:56: /Bannister/bin/x64/Debug/net8.0-windows10.0.19041.0/runtimes/win-x64/native/e_sqlite3.dll: Warning: Older file to replace Newer file
2026-05-02 18:13:56: /Bannister/bin/x64/Debug/net8.0-windows10.0.19041.0/runtimes/win-x86/native/e_sqlite3.dll: Warning: Older file to replace Newer file
2026-05-02 18:13:56: /Bannister/bin/x64/Debug/net8.0-windows10.0.19041.0/SQLitePCLRaw.provider.e_sqlite3.dll: Warning: Older file to replace Newer file
2026-05-02 18:13:56: Changes: 480, Conflicts: 0, CopyTime: 0, FixState: 5,050, Errors: 0, All: 11849
2026-05-02 18:13:56: Left to Right: Copy File: 464 Delete File: 16 
2026-05-02 18:13:56: -- Analysis Complete. Time 00:02:07, Speed: 211 files/s
