2026-05-06 05:30:35: -- Analysis Started by On Schedule Min=30 Hour=5 
2026-05-06 05:30:35: L: Reading State File C:/rock/bannister/_gsdata_/_file_state_v4._gs
2026-05-06 05:30:38: R: Reading State File goodrive://www.googleapis.com/:personal:/bannister/_gsdata_/_file_state_v4._gs
2026-05-06 05:30:40: Changes: 62, Conflicts: 0, CopyTime: 0, FixState: 0, Errors: 0, All: 11880
2026-05-06 05:30:40: Left to Right: Copy File: 58 Delete File: 4 
2026-05-06 05:30:40: == Sync Started by On Schedule Min=30 Hour=5 
2026-05-06 05:30:40: ConnectCloned connected to file:///C:/rock/bannister
2026-05-06 05:30:40: ConnectCloned connected to file:///C:/rock/bannister
2026-05-06 05:30:40: ConnectCloned connected to file:///C:/rock/bannister
2026-05-06 05:30:41: GsConnectAndSetRoot1 connected to goodrive://www.googleapis.com/:personal:/bannister
2026-05-06 05:30:41: GsConnectAndSetRoot1 connected to goodrive://www.googleapis.com/:personal:/bannister
2026-05-06 05:30:41: GsConnectAndSetRoot1 connected to goodrive://www.googleapis.com/:personal:/bannister
2026-05-06 05:30:43: Copy New 'C:/rock/bannister/Bannister/Models/AudioItem.cs' -> 'goodrive://www.googleapis.com/:personal:/bannister/bannister/Models/AudioItem.cs' (2,655)
2026-05-06 05:30:44: Copy New 'C:/rock/bannister/Bannister/Models/DailyCheck.cs' -> 'goodrive://www.googleapis.com/:personal:/bannister/bannister/Models/DailyCheck.cs' (679)
2026-05-06 05:30:44: > Copy Over 'C:/rock/bannister/Bannister/bin/x64/Debug/net8.0-windows10.0.19041.0/AppX/Bannister.dll' -> 'goodrive://www.googleapis.com/:personal:/bannister/bannister/bin/x64/Debug/net8.0-windows10.0.19041.0/AppX/Bannister.dll' (3,601,408)
2026-05-06 05:30:46: Copy Over 'C:/rock/bannister/Bannister/MauiProgram.cs' -> 'goodrive://www.googleapis.com/:personal:/bannister/bannister/MauiProgram.cs' (4,800)
2026-05-06 05:30:48: Copy Over 'C:/rock/bannister/Bannister/bin/x64/Debug/net8.0-windows10.0.19041.0/AppX/AppxManifest.xml' -> 'goodrive://www.googleapis.com/:personal:/bannister/bannister/bin/x64/Debug/net8.0-windows10.0.19041.0/AppX/AppxManifest.xml' (2,821)
2026-05-06 05:30:48: < Copy Over 'C:/rock/bannister/Bannister/bin/x64/Debug/net8.0-windows10.0.19041.0/AppX/Bannister.dll' -> 'goodrive://www.googleapis.com/:personal:/bannister/bannister/bin/x64/Debug/net8.0-windows10.0.19041.0/AppX/Bannister.dll' (3,601,408)
2026-05-06 05:30:50: Copy Over 'C:/rock/bannister/Bannister/bin/x64/Debug/net8.0-windows10.0.19041.0/AppX/Bannister.exe' -> 'goodrive://www.googleapis.com/:personal:/bannister/bannister/bin/x64/Debug/net8.0-windows10.0.19041.0/AppX/Bannister.exe' (153,088)
2026-05-06 05:30:52: Copy Over 'C:/rock/bannister/Bannister/obj/x64/Debug/net8.0-windows10.0.19041.0/Bannister.csproj.BuildWithSkipAnalyzers' -> 'goodrive://www.googleapis.com/:personal:/bannister/bannister/obj/x64/Debug/net8.0-windows10.0.19041.0/Bannister.csproj.BuildWithSkipAnalyzers' (0)
2026-05-06 05:30:52: > Copy Over 'C:/rock/bannister/Bannister/obj/x64/Debug/net8.0-windows10.0.19041.0/Bannister.dll' -> 'goodrive://www.googleapis.com/:personal:/bannister/bannister/obj/x64/Debug/net8.0-windows10.0.19041.0/Bannister.dll' (3,601,408)
2026-05-06 05:30:52: Copy Over 'C:/rock/bannister/Bannister/obj/x64/Debug/net8.0-windows10.0.19041.0/apphost.exe' -> 'goodrive://www.googleapis.com/:personal:/bannister/bannister/obj/x64/Debug/net8.0-windows10.0.19041.0/apphost.exe' (153,088)
2026-05-06 05:30:54: Copy Over 'C:/rock/bannister/Bannister/obj/x64/Debug/net8.0-windows10.0.19041.0/Bannister.csproj.CoreCompileInputs.cache' -> 'goodrive://www.googleapis.com/:personal:/bannister/bannister/obj/x64/Debug/net8.0-windows10.0.19041.0/Bannister.csproj.CoreCompileInputs.cache' (66)
2026-05-06 05:30:55: Copy Over 'C:/rock/bannister/Bannister/obj/x64/Debug/net8.0-windows10.0.19041.0/Bannister.pdb' -> 'goodrive://www.googleapis.com/:personal:/bannister/bannister/obj/x64/Debug/net8.0-windows10.0.19041.0/Bannister.pdb' (775,460)
2026-05-06 05:30:56: < Copy Over 'C:/rock/bannister/Bannister/obj/x64/Debug/net8.0-windows10.0.19041.0/Bannister.dll' -> 'goodrive://www.googleapis.com/:personal:/bannister/bannister/obj/x64/Debug/net8.0-windows10.0.19041.0/Bannister.dll' (3,601,408)
2026-05-06 05:30:58: Copy Over 'C:/rock/bannister/Bannister/obj/x64/Debug/net8.0-windows10.0.19041.0/excluded.layout.resfiles.intermediate' -> 'goodrive://www.googleapis.com/:personal:/bannister/bannister/obj/x64/Debug/net8.0-windows10.0.19041.0/excluded.layout.resfiles.intermediate' (0)
2026-05-06 05:30:58: > Copy Over 'C:/rock/bannister/Bannister/obj/x64/Debug/net8.0-windows10.0.19041.0/intermediatexaml/Bannister.dll' -> 'goodrive://www.googleapis.com/:personal:/bannister/bannister/obj/x64/Debug/net8.0-windows10.0.19041.0/intermediatexaml/Bannister.dll' (3,463,680)
2026-05-06 05:30:59: Copy Over 'C:/rock/bannister/Bannister/obj/x64/Debug/net8.0-windows10.0.19041.0/embed/embed.resfiles.intermediate' -> 'goodrive://www.googleapis.com/:personal:/bannister/bannister/obj/x64/Debug/net8.0-windows10.0.19041.0/embed/embed.resfiles.intermediate' (27)
2026-05-06 05:30:59: Copy Over 'C:/rock/bannister/Bannister/obj/x64/Debug/net8.0-windows10.0.19041.0/filtered.layout.resfiles.intermediate' -> 'goodrive://www.googleapis.com/:personal:/bannister/bannister/obj/x64/Debug/net8.0-windows10.0.19041.0/filtered.layout.resfiles.intermediate' (2,300)
2026-05-06 05:31:02: < Copy Over 'C:/rock/bannister/Bannister/obj/x64/Debug/net8.0-windows10.0.19041.0/intermediatexaml/Bannister.dll' -> 'goodrive://www.googleapis.com/:personal:/bannister/bannister/obj/x64/Debug/net8.0-windows10.0.19041.0/intermediatexaml/Bannister.dll' (3,463,680)
2026-05-06 05:31:03: Copy Over 'C:/rock/bannister/Bannister/obj/x64/Debug/net8.0-windows10.0.19041.0/pri.resfiles.intermediate' -> 'goodrive://www.googleapis.com/:personal:/bannister/bannister/obj/x64/Debug/net8.0-windows10.0.19041.0/pri.resfiles.intermediate' (386)
2026-05-06 05:31:03: Copy Over 'C:/rock/bannister/Bannister/obj/x64/Debug/net8.0-windows10.0.19041.0/Platforms/Windows/App.xaml' -> 'goodrive://www.googleapis.com/:personal:/bannister/bannister/obj/x64/Debug/net8.0-windows10.0.19041.0/Platforms/Windows/App.xaml' (304)
2026-05-06 05:31:06: Copy Over 'C:/rock/bannister/Bannister/obj/x64/Debug/net8.0-windows10.0.19041.0/priconfig.xml.intermediate' -> 'goodrive://www.googleapis.com/:personal:/bannister/bannister/obj/x64/Debug/net8.0-windows10.0.19041.0/priconfig.xml.intermediate' (3,154)
2026-05-06 05:31:07: Copy Over 'C:/rock/bannister/Bannister/obj/x64/Debug/net8.0-windows10.0.19041.0/refint/Bannister.dll' -> 'goodrive://www.googleapis.com/:personal:/bannister/bannister/obj/x64/Debug/net8.0-windows10.0.19041.0/refint/Bannister.dll' (826,368)
2026-05-06 05:31:07: Copy Over 'C:/rock/bannister/Bannister/obj/x64/Debug/net8.0-windows10.0.19041.0/ref/Bannister.dll' -> 'goodrive://www.googleapis.com/:personal:/bannister/bannister/obj/x64/Debug/net8.0-windows10.0.19041.0/ref/Bannister.dll' (826,368)
2026-05-06 05:31:10: Copy Over 'C:/rock/bannister/Bannister/obj/x64/Debug/net8.0-windows10.0.19041.0/resources.resfiles.intermediate' -> 'goodrive://www.googleapis.com/:personal:/bannister/bannister/obj/x64/Debug/net8.0-windows10.0.19041.0/resources.resfiles.intermediate' (0)
2026-05-06 05:31:10: Copy Over 'C:/rock/bannister/Bannister/obj/x64/Debug/net8.0-windows10.0.19041.0/unfiltered.layout.resfiles.intermediate' -> 'goodrive://www.googleapis.com/:personal:/bannister/bannister/obj/x64/Debug/net8.0-windows10.0.19041.0/unfiltered.layout.resfiles.intermediate' (2,300)
2026-05-06 05:31:11: Copy Over 'C:/rock/bannister/Bannister/obj/x64/Debug/net8.0-windows10.0.19041.0/XamlC.stamp' -> 'goodrive://www.googleapis.com/:personal:/bannister/bannister/obj/x64/Debug/net8.0-windows10.0.19041.0/XamlC.stamp' (0)
2026-05-06 05:31:13: Copy Over 'C:/rock/bannister/Bannister/obj/x64/Debug/net8.0-windows10.0.19041.0/XamlSaveStateFile.xml' -> 'goodrive://www.googleapis.com/:personal:/bannister/bannister/obj/x64/Debug/net8.0-windows10.0.19041.0/XamlSaveStateFile.xml' (834)
2026-05-06 05:31:14: Copy Over 'C:/rock/bannister/Bannister/bin/x64/Debug/net8.0-windows10.0.19041.0/AppX/vs.appxrecipe' -> 'goodrive://www.googleapis.com/:personal:/bannister/bannister/bin/x64/Debug/net8.0-windows10.0.19041.0/AppX/vs.appxrecipe' (70,202)
2026-05-06 05:31:14: > Copy Over 'C:/rock/bannister/Bannister/bin/x64/Debug/net8.0-windows10.0.19041.0/Bannister.dll' -> 'goodrive://www.googleapis.com/:personal:/bannister/bannister/bin/x64/Debug/net8.0-windows10.0.19041.0/Bannister.dll' (3,601,408)
2026-05-06 05:31:14: Copy Over 'C:/rock/bannister/Bannister/bin/x64/Debug/net8.0-windows10.0.19041.0/AppxManifest.xml' -> 'goodrive://www.googleapis.com/:personal:/bannister/bannister/bin/x64/Debug/net8.0-windows10.0.19041.0/AppxManifest.xml' (2,821)
2026-05-06 05:31:17: Copy Over 'C:/rock/bannister/Bannister/bin/x64/Debug/net8.0-windows10.0.19041.0/Bannister.build.appxrecipe' -> 'goodrive://www.googleapis.com/:personal:/bannister/bannister/bin/x64/Debug/net8.0-windows10.0.19041.0/Bannister.build.appxrecipe' (58,561)
2026-05-06 05:31:19: < Copy Over 'C:/rock/bannister/Bannister/bin/x64/Debug/net8.0-windows10.0.19041.0/Bannister.dll' -> 'goodrive://www.googleapis.com/:personal:/bannister/bannister/bin/x64/Debug/net8.0-windows10.0.19041.0/Bannister.dll' (3,601,408)
2026-05-06 05:31:19: Copy Over 'C:/rock/bannister/Bannister/bin/x64/Debug/net8.0-windows10.0.19041.0/Bannister.exe' -> 'goodrive://www.googleapis.com/:personal:/bannister/bannister/bin/x64/Debug/net8.0-windows10.0.19041.0/Bannister.exe' (153,088)
2026-05-06 05:31:21: Copy Over 'C:/rock/bannister/Bannister/bin/x64/Debug/net8.0-windows10.0.19041.0/Bannister.pdb' -> 'goodrive://www.googleapis.com/:personal:/bannister/bannister/bin/x64/Debug/net8.0-windows10.0.19041.0/Bannister.pdb' (775,460)
2026-05-06 05:31:21: Copy New 'C:/rock/bannister/Bannister/Views/AudioLibraryPage.cs' -> 'goodrive://www.googleapis.com/:personal:/bannister/bannister/Views/AudioLibraryPage.cs' (23,675)
2026-05-06 05:31:22: Copy Over 'C:/rock/bannister/Bannister/Services/ActivityService.cs' -> 'goodrive://www.googleapis.com/:personal:/bannister/bannister/Services/ActivityService.cs' (31,974)
2026-05-06 05:31:26: Copy Over 'C:/rock/bannister/Bannister/Views/ActivityGamePage/ActivityGamePage.cs' -> 'goodrive://www.googleapis.com/:personal:/bannister/bannister/Views/ActivityGamePage/ActivityGamePage.cs' (6,434)
2026-05-06 05:31:26: Copy Over 'C:/rock/bannister/Bannister/Views/ActivityGamePage/ActivityGamePage_EscalationTimer.cs' -> 'goodrive://www.googleapis.com/:personal:/bannister/bannister/Views/ActivityGamePage/ActivityGamePage_EscalationTimer.cs' (26,776)
2026-05-06 05:31:26: Copy Over 'C:/rock/bannister/Bannister/Views/ActivityGamePage/ActivityGamePage_DataLoading.cs' -> 'goodrive://www.googleapis.com/:personal:/bannister/bannister/Views/ActivityGamePage/ActivityGamePage_DataLoading.cs' (35,108)
2026-05-06 05:31:28: Copy New 'C:/rock/bannister/Bannister/Views/ActivityGamePage/OptionsPopupPage.cs' -> 'goodrive://www.googleapis.com/:personal:/bannister/bannister/Views/ActivityGamePage/OptionsPopupPage.cs' (5,935)
2026-05-06 05:31:29: Copy Over 'C:/rock/bannister/Bannister/Views/ActivityGamePage/ActivityGamePage_EventHandlers.cs' -> 'goodrive://www.googleapis.com/:personal:/bannister/bannister/Views/ActivityGamePage/ActivityGamePage_EventHandlers.cs' (25,289)
2026-05-06 05:31:29: Copy Over 'C:/rock/bannister/Bannister/Views/ActivityGamePage/ActivityGamePage_ExpManagement.cs' -> 'goodrive://www.googleapis.com/:personal:/bannister/bannister/Views/ActivityGamePage/ActivityGamePage_ExpManagement.cs' (7,869)
2026-05-06 05:31:31: Copy New 'C:/rock/bannister/Bannister/Views/SqlInputPage.cs' -> 'goodrive://www.googleapis.com/:personal:/bannister/bannister/Views/SqlInputPage.cs' (3,535)
2026-05-06 05:31:32: Copy Over 'C:/rock/bannister/Bannister/Views/HomePage.cs' -> 'goodrive://www.googleapis.com/:personal:/bannister/bannister/Views/HomePage.cs' (27,527)
2026-05-06 05:31:33: Copy Over 'C:/rock/bannister/Bannister/Views/StaleActivitiesConfirmationPage.cs' -> 'goodrive://www.googleapis.com/:personal:/bannister/bannister/Views/StaleActivitiesConfirmationPage.cs' (9,217)
2026-05-06 05:31:33: Copy New 'C:/rock/bannister/Bannister/Services/AudioLibraryService.cs' -> 'goodrive://www.googleapis.com/:personal:/bannister/bannister/Services/AudioLibraryService.cs' (8,069)
2026-05-06 05:31:33: CopyFileSimple: OpenDownload: ERR: Cannot open file C:/rock/bannister/.vs/Bannister/FileContentIndex/04ae722f-c74e-4b3f-8168-7d654af3561a.vsidx: cannot open file 'C:/rock/bannister/.vs/Bannister/FileContentIndex/04ae722f-c74e-4b3f-8168-7d654af3561a.vsidx': The process cannot access the file because it is being used by another process.  (error 32)
2026-05-06 05:31:33: Creating Snapshot of Volume 'C:' because this file is locked: C:/rock/bannister/.vs/Bannister/FileContentIndex/04ae722f-c74e-4b3f-8168-7d654af3561a.vsidx
2026-05-06 05:31:33: Connecting to Elevated Local GoodSync Server to complete operation
2026-05-06 05:31:33: LOCAL C:(127.0.0.1) -> S:127.0.0.1:33333
2026-05-06 05:31:34: Create Folder goodrive://www.googleapis.com/:personal:/bannister/.vs/Bannister/CopilotIndices
2026-05-06 05:31:34: Copy New 'C:/rock/bannister/Bannister/Services/DailyCheckService.cs' -> 'goodrive://www.googleapis.com/:personal:/bannister/bannister/Services/DailyCheckService.cs' (3,385)
2026-05-06 05:31:35: Create Folder goodrive://www.googleapis.com/:personal:/bannister/.vs/Bannister/CopilotIndices/18.5.39187.10602
2026-05-06 05:31:38: Copy Over 'C:/rock/bannister/.vs/Bannister/v18/.suo' -> 'goodrive://www.googleapis.com/:personal:/bannister/.vs/Bannister/v18/.suo' (61,440)
2026-05-06 05:31:38: > Copy New 'C:/rock/bannister/.vs/Bannister/CopilotIndices/18.5.39187.10602/CodeChunks.db' -> 'goodrive://www.googleapis.com/:personal:/bannister/.vs/Bannister/CopilotIndices/18.5.39187.10602/CodeChunks.db' (2,326,528)
2026-05-06 05:31:40: Copy Over 'C:/rock/bannister/.vs/Bannister/v18/DocumentLayout.backup.json' -> 'goodrive://www.googleapis.com/:personal:/bannister/.vs/Bannister/v18/DocumentLayout.backup.json' (10,826)
2026-05-06 05:31:41: < Copy New 'C:/rock/bannister/.vs/Bannister/CopilotIndices/18.5.39187.10602/CodeChunks.db' -> 'goodrive://www.googleapis.com/:personal:/bannister/.vs/Bannister/CopilotIndices/18.5.39187.10602/CodeChunks.db' (2,326,528)
2026-05-06 05:31:41: > Copy New 'C:/rock/bannister/.vs/Bannister/CopilotIndices/18.5.39187.10602/CodeChunks.db-wal' -> 'goodrive://www.googleapis.com/:personal:/bannister/.vs/Bannister/CopilotIndices/18.5.39187.10602/CodeChunks.db-wal' (4,173,592)
2026-05-06 05:31:42: Copy New 'C:/rock/bannister/.vs/Bannister/CopilotIndices/18.5.39187.10602/CodeChunks.db-shm' -> 'goodrive://www.googleapis.com/:personal:/bannister/.vs/Bannister/CopilotIndices/18.5.39187.10602/CodeChunks.db-shm' (32,768)
2026-05-06 05:31:43: C:/rock/bannister/.vs/Bannister/CopilotIndices/18.5.39187.10602/CodeChunks.db-wal: Source file has changed between Analyze and Sync from '[file] size=4,173,592 accu-time=2026-05-05 21:41:40 attr=Archive,WArchive cktype=0' to 'size=4,173,592 time=2026-05-05 21:42:16', noted in source file state
2026-05-06 05:31:43: < Copy New 'C:/rock/bannister/.vs/Bannister/CopilotIndices/18.5.39187.10602/CodeChunks.db-wal' -> 'goodrive://www.googleapis.com/:personal:/bannister/.vs/Bannister/CopilotIndices/18.5.39187.10602/CodeChunks.db-wal' (4,173,592)
2026-05-06 05:31:44: Copy New 'C:/rock/bannister/.vs/Bannister/CopilotIndices/18.5.39187.10602/SemanticSymbols.db' -> 'goodrive://www.googleapis.com/:personal:/bannister/.vs/Bannister/CopilotIndices/18.5.39187.10602/SemanticSymbols.db' (917,504)
2026-05-06 05:31:44: > Copy New 'C:/rock/bannister/.vs/Bannister/CopilotIndices/18.5.39187.10602/SemanticSymbols.db-wal' -> 'goodrive://www.googleapis.com/:personal:/bannister/.vs/Bannister/CopilotIndices/18.5.39187.10602/SemanticSymbols.db-wal' (4,247,752)
2026-05-06 05:31:46: Copy New 'C:/rock/bannister/.vs/Bannister/CopilotIndices/18.5.39187.10602/SemanticSymbols.db-shm' -> 'goodrive://www.googleapis.com/:personal:/bannister/.vs/Bannister/CopilotIndices/18.5.39187.10602/SemanticSymbols.db-shm' (32,768)
2026-05-06 05:31:47: C:/rock/bannister/.vs/Bannister/CopilotIndices/18.5.39187.10602/SemanticSymbols.db-wal: Source file has changed between Analyze and Sync from '[file] size=4,247,752 accu-time=2026-05-05 21:41:40 attr=Archive,WArchive cktype=0' to 'size=4,247,752 time=2026-05-05 21:42:16', noted in source file state
2026-05-06 05:31:47: < Copy New 'C:/rock/bannister/.vs/Bannister/CopilotIndices/18.5.39187.10602/SemanticSymbols.db-wal' -> 'goodrive://www.googleapis.com/:personal:/bannister/.vs/Bannister/CopilotIndices/18.5.39187.10602/SemanticSymbols.db-wal' (4,247,752)
2026-05-06 05:31:47: CopyFileSimple: OpenDownload: ERR: Cannot open file C:/rock/bannister/.vs/Bannister/FileContentIndex/2f53e8c1-04e0-4bdf-8cfa-69c0deb1a9de.vsidx: cannot open file 'C:/rock/bannister/.vs/Bannister/FileContentIndex/2f53e8c1-04e0-4bdf-8cfa-69c0deb1a9de.vsidx': The process cannot access the file because it is being used by another process.  (error 32)
2026-05-06 05:31:50: Copy Over 'C:/rock/bannister/.vs/Bannister/v18/DocumentLayout.json' -> 'goodrive://www.googleapis.com/:personal:/bannister/.vs/Bannister/v18/DocumentLayout.json' (10,826)
2026-05-06 05:31:51: Delete File goodrive://www.googleapis.com/:personal:/bannister/.vs/Bannister/FileContentIndex/36516e7c-c8b1-4216-b4c8-8c5def1819de.vsidx
2026-05-06 05:31:51: CopyFileSimple: OpenDownload: ERR: Cannot open file C:/rock/bannister/.vs/Bannister/FileContentIndex/44c0d3a9-8da2-4f7f-9f64-ba3524f733f6.vsidx: cannot open file 'C:/rock/bannister/.vs/Bannister/FileContentIndex/44c0d3a9-8da2-4f7f-9f64-ba3524f733f6.vsidx': The process cannot access the file because it is being used by another process.  (error 32)
2026-05-06 05:32:01: Created Snapshot of Volume 'C:' at '/GLOBALROOT/Device/HarddiskVolumeShadowCopy28', Elevated
2026-05-06 05:32:01: Open File Snap GetShadow: AbsPath=/GLOBALROOT/Device/HarddiskVolumeShadowCopy28/rock/bannister/.vs/Bannister/FileContentIndex/2f53e8c1-04e0-4bdf-8cfa-69c0deb1a9de.vsidx SnapshotPath=/GLOBALROOT/Device/HarddiskVolumeShadowCopy28 SnapVolume=C:
2026-05-06 05:32:01: Open File Snap GetShadow: AbsPath=/GLOBALROOT/Device/HarddiskVolumeShadowCopy28/rock/bannister/.vs/Bannister/FileContentIndex/04ae722f-c74e-4b3f-8168-7d654af3561a.vsidx SnapshotPath=/GLOBALROOT/Device/HarddiskVolumeShadowCopy28 SnapVolume=C:
2026-05-06 05:32:01: Open File Snap GetShadow: AbsPath=/GLOBALROOT/Device/HarddiskVolumeShadowCopy28/rock/bannister/.vs/Bannister/FileContentIndex/44c0d3a9-8da2-4f7f-9f64-ba3524f733f6.vsidx SnapshotPath=/GLOBALROOT/Device/HarddiskVolumeShadowCopy28 SnapVolume=C:
2026-05-06 05:32:03: Copy New 'C:/rock/bannister/.vs/Bannister/FileContentIndex/2f53e8c1-04e0-4bdf-8cfa-69c0deb1a9de.vsidx' -> 'goodrive://www.googleapis.com/:personal:/bannister/.vs/Bannister/FileContentIndex/2f53e8c1-04e0-4bdf-8cfa-69c0deb1a9de.vsidx' (24,633)
2026-05-06 05:32:03: Copy New 'C:/rock/bannister/.vs/Bannister/FileContentIndex/44c0d3a9-8da2-4f7f-9f64-ba3524f733f6.vsidx' -> 'goodrive://www.googleapis.com/:personal:/bannister/.vs/Bannister/FileContentIndex/44c0d3a9-8da2-4f7f-9f64-ba3524f733f6.vsidx' (650,275)
2026-05-06 05:32:04: Copy New 'C:/rock/bannister/.vs/Bannister/FileContentIndex/04ae722f-c74e-4b3f-8168-7d654af3561a.vsidx' -> 'goodrive://www.googleapis.com/:personal:/bannister/.vs/Bannister/FileContentIndex/04ae722f-c74e-4b3f-8168-7d654af3561a.vsidx' (22,568)
2026-05-06 05:32:04: Delete File goodrive://www.googleapis.com/:personal:/bannister/.vs/Bannister/FileContentIndex/b048a569-6877-489d-89ff-d069e08491a2.vsidx
2026-05-06 05:32:04: CopyFileSimple: OpenDownload: ERR: Cannot open file C:/rock/bannister/.vs/Bannister/FileContentIndex/ffc4390e-6012-4301-a5ac-a4645debbde5.vsidx: cannot open file 'C:/rock/bannister/.vs/Bannister/FileContentIndex/ffc4390e-6012-4301-a5ac-a4645debbde5.vsidx': The process cannot access the file because it is being used by another process.  (error 32)
2026-05-06 05:32:04: Open File Snap GetShadow: AbsPath=/GLOBALROOT/Device/HarddiskVolumeShadowCopy28/rock/bannister/.vs/Bannister/FileContentIndex/ffc4390e-6012-4301-a5ac-a4645debbde5.vsidx SnapshotPath=/GLOBALROOT/Device/HarddiskVolumeShadowCopy28 SnapVolume=C:
2026-05-06 05:32:04: Delete File goodrive://www.googleapis.com/:personal:/bannister/.vs/Bannister/FileContentIndex/8fbdd86f-1739-4cb5-af84-4de3421287a8.vsidx
2026-05-06 05:32:05: Delete File goodrive://www.googleapis.com/:personal:/bannister/.vs/Bannister/FileContentIndex/fdc78391-7fa1-41b3-830a-629ae3daf048.vsidx
2026-05-06 05:32:06: Copy New 'C:/rock/bannister/.vs/Bannister/FileContentIndex/ffc4390e-6012-4301-a5ac-a4645debbde5.vsidx' -> 'goodrive://www.googleapis.com/:personal:/bannister/.vs/Bannister/FileContentIndex/ffc4390e-6012-4301-a5ac-a4645debbde5.vsidx' (27,020)
2026-05-06 05:32:06: Save State File C:/rock/bannister/_gsdata_/_file_state_v4._gs
2026-05-06 05:32:09: Save State File goodrive://www.googleapis.com/:personal:/bannister/_gsdata_/_file_state_v4._gs
2026-05-06 05:32:09: Release Snapshot of Volume C:
2026-05-06 05:32:12: == Sync Complete. Time: 00:01:32, Speed: 348.12 KB/s, OK: 62, Errors: 0
