2026-02-22 05:46:06: -- Analysis Started by On Schedule Min=30 Hour=5 
2026-02-22 05:46:06: L: Reading State File C:/Users/mr big/Dropbox/code/c sharp/projects/open_source/maui/bannister/_gsdata_/_file_state_v4._gs
2026-02-22 05:46:12: R: Reading State File goodrive://www.googleapis.com/:personal:/bannister_open_source/_gsdata_/_file_state_v4._gs
2026-02-22 05:46:15: Changes: 85, Conflicts: 0, CopyTime: 0, FixState: 0, Errors: 0, All: 4027
2026-02-22 05:46:15: Left to Right: Copy File: 76 Delete File: 9 
2026-02-22 05:46:15: == Sync Started by On Schedule Min=30 Hour=5 
2026-02-22 05:46:15: ConnectCloned connected to file:///C:/Users/mr big/Dropbox/code/c sharp/projects/open_source/maui/bannister
2026-02-22 05:46:15: ConnectCloned connected to file:///C:/Users/mr big/Dropbox/code/c sharp/projects/open_source/maui/bannister
2026-02-22 05:46:15: ConnectCloned connected to file:///C:/Users/mr big/Dropbox/code/c sharp/projects/open_source/maui/bannister
2026-02-22 05:46:15: GsConnectAndSetRoot1 connected to goodrive://www.googleapis.com/:personal:/bannister_open_source
2026-02-22 05:46:15: GsConnectAndSetRoot1 connected to goodrive://www.googleapis.com/:personal:/bannister_open_source
2026-02-22 05:46:15: GsConnectAndSetRoot1 connected to goodrive://www.googleapis.com/:personal:/bannister_open_source
2026-02-22 05:46:22: Copy Over 'C:/Users/mr big/Dropbox/code/c sharp/projects/open_source/maui/bannister/Bannister/Bannister.csproj' -> 'goodrive://www.googleapis.com/:personal:/bannister_open_source/Bannister/Bannister.csproj' (2,677)
2026-02-22 05:46:22: Copy Over 'C:/Users/mr big/Dropbox/code/c sharp/projects/open_source/maui/bannister/Bannister/ConversationPractice/Services/ConversationService.cs' -> 'goodrive://www.googleapis.com/:personal:/bannister_open_source/Bannister/ConversationPractice/Services/ConversationService.cs' (14,876)
2026-02-22 05:46:22: Copy Over 'C:/Users/mr big/Dropbox/code/c sharp/projects/open_source/maui/bannister/Bannister/Drawables/ExpChartDrawable.cs' -> 'goodrive://www.googleapis.com/:personal:/bannister_open_source/Bannister/Drawables/ExpChartDrawable.cs' (5,471)
2026-02-22 05:46:25: Copy Over 'C:/Users/mr big/Dropbox/code/c sharp/projects/open_source/maui/bannister/Bannister/Drawables/LevelChartDrawable.cs' -> 'goodrive://www.googleapis.com/:personal:/bannister_open_source/Bannister/Drawables/LevelChartDrawable.cs' (5,218)
2026-02-22 05:46:25: Copy Over 'C:/Users/mr big/Dropbox/code/c sharp/projects/open_source/maui/bannister/Bannister/bin/x64/Debug/net8.0-windows10.0.19041.0/win10-x64/AppxManifest.xml' -> 'goodrive://www.googleapis.com/:personal:/bannister_open_source/Bannister/bin/x64/Debug/net8.0-windows10.0.19041.0/win10-x64/AppxManifest.xml' (2,821)
2026-02-22 05:46:25: > Copy Over 'C:/Users/mr big/Dropbox/code/c sharp/projects/open_source/maui/bannister/Bannister/bin/x64/Debug/net8.0-windows10.0.19041.0/win10-x64/AppX/Bannister.dll' -> 'goodrive://www.googleapis.com/:personal:/bannister_open_source/Bannister/bin/x64/Debug/net8.0-windows10.0.19041.0/win10-x64/AppX/Bannister.dll' (1,139,200)
2026-02-22 05:46:25: Copy Over 'C:/Users/mr big/Dropbox/code/c sharp/projects/open_source/maui/bannister/Bannister/bin/x64/Debug/net8.0-windows10.0.19041.0/win10-x64/AppX/AppxManifest.xml' -> 'goodrive://www.googleapis.com/:personal:/bannister_open_source/Bannister/bin/x64/Debug/net8.0-windows10.0.19041.0/win10-x64/AppX/AppxManifest.xml' (2,821)
2026-02-22 05:46:28: Copy Over 'C:/Users/mr big/Dropbox/code/c sharp/projects/open_source/maui/bannister/Bannister/bin/x64/Debug/net8.0-windows10.0.19041.0/win10-x64/AppX/Bannister.deps.json' -> 'goodrive://www.googleapis.com/:personal:/bannister_open_source/Bannister/bin/x64/Debug/net8.0-windows10.0.19041.0/win10-x64/AppX/Bannister.deps.json' (32,443)
2026-02-22 05:46:29: < Copy Over 'C:/Users/mr big/Dropbox/code/c sharp/projects/open_source/maui/bannister/Bannister/bin/x64/Debug/net8.0-windows10.0.19041.0/win10-x64/AppX/Bannister.dll' -> 'goodrive://www.googleapis.com/:personal:/bannister_open_source/Bannister/bin/x64/Debug/net8.0-windows10.0.19041.0/win10-x64/AppX/Bannister.dll' (1,139,200)
2026-02-22 05:46:30: Copy Over 'C:/Users/mr big/Dropbox/code/c sharp/projects/open_source/maui/bannister/Bannister/bin/x64/Debug/net8.0-windows10.0.19041.0/win10-x64/AppX/Bannister.exe' -> 'goodrive://www.googleapis.com/:personal:/bannister_open_source/Bannister/bin/x64/Debug/net8.0-windows10.0.19041.0/win10-x64/AppX/Bannister.exe' (153,088)
2026-02-22 05:46:32: Copy Over 'C:/Users/mr big/Dropbox/code/c sharp/projects/open_source/maui/bannister/Bannister/bin/x64/Debug/net8.0-windows10.0.19041.0/win10-x64/AppX/vs.appxrecipe' -> 'goodrive://www.googleapis.com/:personal:/bannister_open_source/Bannister/bin/x64/Debug/net8.0-windows10.0.19041.0/win10-x64/AppX/vs.appxrecipe' (59,032)
2026-02-22 05:46:33: Copy Over 'C:/Users/mr big/Dropbox/code/c sharp/projects/open_source/maui/bannister/Bannister/bin/x64/Debug/net8.0-windows10.0.19041.0/win10-x64/AppX/resources.pri' -> 'goodrive://www.googleapis.com/:personal:/bannister_open_source/Bannister/bin/x64/Debug/net8.0-windows10.0.19041.0/win10-x64/AppX/resources.pri' (140,664)
2026-02-22 05:46:33: > Copy Over 'C:/Users/mr big/Dropbox/code/c sharp/projects/open_source/maui/bannister/Bannister/bin/x64/Debug/net8.0-windows10.0.19041.0/win10-x64/Bannister.dll' -> 'goodrive://www.googleapis.com/:personal:/bannister_open_source/Bannister/bin/x64/Debug/net8.0-windows10.0.19041.0/win10-x64/Bannister.dll' (1,139,200)
2026-02-22 05:46:34: Copy Over 'C:/Users/mr big/Dropbox/code/c sharp/projects/open_source/maui/bannister/Bannister/bin/x64/Debug/net8.0-windows10.0.19041.0/win10-x64/Bannister.build.appxrecipe' -> 'goodrive://www.googleapis.com/:personal:/bannister_open_source/Bannister/bin/x64/Debug/net8.0-windows10.0.19041.0/win10-x64/Bannister.build.appxrecipe' (50,103)
2026-02-22 05:46:37: Copy Over 'C:/Users/mr big/Dropbox/code/c sharp/projects/open_source/maui/bannister/Bannister/bin/x64/Debug/net8.0-windows10.0.19041.0/win10-x64/Bannister.deps.json' -> 'goodrive://www.googleapis.com/:personal:/bannister_open_source/Bannister/bin/x64/Debug/net8.0-windows10.0.19041.0/win10-x64/Bannister.deps.json' (32,443)
2026-02-22 05:46:37: < Copy Over 'C:/Users/mr big/Dropbox/code/c sharp/projects/open_source/maui/bannister/Bannister/bin/x64/Debug/net8.0-windows10.0.19041.0/win10-x64/Bannister.dll' -> 'goodrive://www.googleapis.com/:personal:/bannister_open_source/Bannister/bin/x64/Debug/net8.0-windows10.0.19041.0/win10-x64/Bannister.dll' (1,139,200)
2026-02-22 05:46:38: Copy Over 'C:/Users/mr big/Dropbox/code/c sharp/projects/open_source/maui/bannister/Bannister/bin/x64/Debug/net8.0-windows10.0.19041.0/win10-x64/Bannister.exe' -> 'goodrive://www.googleapis.com/:personal:/bannister_open_source/Bannister/bin/x64/Debug/net8.0-windows10.0.19041.0/win10-x64/Bannister.exe' (153,088)
2026-02-22 05:46:40: Copy Over 'C:/Users/mr big/Dropbox/code/c sharp/projects/open_source/maui/bannister/Bannister/bin/x64/Debug/net8.0-windows10.0.19041.0/win10-x64/Bannister.pdb' -> 'goodrive://www.googleapis.com/:personal:/bannister_open_source/Bannister/bin/x64/Debug/net8.0-windows10.0.19041.0/win10-x64/Bannister.pdb' (244,336)
2026-02-22 05:46:41: Copy Over 'C:/Users/mr big/Dropbox/code/c sharp/projects/open_source/maui/bannister/Bannister/MauiProgram.cs' -> 'goodrive://www.googleapis.com/:personal:/bannister_open_source/Bannister/MauiProgram.cs' (3,394)
2026-02-22 05:46:41: Copy Over 'C:/Users/mr big/Dropbox/code/c sharp/projects/open_source/maui/bannister/Bannister/bin/x64/Debug/net8.0-windows10.0.19041.0/win10-x64/resources.pri' -> 'goodrive://www.googleapis.com/:personal:/bannister_open_source/Bannister/bin/x64/Debug/net8.0-windows10.0.19041.0/win10-x64/resources.pri' (140,664)
2026-02-22 05:46:45: Copy Over 'C:/Users/mr big/Dropbox/code/c sharp/projects/open_source/maui/bannister/Bannister/Models/Game.cs' -> 'goodrive://www.googleapis.com/:personal:/bannister_open_source/Bannister/Models/Game.cs' (1,834)
2026-02-22 05:46:45: Copy Over 'C:/Users/mr big/Dropbox/code/c sharp/projects/open_source/maui/bannister/Bannister/Models/Activity.cs' -> 'goodrive://www.googleapis.com/:personal:/bannister_open_source/Bannister/Models/Activity.cs' (1,938)
2026-02-22 05:46:45: Copy Over 'C:/Users/mr big/Dropbox/code/c sharp/projects/open_source/maui/bannister/Bannister/Helpers/ActivityFilterHelper.cs' -> 'goodrive://www.googleapis.com/:personal:/bannister_open_source/Bannister/Helpers/ActivityFilterHelper.cs' (6,751)
2026-02-22 05:46:49: Copy Over 'C:/Users/mr big/Dropbox/code/c sharp/projects/open_source/maui/bannister/Bannister/obj/x64/Debug/net8.0-android/__Microsoft.Android.Resource.Designer.cs' -> 'goodrive://www.googleapis.com/:personal:/bannister_open_source/Bannister/obj/x64/Debug/net8.0-android/__Microsoft.Android.Resource.Designer.cs' (450)
2026-02-22 05:46:49: Copy Over 'C:/Users/mr big/Dropbox/code/c sharp/projects/open_source/maui/bannister/Bannister/Services/ActivityService.cs' -> 'goodrive://www.googleapis.com/:personal:/bannister_open_source/Bannister/Services/ActivityService.cs' (13,744)
2026-02-22 05:46:49: Copy Over 'C:/Users/mr big/Dropbox/code/c sharp/projects/open_source/maui/bannister/Bannister/obj/x64/Debug/net8.0-android/Bannister.GeneratedMSBuildEditorConfig.editorconfig' -> 'goodrive://www.googleapis.com/:personal:/bannister_open_source/Bannister/obj/x64/Debug/net8.0-android/Bannister.GeneratedMSBuildEditorConfig.editorconfig' (8,275)
2026-02-22 05:46:52: Copy Over 'C:/Users/mr big/Dropbox/code/c sharp/projects/open_source/maui/bannister/Bannister/obj/x64/Debug/net8.0-android/lp/map.cache' -> 'goodrive://www.googleapis.com/:personal:/bannister_open_source/Bannister/obj/x64/Debug/net8.0-android/lp/map.cache' (6,252)
2026-02-22 05:46:52: Copy Over 'C:/Users/mr big/Dropbox/code/c sharp/projects/open_source/maui/bannister/Bannister/Services/BackupService.cs' -> 'goodrive://www.googleapis.com/:personal:/bannister_open_source/Bannister/Services/BackupService.cs' (10,473)
2026-02-22 05:46:53: Copy Over 'C:/Users/mr big/Dropbox/code/c sharp/projects/open_source/maui/bannister/Bannister/obj/x64/Debug/net8.0-android/designtime/stamp/_ResolveLibraryProjectImports.stamp' -> 'goodrive://www.googleapis.com/:personal:/bannister_open_source/Bannister/obj/x64/Debug/net8.0-android/designtime/stamp/_ResolveLibraryProjectImports.stamp' (0)
2026-02-22 05:46:55: Copy Over 'C:/Users/mr big/Dropbox/code/c sharp/projects/open_source/maui/bannister/Bannister/Services/DatabaseService.cs' -> 'goodrive://www.googleapis.com/:personal:/bannister_open_source/Bannister/Services/DatabaseService.cs' (8,791)
2026-02-22 05:46:56: Copy Over 'C:/Users/mr big/Dropbox/code/c sharp/projects/open_source/maui/bannister/Bannister/Services/GameService.cs' -> 'goodrive://www.googleapis.com/:personal:/bannister_open_source/Bannister/Services/GameService.cs' (4,161)
2026-02-22 05:46:56: Copy Over 'C:/Users/mr big/Dropbox/code/c sharp/projects/open_source/maui/bannister/Bannister/Services/StreakService.cs' -> 'goodrive://www.googleapis.com/:personal:/bannister_open_source/Bannister/Services/StreakService.cs' (15,705)
2026-02-22 05:46:59: Copy Over 'C:/Users/mr big/Dropbox/code/c sharp/projects/open_source/maui/bannister/Bannister/ViewModels/ActivityGameViewModel.cs' -> 'goodrive://www.googleapis.com/:personal:/bannister_open_source/Bannister/ViewModels/ActivityGameViewModel.cs' (4,240)
2026-02-22 05:46:59: > Copy Over 'C:/Users/mr big/Dropbox/code/c sharp/projects/open_source/maui/bannister/Bannister/obj/x64/Debug/net8.0-windows10.0.19041.0/win10-x64/Bannister.dll' -> 'goodrive://www.googleapis.com/:personal:/bannister_open_source/Bannister/obj/x64/Debug/net8.0-windows10.0.19041.0/win10-x64/Bannister.dll' (1,139,200)
2026-02-22 05:47:00: Copy Over 'C:/Users/mr big/Dropbox/code/c sharp/projects/open_source/maui/bannister/Bannister/obj/x64/Debug/net8.0-windows10.0.19041.0/win10-x64/Bannister.csproj.BuildWithSkipAnalyzers' -> 'goodrive://www.googleapis.com/:personal:/bannister_open_source/Bannister/obj/x64/Debug/net8.0-windows10.0.19041.0/win10-x64/Bannister.csproj.BuildWithSkipAnalyzers' (0)
2026-02-22 05:47:00: Copy Over 'C:/Users/mr big/Dropbox/code/c sharp/projects/open_source/maui/bannister/Bannister/obj/x64/Debug/net8.0-windows10.0.19041.0/win10-x64/apphost.exe' -> 'goodrive://www.googleapis.com/:personal:/bannister_open_source/Bannister/obj/x64/Debug/net8.0-windows10.0.19041.0/win10-x64/apphost.exe' (153,088)
2026-02-22 05:47:04: Copy Over 'C:/Users/mr big/Dropbox/code/c sharp/projects/open_source/maui/bannister/Bannister/obj/x64/Debug/net8.0-windows10.0.19041.0/win10-x64/Bannister.GeneratedMSBuildEditorConfig.editorconfig' -> 'goodrive://www.googleapis.com/:personal:/bannister_open_source/Bannister/obj/x64/Debug/net8.0-windows10.0.19041.0/win10-x64/Bannister.GeneratedMSBuildEditorConfig.editorconfig' (8,541)
2026-02-22 05:47:04: < Copy Over 'C:/Users/mr big/Dropbox/code/c sharp/projects/open_source/maui/bannister/Bannister/obj/x64/Debug/net8.0-windows10.0.19041.0/win10-x64/Bannister.dll' -> 'goodrive://www.googleapis.com/:personal:/bannister_open_source/Bannister/obj/x64/Debug/net8.0-windows10.0.19041.0/win10-x64/Bannister.dll' (1,139,200)
2026-02-22 05:47:04: Copy Over 'C:/Users/mr big/Dropbox/code/c sharp/projects/open_source/maui/bannister/Bannister/obj/x64/Debug/net8.0-windows10.0.19041.0/win10-x64/Bannister.pdb' -> 'goodrive://www.googleapis.com/:personal:/bannister_open_source/Bannister/obj/x64/Debug/net8.0-windows10.0.19041.0/win10-x64/Bannister.pdb' (244,336)
2026-02-22 05:47:07: Copy Over 'C:/Users/mr big/Dropbox/code/c sharp/projects/open_source/maui/bannister/Bannister/obj/x64/Debug/net8.0-windows10.0.19041.0/win10-x64/excluded.layout.resfiles.intermediate' -> 'goodrive://www.googleapis.com/:personal:/bannister_open_source/Bannister/obj/x64/Debug/net8.0-windows10.0.19041.0/win10-x64/excluded.layout.resfiles.intermediate' (0)
2026-02-22 05:47:08: Copy Over 'C:/Users/mr big/Dropbox/code/c sharp/projects/open_source/maui/bannister/Bannister/obj/x64/Debug/net8.0-windows10.0.19041.0/win10-x64/embed/embed.resfiles.intermediate' -> 'goodrive://www.googleapis.com/:personal:/bannister_open_source/Bannister/obj/x64/Debug/net8.0-windows10.0.19041.0/win10-x64/embed/embed.resfiles.intermediate' (27)
2026-02-22 05:47:11: Copy Over 'C:/Users/mr big/Dropbox/code/c sharp/projects/open_source/maui/bannister/Bannister/obj/x64/Debug/net8.0-windows10.0.19041.0/win10-x64/pri.resfiles.intermediate' -> 'goodrive://www.googleapis.com/:personal:/bannister_open_source/Bannister/obj/x64/Debug/net8.0-windows10.0.19041.0/win10-x64/pri.resfiles.intermediate' (386)
2026-02-22 05:47:15: Copy Over 'C:/Users/mr big/Dropbox/code/c sharp/projects/open_source/maui/bannister/Bannister/obj/x64/Debug/net8.0-windows10.0.19041.0/win10-x64/filtered.layout.resfiles.intermediate' -> 'goodrive://www.googleapis.com/:personal:/bannister_open_source/Bannister/obj/x64/Debug/net8.0-windows10.0.19041.0/win10-x64/filtered.layout.resfiles.intermediate' (2,300)
2026-02-22 05:47:15: Copy Over 'C:/Users/mr big/Dropbox/code/c sharp/projects/open_source/maui/bannister/Bannister/obj/x64/Debug/net8.0-windows10.0.19041.0/win10-x64/intermediatexaml/Bannister.dll' -> 'goodrive://www.googleapis.com/:personal:/bannister_open_source/Bannister/obj/x64/Debug/net8.0-windows10.0.19041.0/win10-x64/intermediatexaml/Bannister.dll' (992,256)
2026-02-22 05:47:17: Copy Over 'C:/Users/mr big/Dropbox/code/c sharp/projects/open_source/maui/bannister/Bannister/obj/x64/Debug/net8.0-windows10.0.19041.0/win10-x64/Platforms/Windows/App.xaml' -> 'goodrive://www.googleapis.com/:personal:/bannister_open_source/Bannister/obj/x64/Debug/net8.0-windows10.0.19041.0/win10-x64/Platforms/Windows/App.xaml' (312)
2026-02-22 05:47:19: Copy Over 'C:/Users/mr big/Dropbox/code/c sharp/projects/open_source/maui/bannister/Bannister/obj/x64/Debug/net8.0-windows10.0.19041.0/win10-x64/qualifiers.txt.intermediate' -> 'goodrive://www.googleapis.com/:personal:/bannister_open_source/Bannister/obj/x64/Debug/net8.0-windows10.0.19041.0/win10-x64/qualifiers.txt.intermediate' (184)
2026-02-22 05:47:19: Copy Over 'C:/Users/mr big/Dropbox/code/c sharp/projects/open_source/maui/bannister/Bannister/obj/x64/Debug/net8.0-windows10.0.19041.0/win10-x64/priconfig.xml.intermediate' -> 'goodrive://www.googleapis.com/:personal:/bannister_open_source/Bannister/obj/x64/Debug/net8.0-windows10.0.19041.0/win10-x64/priconfig.xml.intermediate' (3,194)
2026-02-22 05:47:21: Copy Over 'C:/Users/mr big/Dropbox/code/c sharp/projects/open_source/maui/bannister/Bannister/obj/x64/Debug/net8.0-windows10.0.19041.0/win10-x64/ref/Bannister.dll' -> 'goodrive://www.googleapis.com/:personal:/bannister_open_source/Bannister/obj/x64/Debug/net8.0-windows10.0.19041.0/win10-x64/ref/Bannister.dll' (399,360)
2026-02-22 05:47:22: Copy Over 'C:/Users/mr big/Dropbox/code/c sharp/projects/open_source/maui/bannister/Bannister/obj/x64/Debug/net8.0-windows10.0.19041.0/win10-x64/resources.resfiles.intermediate' -> 'goodrive://www.googleapis.com/:personal:/bannister_open_source/Bannister/obj/x64/Debug/net8.0-windows10.0.19041.0/win10-x64/resources.resfiles.intermediate' (0)
2026-02-22 05:47:23: Copy Over 'C:/Users/mr big/Dropbox/code/c sharp/projects/open_source/maui/bannister/Bannister/obj/x64/Debug/net8.0-windows10.0.19041.0/win10-x64/refint/Bannister.dll' -> 'goodrive://www.googleapis.com/:personal:/bannister_open_source/Bannister/obj/x64/Debug/net8.0-windows10.0.19041.0/win10-x64/refint/Bannister.dll' (399,360)
2026-02-22 05:47:25: Copy Over 'C:/Users/mr big/Dropbox/code/c sharp/projects/open_source/maui/bannister/Bannister/obj/x64/Debug/net8.0-windows10.0.19041.0/win10-x64/unfiltered.layout.resfiles.intermediate' -> 'goodrive://www.googleapis.com/:personal:/bannister_open_source/Bannister/obj/x64/Debug/net8.0-windows10.0.19041.0/win10-x64/unfiltered.layout.resfiles.intermediate' (2,300)
2026-02-22 05:47:26: Copy Over 'C:/Users/mr big/Dropbox/code/c sharp/projects/open_source/maui/bannister/Bannister/obj/x64/Debug/net8.0-windows10.0.19041.0/win10-x64/XamlC.stamp' -> 'goodrive://www.googleapis.com/:personal:/bannister_open_source/Bannister/obj/x64/Debug/net8.0-windows10.0.19041.0/win10-x64/XamlC.stamp' (0)
2026-02-22 05:47:26: Copy Over 'C:/Users/mr big/Dropbox/code/c sharp/projects/open_source/maui/bannister/Bannister/obj/x64/Debug/net8.0-windows10.0.19041.0/win10-x64/XamlSaveStateFile.xml' -> 'goodrive://www.googleapis.com/:personal:/bannister_open_source/Bannister/obj/x64/Debug/net8.0-windows10.0.19041.0/win10-x64/XamlSaveStateFile.xml' (943)
2026-02-22 05:47:26: > Copy Over 'C:/Users/mr big/Dropbox/code/c sharp/projects/open_source/maui/bannister/.vs/Bannister/CopilotIndices/17.13.441.19478/CodeChunks.db' -> 'goodrive://www.googleapis.com/:personal:/bannister_open_source/.vs/Bannister/CopilotIndices/17.13.441.19478/CodeChunks.db' (1,286,144)
2026-02-22 05:47:28: Copy Over 'C:/Users/mr big/Dropbox/code/c sharp/projects/open_source/maui/bannister/Bannister/Views/ActiveDragonsPage.cs' -> 'goodrive://www.googleapis.com/:personal:/bannister_open_source/Bannister/Views/ActiveDragonsPage.cs' (23,699)
2026-02-22 05:47:29: Delete File goodrive://www.googleapis.com/:personal:/bannister_open_source/.vs/Bannister/CopilotIndices/17.13.441.19478/CodeChunks.db-shm
2026-02-22 05:47:30: Delete File goodrive://www.googleapis.com/:personal:/bannister_open_source/.vs/Bannister/CopilotIndices/17.13.441.19478/CodeChunks.db-wal
2026-02-22 05:47:31: Copy Over 'C:/Users/mr big/Dropbox/code/c sharp/projects/open_source/maui/bannister/.vs/Bannister/DesignTimeBuild/.dtbcache.v2' -> 'goodrive://www.googleapis.com/:personal:/bannister_open_source/.vs/Bannister/DesignTimeBuild/.dtbcache.v2' (187,324)
2026-02-22 05:47:31: < Copy Over 'C:/Users/mr big/Dropbox/code/c sharp/projects/open_source/maui/bannister/.vs/Bannister/CopilotIndices/17.13.441.19478/CodeChunks.db' -> 'goodrive://www.googleapis.com/:personal:/bannister_open_source/.vs/Bannister/CopilotIndices/17.13.441.19478/CodeChunks.db' (1,286,144)
2026-02-22 05:47:31: Delete File goodrive://www.googleapis.com/:personal:/bannister_open_source/.vs/Bannister/CopilotIndices/17.13.441.19478/SemanticSymbols.db-shm
2026-02-22 05:47:32: Delete File goodrive://www.googleapis.com/:personal:/bannister_open_source/.vs/Bannister/FileContentIndex/2cec17dd-1239-482a-8bd4-f4fc7296e490.vsidx
2026-02-22 05:47:32: Delete File goodrive://www.googleapis.com/:personal:/bannister_open_source/.vs/Bannister/CopilotIndices/17.13.441.19478/SemanticSymbols.db-wal
2026-02-22 05:47:34: Copy Over 'C:/Users/mr big/Dropbox/code/c sharp/projects/open_source/maui/bannister/.vs/Bannister/CopilotIndices/17.13.441.19478/SemanticSymbols.db' -> 'goodrive://www.googleapis.com/:personal:/bannister_open_source/.vs/Bannister/CopilotIndices/17.13.441.19478/SemanticSymbols.db' (618,496)
2026-02-22 05:47:35: Copy Over 'C:/Users/mr big/Dropbox/code/c sharp/projects/open_source/maui/bannister/.vs/Bannister/v17/.futdcache.v2' -> 'goodrive://www.googleapis.com/:personal:/bannister_open_source/.vs/Bannister/v17/.futdcache.v2' (786)
2026-02-22 05:47:37: Copy Over 'C:/Users/mr big/Dropbox/code/c sharp/projects/open_source/maui/bannister/.vs/Bannister/v17/.suo' -> 'goodrive://www.googleapis.com/:personal:/bannister_open_source/.vs/Bannister/v17/.suo' (202,752)
2026-02-22 05:47:38: Copy Over 'C:/Users/mr big/Dropbox/code/c sharp/projects/open_source/maui/bannister/.vs/Bannister/v17/DocumentLayout.backup.json' -> 'goodrive://www.googleapis.com/:personal:/bannister_open_source/.vs/Bannister/v17/DocumentLayout.backup.json' (54,516)
2026-02-22 05:47:40: Delete File goodrive://www.googleapis.com/:personal:/bannister_open_source/.vs/Bannister/FileContentIndex/369f1002-8848-4fa2-8a9b-ae980ed3ef3e.vsidx
2026-02-22 05:47:40: Copy Over 'C:/Users/mr big/Dropbox/code/c sharp/projects/open_source/maui/bannister/.vs/Bannister/v17/HierarchyCache.v1.txt' -> 'goodrive://www.googleapis.com/:personal:/bannister_open_source/.vs/Bannister/v17/HierarchyCache.v1.txt' (40,568)
2026-02-22 05:47:40: Copy Over 'C:/Users/mr big/Dropbox/code/c sharp/projects/open_source/maui/bannister/.vs/Bannister/v17/DocumentLayout.json' -> 'goodrive://www.googleapis.com/:personal:/bannister_open_source/.vs/Bannister/v17/DocumentLayout.json' (54,516)
2026-02-22 05:47:41: Delete File goodrive://www.googleapis.com/:personal:/bannister_open_source/.vs/Bannister/FileContentIndex/73a8fd69-23b2-45d1-8a43-7d37af0df8cc.vsidx
2026-02-22 05:47:42: Copy New 'C:/Users/mr big/Dropbox/code/c sharp/projects/open_source/maui/bannister/.vs/Bannister/FileContentIndex/55386689-d9d2-4f9c-b9e8-423743fae47a.vsidx' -> 'goodrive://www.googleapis.com/:personal:/bannister_open_source/.vs/Bannister/FileContentIndex/55386689-d9d2-4f9c-b9e8-423743fae47a.vsidx' (103,890)
2026-02-22 05:47:43: Copy New 'C:/Users/mr big/Dropbox/code/c sharp/projects/open_source/maui/bannister/.vs/Bannister/FileContentIndex/7eb82740-eae4-4774-b59a-d1011a756581.vsidx' -> 'goodrive://www.googleapis.com/:personal:/bannister_open_source/.vs/Bannister/FileContentIndex/7eb82740-eae4-4774-b59a-d1011a756581.vsidx' (96,756)
2026-02-22 05:47:43: Copy New 'C:/Users/mr big/Dropbox/code/c sharp/projects/open_source/maui/bannister/.vs/Bannister/FileContentIndex/94397296-e60a-41b9-887a-fc78e60f13d0.vsidx' -> 'goodrive://www.googleapis.com/:personal:/bannister_open_source/.vs/Bannister/FileContentIndex/94397296-e60a-41b9-887a-fc78e60f13d0.vsidx' (105,815)
2026-02-22 05:47:43: Delete File goodrive://www.googleapis.com/:personal:/bannister_open_source/.vs/Bannister/FileContentIndex/a2d161dd-bd9b-4223-a3a6-faff93443bda.vsidx
2026-02-22 05:47:44: Copy New 'C:/Users/mr big/Dropbox/code/c sharp/projects/open_source/maui/bannister/.vs/Bannister/FileContentIndex/9c62872d-e21c-495a-98ec-6e9c32402cb3.vsidx' -> 'goodrive://www.googleapis.com/:personal:/bannister_open_source/.vs/Bannister/FileContentIndex/9c62872d-e21c-495a-98ec-6e9c32402cb3.vsidx' (104,115)
2026-02-22 05:47:44: Delete File goodrive://www.googleapis.com/:personal:/bannister_open_source/.vs/Bannister/FileContentIndex/b98105c1-9c59-4a4c-ad7f-c17d769e61e4.vsidx
2026-02-22 05:47:46: Copy New 'C:/Users/mr big/Dropbox/code/c sharp/projects/open_source/maui/bannister/.vs/Bannister/FileContentIndex/aa4de304-c5ba-49ad-8212-382cd8e21a88.vsidx' -> 'goodrive://www.googleapis.com/:personal:/bannister_open_source/.vs/Bannister/FileContentIndex/aa4de304-c5ba-49ad-8212-382cd8e21a88.vsidx' (117,166)
2026-02-22 05:47:48: Copy Over 'C:/Users/mr big/Dropbox/code/c sharp/projects/open_source/maui/bannister/Bannister/Views/EditActivityPage.xaml' -> 'goodrive://www.googleapis.com/:personal:/bannister_open_source/Bannister/Views/EditActivityPage.xaml' (10,765)
2026-02-22 05:47:48: Copy Over 'C:/Users/mr big/Dropbox/code/c sharp/projects/open_source/maui/bannister/Bannister/Views/ActivityCreationPage.cs' -> 'goodrive://www.googleapis.com/:personal:/bannister_open_source/Bannister/Views/ActivityCreationPage.cs' (22,214)
2026-02-22 05:47:49: Copy Over 'C:/Users/mr big/Dropbox/code/c sharp/projects/open_source/maui/bannister/Bannister/Views/ActivityGamePage/ActivityGamePage_ActivityUI.cs' -> 'goodrive://www.googleapis.com/:personal:/bannister_open_source/Bannister/Views/ActivityGamePage/ActivityGamePage_ActivityUI.cs' (13,756)
2026-02-22 05:47:52: Copy Over 'C:/Users/mr big/Dropbox/code/c sharp/projects/open_source/maui/bannister/Bannister/Views/ActivityGamePage/ActivityGamePage_DataLoading.cs' -> 'goodrive://www.googleapis.com/:personal:/bannister_open_source/Bannister/Views/ActivityGamePage/ActivityGamePage_DataLoading.cs' (16,474)
2026-02-22 05:47:52: Copy Over 'C:/Users/mr big/Dropbox/code/c sharp/projects/open_source/maui/bannister/Bannister/Views/ActivityGamePage/ActivityGamePage_EscalationTimer.cs' -> 'goodrive://www.googleapis.com/:personal:/bannister_open_source/Bannister/Views/ActivityGamePage/ActivityGamePage_EscalationTimer.cs' (17,789)
2026-02-22 05:47:53: Copy Over 'C:/Users/mr big/Dropbox/code/c sharp/projects/open_source/maui/bannister/Bannister/Views/EditActivityPage.xaml.cs' -> 'goodrive://www.googleapis.com/:personal:/bannister_open_source/Bannister/Views/EditActivityPage.xaml.cs' (11,877)
2026-02-22 05:47:55: Copy Over 'C:/Users/mr big/Dropbox/code/c sharp/projects/open_source/maui/bannister/Bannister/Views/HomePage.xaml' -> 'goodrive://www.googleapis.com/:personal:/bannister_open_source/Bannister/Views/HomePage.xaml' (4,464)
2026-02-22 05:47:55: Copy Over 'C:/Users/mr big/Dropbox/code/c sharp/projects/open_source/maui/bannister/Bannister/Views/HomePage.xaml.cs' -> 'goodrive://www.googleapis.com/:personal:/bannister_open_source/Bannister/Views/HomePage.xaml.cs' (10,288)
2026-02-22 05:47:55: > Copy Over 'C:/Users/mr big/Dropbox/code/c sharp/projects/open_source/maui/bannister/.vs/ProjectEvaluation/bannister.projects.v9.bin' -> 'goodrive://www.googleapis.com/:personal:/bannister_open_source/.vs/ProjectEvaluation/bannister.projects.v9.bin' (2,590,617)
2026-02-22 05:47:56: Copy Over 'C:/Users/mr big/Dropbox/code/c sharp/projects/open_source/maui/bannister/Bannister/Views/StreakDashboardPage.cs' -> 'goodrive://www.googleapis.com/:personal:/bannister_open_source/Bannister/Views/StreakDashboardPage.cs' (21,048)
2026-02-22 05:48:00: Copy Over 'C:/Users/mr big/Dropbox/code/c sharp/projects/open_source/maui/bannister/.vs/ProjectEvaluation/bannister.metadata.v9.bin' -> 'goodrive://www.googleapis.com/:personal:/bannister_open_source/.vs/ProjectEvaluation/bannister.metadata.v9.bin' (6,499)
2026-02-22 05:48:00: Copy Over 'C:/Users/mr big/Dropbox/code/c sharp/projects/open_source/maui/bannister/.vs/ProjectEvaluation/bannister.strings.v9.bin' -> 'goodrive://www.googleapis.com/:personal:/bannister_open_source/.vs/ProjectEvaluation/bannister.strings.v9.bin' (294,918)
2026-02-22 05:48:01: < Copy Over 'C:/Users/mr big/Dropbox/code/c sharp/projects/open_source/maui/bannister/.vs/ProjectEvaluation/bannister.projects.v9.bin' -> 'goodrive://www.googleapis.com/:personal:/bannister_open_source/.vs/ProjectEvaluation/bannister.projects.v9.bin' (2,590,617)
2026-02-22 05:48:01: Save State File C:/Users/mr big/Dropbox/code/c sharp/projects/open_source/maui/bannister/_gsdata_/_file_state_v4._gs
2026-02-22 05:48:04: Save State File goodrive://www.googleapis.com/:personal:/bannister_open_source/_gsdata_/_file_state_v4._gs
2026-02-22 05:48:06: == Sync Complete. Time: 00:01:51, Speed: 119.03 KB/s, OK: 85, Errors: 0
