2026-05-12 05:30:34: -- Analysis Started by On Schedule Min=30 Hour=5 
2026-05-12 05:30:34: L: Reading State File C:/rock/bannister/_gsdata_/_file_state_v4._gs
2026-05-12 05:30:37: R: Reading State File goodrive://www.googleapis.com/:personal:/bannister/_gsdata_/_file_state_v4._gs
2026-05-12 05:30:39: Changes: 100, Conflicts: 0, CopyTime: 0, FixState: 0, Errors: 0, All: 12475
2026-05-12 05:30:39: Left to Right: Copy File: 99 Delete File: 1 
2026-05-12 05:30:39: == Sync Started by On Schedule Min=30 Hour=5 
2026-05-12 05:30:39: ConnectCloned connected to file:///C:/rock/bannister
2026-05-12 05:30:39: ConnectCloned connected to file:///C:/rock/bannister
2026-05-12 05:30:39: ConnectCloned connected to file:///C:/rock/bannister
2026-05-12 05:30:39: GsConnectAndSetRoot1 connected to goodrive://www.googleapis.com/:personal:/bannister
2026-05-12 05:30:39: GsConnectAndSetRoot1 connected to goodrive://www.googleapis.com/:personal:/bannister
2026-05-12 05:30:39: GsConnectAndSetRoot1 connected to goodrive://www.googleapis.com/:personal:/bannister
2026-05-12 05:30:45: Copy Over 'C:/rock/bannister/.vs/Bannister/v18/.suo' -> 'goodrive://www.googleapis.com/:personal:/bannister/.vs/Bannister/v18/.suo' (74,240)
2026-05-12 05:30:45: Copy Over 'C:/rock/bannister/.git/COMMIT_EDITMSG' -> 'goodrive://www.googleapis.com/:personal:/bannister/.git/COMMIT_EDITMSG' (30)
2026-05-12 05:30:45: Copy Over 'C:/rock/bannister/.vs/Bannister/v18/DocumentLayout.backup.json' -> 'goodrive://www.googleapis.com/:personal:/bannister/.vs/Bannister/v18/DocumentLayout.backup.json' (14,562)
2026-05-12 05:30:48: Copy Over 'C:/rock/bannister/Bannister/bin/Debug/net8.0-windows10.0.19041.0/win-x64/AppxManifest.xml' -> 'goodrive://www.googleapis.com/:personal:/bannister/bannister/bin/Debug/net8.0-windows10.0.19041.0/win-x64/AppxManifest.xml' (2,800)
2026-05-12 05:30:49: Copy Over 'C:/rock/bannister/Bannister/bin/x64/Debug/net8.0-windows10.0.19041.0/AppX/AppxManifest.xml' -> 'goodrive://www.googleapis.com/:personal:/bannister/bannister/bin/x64/Debug/net8.0-windows10.0.19041.0/AppX/AppxManifest.xml' (2,821)
2026-05-12 05:30:49: > Copy Over 'C:/rock/bannister/Bannister/bin/x64/Debug/net8.0-windows10.0.19041.0/AppX/Bannister.dll' -> 'goodrive://www.googleapis.com/:personal:/bannister/bannister/bin/x64/Debug/net8.0-windows10.0.19041.0/AppX/Bannister.dll' (4,014,592)
2026-05-12 05:30:49: Copy Over 'C:/rock/bannister/Bannister/bin/x64/Debug/net8.0-windows10.0.19041.0/AppxManifest.xml' -> 'goodrive://www.googleapis.com/:personal:/bannister/bannister/bin/x64/Debug/net8.0-windows10.0.19041.0/AppxManifest.xml' (2,821)
2026-05-12 05:30:53: Copy Over 'C:/rock/bannister/Bannister/bin/x64/Debug/net8.0-windows10.0.19041.0/AppX/Bannister.deps.json' -> 'goodrive://www.googleapis.com/:personal:/bannister/bannister/bin/x64/Debug/net8.0-windows10.0.19041.0/AppX/Bannister.deps.json' (44,134)
2026-05-12 05:30:54: Copy Over 'C:/rock/bannister/Bannister/bin/x64/Debug/net8.0-windows10.0.19041.0/AppX/Bannister.exe' -> 'goodrive://www.googleapis.com/:personal:/bannister/bannister/bin/x64/Debug/net8.0-windows10.0.19041.0/AppX/Bannister.exe' (153,088)
2026-05-12 05:30:54: < Copy Over 'C:/rock/bannister/Bannister/bin/x64/Debug/net8.0-windows10.0.19041.0/AppX/Bannister.dll' -> 'goodrive://www.googleapis.com/:personal:/bannister/bannister/bin/x64/Debug/net8.0-windows10.0.19041.0/AppX/Bannister.dll' (4,014,592)
2026-05-12 05:30:57: Copy Over 'C:/rock/bannister/Bannister/bin/x64/Debug/net8.0-windows10.0.19041.0/AppX/Bannister.runtimeconfig.json' -> 'goodrive://www.googleapis.com/:personal:/bannister/bannister/bin/x64/Debug/net8.0-windows10.0.19041.0/AppX/Bannister.runtimeconfig.json' (385)
2026-05-12 05:30:57: Copy Over 'C:/rock/bannister/Bannister/bin/x64/Debug/net8.0-windows10.0.19041.0/AppX/resources.pri' -> 'goodrive://www.googleapis.com/:personal:/bannister/bannister/bin/x64/Debug/net8.0-windows10.0.19041.0/AppX/resources.pri' (140,664)
2026-05-12 05:30:58: Copy Over 'C:/rock/bannister/Bannister/bin/x64/Debug/net8.0-windows10.0.19041.0/AppX/vs.appxrecipe' -> 'goodrive://www.googleapis.com/:personal:/bannister/bannister/bin/x64/Debug/net8.0-windows10.0.19041.0/AppX/vs.appxrecipe' (70,202)
2026-05-12 05:30:58: > Copy Over 'C:/rock/bannister/Bannister/bin/x64/Debug/net8.0-windows10.0.19041.0/Bannister.dll' -> 'goodrive://www.googleapis.com/:personal:/bannister/bannister/bin/x64/Debug/net8.0-windows10.0.19041.0/Bannister.dll' (4,014,592)
2026-05-12 05:31:01: Copy Over 'C:/rock/bannister/Bannister/bin/x64/Debug/net8.0-windows10.0.19041.0/Bannister.deps.json' -> 'goodrive://www.googleapis.com/:personal:/bannister/bannister/bin/x64/Debug/net8.0-windows10.0.19041.0/Bannister.deps.json' (44,134)
2026-05-12 05:31:01: Copy Over 'C:/rock/bannister/Bannister/bin/x64/Debug/net8.0-windows10.0.19041.0/Bannister.build.appxrecipe' -> 'goodrive://www.googleapis.com/:personal:/bannister/bannister/bin/x64/Debug/net8.0-windows10.0.19041.0/Bannister.build.appxrecipe' (58,561)
2026-05-12 05:31:03: < Copy Over 'C:/rock/bannister/Bannister/bin/x64/Debug/net8.0-windows10.0.19041.0/Bannister.dll' -> 'goodrive://www.googleapis.com/:personal:/bannister/bannister/bin/x64/Debug/net8.0-windows10.0.19041.0/Bannister.dll' (4,014,592)
2026-05-12 05:31:06: Copy Over 'C:/rock/bannister/Bannister/bin/x64/Debug/net8.0-windows10.0.19041.0/Bannister.pdb' -> 'goodrive://www.googleapis.com/:personal:/bannister/bannister/bin/x64/Debug/net8.0-windows10.0.19041.0/Bannister.pdb' (861,316)
2026-05-12 05:31:06: Copy Over 'C:/rock/bannister/Bannister/bin/x64/Debug/net8.0-windows10.0.19041.0/Bannister.exe' -> 'goodrive://www.googleapis.com/:personal:/bannister/bannister/bin/x64/Debug/net8.0-windows10.0.19041.0/Bannister.exe' (153,088)
2026-05-12 05:31:07: Copy Over 'C:/rock/bannister/Bannister/bin/x64/Debug/net8.0-windows10.0.19041.0/Bannister.runtimeconfig.json' -> 'goodrive://www.googleapis.com/:personal:/bannister/bannister/bin/x64/Debug/net8.0-windows10.0.19041.0/Bannister.runtimeconfig.json' (385)
2026-05-12 05:31:10: Copy Over 'C:/rock/bannister/Bannister/bin/x64/Debug/net8.0-windows10.0.19041.0/resources.pri' -> 'goodrive://www.googleapis.com/:personal:/bannister/bannister/bin/x64/Debug/net8.0-windows10.0.19041.0/resources.pri' (140,664)
2026-05-12 05:31:10: > Copy Over 'C:/rock/bannister/Bannister/bin/Debug/net8.0-windows10.0.19041.0/win-x64/Bannister.dll' -> 'goodrive://www.googleapis.com/:personal:/bannister/bannister/bin/Debug/net8.0-windows10.0.19041.0/win-x64/Bannister.dll' (4,014,592)
2026-05-12 05:31:10: Copy Over 'C:/rock/bannister/Bannister/bin/Debug/net8.0-windows10.0.19041.0/win-x64/Bannister.build.appxrecipe' -> 'goodrive://www.googleapis.com/:personal:/bannister/bannister/bin/Debug/net8.0-windows10.0.19041.0/win-x64/Bannister.build.appxrecipe' (45,715)
2026-05-12 05:31:11: Copy Over 'C:/rock/bannister/Bannister/bin/Debug/net8.0-windows10.0.19041.0/win-x64/Bannister.deps.json' -> 'goodrive://www.googleapis.com/:personal:/bannister/bannister/bin/Debug/net8.0-windows10.0.19041.0/win-x64/Bannister.deps.json' (34,254)
2026-05-12 05:31:14: < Copy Over 'C:/rock/bannister/Bannister/bin/Debug/net8.0-windows10.0.19041.0/win-x64/Bannister.dll' -> 'goodrive://www.googleapis.com/:personal:/bannister/bannister/bin/Debug/net8.0-windows10.0.19041.0/win-x64/Bannister.dll' (4,014,592)
2026-05-12 05:31:15: Copy Over 'C:/rock/bannister/Bannister/bin/Debug/net8.0-windows10.0.19041.0/win-x64/Bannister.exe' -> 'goodrive://www.googleapis.com/:personal:/bannister/bannister/bin/Debug/net8.0-windows10.0.19041.0/win-x64/Bannister.exe' (153,088)
2026-05-12 05:31:15: Copy Over 'C:/rock/bannister/Bannister/bin/Debug/net8.0-windows10.0.19041.0/win-x64/Bannister.pdb' -> 'goodrive://www.googleapis.com/:personal:/bannister/bannister/bin/Debug/net8.0-windows10.0.19041.0/win-x64/Bannister.pdb' (860,376)
2026-05-12 05:31:18: Copy Over 'C:/rock/bannister/Bannister/bin/Debug/net8.0-windows10.0.19041.0/win-x64/Bannister.runtimeconfig.json' -> 'goodrive://www.googleapis.com/:personal:/bannister/bannister/bin/Debug/net8.0-windows10.0.19041.0/win-x64/Bannister.runtimeconfig.json' (385)
2026-05-12 05:31:18: CopyFileSimple: OpenDownload: ERR: Cannot open file C:/rock/bannister/.vs/Bannister/FileContentIndex/bff997ce-1f72-46c9-a18c-161f86a4b7a8.vsidx: cannot open file 'C:/rock/bannister/.vs/Bannister/FileContentIndex/bff997ce-1f72-46c9-a18c-161f86a4b7a8.vsidx': The process cannot access the file because it is being used by another process.  (error 32)
2026-05-12 05:31:18: Creating Snapshot of Volume 'C:' because this file is locked: C:/rock/bannister/.vs/Bannister/FileContentIndex/bff997ce-1f72-46c9-a18c-161f86a4b7a8.vsidx
2026-05-12 05:31:18: Connecting to Elevated Local GoodSync Server to complete operation
2026-05-12 05:31:18: LOCAL C:(127.0.0.1) -> S:127.0.0.1:33333
2026-05-12 05:31:19: Copy Over 'C:/rock/bannister/Bannister/bin/Debug/net8.0-windows10.0.19041.0/win-x64/resources.pri' -> 'goodrive://www.googleapis.com/:personal:/bannister/bannister/bin/Debug/net8.0-windows10.0.19041.0/win-x64/resources.pri' (140,664)
2026-05-12 05:31:19: Copy Over 'C:/rock/bannister/.vs/Bannister/v18/DocumentLayout.json' -> 'goodrive://www.googleapis.com/:personal:/bannister/.vs/Bannister/v18/DocumentLayout.json' (14,562)
2026-05-12 05:31:20: Delete File goodrive://www.googleapis.com/:personal:/bannister/.vs/Bannister/FileContentIndex/cb287849-5711-4988-a2fd-eff77425fbed.vsidx
2026-05-12 05:31:23: Copy Over 'C:/rock/bannister/Bannister/obj/Bannister.csproj.nuget.dgspec.json' -> 'goodrive://www.googleapis.com/:personal:/bannister/bannister/obj/Bannister.csproj.nuget.dgspec.json' (6,565)
2026-05-12 05:31:24: Copy Over 'C:/rock/bannister/Bannister/Views/NewHabitsPage.cs' -> 'goodrive://www.googleapis.com/:personal:/bannister/bannister/Views/NewHabitsPage.cs' (49,086)
2026-05-12 05:31:27: Copy Over 'C:/rock/bannister/Bannister/obj/Bannister.csproj.nuget.g.props' -> 'goodrive://www.googleapis.com/:personal:/bannister/bannister/obj/Bannister.csproj.nuget.g.props' (4,717)
2026-05-12 05:31:29: Copy Over 'C:/rock/bannister/Bannister/obj/project.assets.json' -> 'goodrive://www.googleapis.com/:personal:/bannister/bannister/obj/project.assets.json' (509,163)
2026-05-12 05:31:31: Copy Over 'C:/rock/bannister/Bannister/obj/project.nuget.cache' -> 'goodrive://www.googleapis.com/:personal:/bannister/bannister/obj/project.nuget.cache' (18,370)
2026-05-12 05:31:33: Copy Over 'C:/rock/bannister/Bannister/obj/Debug/net8.0-windows10.0.19041.0/win-x64/apphost.exe' -> 'goodrive://www.googleapis.com/:personal:/bannister/bannister/obj/Debug/net8.0-windows10.0.19041.0/win-x64/apphost.exe' (153,088)
2026-05-12 05:31:35: Copy Over 'C:/rock/bannister/Bannister/obj/Debug/net8.0-windows10.0.19041.0/win-x64/Bannister.AssemblyInfo.cs' -> 'goodrive://www.googleapis.com/:personal:/bannister/bannister/obj/Debug/net8.0-windows10.0.19041.0/win-x64/Bannister.AssemblyInfo.cs' (1,673)
2026-05-12 05:31:38: Copy Over 'C:/rock/bannister/Bannister/obj/x64/Debug/net8.0-android/Bannister.assets.cache' -> 'goodrive://www.googleapis.com/:personal:/bannister/bannister/obj/x64/Debug/net8.0-android/Bannister.assets.cache' (98,708)
2026-05-12 05:31:39: Copy Over 'C:/rock/bannister/Bannister/obj/x64/Debug/net8.0-windows10.0.19041.0/apphost.exe' -> 'goodrive://www.googleapis.com/:personal:/bannister/bannister/obj/x64/Debug/net8.0-windows10.0.19041.0/apphost.exe' (153,088)
2026-05-12 05:31:42: Copy Over 'C:/rock/bannister/Bannister/obj/x64/Debug/net8.0-windows10.0.19041.0/Bannister.AssemblyInfo.cs' -> 'goodrive://www.googleapis.com/:personal:/bannister/bannister/obj/x64/Debug/net8.0-windows10.0.19041.0/Bannister.AssemblyInfo.cs' (1,713)
2026-05-12 05:31:43: Copy Over 'C:/rock/bannister/Bannister/obj/x64/Debug/net8.0-windows10.0.19041.0/Bannister.AssemblyInfoInputs.cache' -> 'goodrive://www.googleapis.com/:personal:/bannister/bannister/obj/x64/Debug/net8.0-windows10.0.19041.0/Bannister.AssemblyInfoInputs.cache' (66)
2026-05-12 05:31:44: Created Snapshot of Volume 'C:' at '/GLOBALROOT/Device/HarddiskVolumeShadowCopy38', Elevated
2026-05-12 05:31:44: Open File Snap GetShadow: AbsPath=/GLOBALROOT/Device/HarddiskVolumeShadowCopy38/rock/bannister/.vs/Bannister/FileContentIndex/bff997ce-1f72-46c9-a18c-161f86a4b7a8.vsidx SnapshotPath=/GLOBALROOT/Device/HarddiskVolumeShadowCopy38 SnapVolume=C:
2026-05-12 05:31:45: Copy Over 'C:/rock/bannister/Bannister/obj/x64/Debug/net8.0-windows10.0.19041.0/Bannister.assets.cache' -> 'goodrive://www.googleapis.com/:personal:/bannister/bannister/obj/x64/Debug/net8.0-windows10.0.19041.0/Bannister.assets.cache' (57,297)
2026-05-12 05:31:45: > Copy Over 'C:/rock/bannister/Bannister/obj/x64/Debug/net8.0-windows10.0.19041.0/Bannister.dll' -> 'goodrive://www.googleapis.com/:personal:/bannister/bannister/obj/x64/Debug/net8.0-windows10.0.19041.0/Bannister.dll' (4,014,592)
2026-05-12 05:31:47: Copy Over 'C:/rock/bannister/Bannister/obj/x64/Debug/net8.0-windows10.0.19041.0/Bannister.csproj.BuildWithSkipAnalyzers' -> 'goodrive://www.googleapis.com/:personal:/bannister/bannister/obj/x64/Debug/net8.0-windows10.0.19041.0/Bannister.csproj.BuildWithSkipAnalyzers' (0)
2026-05-12 05:31:47: Copy New 'C:/rock/bannister/.vs/Bannister/FileContentIndex/bff997ce-1f72-46c9-a18c-161f86a4b7a8.vsidx' -> 'goodrive://www.googleapis.com/:personal:/bannister/.vs/Bannister/FileContentIndex/bff997ce-1f72-46c9-a18c-161f86a4b7a8.vsidx' (661,368)
2026-05-12 05:31:49: < Copy Over 'C:/rock/bannister/Bannister/obj/x64/Debug/net8.0-windows10.0.19041.0/Bannister.dll' -> 'goodrive://www.googleapis.com/:personal:/bannister/bannister/obj/x64/Debug/net8.0-windows10.0.19041.0/Bannister.dll' (4,014,592)
2026-05-12 05:31:50: Copy Over 'C:/rock/bannister/Bannister/obj/x64/Debug/net8.0-windows10.0.19041.0/Bannister.sourcelink.json' -> 'goodrive://www.googleapis.com/:personal:/bannister/bannister/obj/x64/Debug/net8.0-windows10.0.19041.0/Bannister.sourcelink.json' (141)
2026-05-12 05:31:51: Copy Over 'C:/rock/bannister/Bannister/obj/x64/Debug/net8.0-windows10.0.19041.0/Bannister.pdb' -> 'goodrive://www.googleapis.com/:personal:/bannister/bannister/obj/x64/Debug/net8.0-windows10.0.19041.0/Bannister.pdb' (861,316)
2026-05-12 05:31:53: Copy Over 'C:/rock/bannister/Bannister/obj/x64/Debug/net8.0-windows10.0.19041.0/excluded.layout.resfiles.intermediate' -> 'goodrive://www.googleapis.com/:personal:/bannister/bannister/obj/x64/Debug/net8.0-windows10.0.19041.0/excluded.layout.resfiles.intermediate' (0)
2026-05-12 05:31:53: > Copy Over 'C:/rock/bannister/Bannister/obj/x64/Debug/net8.0-windows10.0.19041.0/intermediatexaml/Bannister.dll' -> 'goodrive://www.googleapis.com/:personal:/bannister/bannister/obj/x64/Debug/net8.0-windows10.0.19041.0/intermediatexaml/Bannister.dll' (3,875,840)
2026-05-12 05:31:55: Copy Over 'C:/rock/bannister/Bannister/obj/x64/Debug/net8.0-windows10.0.19041.0/embed/embed.resfiles.intermediate' -> 'goodrive://www.googleapis.com/:personal:/bannister/bannister/obj/x64/Debug/net8.0-windows10.0.19041.0/embed/embed.resfiles.intermediate' (27)
2026-05-12 05:31:55: Copy Over 'C:/rock/bannister/Bannister/obj/x64/Debug/net8.0-windows10.0.19041.0/filtered.layout.resfiles.intermediate' -> 'goodrive://www.googleapis.com/:personal:/bannister/bannister/obj/x64/Debug/net8.0-windows10.0.19041.0/filtered.layout.resfiles.intermediate' (2,300)
2026-05-12 05:31:58: Copy Over 'C:/rock/bannister/Bannister/obj/x64/Debug/net8.0-windows10.0.19041.0/pri.resfiles.intermediate' -> 'goodrive://www.googleapis.com/:personal:/bannister/bannister/obj/x64/Debug/net8.0-windows10.0.19041.0/pri.resfiles.intermediate' (386)
2026-05-12 05:31:58: < Copy Over 'C:/rock/bannister/Bannister/obj/x64/Debug/net8.0-windows10.0.19041.0/intermediatexaml/Bannister.dll' -> 'goodrive://www.googleapis.com/:personal:/bannister/bannister/obj/x64/Debug/net8.0-windows10.0.19041.0/intermediatexaml/Bannister.dll' (3,875,840)
2026-05-12 05:31:59: Copy Over 'C:/rock/bannister/Bannister/obj/x64/Debug/net8.0-windows10.0.19041.0/Platforms/Windows/App.xaml' -> 'goodrive://www.googleapis.com/:personal:/bannister/bannister/obj/x64/Debug/net8.0-windows10.0.19041.0/Platforms/Windows/App.xaml' (304)
2026-05-12 05:32:02: Copy Over 'C:/rock/bannister/Bannister/obj/x64/Debug/net8.0-windows10.0.19041.0/priconfig.xml.intermediate' -> 'goodrive://www.googleapis.com/:personal:/bannister/bannister/obj/x64/Debug/net8.0-windows10.0.19041.0/priconfig.xml.intermediate' (3,154)
2026-05-12 05:32:02: Copy Over 'C:/rock/bannister/Bannister/obj/x64/Debug/net8.0-windows10.0.19041.0/qualifiers.txt.intermediate' -> 'goodrive://www.googleapis.com/:personal:/bannister/bannister/obj/x64/Debug/net8.0-windows10.0.19041.0/qualifiers.txt.intermediate' (184)
2026-05-12 05:32:04: Copy Over 'C:/rock/bannister/Bannister/obj/x64/Debug/net8.0-windows10.0.19041.0/ref/Bannister.dll' -> 'goodrive://www.googleapis.com/:personal:/bannister/bannister/obj/x64/Debug/net8.0-windows10.0.19041.0/ref/Bannister.dll' (904,704)
2026-05-12 05:32:06: Copy Over 'C:/rock/bannister/Bannister/obj/x64/Debug/net8.0-windows10.0.19041.0/refint/Bannister.dll' -> 'goodrive://www.googleapis.com/:personal:/bannister/bannister/obj/x64/Debug/net8.0-windows10.0.19041.0/refint/Bannister.dll' (904,704)
2026-05-12 05:32:06: Copy Over 'C:/rock/bannister/Bannister/obj/x64/Debug/net8.0-windows10.0.19041.0/resources.resfiles.intermediate' -> 'goodrive://www.googleapis.com/:personal:/bannister/bannister/obj/x64/Debug/net8.0-windows10.0.19041.0/resources.resfiles.intermediate' (0)
2026-05-12 05:32:07: Copy Over 'C:/rock/bannister/Bannister/obj/x64/Debug/net8.0-windows10.0.19041.0/unfiltered.layout.resfiles.intermediate' -> 'goodrive://www.googleapis.com/:personal:/bannister/bannister/obj/x64/Debug/net8.0-windows10.0.19041.0/unfiltered.layout.resfiles.intermediate' (2,300)
2026-05-12 05:32:10: Copy Over 'C:/rock/bannister/Bannister/obj/x64/Debug/net8.0-windows10.0.19041.0/XamlC.stamp' -> 'goodrive://www.googleapis.com/:personal:/bannister/bannister/obj/x64/Debug/net8.0-windows10.0.19041.0/XamlC.stamp' (0)
2026-05-12 05:32:10: Copy Over 'C:/rock/bannister/Bannister/obj/x64/Debug/net8.0-windows10.0.19041.0/XamlSaveStateFile.xml' -> 'goodrive://www.googleapis.com/:personal:/bannister/bannister/obj/x64/Debug/net8.0-windows10.0.19041.0/XamlSaveStateFile.xml' (834)
2026-05-12 05:32:10: > Copy Over 'C:/rock/bannister/Bannister/obj/Debug/net8.0-windows10.0.19041.0/win-x64/Bannister.dll' -> 'goodrive://www.googleapis.com/:personal:/bannister/bannister/obj/Debug/net8.0-windows10.0.19041.0/win-x64/Bannister.dll' (4,014,592)
2026-05-12 05:32:11: Copy Over 'C:/rock/bannister/Bannister/obj/Debug/net8.0-windows10.0.19041.0/win-x64/Bannister.AssemblyInfoInputs.cache' -> 'goodrive://www.googleapis.com/:personal:/bannister/bannister/obj/Debug/net8.0-windows10.0.19041.0/win-x64/Bannister.AssemblyInfoInputs.cache' (66)
2026-05-12 05:32:13: Copy Over 'C:/rock/bannister/Bannister/obj/Debug/net8.0-windows10.0.19041.0/win-x64/Bannister.assets.cache' -> 'goodrive://www.googleapis.com/:personal:/bannister/bannister/obj/Debug/net8.0-windows10.0.19041.0/win-x64/Bannister.assets.cache' (41,595)
2026-05-12 05:32:15: < Copy Over 'C:/rock/bannister/Bannister/obj/Debug/net8.0-windows10.0.19041.0/win-x64/Bannister.dll' -> 'goodrive://www.googleapis.com/:personal:/bannister/bannister/obj/Debug/net8.0-windows10.0.19041.0/win-x64/Bannister.dll' (4,014,592)
2026-05-12 05:32:15: Copy Over 'C:/rock/bannister/Bannister/obj/Debug/net8.0-windows10.0.19041.0/win-x64/Bannister.pdb' -> 'goodrive://www.googleapis.com/:personal:/bannister/bannister/obj/Debug/net8.0-windows10.0.19041.0/win-x64/Bannister.pdb' (860,376)
2026-05-12 05:32:17: Copy Over 'C:/rock/bannister/Bannister/obj/Debug/net8.0-windows10.0.19041.0/win-x64/Bannister.sourcelink.json' -> 'goodrive://www.googleapis.com/:personal:/bannister/bannister/obj/Debug/net8.0-windows10.0.19041.0/win-x64/Bannister.sourcelink.json' (141)
2026-05-12 05:32:19: Copy Over 'C:/rock/bannister/Bannister/obj/Debug/net8.0-windows10.0.19041.0/win-x64/excluded.layout.resfiles.intermediate' -> 'goodrive://www.googleapis.com/:personal:/bannister/bannister/obj/Debug/net8.0-windows10.0.19041.0/win-x64/excluded.layout.resfiles.intermediate' (0)
2026-05-12 05:32:19: Copy Over 'C:/rock/bannister/Bannister/obj/Debug/net8.0-windows10.0.19041.0/win-x64/embed/embed.resfiles.intermediate' -> 'goodrive://www.googleapis.com/:personal:/bannister/bannister/obj/Debug/net8.0-windows10.0.19041.0/win-x64/embed/embed.resfiles.intermediate' (27)
2026-05-12 05:32:21: Copy Over 'C:/rock/bannister/Bannister/obj/Debug/net8.0-windows10.0.19041.0/win-x64/filtered.layout.resfiles.intermediate' -> 'goodrive://www.googleapis.com/:personal:/bannister/bannister/obj/Debug/net8.0-windows10.0.19041.0/win-x64/filtered.layout.resfiles.intermediate' (2,300)
2026-05-12 05:32:21: > Copy Over 'C:/rock/bannister/Bannister/obj/Debug/net8.0-windows10.0.19041.0/win-x64/intermediatexaml/Bannister.dll' -> 'goodrive://www.googleapis.com/:personal:/bannister/bannister/obj/Debug/net8.0-windows10.0.19041.0/win-x64/intermediatexaml/Bannister.dll' (3,847,680)
2026-05-12 05:32:22: Copy Over 'C:/rock/bannister/Bannister/obj/Debug/net8.0-windows10.0.19041.0/win-x64/output.json' -> 'goodrive://www.googleapis.com/:personal:/bannister/bannister/obj/Debug/net8.0-windows10.0.19041.0/win-x64/output.json' (8,861)
2026-05-12 05:32:23: Copy Over 'C:/rock/bannister/Bannister/obj/Debug/net8.0-windows10.0.19041.0/win-x64/input.json' -> 'goodrive://www.googleapis.com/:personal:/bannister/bannister/obj/Debug/net8.0-windows10.0.19041.0/win-x64/input.json' (102,436)
2026-05-12 05:32:25: < Copy Over 'C:/rock/bannister/Bannister/obj/Debug/net8.0-windows10.0.19041.0/win-x64/intermediatexaml/Bannister.dll' -> 'goodrive://www.googleapis.com/:personal:/bannister/bannister/obj/Debug/net8.0-windows10.0.19041.0/win-x64/intermediatexaml/Bannister.dll' (3,847,680)
2026-05-12 05:32:26: Copy Over 'C:/rock/bannister/Bannister/obj/Debug/net8.0-windows10.0.19041.0/win-x64/intermediatexaml/Bannister.pdb' -> 'goodrive://www.googleapis.com/:personal:/bannister/bannister/obj/Debug/net8.0-windows10.0.19041.0/win-x64/intermediatexaml/Bannister.pdb' (831,812)
2026-05-12 05:32:27: Copy Over 'C:/rock/bannister/Bannister/obj/Debug/net8.0-windows10.0.19041.0/win-x64/pri.resfiles.intermediate' -> 'goodrive://www.googleapis.com/:personal:/bannister/bannister/obj/Debug/net8.0-windows10.0.19041.0/win-x64/pri.resfiles.intermediate' (386)
2026-05-12 05:32:29: Copy Over 'C:/rock/bannister/Bannister/obj/Debug/net8.0-windows10.0.19041.0/win-x64/priconfig.xml.intermediate' -> 'goodrive://www.googleapis.com/:personal:/bannister/bannister/obj/Debug/net8.0-windows10.0.19041.0/win-x64/priconfig.xml.intermediate' (3,170)
2026-05-12 05:32:30: Copy Over 'C:/rock/bannister/Bannister/obj/Debug/net8.0-windows10.0.19041.0/win-x64/Platforms/Windows/App.xaml' -> 'goodrive://www.googleapis.com/:personal:/bannister/bannister/obj/Debug/net8.0-windows10.0.19041.0/win-x64/Platforms/Windows/App.xaml' (304)
2026-05-12 05:32:31: Copy Over 'C:/rock/bannister/Bannister/obj/Debug/net8.0-windows10.0.19041.0/win-x64/qualifiers.txt.intermediate' -> 'goodrive://www.googleapis.com/:personal:/bannister/bannister/obj/Debug/net8.0-windows10.0.19041.0/win-x64/qualifiers.txt.intermediate' (184)
2026-05-12 05:32:34: Copy Over 'C:/rock/bannister/Bannister/obj/Debug/net8.0-windows10.0.19041.0/win-x64/ref/Bannister.dll' -> 'goodrive://www.googleapis.com/:personal:/bannister/bannister/obj/Debug/net8.0-windows10.0.19041.0/win-x64/ref/Bannister.dll' (904,704)
2026-05-12 05:32:34: Copy Over 'C:/rock/bannister/Bannister/obj/Debug/net8.0-windows10.0.19041.0/win-x64/refint/Bannister.dll' -> 'goodrive://www.googleapis.com/:personal:/bannister/bannister/obj/Debug/net8.0-windows10.0.19041.0/win-x64/refint/Bannister.dll' (904,704)
2026-05-12 05:32:35: Copy Over 'C:/rock/bannister/Bannister/obj/Debug/net8.0-windows10.0.19041.0/win-x64/resources.resfiles.intermediate' -> 'goodrive://www.googleapis.com/:personal:/bannister/bannister/obj/Debug/net8.0-windows10.0.19041.0/win-x64/resources.resfiles.intermediate' (0)
2026-05-12 05:32:37: Copy Over 'C:/rock/bannister/Bannister/obj/Debug/net8.0-windows10.0.19041.0/win-x64/XamlC.stamp' -> 'goodrive://www.googleapis.com/:personal:/bannister/bannister/obj/Debug/net8.0-windows10.0.19041.0/win-x64/XamlC.stamp' (0)
2026-05-12 05:32:38: Copy Over 'C:/rock/bannister/Bannister/obj/Debug/net8.0-windows10.0.19041.0/win-x64/unfiltered.layout.resfiles.intermediate' -> 'goodrive://www.googleapis.com/:personal:/bannister/bannister/obj/Debug/net8.0-windows10.0.19041.0/win-x64/unfiltered.layout.resfiles.intermediate' (2,300)
2026-05-12 05:32:39: Copy Over 'C:/rock/bannister/Bannister/obj/Debug/net8.0-windows10.0.19041.0/win-x64/XamlSaveStateFile.xml' -> 'goodrive://www.googleapis.com/:personal:/bannister/bannister/obj/Debug/net8.0-windows10.0.19041.0/win-x64/XamlSaveStateFile.xml' (821)
2026-05-12 05:32:40: Create Folder goodrive://www.googleapis.com/:personal:/bannister/.git/objects/09
2026-05-12 05:32:41: Copy Over 'C:/rock/bannister/.git/index' -> 'goodrive://www.googleapis.com/:personal:/bannister/.git/index' (32,068)
2026-05-12 05:32:41: Copy Over 'C:/rock/bannister/.git/logs/HEAD' -> 'goodrive://www.googleapis.com/:personal:/bannister/.git/logs/HEAD' (6,971)
2026-05-12 05:32:42: Create Folder goodrive://www.googleapis.com/:personal:/bannister/.git/objects/48
2026-05-12 05:32:43: Copy New 'C:/rock/bannister/.git/objects/09/24036d6c3ebf631d51866074f2a79baaec7632' -> 'goodrive://www.googleapis.com/:personal:/bannister/.git/objects/09/24036d6c3ebf631d51866074f2a79baaec7632' (138,027)
2026-05-12 05:32:44: Copy New 'C:/rock/bannister/.git/objects/0b/59f6fbd25e2658371bc652f92933335d361f74' -> 'goodrive://www.googleapis.com/:personal:/bannister/.git/objects/0b/59f6fbd25e2658371bc652f92933335d361f74' (112)
2026-05-12 05:32:44: Create Folder goodrive://www.googleapis.com/:personal:/bannister/.git/objects/61
2026-05-12 05:32:44: Copy New 'C:/rock/bannister/.git/objects/32/143e824f66bba160d343a10ab46b8a5a5e2e78' -> 'goodrive://www.googleapis.com/:personal:/bannister/.git/objects/32/143e824f66bba160d343a10ab46b8a5a5e2e78' (2,541)
2026-05-12 05:32:46: Copy New 'C:/rock/bannister/.git/objects/48/5a8993880a83cd5c76fd4a3667bf5af2d56f12' -> 'goodrive://www.googleapis.com/:personal:/bannister/.git/objects/48/5a8993880a83cd5c76fd4a3667bf5af2d56f12' (1,304)
2026-05-12 05:32:46: Copy New 'C:/rock/bannister/.git/objects/52/b576b32b8d3b008bbe62201caaad92bf4baf1a' -> 'goodrive://www.googleapis.com/:personal:/bannister/.git/objects/52/b576b32b8d3b008bbe62201caaad92bf4baf1a' (169)
2026-05-12 05:32:47: Create Folder goodrive://www.googleapis.com/:personal:/bannister/.git/objects/b1
2026-05-12 05:32:47: Copy New 'C:/rock/bannister/.git/objects/61/4a7b73da232dfe299de4b8f5e95564be4934d5' -> 'goodrive://www.googleapis.com/:personal:/bannister/.git/objects/61/4a7b73da232dfe299de4b8f5e95564be4934d5' (319)
2026-05-12 05:32:49: Copy New 'C:/rock/bannister/.git/objects/b1/680bfefdf74adb52dd22c8bf41406d7ac8226a' -> 'goodrive://www.googleapis.com/:personal:/bannister/.git/objects/b1/680bfefdf74adb52dd22c8bf41406d7ac8226a' (10,681)
2026-05-12 05:32:49: Copy New 'C:/rock/bannister/.git/objects/fe/24aa91370b23dae07c64a45b9a48e180c40303' -> 'goodrive://www.googleapis.com/:personal:/bannister/.git/objects/fe/24aa91370b23dae07c64a45b9a48e180c40303' (3,407)
2026-05-12 05:32:50: Copy New 'C:/rock/bannister/.git/objects/9c/601d5426d1bda35f56c92339576a55d3039c2c' -> 'goodrive://www.googleapis.com/:personal:/bannister/.git/objects/9c/601d5426d1bda35f56c92339576a55d3039c2c' (572)
2026-05-12 05:32:53: Copy Over 'C:/rock/bannister/.git/logs/refs/heads/main' -> 'goodrive://www.googleapis.com/:personal:/bannister/.git/logs/refs/heads/main' (6,971)
2026-05-12 05:32:53: Copy Over 'C:/rock/bannister/.git/refs/heads/main' -> 'goodrive://www.googleapis.com/:personal:/bannister/.git/refs/heads/main' (41)
2026-05-12 05:32:54: Copy Over 'C:/rock/bannister/.git/refs/remotes/origin/main' -> 'goodrive://www.googleapis.com/:personal:/bannister/.git/refs/remotes/origin/main' (41)
2026-05-12 05:32:56: Copy Over 'C:/rock/bannister/.git/logs/refs/remotes/origin/main' -> 'goodrive://www.googleapis.com/:personal:/bannister/.git/logs/refs/remotes/origin/main' (4,228)
2026-05-12 05:32:56: Save State File C:/rock/bannister/_gsdata_/_file_state_v4._gs
2026-05-12 05:32:59: Save State File goodrive://www.googleapis.com/:personal:/bannister/_gsdata_/_file_state_v4._gs
2026-05-12 05:32:59: Release Snapshot of Volume C:
2026-05-12 05:33:02: == Sync Complete. Time: 00:02:23, Speed: 280.73 KB/s, OK: 100, Errors: 0
