2026-04-26 05:30:27: -- Analysis Started by On Schedule Min=30 Hour=5 
2026-04-26 05:30:27: L: Reading State File C:/rock/bannister/_gsdata_/_file_state_v4._gs
2026-04-26 05:30:29: R: Reading State File goodrive://www.googleapis.com/:personal:/bannister/_gsdata_/_file_state_v4._gs
2026-04-26 05:30:31: Changes: 257, Conflicts: 0, CopyTime: 0, FixState: 0, Errors: 0, All: 11740
2026-04-26 05:30:31: Left to Right: Copy File: 256 Delete File: 1 
2026-04-26 05:30:31: == Sync Started by On Schedule Min=30 Hour=5 
2026-04-26 05:30:32: ConnectCloned connected to file:///C:/rock/bannister
2026-04-26 05:30:32: ConnectCloned connected to file:///C:/rock/bannister
2026-04-26 05:30:32: ConnectCloned connected to file:///C:/rock/bannister
2026-04-26 05:30:32: GsConnectAndSetRoot1 connected to goodrive://www.googleapis.com/:personal:/bannister
2026-04-26 05:30:32: GsConnectAndSetRoot1 connected to goodrive://www.googleapis.com/:personal:/bannister
2026-04-26 05:30:32: GsConnectAndSetRoot1 connected to goodrive://www.googleapis.com/:personal:/bannister
2026-04-26 05:30:33: Create Folder goodrive://www.googleapis.com/:personal:/bannister/.vs/ProjectEvaluation
2026-04-26 05:30:34: Create Folder goodrive://www.googleapis.com/:personal:/bannister/.vs/Bannister/DesignTimeBuild
2026-04-26 05:30:36: Copy New 'C:/rock/bannister/.vs/ProjectEvaluation/bannister.metadata.v10.bin' -> 'goodrive://www.googleapis.com/:personal:/bannister/.vs/ProjectEvaluation/bannister.metadata.v10.bin' (7,693)
2026-04-26 05:30:38: Copy Over 'C:/rock/bannister/.git/index' -> 'goodrive://www.googleapis.com/:personal:/bannister/.git/index' (26,772)
2026-04-26 05:30:38: Copy Over 'C:/rock/bannister/.git/COMMIT_EDITMSG' -> 'goodrive://www.googleapis.com/:personal:/bannister/.git/COMMIT_EDITMSG' (642)
2026-04-26 05:30:39: Copy New 'C:/rock/bannister/.vs/Bannister/DesignTimeBuild/.dtbcache.v2' -> 'goodrive://www.googleapis.com/:personal:/bannister/.vs/Bannister/DesignTimeBuild/.dtbcache.v2' (132,822)
2026-04-26 05:30:39: CopyFileSimple: OpenDownload: ERR: Cannot open file C:/rock/bannister/.vs/Bannister/FileContentIndex/88911fbe-a541-459d-a6ad-a2ae0f6a287b.vsidx: cannot open file 'C:/rock/bannister/.vs/Bannister/FileContentIndex/88911fbe-a541-459d-a6ad-a2ae0f6a287b.vsidx': The process cannot access the file because it is being used by another process.  (error 32)
2026-04-26 05:30:39: Connecting to Elevated Local GoodSync Server to complete operation
2026-04-26 05:30:39: LOCAL C:(127.0.0.1) -> S:127.0.0.1:33333
2026-04-26 05:30:40: Copy New 'C:/rock/bannister/.vs/ProjectEvaluation/bannister.projects.v10.bin' -> 'goodrive://www.googleapis.com/:personal:/bannister/.vs/ProjectEvaluation/bannister.projects.v10.bin' (165,528)
2026-04-26 05:30:40: Copy New 'C:/rock/bannister/.vs/ProjectEvaluation/bannister.strings.v10.bin' -> 'goodrive://www.googleapis.com/:personal:/bannister/.vs/ProjectEvaluation/bannister.strings.v10.bin' (275,845)
2026-04-26 05:30:41: Created Snapshot of Volume 'C:' at '/GLOBALROOT/Device/HarddiskVolumeShadowCopy20', Elevated
2026-04-26 05:30:41: Open File Snap GetShadow: AbsPath=/GLOBALROOT/Device/HarddiskVolumeShadowCopy20/rock/bannister/.vs/Bannister/FileContentIndex/88911fbe-a541-459d-a6ad-a2ae0f6a287b.vsidx SnapshotPath=/GLOBALROOT/Device/HarddiskVolumeShadowCopy20 SnapVolume=C:
2026-04-26 05:30:42: Copy New 'C:/rock/bannister/.vs/Bannister/v18/.futdcache.v2' -> 'goodrive://www.googleapis.com/:personal:/bannister/.vs/Bannister/v18/.futdcache.v2' (566)
2026-04-26 05:30:44: Copy Over 'C:/rock/bannister/.vs/Bannister/v18/.suo' -> 'goodrive://www.googleapis.com/:personal:/bannister/.vs/Bannister/v18/.suo' (47,104)
2026-04-26 05:30:44: Copy New 'C:/rock/bannister/.vs/Bannister/FileContentIndex/88911fbe-a541-459d-a6ad-a2ae0f6a287b.vsidx' -> 'goodrive://www.googleapis.com/:personal:/bannister/.vs/Bannister/FileContentIndex/88911fbe-a541-459d-a6ad-a2ae0f6a287b.vsidx' (38,916)
2026-04-26 05:30:46: Copy Over 'C:/rock/bannister/.vs/Bannister/v18/DocumentLayout.backup.json' -> 'goodrive://www.googleapis.com/:personal:/bannister/.vs/Bannister/v18/DocumentLayout.backup.json' (6,264)
2026-04-26 05:30:46: CopyFileSimple: OpenDownload: ERR: Cannot open file C:/rock/bannister/.vs/Bannister/FileContentIndex/8fbdd86f-1739-4cb5-af84-4de3421287a8.vsidx: cannot open file 'C:/rock/bannister/.vs/Bannister/FileContentIndex/8fbdd86f-1739-4cb5-af84-4de3421287a8.vsidx': The process cannot access the file because it is being used by another process.  (error 32)
2026-04-26 05:30:46: Open File Snap GetShadow: AbsPath=/GLOBALROOT/Device/HarddiskVolumeShadowCopy20/rock/bannister/.vs/Bannister/FileContentIndex/8fbdd86f-1739-4cb5-af84-4de3421287a8.vsidx SnapshotPath=/GLOBALROOT/Device/HarddiskVolumeShadowCopy20 SnapVolume=C:
2026-04-26 05:30:46: Copy New 'C:/rock/bannister/.vs/Bannister/v18/HierarchyCache.v1.txt' -> 'goodrive://www.googleapis.com/:personal:/bannister/.vs/Bannister/v18/HierarchyCache.v1.txt' (37,352)
2026-04-26 05:30:46: CopyFileSimple: OpenDownload: ERR: Cannot open file C:/rock/bannister/.vs/Bannister/FileContentIndex/9929103f-3a7f-472c-a8bb-86a67a98c0d3.vsidx: cannot open file 'C:/rock/bannister/.vs/Bannister/FileContentIndex/9929103f-3a7f-472c-a8bb-86a67a98c0d3.vsidx': The process cannot access the file because it is being used by another process.  (error 32)
2026-04-26 05:30:46: Open File Snap GetShadow: AbsPath=/GLOBALROOT/Device/HarddiskVolumeShadowCopy20/rock/bannister/.vs/Bannister/FileContentIndex/9929103f-3a7f-472c-a8bb-86a67a98c0d3.vsidx SnapshotPath=/GLOBALROOT/Device/HarddiskVolumeShadowCopy20 SnapVolume=C:
2026-04-26 05:30:47: Copy Over 'C:/rock/bannister/.vs/Bannister/v18/DocumentLayout.json' -> 'goodrive://www.googleapis.com/:personal:/bannister/.vs/Bannister/v18/DocumentLayout.json' (6,262)
2026-04-26 05:30:48: Copy New 'C:/rock/bannister/.vs/Bannister/FileContentIndex/9929103f-3a7f-472c-a8bb-86a67a98c0d3.vsidx' -> 'goodrive://www.googleapis.com/:personal:/bannister/.vs/Bannister/FileContentIndex/9929103f-3a7f-472c-a8bb-86a67a98c0d3.vsidx' (643,927)
2026-04-26 05:30:48: Copy New 'C:/rock/bannister/.vs/Bannister/FileContentIndex/8fbdd86f-1739-4cb5-af84-4de3421287a8.vsidx' -> 'goodrive://www.googleapis.com/:personal:/bannister/.vs/Bannister/FileContentIndex/8fbdd86f-1739-4cb5-af84-4de3421287a8.vsidx' (13,917)
2026-04-26 05:30:49: Create Folder goodrive://www.googleapis.com/:personal:/bannister/.git/objects/00
2026-04-26 05:30:49: Delete File goodrive://www.googleapis.com/:personal:/bannister/.vs/Bannister/FileContentIndex/f0a83321-8a94-4317-aaf3-7f687e4ff8b9.vsidx
2026-04-26 05:30:50: Create Folder goodrive://www.googleapis.com/:personal:/bannister/.git/objects/0a
2026-04-26 05:30:51: Create Folder goodrive://www.googleapis.com/:personal:/bannister/.git/objects/12
2026-04-26 05:30:52: Copy New 'C:/rock/bannister/.git/objects/00/629a9d91b55f2194a9a0d2ad9377618f636639' -> 'goodrive://www.googleapis.com/:personal:/bannister/.git/objects/00/629a9d91b55f2194a9a0d2ad9377618f636639' (9,219)
2026-04-26 05:30:53: Copy Over 'C:/rock/bannister/.git/logs/HEAD' -> 'goodrive://www.googleapis.com/:personal:/bannister/.git/logs/HEAD' (979)
2026-04-26 05:30:53: Copy New 'C:/rock/bannister/.git/objects/0a/3540bc3cfaa7ed302da4c1dba1de457f77f22e' -> 'goodrive://www.googleapis.com/:personal:/bannister/.git/objects/0a/3540bc3cfaa7ed302da4c1dba1de457f77f22e' (116,770)
2026-04-26 05:30:53: Create Folder goodrive://www.googleapis.com/:personal:/bannister/.git/objects/26
2026-04-26 05:30:54: Create Folder goodrive://www.googleapis.com/:personal:/bannister/.git/objects/29
2026-04-26 05:30:54: Create Folder goodrive://www.googleapis.com/:personal:/bannister/.git/objects/4a
2026-04-26 05:30:54: Copy New 'C:/rock/bannister/.git/objects/12/91cc812dddf25902b25e8fd74cf7c778672597' -> 'goodrive://www.googleapis.com/:personal:/bannister/.git/objects/12/91cc812dddf25902b25e8fd74cf7c778672597' (8,655)
2026-04-26 05:30:56: Copy New 'C:/rock/bannister/.git/objects/26/25a1ad2b6e0ff0436fcab9d61e8d7ccb8af737' -> 'goodrive://www.googleapis.com/:personal:/bannister/.git/objects/26/25a1ad2b6e0ff0436fcab9d61e8d7ccb8af737' (295)
2026-04-26 05:30:57: Create Folder goodrive://www.googleapis.com/:personal:/bannister/.git/objects/5c
2026-04-26 05:30:57: Copy New 'C:/rock/bannister/.git/objects/29/3467f063cc814b991a62cbdd621acde83a3ed9' -> 'goodrive://www.googleapis.com/:personal:/bannister/.git/objects/29/3467f063cc814b991a62cbdd621acde83a3ed9' (2,180)
2026-04-26 05:30:57: Copy New 'C:/rock/bannister/.git/objects/4a/8de884128b8dbdb19b50f707ff6937a953929e' -> 'goodrive://www.googleapis.com/:personal:/bannister/.git/objects/4a/8de884128b8dbdb19b50f707ff6937a953929e' (16,614)
2026-04-26 05:30:57: Create Folder goodrive://www.googleapis.com/:personal:/bannister/.git/objects/5d
2026-04-26 05:30:58: Create Folder goodrive://www.googleapis.com/:personal:/bannister/.git/objects/5f
2026-04-26 05:30:58: Create Folder goodrive://www.googleapis.com/:personal:/bannister/.git/objects/6f
2026-04-26 05:30:59: Copy New 'C:/rock/bannister/.git/objects/5c/141a9f1c47fe00767619c24c0e3aa4c930ae54' -> 'goodrive://www.googleapis.com/:personal:/bannister/.git/objects/5c/141a9f1c47fe00767619c24c0e3aa4c930ae54' (1,754)
2026-04-26 05:31:00: Copy New 'C:/rock/bannister/.git/objects/5f/c8fed218f1e0ceb20e2c7f789566a60a5401df' -> 'goodrive://www.googleapis.com/:personal:/bannister/.git/objects/5f/c8fed218f1e0ceb20e2c7f789566a60a5401df' (4,128)
2026-04-26 05:31:01: Create Folder goodrive://www.googleapis.com/:personal:/bannister/.git/objects/7b
2026-04-26 05:31:01: Copy New 'C:/rock/bannister/.git/objects/6f/6846daa2f3b8d90820b93133a5f1c50f9e8185' -> 'goodrive://www.googleapis.com/:personal:/bannister/.git/objects/6f/6846daa2f3b8d90820b93133a5f1c50f9e8185' (228)
2026-04-26 05:31:01: Copy New 'C:/rock/bannister/.git/objects/5d/62f8621c74f51f4e6f82c05dbaebb652caaaec' -> 'goodrive://www.googleapis.com/:personal:/bannister/.git/objects/5d/62f8621c74f51f4e6f82c05dbaebb652caaaec' (616)
2026-04-26 05:31:02: Create Folder goodrive://www.googleapis.com/:personal:/bannister/.git/objects/7d
2026-04-26 05:31:02: Create Folder goodrive://www.googleapis.com/:personal:/bannister/.git/objects/7f
2026-04-26 05:31:02: Create Folder goodrive://www.googleapis.com/:personal:/bannister/.git/objects/81
2026-04-26 05:31:04: Copy New 'C:/rock/bannister/.git/objects/7b/07292a2d07efde00f0e467db0288420bf817f3' -> 'goodrive://www.googleapis.com/:personal:/bannister/.git/objects/7b/07292a2d07efde00f0e467db0288420bf817f3' (41,106)
2026-04-26 05:31:05: Copy New 'C:/rock/bannister/.git/objects/7f/545d9486c533866b7661183280dffa139bb1de' -> 'goodrive://www.googleapis.com/:personal:/bannister/.git/objects/7f/545d9486c533866b7661183280dffa139bb1de' (6,101)
2026-04-26 05:31:05: Copy New 'C:/rock/bannister/.git/objects/7d/b37a4466d94ad74b60afbf376b19f8696301c8' -> 'goodrive://www.googleapis.com/:personal:/bannister/.git/objects/7d/b37a4466d94ad74b60afbf376b19f8696301c8' (563)
2026-04-26 05:31:07: Copy New 'C:/rock/bannister/.git/objects/81/40252696cc77d30cbda8f650960835d176880c' -> 'goodrive://www.googleapis.com/:personal:/bannister/.git/objects/81/40252696cc77d30cbda8f650960835d176880c' (1,067)
2026-04-26 05:31:07: Copy New 'C:/rock/bannister/.git/objects/81/8970d851f7fba5ed6679e93d49bafcc445666c' -> 'goodrive://www.googleapis.com/:personal:/bannister/.git/objects/81/8970d851f7fba5ed6679e93d49bafcc445666c' (4,630)
2026-04-26 05:31:07: Copy New 'C:/rock/bannister/.git/objects/81/f51c8abf44bd78a38797f958b904c7784ccdbc' -> 'goodrive://www.googleapis.com/:personal:/bannister/.git/objects/81/f51c8abf44bd78a38797f958b904c7784ccdbc' (112)
2026-04-26 05:31:08: Create Folder goodrive://www.googleapis.com/:personal:/bannister/.git/objects/8a
2026-04-26 05:31:08: Create Folder goodrive://www.googleapis.com/:personal:/bannister/.git/objects/8e
2026-04-26 05:31:08: Create Folder goodrive://www.googleapis.com/:personal:/bannister/.git/objects/8f
2026-04-26 05:31:08: Create Folder goodrive://www.googleapis.com/:personal:/bannister/.git/objects/91
2026-04-26 05:31:11: Copy New 'C:/rock/bannister/.git/objects/8e/c8e27377d9afb24feef470c5d2ac1e8d0093b3' -> 'goodrive://www.googleapis.com/:personal:/bannister/.git/objects/8e/c8e27377d9afb24feef470c5d2ac1e8d0093b3' (852)
2026-04-26 05:31:11: Copy New 'C:/rock/bannister/.git/objects/8f/1cb2e79251475c53f559333db7accb0c54d6c3' -> 'goodrive://www.googleapis.com/:personal:/bannister/.git/objects/8f/1cb2e79251475c53f559333db7accb0c54d6c3' (965)
2026-04-26 05:31:11: Copy New 'C:/rock/bannister/.git/objects/8a/d628877aaf3362230fc875737c051a1996d784' -> 'goodrive://www.googleapis.com/:personal:/bannister/.git/objects/8a/d628877aaf3362230fc875737c051a1996d784' (408)
2026-04-26 05:31:12: Create Folder goodrive://www.googleapis.com/:personal:/bannister/.git/objects/92
2026-04-26 05:31:12: Create Folder goodrive://www.googleapis.com/:personal:/bannister/.git/objects/94
2026-04-26 05:31:12: Create Folder goodrive://www.googleapis.com/:personal:/bannister/.git/objects/9e
2026-04-26 05:31:14: Copy New 'C:/rock/bannister/.git/objects/91/ede3515730d275ff986ac406d279b186efb589' -> 'goodrive://www.googleapis.com/:personal:/bannister/.git/objects/91/ede3515730d275ff986ac406d279b186efb589' (370)
2026-04-26 05:31:14: Copy New 'C:/rock/bannister/.git/objects/92/7088214f8bd3230a864bf30c85ee37aaecac55' -> 'goodrive://www.googleapis.com/:personal:/bannister/.git/objects/92/7088214f8bd3230a864bf30c85ee37aaecac55' (9,503)
2026-04-26 05:31:15: Copy New 'C:/rock/bannister/.git/objects/94/5118c09141619afbc4e82ac293d6088f7a0c07' -> 'goodrive://www.googleapis.com/:personal:/bannister/.git/objects/94/5118c09141619afbc4e82ac293d6088f7a0c07' (774)
2026-04-26 05:31:16: Create Folder goodrive://www.googleapis.com/:personal:/bannister/.git/objects/ac
2026-04-26 05:31:16: Copy New 'C:/rock/bannister/.git/objects/9e/8178f7c8cbb324c559db6b531af3490f28586b' -> 'goodrive://www.googleapis.com/:personal:/bannister/.git/objects/9e/8178f7c8cbb324c559db6b531af3490f28586b' (766)
2026-04-26 05:31:17: Copy New 'C:/rock/bannister/.git/objects/92/84f20811affbd12b276994607ff4f9dff16cf8' -> 'goodrive://www.googleapis.com/:personal:/bannister/.git/objects/92/84f20811affbd12b276994607ff4f9dff16cf8' (572)
2026-04-26 05:31:17: Create Folder goodrive://www.googleapis.com/:personal:/bannister/.git/objects/c5
2026-04-26 05:31:17: Create Folder goodrive://www.googleapis.com/:personal:/bannister/.git/objects/cc
2026-04-26 05:31:17: Create Folder goodrive://www.googleapis.com/:personal:/bannister/.git/objects/df
2026-04-26 05:31:19: Copy New 'C:/rock/bannister/.git/objects/ac/de2b1f6e1a9b2e3e9b199d7e85f83987af5e55' -> 'goodrive://www.googleapis.com/:personal:/bannister/.git/objects/ac/de2b1f6e1a9b2e3e9b199d7e85f83987af5e55' (3,451)
2026-04-26 05:31:20: Copy New 'C:/rock/bannister/.git/objects/cc/c9b37aab358682dc24b431e5ac4a81c064da40' -> 'goodrive://www.googleapis.com/:personal:/bannister/.git/objects/cc/c9b37aab358682dc24b431e5ac4a81c064da40' (12,466)
2026-04-26 05:31:20: Copy New 'C:/rock/bannister/.git/objects/c5/270318d64d4b9ea926d3a1ccefadae96073ca7' -> 'goodrive://www.googleapis.com/:personal:/bannister/.git/objects/c5/270318d64d4b9ea926d3a1ccefadae96073ca7' (467)
2026-04-26 05:31:20: Create Folder goodrive://www.googleapis.com/:personal:/bannister/.git/objects/e9
2026-04-26 05:31:21: Create Folder goodrive://www.googleapis.com/:personal:/bannister/.git/objects/ed
2026-04-26 05:31:21: Create Folder goodrive://www.googleapis.com/:personal:/bannister/.git/objects/ef
2026-04-26 05:31:21: Copy New 'C:/rock/bannister/.git/objects/df/99cc5b29a9eeb2a198e2a0559ca3d738c5204d' -> 'goodrive://www.googleapis.com/:personal:/bannister/.git/objects/df/99cc5b29a9eeb2a198e2a0559ca3d738c5204d' (7,464)
2026-04-26 05:31:23: Copy New 'C:/rock/bannister/.git/objects/e9/2eaf11b7c7e111620668230a5eff8de287f805' -> 'goodrive://www.googleapis.com/:personal:/bannister/.git/objects/e9/2eaf11b7c7e111620668230a5eff8de287f805' (320)
2026-04-26 05:31:23: Copy New 'C:/rock/bannister/.git/objects/ed/63bacd7a87c2bf75b0b069dd670d122d8ded29' -> 'goodrive://www.googleapis.com/:personal:/bannister/.git/objects/ed/63bacd7a87c2bf75b0b069dd670d122d8ded29' (41,111)
2026-04-26 05:31:24: Copy New 'C:/rock/bannister/.git/objects/ef/1b240df6d3241c2f65b170e9fea0a0ab309f85' -> 'goodrive://www.googleapis.com/:personal:/bannister/.git/objects/ef/1b240df6d3241c2f65b170e9fea0a0ab309f85' (476)
2026-04-26 05:31:24: Create Folder goodrive://www.googleapis.com/:personal:/bannister/.git/objects/f5
2026-04-26 05:31:24: Create Folder goodrive://www.googleapis.com/:personal:/bannister/.git/objects/f9
2026-04-26 05:31:26: Copy New 'C:/rock/bannister/.git/objects/ed/fe118895b010faa5d73fd9f61602a4b2ac1337' -> 'goodrive://www.googleapis.com/:personal:/bannister/.git/objects/ed/fe118895b010faa5d73fd9f61602a4b2ac1337' (538)
2026-04-26 05:31:26: > Copy Over 'C:/rock/bannister/.git/objects/pack/pack-c8f60157514434c07c0f17d2af77cc537d5f7aa8.pack' -> 'goodrive://www.googleapis.com/:personal:/bannister/.git/objects/pack/pack-c8f60157514434c07c0f17d2af77cc537d5f7aa8.pack' (33,881,771)
2026-04-26 05:31:27: Copy New 'C:/rock/bannister/.git/objects/f5/844271fa8694f84b3c6b31b0e9144193e83544' -> 'goodrive://www.googleapis.com/:personal:/bannister/.git/objects/f5/844271fa8694f84b3c6b31b0e9144193e83544' (51,586)
2026-04-26 05:31:27: Copy New 'C:/rock/bannister/.git/objects/f9/c7d4e2ae15a6ca96ea2f56e2106f57cdc4ca65' -> 'goodrive://www.googleapis.com/:personal:/bannister/.git/objects/f9/c7d4e2ae15a6ca96ea2f56e2106f57cdc4ca65' (546)
2026-04-26 05:31:34: Copy Over 'C:/rock/bannister/.git/logs/refs/heads/main' -> 'goodrive://www.googleapis.com/:personal:/bannister/.git/logs/refs/heads/main' (979)
2026-04-26 05:31:35: Copy Over 'C:/rock/bannister/.git/refs/heads/main' -> 'goodrive://www.googleapis.com/:personal:/bannister/.git/refs/heads/main' (41)
2026-04-26 05:31:36: Copy New 'C:/rock/bannister/.git/refs/remotes/origin/main' -> 'goodrive://www.googleapis.com/:personal:/bannister/.git/refs/remotes/origin/main' (41)
2026-04-26 05:31:37: Copy New 'C:/rock/bannister/.git/logs/refs/remotes/origin/main' -> 'goodrive://www.googleapis.com/:personal:/bannister/.git/logs/refs/remotes/origin/main' (151)
2026-04-26 05:31:37: < Copy Over 'C:/rock/bannister/.git/objects/pack/pack-c8f60157514434c07c0f17d2af77cc537d5f7aa8.pack' -> 'goodrive://www.googleapis.com/:personal:/bannister/.git/objects/pack/pack-c8f60157514434c07c0f17d2af77cc537d5f7aa8.pack' (33,881,771)
2026-04-26 05:31:40: Copy Over 'C:/rock/bannister/Bannister/bin/x64/Debug/net8.0-windows10.0.19041.0/AppX/appicon.ico' -> 'goodrive://www.googleapis.com/:personal:/bannister/bannister/bin/x64/Debug/net8.0-windows10.0.19041.0/AppX/appicon.ico' (974)
2026-04-26 05:31:41: Copy Over 'C:/rock/bannister/Bannister/bin/x64/Debug/net8.0-windows10.0.19041.0/AppX/appiconLargeTile.scale-100.png' -> 'goodrive://www.googleapis.com/:personal:/bannister/bannister/bin/x64/Debug/net8.0-windows10.0.19041.0/AppX/appiconLargeTile.scale-100.png' (3,959)
2026-04-26 05:31:41: Copy Over 'C:/rock/bannister/Bannister/Models/TaskItem.cs' -> 'goodrive://www.googleapis.com/:personal:/bannister/bannister/Models/TaskItem.cs' (1,101)
2026-04-26 05:31:46: Copy Over 'C:/rock/bannister/Bannister/obj/x64/Debug/net8.0-windows10.0.19041.0/Bannister.AssemblyInfoInputs.cache' -> 'goodrive://www.googleapis.com/:personal:/bannister/bannister/obj/x64/Debug/net8.0-windows10.0.19041.0/Bannister.AssemblyInfoInputs.cache' (66)
2026-04-26 05:31:47: Copy Over 'C:/rock/bannister/Bannister/obj/x64/Debug/net8.0-windows10.0.19041.0/apphost.exe' -> 'goodrive://www.googleapis.com/:personal:/bannister/bannister/obj/x64/Debug/net8.0-windows10.0.19041.0/apphost.exe' (153,088)
2026-04-26 05:31:47: Copy Over 'C:/rock/bannister/Bannister/obj/x64/Debug/net8.0-windows10.0.19041.0/Bannister.AssemblyInfo.cs' -> 'goodrive://www.googleapis.com/:personal:/bannister/bannister/obj/x64/Debug/net8.0-windows10.0.19041.0/Bannister.AssemblyInfo.cs' (1,713)
2026-04-26 05:31:50: Copy Over 'C:/rock/bannister/Bannister/obj/x64/Debug/net8.0-windows10.0.19041.0/Bannister.csproj.AssemblyReference.cache' -> 'goodrive://www.googleapis.com/:personal:/bannister/bannister/obj/x64/Debug/net8.0-windows10.0.19041.0/Bannister.csproj.AssemblyReference.cache' (64,405)
2026-04-26 05:31:50: > Copy Over 'C:/rock/bannister/Bannister/obj/x64/Debug/net8.0-windows10.0.19041.0/Bannister.dll' -> 'goodrive://www.googleapis.com/:personal:/bannister/bannister/obj/x64/Debug/net8.0-windows10.0.19041.0/Bannister.dll' (3,486,720)
2026-04-26 05:31:50: Copy Over 'C:/rock/bannister/Bannister/obj/x64/Debug/net8.0-windows10.0.19041.0/Bannister.csproj.BuildWithSkipAnalyzers' -> 'goodrive://www.googleapis.com/:personal:/bannister/bannister/obj/x64/Debug/net8.0-windows10.0.19041.0/Bannister.csproj.BuildWithSkipAnalyzers' (0)
2026-04-26 05:31:50: Copy Over 'C:/rock/bannister/Bannister/obj/x64/Debug/net8.0-windows10.0.19041.0/Bannister.csproj.CoreCompileInputs.cache' -> 'goodrive://www.googleapis.com/:personal:/bannister/bannister/obj/x64/Debug/net8.0-windows10.0.19041.0/Bannister.csproj.CoreCompileInputs.cache' (66)
2026-04-26 05:31:53: Copy Over 'C:/rock/bannister/Bannister/obj/x64/Debug/net8.0-windows10.0.19041.0/Bannister.sourcelink.json' -> 'goodrive://www.googleapis.com/:personal:/bannister/bannister/obj/x64/Debug/net8.0-windows10.0.19041.0/Bannister.sourcelink.json' (141)
2026-04-26 05:31:53: Copy Over 'C:/rock/bannister/Bannister/obj/x64/Debug/net8.0-windows10.0.19041.0/Bannister.pdb' -> 'goodrive://www.googleapis.com/:personal:/bannister/bannister/obj/x64/Debug/net8.0-windows10.0.19041.0/Bannister.pdb' (750,760)
2026-04-26 05:31:54: < Copy Over 'C:/rock/bannister/Bannister/obj/x64/Debug/net8.0-windows10.0.19041.0/Bannister.dll' -> 'goodrive://www.googleapis.com/:personal:/bannister/bannister/obj/x64/Debug/net8.0-windows10.0.19041.0/Bannister.dll' (3,486,720)
2026-04-26 05:31:56: Copy Over 'C:/rock/bannister/Bannister/obj/x64/Debug/net8.0-windows10.0.19041.0/excluded.layout.resfiles.intermediate' -> 'goodrive://www.googleapis.com/:personal:/bannister/bannister/obj/x64/Debug/net8.0-windows10.0.19041.0/excluded.layout.resfiles.intermediate' (0)
2026-04-26 05:31:57: Copy Over 'C:/rock/bannister/Bannister/obj/x64/Debug/net8.0-windows10.0.19041.0/embed/embed.resfiles.intermediate' -> 'goodrive://www.googleapis.com/:personal:/bannister/bannister/obj/x64/Debug/net8.0-windows10.0.19041.0/embed/embed.resfiles.intermediate' (27)
2026-04-26 05:31:57: > Copy Over 'C:/rock/bannister/Bannister/obj/x64/Debug/net8.0-windows10.0.19041.0/intermediatexaml/Bannister.dll' -> 'goodrive://www.googleapis.com/:personal:/bannister/bannister/obj/x64/Debug/net8.0-windows10.0.19041.0/intermediatexaml/Bannister.dll' (3,348,992)
2026-04-26 05:31:57: Copy Over 'C:/rock/bannister/Bannister/obj/x64/Debug/net8.0-windows10.0.19041.0/filtered.layout.resfiles.intermediate' -> 'goodrive://www.googleapis.com/:personal:/bannister/bannister/obj/x64/Debug/net8.0-windows10.0.19041.0/filtered.layout.resfiles.intermediate' (2,300)
2026-04-26 05:32:00: Copy Over 'C:/rock/bannister/Bannister/obj/x64/Debug/net8.0-windows10.0.19041.0/mauiimage.outputs' -> 'goodrive://www.googleapis.com/:personal:/bannister/bannister/obj/x64/Debug/net8.0-windows10.0.19041.0/mauiimage.outputs' (7,380)
2026-04-26 05:32:01: Copy Over 'C:/rock/bannister/Bannister/obj/x64/Debug/net8.0-windows10.0.19041.0/mauiimage.stamp' -> 'goodrive://www.googleapis.com/:personal:/bannister/bannister/obj/x64/Debug/net8.0-windows10.0.19041.0/mauiimage.stamp' (0)
2026-04-26 05:32:01: < Copy Over 'C:/rock/bannister/Bannister/obj/x64/Debug/net8.0-windows10.0.19041.0/intermediatexaml/Bannister.dll' -> 'goodrive://www.googleapis.com/:personal:/bannister/bannister/obj/x64/Debug/net8.0-windows10.0.19041.0/intermediatexaml/Bannister.dll' (3,348,992)
2026-04-26 05:32:04: Copy Over 'C:/rock/bannister/Bannister/obj/x64/Debug/net8.0-windows10.0.19041.0/pri.resfiles.intermediate' -> 'goodrive://www.googleapis.com/:personal:/bannister/bannister/obj/x64/Debug/net8.0-windows10.0.19041.0/pri.resfiles.intermediate' (386)
2026-04-26 05:32:05: Copy Over 'C:/rock/bannister/Bannister/obj/x64/Debug/net8.0-windows10.0.19041.0/priconfig.xml.intermediate' -> 'goodrive://www.googleapis.com/:personal:/bannister/bannister/obj/x64/Debug/net8.0-windows10.0.19041.0/priconfig.xml.intermediate' (3,154)
2026-04-26 05:32:07: Copy Over 'C:/rock/bannister/Bannister/obj/x64/Debug/net8.0-windows10.0.19041.0/Platforms/Windows/App.xaml' -> 'goodrive://www.googleapis.com/:personal:/bannister/bannister/obj/x64/Debug/net8.0-windows10.0.19041.0/Platforms/Windows/App.xaml' (304)
2026-04-26 05:32:08: Copy Over 'C:/rock/bannister/Bannister/obj/x64/Debug/net8.0-windows10.0.19041.0/ref/Bannister.dll' -> 'goodrive://www.googleapis.com/:personal:/bannister/bannister/obj/x64/Debug/net8.0-windows10.0.19041.0/ref/Bannister.dll' (806,400)
2026-04-26 05:32:10: Copy Over 'C:/rock/bannister/Bannister/obj/x64/Debug/net8.0-windows10.0.19041.0/refint/Bannister.dll' -> 'goodrive://www.googleapis.com/:personal:/bannister/bannister/obj/x64/Debug/net8.0-windows10.0.19041.0/refint/Bannister.dll' (806,400)
2026-04-26 05:32:11: Copy Over 'C:/rock/bannister/Bannister/obj/x64/Debug/net8.0-windows10.0.19041.0/resources.resfiles.intermediate' -> 'goodrive://www.googleapis.com/:personal:/bannister/bannister/obj/x64/Debug/net8.0-windows10.0.19041.0/resources.resfiles.intermediate' (0)
2026-04-26 05:32:12: Copy Over 'C:/rock/bannister/Bannister/obj/x64/Debug/net8.0-windows10.0.19041.0/unfiltered.layout.resfiles.intermediate' -> 'goodrive://www.googleapis.com/:personal:/bannister/bannister/obj/x64/Debug/net8.0-windows10.0.19041.0/unfiltered.layout.resfiles.intermediate' (2,300)
2026-04-26 05:32:15: Copy Over 'C:/rock/bannister/Bannister/obj/x64/Debug/net8.0-windows10.0.19041.0/resizetizer/r/appicon.ico' -> 'goodrive://www.googleapis.com/:personal:/bannister/bannister/obj/x64/Debug/net8.0-windows10.0.19041.0/resizetizer/r/appicon.ico' (974)
2026-04-26 05:32:15: Copy Over 'C:/rock/bannister/Bannister/obj/x64/Debug/net8.0-windows10.0.19041.0/resizetizer/r/appiconLargeTile.scale-125.png' -> 'goodrive://www.googleapis.com/:personal:/bannister/bannister/obj/x64/Debug/net8.0-windows10.0.19041.0/resizetizer/r/appiconLargeTile.scale-125.png' (5,216)
2026-04-26 05:32:15: Copy Over 'C:/rock/bannister/Bannister/obj/x64/Debug/net8.0-windows10.0.19041.0/resizetizer/r/appiconLargeTile.scale-100.png' -> 'goodrive://www.googleapis.com/:personal:/bannister/bannister/obj/x64/Debug/net8.0-windows10.0.19041.0/resizetizer/r/appiconLargeTile.scale-100.png' (3,959)
2026-04-26 05:32:18: Copy Over 'C:/rock/bannister/Bannister/obj/x64/Debug/net8.0-windows10.0.19041.0/resizetizer/r/appiconLargeTile.scale-200.png' -> 'goodrive://www.googleapis.com/:personal:/bannister/bannister/obj/x64/Debug/net8.0-windows10.0.19041.0/resizetizer/r/appiconLargeTile.scale-200.png' (6,714)
2026-04-26 05:32:18: Copy Over 'C:/rock/bannister/Bannister/obj/x64/Debug/net8.0-windows10.0.19041.0/resizetizer/r/appiconLargeTile.scale-150.png' -> 'goodrive://www.googleapis.com/:personal:/bannister/bannister/obj/x64/Debug/net8.0-windows10.0.19041.0/resizetizer/r/appiconLargeTile.scale-150.png' (4,722)
2026-04-26 05:32:18: Copy Over 'C:/rock/bannister/Bannister/obj/x64/Debug/net8.0-windows10.0.19041.0/resizetizer/r/appiconLargeTile.scale-400.png' -> 'goodrive://www.googleapis.com/:personal:/bannister/bannister/obj/x64/Debug/net8.0-windows10.0.19041.0/resizetizer/r/appiconLargeTile.scale-400.png' (16,293)
2026-04-26 05:32:21: Copy Over 'C:/rock/bannister/Bannister/obj/x64/Debug/net8.0-windows10.0.19041.0/resizetizer/r/appiconLogo.altform-lightunplated_targetsize-256.png' -> 'goodrive://www.googleapis.com/:personal:/bannister/bannister/obj/x64/Debug/net8.0-windows10.0.19041.0/resizetizer/r/appiconLogo.altform-lightunplated_targetsize-256.png' (2,725)
2026-04-26 05:32:21: Copy Over 'C:/rock/bannister/Bannister/obj/x64/Debug/net8.0-windows10.0.19041.0/resizetizer/r/appiconLogo.altform-lightunplated_targetsize-16.png' -> 'goodrive://www.googleapis.com/:personal:/bannister/bannister/obj/x64/Debug/net8.0-windows10.0.19041.0/resizetizer/r/appiconLogo.altform-lightunplated_targetsize-16.png' (320)
2026-04-26 05:32:21: Copy Over 'C:/rock/bannister/Bannister/obj/x64/Debug/net8.0-windows10.0.19041.0/resizetizer/r/appiconLogo.altform-lightunplated_targetsize-24.png' -> 'goodrive://www.googleapis.com/:personal:/bannister/bannister/obj/x64/Debug/net8.0-windows10.0.19041.0/resizetizer/r/appiconLogo.altform-lightunplated_targetsize-24.png' (519)
2026-04-26 05:32:24: Copy Over 'C:/rock/bannister/Bannister/obj/x64/Debug/net8.0-windows10.0.19041.0/resizetizer/r/appiconLogo.altform-lightunplated_targetsize-48.png' -> 'goodrive://www.googleapis.com/:personal:/bannister/bannister/obj/x64/Debug/net8.0-windows10.0.19041.0/resizetizer/r/appiconLogo.altform-lightunplated_targetsize-48.png' (868)
2026-04-26 05:32:24: Copy Over 'C:/rock/bannister/Bannister/obj/x64/Debug/net8.0-windows10.0.19041.0/resizetizer/r/appiconLogo.altform-lightunplated_targetsize-32.png' -> 'goodrive://www.googleapis.com/:personal:/bannister/bannister/obj/x64/Debug/net8.0-windows10.0.19041.0/resizetizer/r/appiconLogo.altform-lightunplated_targetsize-32.png' (497)
2026-04-26 05:32:24: Copy Over 'C:/rock/bannister/Bannister/obj/x64/Debug/net8.0-windows10.0.19041.0/resizetizer/r/appiconLogo.altform-unplated_targetsize-16.png' -> 'goodrive://www.googleapis.com/:personal:/bannister/bannister/obj/x64/Debug/net8.0-windows10.0.19041.0/resizetizer/r/appiconLogo.altform-unplated_targetsize-16.png' (320)
2026-04-26 05:32:27: Copy Over 'C:/rock/bannister/Bannister/obj/x64/Debug/net8.0-windows10.0.19041.0/resizetizer/r/appiconLogo.altform-unplated_targetsize-32.png' -> 'goodrive://www.googleapis.com/:personal:/bannister/bannister/obj/x64/Debug/net8.0-windows10.0.19041.0/resizetizer/r/appiconLogo.altform-unplated_targetsize-32.png' (497)
2026-04-26 05:32:27: Copy Over 'C:/rock/bannister/Bannister/obj/x64/Debug/net8.0-windows10.0.19041.0/resizetizer/r/appiconLogo.altform-unplated_targetsize-256.png' -> 'goodrive://www.googleapis.com/:personal:/bannister/bannister/obj/x64/Debug/net8.0-windows10.0.19041.0/resizetizer/r/appiconLogo.altform-unplated_targetsize-256.png' (2,725)
2026-04-26 05:32:27: Copy Over 'C:/rock/bannister/Bannister/obj/x64/Debug/net8.0-windows10.0.19041.0/resizetizer/r/appiconLogo.altform-unplated_targetsize-24.png' -> 'goodrive://www.googleapis.com/:personal:/bannister/bannister/obj/x64/Debug/net8.0-windows10.0.19041.0/resizetizer/r/appiconLogo.altform-unplated_targetsize-24.png' (519)
2026-04-26 05:32:30: Copy Over 'C:/rock/bannister/Bannister/obj/x64/Debug/net8.0-windows10.0.19041.0/resizetizer/r/appiconLogo.altform-unplated_targetsize-48.png' -> 'goodrive://www.googleapis.com/:personal:/bannister/bannister/obj/x64/Debug/net8.0-windows10.0.19041.0/resizetizer/r/appiconLogo.altform-unplated_targetsize-48.png' (868)
2026-04-26 05:32:30: Copy Over 'C:/rock/bannister/Bannister/obj/x64/Debug/net8.0-windows10.0.19041.0/resizetizer/r/appiconLogo.scale-125.png' -> 'goodrive://www.googleapis.com/:personal:/bannister/bannister/obj/x64/Debug/net8.0-windows10.0.19041.0/resizetizer/r/appiconLogo.scale-125.png' (999)
2026-04-26 05:32:31: Copy Over 'C:/rock/bannister/Bannister/obj/x64/Debug/net8.0-windows10.0.19041.0/resizetizer/r/appiconLogo.scale-100.png' -> 'goodrive://www.googleapis.com/:personal:/bannister/bannister/obj/x64/Debug/net8.0-windows10.0.19041.0/resizetizer/r/appiconLogo.scale-100.png' (748)
2026-04-26 05:32:34: Copy Over 'C:/rock/bannister/Bannister/obj/x64/Debug/net8.0-windows10.0.19041.0/resizetizer/r/appiconLogo.scale-150.png' -> 'goodrive://www.googleapis.com/:personal:/bannister/bannister/obj/x64/Debug/net8.0-windows10.0.19041.0/resizetizer/r/appiconLogo.scale-150.png' (986)
2026-04-26 05:32:34: Copy Over 'C:/rock/bannister/Bannister/obj/x64/Debug/net8.0-windows10.0.19041.0/resizetizer/r/appiconLogo.scale-200.png' -> 'goodrive://www.googleapis.com/:personal:/bannister/bannister/obj/x64/Debug/net8.0-windows10.0.19041.0/resizetizer/r/appiconLogo.scale-200.png' (1,365)
2026-04-26 05:32:34: Copy Over 'C:/rock/bannister/Bannister/obj/x64/Debug/net8.0-windows10.0.19041.0/resizetizer/r/appiconLogo.scale-400.png' -> 'goodrive://www.googleapis.com/:personal:/bannister/bannister/obj/x64/Debug/net8.0-windows10.0.19041.0/resizetizer/r/appiconLogo.scale-400.png' (2,436)
2026-04-26 05:32:37: Copy Over 'C:/rock/bannister/Bannister/obj/x64/Debug/net8.0-windows10.0.19041.0/resizetizer/r/appiconLogo.targetsize-24.png' -> 'goodrive://www.googleapis.com/:personal:/bannister/bannister/obj/x64/Debug/net8.0-windows10.0.19041.0/resizetizer/r/appiconLogo.targetsize-24.png' (519)
2026-04-26 05:32:37: Copy Over 'C:/rock/bannister/Bannister/obj/x64/Debug/net8.0-windows10.0.19041.0/resizetizer/r/appiconLogo.targetsize-256.png' -> 'goodrive://www.googleapis.com/:personal:/bannister/bannister/obj/x64/Debug/net8.0-windows10.0.19041.0/resizetizer/r/appiconLogo.targetsize-256.png' (2,725)
2026-04-26 05:32:37: Copy Over 'C:/rock/bannister/Bannister/obj/x64/Debug/net8.0-windows10.0.19041.0/resizetizer/r/appiconLogo.targetsize-16.png' -> 'goodrive://www.googleapis.com/:personal:/bannister/bannister/obj/x64/Debug/net8.0-windows10.0.19041.0/resizetizer/r/appiconLogo.targetsize-16.png' (320)
2026-04-26 05:32:40: Copy Over 'C:/rock/bannister/Bannister/obj/x64/Debug/net8.0-windows10.0.19041.0/resizetizer/r/appiconLogo.targetsize-48.png' -> 'goodrive://www.googleapis.com/:personal:/bannister/bannister/obj/x64/Debug/net8.0-windows10.0.19041.0/resizetizer/r/appiconLogo.targetsize-48.png' (868)
2026-04-26 05:32:40: Copy Over 'C:/rock/bannister/Bannister/obj/x64/Debug/net8.0-windows10.0.19041.0/resizetizer/r/appiconMediumTile.scale-100.png' -> 'goodrive://www.googleapis.com/:personal:/bannister/bannister/obj/x64/Debug/net8.0-windows10.0.19041.0/resizetizer/r/appiconMediumTile.scale-100.png' (1,831)
2026-04-26 05:32:40: Copy Over 'C:/rock/bannister/Bannister/obj/x64/Debug/net8.0-windows10.0.19041.0/resizetizer/r/appiconLogo.targetsize-32.png' -> 'goodrive://www.googleapis.com/:personal:/bannister/bannister/obj/x64/Debug/net8.0-windows10.0.19041.0/resizetizer/r/appiconLogo.targetsize-32.png' (497)
2026-04-26 05:32:43: Copy Over 'C:/rock/bannister/Bannister/obj/x64/Debug/net8.0-windows10.0.19041.0/resizetizer/r/appiconMediumTile.scale-150.png' -> 'goodrive://www.googleapis.com/:personal:/bannister/bannister/obj/x64/Debug/net8.0-windows10.0.19041.0/resizetizer/r/appiconMediumTile.scale-150.png' (3,406)
2026-04-26 05:32:44: Copy Over 'C:/rock/bannister/Bannister/obj/x64/Debug/net8.0-windows10.0.19041.0/resizetizer/r/appiconMediumTile.scale-200.png' -> 'goodrive://www.googleapis.com/:personal:/bannister/bannister/obj/x64/Debug/net8.0-windows10.0.19041.0/resizetizer/r/appiconMediumTile.scale-200.png' (3,540)
2026-04-26 05:32:44: Copy Over 'C:/rock/bannister/Bannister/obj/x64/Debug/net8.0-windows10.0.19041.0/resizetizer/r/appiconMediumTile.scale-125.png' -> 'goodrive://www.googleapis.com/:personal:/bannister/bannister/obj/x64/Debug/net8.0-windows10.0.19041.0/resizetizer/r/appiconMediumTile.scale-125.png' (2,622)
2026-04-26 05:32:47: Copy Over 'C:/rock/bannister/Bannister/obj/x64/Debug/net8.0-windows10.0.19041.0/resizetizer/r/appiconSmallTile.scale-100.png' -> 'goodrive://www.googleapis.com/:personal:/bannister/bannister/obj/x64/Debug/net8.0-windows10.0.19041.0/resizetizer/r/appiconSmallTile.scale-100.png' (1,089)
2026-04-26 05:32:47: Copy Over 'C:/rock/bannister/Bannister/obj/x64/Debug/net8.0-windows10.0.19041.0/resizetizer/r/appiconMediumTile.scale-400.png' -> 'goodrive://www.googleapis.com/:personal:/bannister/bannister/obj/x64/Debug/net8.0-windows10.0.19041.0/resizetizer/r/appiconMediumTile.scale-400.png' (6,356)
2026-04-26 05:32:47: Copy Over 'C:/rock/bannister/Bannister/obj/x64/Debug/net8.0-windows10.0.19041.0/resizetizer/r/appiconSmallTile.scale-125.png' -> 'goodrive://www.googleapis.com/:personal:/bannister/bannister/obj/x64/Debug/net8.0-windows10.0.19041.0/resizetizer/r/appiconSmallTile.scale-125.png' (1,411)
2026-04-26 05:32:50: Copy Over 'C:/rock/bannister/Bannister/obj/x64/Debug/net8.0-windows10.0.19041.0/resizetizer/r/appiconSmallTile.scale-150.png' -> 'goodrive://www.googleapis.com/:personal:/bannister/bannister/obj/x64/Debug/net8.0-windows10.0.19041.0/resizetizer/r/appiconSmallTile.scale-150.png' (1,798)
2026-04-26 05:32:50: Copy Over 'C:/rock/bannister/Bannister/obj/x64/Debug/net8.0-windows10.0.19041.0/resizetizer/r/appiconSmallTile.scale-400.png' -> 'goodrive://www.googleapis.com/:personal:/bannister/bannister/obj/x64/Debug/net8.0-windows10.0.19041.0/resizetizer/r/appiconSmallTile.scale-400.png' (3,477)
2026-04-26 05:32:51: Copy Over 'C:/rock/bannister/Bannister/obj/x64/Debug/net8.0-windows10.0.19041.0/resizetizer/r/appiconSmallTile.scale-200.png' -> 'goodrive://www.googleapis.com/:personal:/bannister/bannister/obj/x64/Debug/net8.0-windows10.0.19041.0/resizetizer/r/appiconSmallTile.scale-200.png' (1,791)
2026-04-26 05:32:53: Copy Over 'C:/rock/bannister/Bannister/obj/x64/Debug/net8.0-windows10.0.19041.0/resizetizer/r/appiconStoreLogo.scale-100.png' -> 'goodrive://www.googleapis.com/:personal:/bannister/bannister/obj/x64/Debug/net8.0-windows10.0.19041.0/resizetizer/r/appiconStoreLogo.scale-100.png' (907)
2026-04-26 05:32:54: Copy Over 'C:/rock/bannister/Bannister/obj/x64/Debug/net8.0-windows10.0.19041.0/resizetizer/r/appiconStoreLogo.scale-150.png' -> 'goodrive://www.googleapis.com/:personal:/bannister/bannister/obj/x64/Debug/net8.0-windows10.0.19041.0/resizetizer/r/appiconStoreLogo.scale-150.png' (1,181)
2026-04-26 05:32:54: Copy Over 'C:/rock/bannister/Bannister/obj/x64/Debug/net8.0-windows10.0.19041.0/resizetizer/r/appiconStoreLogo.scale-125.png' -> 'goodrive://www.googleapis.com/:personal:/bannister/bannister/obj/x64/Debug/net8.0-windows10.0.19041.0/resizetizer/r/appiconStoreLogo.scale-125.png' (932)
2026-04-26 05:32:57: Copy Over 'C:/rock/bannister/Bannister/obj/x64/Debug/net8.0-windows10.0.19041.0/resizetizer/r/appiconStoreLogo.scale-400.png' -> 'goodrive://www.googleapis.com/:personal:/bannister/bannister/obj/x64/Debug/net8.0-windows10.0.19041.0/resizetizer/r/appiconStoreLogo.scale-400.png' (2,807)
2026-04-26 05:32:57: Copy Over 'C:/rock/bannister/Bannister/obj/x64/Debug/net8.0-windows10.0.19041.0/resizetizer/r/appiconWideTile.scale-100.png' -> 'goodrive://www.googleapis.com/:personal:/bannister/bannister/obj/x64/Debug/net8.0-windows10.0.19041.0/resizetizer/r/appiconWideTile.scale-100.png' (1,971)
2026-04-26 05:32:57: Copy Over 'C:/rock/bannister/Bannister/obj/x64/Debug/net8.0-windows10.0.19041.0/resizetizer/r/appiconStoreLogo.scale-200.png' -> 'goodrive://www.googleapis.com/:personal:/bannister/bannister/obj/x64/Debug/net8.0-windows10.0.19041.0/resizetizer/r/appiconStoreLogo.scale-200.png' (1,640)
2026-04-26 05:33:00: Copy Over 'C:/rock/bannister/Bannister/obj/x64/Debug/net8.0-windows10.0.19041.0/resizetizer/r/appiconWideTile.scale-125.png' -> 'goodrive://www.googleapis.com/:personal:/bannister/bannister/obj/x64/Debug/net8.0-windows10.0.19041.0/resizetizer/r/appiconWideTile.scale-125.png' (2,799)
2026-04-26 05:33:00: Copy Over 'C:/rock/bannister/Bannister/obj/x64/Debug/net8.0-windows10.0.19041.0/resizetizer/r/appiconWideTile.scale-200.png' -> 'goodrive://www.googleapis.com/:personal:/bannister/bannister/obj/x64/Debug/net8.0-windows10.0.19041.0/resizetizer/r/appiconWideTile.scale-200.png' (4,009)
2026-04-26 05:33:00: Copy Over 'C:/rock/bannister/Bannister/obj/x64/Debug/net8.0-windows10.0.19041.0/resizetizer/r/appiconWideTile.scale-150.png' -> 'goodrive://www.googleapis.com/:personal:/bannister/bannister/obj/x64/Debug/net8.0-windows10.0.19041.0/resizetizer/r/appiconWideTile.scale-150.png' (3,779)
2026-04-26 05:33:00: > Copy Over 'C:/rock/bannister/Bannister/obj/x64/Debug/net8.0-windows10.0.19041.0/resizetizer/r/diet_dragon_default.scale-100.png' -> 'goodrive://www.googleapis.com/:personal:/bannister/bannister/obj/x64/Debug/net8.0-windows10.0.19041.0/resizetizer/r/diet_dragon_default.scale-100.png' (2,589,257)
2026-04-26 05:33:00: > Copy Over 'C:/rock/bannister/Bannister/obj/x64/Debug/net8.0-windows10.0.19041.0/resizetizer/r/dragon_1.scale-100.png' -> 'goodrive://www.googleapis.com/:personal:/bannister/bannister/obj/x64/Debug/net8.0-windows10.0.19041.0/resizetizer/r/dragon_1.scale-100.png' (2,723,378)
2026-04-26 05:33:04: Copy Over 'C:/rock/bannister/Bannister/obj/x64/Debug/net8.0-windows10.0.19041.0/resizetizer/r/appiconWideTile.scale-400.png' -> 'goodrive://www.googleapis.com/:personal:/bannister/bannister/obj/x64/Debug/net8.0-windows10.0.19041.0/resizetizer/r/appiconWideTile.scale-400.png' (8,061)
2026-04-26 05:33:04: < Copy Over 'C:/rock/bannister/Bannister/obj/x64/Debug/net8.0-windows10.0.19041.0/resizetizer/r/dragon_1.scale-100.png' -> 'goodrive://www.googleapis.com/:personal:/bannister/bannister/obj/x64/Debug/net8.0-windows10.0.19041.0/resizetizer/r/dragon_1.scale-100.png' (2,723,378)
2026-04-26 05:33:04: < Copy Over 'C:/rock/bannister/Bannister/obj/x64/Debug/net8.0-windows10.0.19041.0/resizetizer/r/diet_dragon_default.scale-100.png' -> 'goodrive://www.googleapis.com/:personal:/bannister/bannister/obj/x64/Debug/net8.0-windows10.0.19041.0/resizetizer/r/diet_dragon_default.scale-100.png' (2,589,257)
2026-04-26 05:33:04: > Copy Over 'C:/rock/bannister/Bannister/obj/x64/Debug/net8.0-windows10.0.19041.0/resizetizer/r/dragon_12.scale-100.png' -> 'goodrive://www.googleapis.com/:personal:/bannister/bannister/obj/x64/Debug/net8.0-windows10.0.19041.0/resizetizer/r/dragon_12.scale-100.png' (2,653,474)
2026-04-26 05:33:07: Copy Over 'C:/rock/bannister/Bannister/obj/x64/Debug/net8.0-windows10.0.19041.0/resizetizer/r/dragon_10.scale-100.jpg' -> 'goodrive://www.googleapis.com/:personal:/bannister/bannister/obj/x64/Debug/net8.0-windows10.0.19041.0/resizetizer/r/dragon_10.scale-100.jpg' (237,270)
2026-04-26 05:33:07: Copy Over 'C:/rock/bannister/Bannister/obj/x64/Debug/net8.0-windows10.0.19041.0/resizetizer/r/dragon_11.scale-100.jpg' -> 'goodrive://www.googleapis.com/:personal:/bannister/bannister/obj/x64/Debug/net8.0-windows10.0.19041.0/resizetizer/r/dragon_11.scale-100.jpg' (198,159)
2026-04-26 05:33:08: < Copy Over 'C:/rock/bannister/Bannister/obj/x64/Debug/net8.0-windows10.0.19041.0/resizetizer/r/dragon_12.scale-100.png' -> 'goodrive://www.googleapis.com/:personal:/bannister/bannister/obj/x64/Debug/net8.0-windows10.0.19041.0/resizetizer/r/dragon_12.scale-100.png' (2,653,474)
2026-04-26 05:33:11: Copy Over 'C:/rock/bannister/Bannister/obj/x64/Debug/net8.0-windows10.0.19041.0/resizetizer/r/dragon_13.scale-100.jpg' -> 'goodrive://www.googleapis.com/:personal:/bannister/bannister/obj/x64/Debug/net8.0-windows10.0.19041.0/resizetizer/r/dragon_13.scale-100.jpg' (197,912)
2026-04-26 05:33:11: Copy Over 'C:/rock/bannister/Bannister/obj/x64/Debug/net8.0-windows10.0.19041.0/resizetizer/r/dragon_15.scale-100.jpg' -> 'goodrive://www.googleapis.com/:personal:/bannister/bannister/obj/x64/Debug/net8.0-windows10.0.19041.0/resizetizer/r/dragon_15.scale-100.jpg' (182,901)
2026-04-26 05:33:11: > Copy Over 'C:/rock/bannister/Bannister/obj/x64/Debug/net8.0-windows10.0.19041.0/resizetizer/r/dragon_16.scale-100.png' -> 'goodrive://www.googleapis.com/:personal:/bannister/bannister/obj/x64/Debug/net8.0-windows10.0.19041.0/resizetizer/r/dragon_16.scale-100.png' (2,910,952)
2026-04-26 05:33:11: Copy Over 'C:/rock/bannister/Bannister/obj/x64/Debug/net8.0-windows10.0.19041.0/resizetizer/r/dragon_14.scale-100.jpg' -> 'goodrive://www.googleapis.com/:personal:/bannister/bannister/obj/x64/Debug/net8.0-windows10.0.19041.0/resizetizer/r/dragon_14.scale-100.jpg' (246,495)
2026-04-26 05:33:11: > Copy Over 'C:/rock/bannister/Bannister/obj/x64/Debug/net8.0-windows10.0.19041.0/resizetizer/r/dragon_2.scale-100.png' -> 'goodrive://www.googleapis.com/:personal:/bannister/bannister/obj/x64/Debug/net8.0-windows10.0.19041.0/resizetizer/r/dragon_2.scale-100.png' (3,082,565)
2026-04-26 05:33:11: > Copy Over 'C:/rock/bannister/Bannister/obj/x64/Debug/net8.0-windows10.0.19041.0/resizetizer/r/dragon_3.scale-100.png' -> 'goodrive://www.googleapis.com/:personal:/bannister/bannister/obj/x64/Debug/net8.0-windows10.0.19041.0/resizetizer/r/dragon_3.scale-100.png' (2,448,473)
2026-04-26 05:33:15: < Copy Over 'C:/rock/bannister/Bannister/obj/x64/Debug/net8.0-windows10.0.19041.0/resizetizer/r/dragon_2.scale-100.png' -> 'goodrive://www.googleapis.com/:personal:/bannister/bannister/obj/x64/Debug/net8.0-windows10.0.19041.0/resizetizer/r/dragon_2.scale-100.png' (3,082,565)
2026-04-26 05:33:15: > Copy Over 'C:/rock/bannister/Bannister/obj/x64/Debug/net8.0-windows10.0.19041.0/resizetizer/r/dragon_4.scale-100.png' -> 'goodrive://www.googleapis.com/:personal:/bannister/bannister/obj/x64/Debug/net8.0-windows10.0.19041.0/resizetizer/r/dragon_4.scale-100.png' (2,691,012)
2026-04-26 05:33:15: < Copy Over 'C:/rock/bannister/Bannister/obj/x64/Debug/net8.0-windows10.0.19041.0/resizetizer/r/dragon_3.scale-100.png' -> 'goodrive://www.googleapis.com/:personal:/bannister/bannister/obj/x64/Debug/net8.0-windows10.0.19041.0/resizetizer/r/dragon_3.scale-100.png' (2,448,473)
2026-04-26 05:33:15: > Copy Over 'C:/rock/bannister/Bannister/obj/x64/Debug/net8.0-windows10.0.19041.0/resizetizer/r/dragon_5.scale-100.png' -> 'goodrive://www.googleapis.com/:personal:/bannister/bannister/obj/x64/Debug/net8.0-windows10.0.19041.0/resizetizer/r/dragon_5.scale-100.png' (2,910,815)
2026-04-26 05:33:16: < Copy Over 'C:/rock/bannister/Bannister/obj/x64/Debug/net8.0-windows10.0.19041.0/resizetizer/r/dragon_16.scale-100.png' -> 'goodrive://www.googleapis.com/:personal:/bannister/bannister/obj/x64/Debug/net8.0-windows10.0.19041.0/resizetizer/r/dragon_16.scale-100.png' (2,910,952)
2026-04-26 05:33:16: > Copy Over 'C:/rock/bannister/Bannister/obj/x64/Debug/net8.0-windows10.0.19041.0/resizetizer/r/dragon_6.scale-100.png' -> 'goodrive://www.googleapis.com/:personal:/bannister/bannister/obj/x64/Debug/net8.0-windows10.0.19041.0/resizetizer/r/dragon_6.scale-100.png' (1,845,530)
2026-04-26 05:33:19: < Copy Over 'C:/rock/bannister/Bannister/obj/x64/Debug/net8.0-windows10.0.19041.0/resizetizer/r/dragon_6.scale-100.png' -> 'goodrive://www.googleapis.com/:personal:/bannister/bannister/obj/x64/Debug/net8.0-windows10.0.19041.0/resizetizer/r/dragon_6.scale-100.png' (1,845,530)
2026-04-26 05:33:19: > Copy Over 'C:/rock/bannister/Bannister/obj/x64/Debug/net8.0-windows10.0.19041.0/resizetizer/r/dragon_7.scale-100.png' -> 'goodrive://www.googleapis.com/:personal:/bannister/bannister/obj/x64/Debug/net8.0-windows10.0.19041.0/resizetizer/r/dragon_7.scale-100.png' (2,463,058)
2026-04-26 05:33:19: < Copy Over 'C:/rock/bannister/Bannister/obj/x64/Debug/net8.0-windows10.0.19041.0/resizetizer/r/dragon_5.scale-100.png' -> 'goodrive://www.googleapis.com/:personal:/bannister/bannister/obj/x64/Debug/net8.0-windows10.0.19041.0/resizetizer/r/dragon_5.scale-100.png' (2,910,815)
2026-04-26 05:33:19: > Copy Over 'C:/rock/bannister/Bannister/obj/x64/Debug/net8.0-windows10.0.19041.0/resizetizer/r/dragon_8.scale-100.png' -> 'goodrive://www.googleapis.com/:personal:/bannister/bannister/obj/x64/Debug/net8.0-windows10.0.19041.0/resizetizer/r/dragon_8.scale-100.png' (2,565,066)
2026-04-26 05:33:19: < Copy Over 'C:/rock/bannister/Bannister/obj/x64/Debug/net8.0-windows10.0.19041.0/resizetizer/r/dragon_4.scale-100.png' -> 'goodrive://www.googleapis.com/:personal:/bannister/bannister/obj/x64/Debug/net8.0-windows10.0.19041.0/resizetizer/r/dragon_4.scale-100.png' (2,691,012)
2026-04-26 05:33:23: Copy Over 'C:/rock/bannister/Bannister/obj/x64/Debug/net8.0-windows10.0.19041.0/resizetizer/r/dragon_9.scale-100.jpg' -> 'goodrive://www.googleapis.com/:personal:/bannister/bannister/obj/x64/Debug/net8.0-windows10.0.19041.0/resizetizer/r/dragon_9.scale-100.jpg' (149,465)
2026-04-26 05:33:23: < Copy Over 'C:/rock/bannister/Bannister/obj/x64/Debug/net8.0-windows10.0.19041.0/resizetizer/r/dragon_8.scale-100.png' -> 'goodrive://www.googleapis.com/:personal:/bannister/bannister/obj/x64/Debug/net8.0-windows10.0.19041.0/resizetizer/r/dragon_8.scale-100.png' (2,565,066)
2026-04-26 05:33:23: > Copy Over 'C:/rock/bannister/Bannister/obj/x64/Debug/net8.0-windows10.0.19041.0/resizetizer/r/dragon_slayer_1.scale-100.png' -> 'goodrive://www.googleapis.com/:personal:/bannister/bannister/obj/x64/Debug/net8.0-windows10.0.19041.0/resizetizer/r/dragon_slayer_1.scale-100.png' (2,365,142)
2026-04-26 05:33:23: < Copy Over 'C:/rock/bannister/Bannister/obj/x64/Debug/net8.0-windows10.0.19041.0/resizetizer/r/dragon_7.scale-100.png' -> 'goodrive://www.googleapis.com/:personal:/bannister/bannister/obj/x64/Debug/net8.0-windows10.0.19041.0/resizetizer/r/dragon_7.scale-100.png' (2,463,058)
2026-04-26 05:33:26: Copy Over 'C:/rock/bannister/Bannister/obj/x64/Debug/net8.0-windows10.0.19041.0/XamlSaveStateFile.xml' -> 'goodrive://www.googleapis.com/:personal:/bannister/bannister/obj/x64/Debug/net8.0-windows10.0.19041.0/XamlSaveStateFile.xml' (834)
2026-04-26 05:33:26: Copy Over 'C:/rock/bannister/Bannister/obj/x64/Debug/net8.0-windows10.0.19041.0/XamlC.stamp' -> 'goodrive://www.googleapis.com/:personal:/bannister/bannister/obj/x64/Debug/net8.0-windows10.0.19041.0/XamlC.stamp' (0)
2026-04-26 05:33:27: < Copy Over 'C:/rock/bannister/Bannister/obj/x64/Debug/net8.0-windows10.0.19041.0/resizetizer/r/dragon_slayer_1.scale-100.png' -> 'goodrive://www.googleapis.com/:personal:/bannister/bannister/obj/x64/Debug/net8.0-windows10.0.19041.0/resizetizer/r/dragon_slayer_1.scale-100.png' (2,365,142)
2026-04-26 05:33:29: Copy Over 'C:/rock/bannister/Bannister/bin/x64/Debug/net8.0-windows10.0.19041.0/AppX/appiconLargeTile.scale-125.png' -> 'goodrive://www.googleapis.com/:personal:/bannister/bannister/bin/x64/Debug/net8.0-windows10.0.19041.0/AppX/appiconLargeTile.scale-125.png' (5,216)
2026-04-26 05:33:29: Copy Over 'C:/rock/bannister/Bannister/bin/x64/Debug/net8.0-windows10.0.19041.0/AppX/appiconLargeTile.scale-150.png' -> 'goodrive://www.googleapis.com/:personal:/bannister/bannister/bin/x64/Debug/net8.0-windows10.0.19041.0/AppX/appiconLargeTile.scale-150.png' (4,722)
2026-04-26 05:33:31: Copy Over 'C:/rock/bannister/Bannister/bin/x64/Debug/net8.0-windows10.0.19041.0/AppX/appiconLargeTile.scale-200.png' -> 'goodrive://www.googleapis.com/:personal:/bannister/bannister/bin/x64/Debug/net8.0-windows10.0.19041.0/AppX/appiconLargeTile.scale-200.png' (6,714)
2026-04-26 05:33:32: Copy Over 'C:/rock/bannister/Bannister/bin/x64/Debug/net8.0-windows10.0.19041.0/AppX/appiconLogo.altform-lightunplated_targetsize-16.png' -> 'goodrive://www.googleapis.com/:personal:/bannister/bannister/bin/x64/Debug/net8.0-windows10.0.19041.0/AppX/appiconLogo.altform-lightunplated_targetsize-16.png' (320)
2026-04-26 05:33:32: Copy Over 'C:/rock/bannister/Bannister/bin/x64/Debug/net8.0-windows10.0.19041.0/AppX/appiconLargeTile.scale-400.png' -> 'goodrive://www.googleapis.com/:personal:/bannister/bannister/bin/x64/Debug/net8.0-windows10.0.19041.0/AppX/appiconLargeTile.scale-400.png' (16,293)
2026-04-26 05:33:34: Copy Over 'C:/rock/bannister/Bannister/bin/x64/Debug/net8.0-windows10.0.19041.0/AppX/appiconLogo.altform-lightunplated_targetsize-24.png' -> 'goodrive://www.googleapis.com/:personal:/bannister/bannister/bin/x64/Debug/net8.0-windows10.0.19041.0/AppX/appiconLogo.altform-lightunplated_targetsize-24.png' (519)
2026-04-26 05:33:35: Copy Over 'C:/rock/bannister/Bannister/bin/x64/Debug/net8.0-windows10.0.19041.0/AppX/appiconLogo.altform-lightunplated_targetsize-256.png' -> 'goodrive://www.googleapis.com/:personal:/bannister/bannister/bin/x64/Debug/net8.0-windows10.0.19041.0/AppX/appiconLogo.altform-lightunplated_targetsize-256.png' (2,725)
2026-04-26 05:33:36: Copy Over 'C:/rock/bannister/Bannister/bin/x64/Debug/net8.0-windows10.0.19041.0/AppX/appiconLogo.altform-lightunplated_targetsize-32.png' -> 'goodrive://www.googleapis.com/:personal:/bannister/bannister/bin/x64/Debug/net8.0-windows10.0.19041.0/AppX/appiconLogo.altform-lightunplated_targetsize-32.png' (497)
2026-04-26 05:33:37: Copy Over 'C:/rock/bannister/Bannister/bin/x64/Debug/net8.0-windows10.0.19041.0/AppX/appiconLogo.altform-lightunplated_targetsize-48.png' -> 'goodrive://www.googleapis.com/:personal:/bannister/bannister/bin/x64/Debug/net8.0-windows10.0.19041.0/AppX/appiconLogo.altform-lightunplated_targetsize-48.png' (868)
2026-04-26 05:33:38: Copy Over 'C:/rock/bannister/Bannister/bin/x64/Debug/net8.0-windows10.0.19041.0/AppX/appiconLogo.altform-unplated_targetsize-16.png' -> 'goodrive://www.googleapis.com/:personal:/bannister/bannister/bin/x64/Debug/net8.0-windows10.0.19041.0/AppX/appiconLogo.altform-unplated_targetsize-16.png' (320)
2026-04-26 05:33:39: Copy Over 'C:/rock/bannister/Bannister/bin/x64/Debug/net8.0-windows10.0.19041.0/AppX/appiconLogo.altform-unplated_targetsize-24.png' -> 'goodrive://www.googleapis.com/:personal:/bannister/bannister/bin/x64/Debug/net8.0-windows10.0.19041.0/AppX/appiconLogo.altform-unplated_targetsize-24.png' (519)
2026-04-26 05:33:40: Copy Over 'C:/rock/bannister/Bannister/bin/x64/Debug/net8.0-windows10.0.19041.0/AppX/appiconLogo.altform-unplated_targetsize-256.png' -> 'goodrive://www.googleapis.com/:personal:/bannister/bannister/bin/x64/Debug/net8.0-windows10.0.19041.0/AppX/appiconLogo.altform-unplated_targetsize-256.png' (2,725)
2026-04-26 05:33:41: Copy Over 'C:/rock/bannister/Bannister/bin/x64/Debug/net8.0-windows10.0.19041.0/AppX/appiconLogo.altform-unplated_targetsize-32.png' -> 'goodrive://www.googleapis.com/:personal:/bannister/bannister/bin/x64/Debug/net8.0-windows10.0.19041.0/AppX/appiconLogo.altform-unplated_targetsize-32.png' (497)
2026-04-26 05:33:43: Copy Over 'C:/rock/bannister/Bannister/bin/x64/Debug/net8.0-windows10.0.19041.0/AppX/appiconLogo.altform-unplated_targetsize-48.png' -> 'goodrive://www.googleapis.com/:personal:/bannister/bannister/bin/x64/Debug/net8.0-windows10.0.19041.0/AppX/appiconLogo.altform-unplated_targetsize-48.png' (868)
2026-04-26 05:33:43: Copy Over 'C:/rock/bannister/Bannister/bin/x64/Debug/net8.0-windows10.0.19041.0/AppX/appiconLogo.scale-100.png' -> 'goodrive://www.googleapis.com/:personal:/bannister/bannister/bin/x64/Debug/net8.0-windows10.0.19041.0/AppX/appiconLogo.scale-100.png' (748)
2026-04-26 05:33:44: Copy Over 'C:/rock/bannister/Bannister/bin/x64/Debug/net8.0-windows10.0.19041.0/AppX/appiconLogo.scale-125.png' -> 'goodrive://www.googleapis.com/:personal:/bannister/bannister/bin/x64/Debug/net8.0-windows10.0.19041.0/AppX/appiconLogo.scale-125.png' (999)
2026-04-26 05:33:46: Copy Over 'C:/rock/bannister/Bannister/bin/x64/Debug/net8.0-windows10.0.19041.0/AppX/appiconLogo.scale-150.png' -> 'goodrive://www.googleapis.com/:personal:/bannister/bannister/bin/x64/Debug/net8.0-windows10.0.19041.0/AppX/appiconLogo.scale-150.png' (986)
2026-04-26 05:33:46: Copy Over 'C:/rock/bannister/Bannister/bin/x64/Debug/net8.0-windows10.0.19041.0/AppX/appiconLogo.scale-200.png' -> 'goodrive://www.googleapis.com/:personal:/bannister/bannister/bin/x64/Debug/net8.0-windows10.0.19041.0/AppX/appiconLogo.scale-200.png' (1,365)
2026-04-26 05:33:48: Copy Over 'C:/rock/bannister/Bannister/bin/x64/Debug/net8.0-windows10.0.19041.0/AppX/appiconLogo.scale-400.png' -> 'goodrive://www.googleapis.com/:personal:/bannister/bannister/bin/x64/Debug/net8.0-windows10.0.19041.0/AppX/appiconLogo.scale-400.png' (2,436)
2026-04-26 05:33:49: Copy Over 'C:/rock/bannister/Bannister/bin/x64/Debug/net8.0-windows10.0.19041.0/AppX/appiconLogo.targetsize-16.png' -> 'goodrive://www.googleapis.com/:personal:/bannister/bannister/bin/x64/Debug/net8.0-windows10.0.19041.0/AppX/appiconLogo.targetsize-16.png' (320)
2026-04-26 05:33:49: Copy Over 'C:/rock/bannister/Bannister/bin/x64/Debug/net8.0-windows10.0.19041.0/AppX/appiconLogo.targetsize-24.png' -> 'goodrive://www.googleapis.com/:personal:/bannister/bannister/bin/x64/Debug/net8.0-windows10.0.19041.0/AppX/appiconLogo.targetsize-24.png' (519)
2026-04-26 05:33:51: Copy Over 'C:/rock/bannister/Bannister/bin/x64/Debug/net8.0-windows10.0.19041.0/AppX/appiconLogo.targetsize-256.png' -> 'goodrive://www.googleapis.com/:personal:/bannister/bannister/bin/x64/Debug/net8.0-windows10.0.19041.0/AppX/appiconLogo.targetsize-256.png' (2,725)
2026-04-26 05:33:52: Copy Over 'C:/rock/bannister/Bannister/bin/x64/Debug/net8.0-windows10.0.19041.0/AppX/appiconLogo.targetsize-32.png' -> 'goodrive://www.googleapis.com/:personal:/bannister/bannister/bin/x64/Debug/net8.0-windows10.0.19041.0/AppX/appiconLogo.targetsize-32.png' (497)
2026-04-26 05:33:52: Copy Over 'C:/rock/bannister/Bannister/bin/x64/Debug/net8.0-windows10.0.19041.0/AppX/appiconLogo.targetsize-48.png' -> 'goodrive://www.googleapis.com/:personal:/bannister/bannister/bin/x64/Debug/net8.0-windows10.0.19041.0/AppX/appiconLogo.targetsize-48.png' (868)
2026-04-26 05:33:54: Copy Over 'C:/rock/bannister/Bannister/bin/x64/Debug/net8.0-windows10.0.19041.0/AppX/appiconMediumTile.scale-125.png' -> 'goodrive://www.googleapis.com/:personal:/bannister/bannister/bin/x64/Debug/net8.0-windows10.0.19041.0/AppX/appiconMediumTile.scale-125.png' (2,622)
2026-04-26 05:33:55: Copy Over 'C:/rock/bannister/Bannister/bin/x64/Debug/net8.0-windows10.0.19041.0/AppX/appiconMediumTile.scale-150.png' -> 'goodrive://www.googleapis.com/:personal:/bannister/bannister/bin/x64/Debug/net8.0-windows10.0.19041.0/AppX/appiconMediumTile.scale-150.png' (3,406)
2026-04-26 05:33:55: Copy Over 'C:/rock/bannister/Bannister/bin/x64/Debug/net8.0-windows10.0.19041.0/AppX/appiconMediumTile.scale-100.png' -> 'goodrive://www.googleapis.com/:personal:/bannister/bannister/bin/x64/Debug/net8.0-windows10.0.19041.0/AppX/appiconMediumTile.scale-100.png' (1,831)
2026-04-26 05:33:58: Copy Over 'C:/rock/bannister/Bannister/bin/x64/Debug/net8.0-windows10.0.19041.0/AppX/appiconMediumTile.scale-400.png' -> 'goodrive://www.googleapis.com/:personal:/bannister/bannister/bin/x64/Debug/net8.0-windows10.0.19041.0/AppX/appiconMediumTile.scale-400.png' (6,356)
2026-04-26 05:33:58: Copy Over 'C:/rock/bannister/Bannister/bin/x64/Debug/net8.0-windows10.0.19041.0/AppX/appiconSmallTile.scale-100.png' -> 'goodrive://www.googleapis.com/:personal:/bannister/bannister/bin/x64/Debug/net8.0-windows10.0.19041.0/AppX/appiconSmallTile.scale-100.png' (1,089)
2026-04-26 05:33:58: Copy Over 'C:/rock/bannister/Bannister/bin/x64/Debug/net8.0-windows10.0.19041.0/AppX/appiconMediumTile.scale-200.png' -> 'goodrive://www.googleapis.com/:personal:/bannister/bannister/bin/x64/Debug/net8.0-windows10.0.19041.0/AppX/appiconMediumTile.scale-200.png' (3,540)
2026-04-26 05:34:01: Copy Over 'C:/rock/bannister/Bannister/bin/x64/Debug/net8.0-windows10.0.19041.0/AppX/appiconSmallTile.scale-150.png' -> 'goodrive://www.googleapis.com/:personal:/bannister/bannister/bin/x64/Debug/net8.0-windows10.0.19041.0/AppX/appiconSmallTile.scale-150.png' (1,798)
2026-04-26 05:34:01: Copy Over 'C:/rock/bannister/Bannister/bin/x64/Debug/net8.0-windows10.0.19041.0/AppX/appiconSmallTile.scale-200.png' -> 'goodrive://www.googleapis.com/:personal:/bannister/bannister/bin/x64/Debug/net8.0-windows10.0.19041.0/AppX/appiconSmallTile.scale-200.png' (1,791)
2026-04-26 05:34:02: Copy Over 'C:/rock/bannister/Bannister/bin/x64/Debug/net8.0-windows10.0.19041.0/AppX/appiconSmallTile.scale-125.png' -> 'goodrive://www.googleapis.com/:personal:/bannister/bannister/bin/x64/Debug/net8.0-windows10.0.19041.0/AppX/appiconSmallTile.scale-125.png' (1,411)
2026-04-26 05:34:05: Copy Over 'C:/rock/bannister/Bannister/bin/x64/Debug/net8.0-windows10.0.19041.0/AppX/appiconSmallTile.scale-400.png' -> 'goodrive://www.googleapis.com/:personal:/bannister/bannister/bin/x64/Debug/net8.0-windows10.0.19041.0/AppX/appiconSmallTile.scale-400.png' (3,477)
2026-04-26 05:34:05: Copy Over 'C:/rock/bannister/Bannister/bin/x64/Debug/net8.0-windows10.0.19041.0/AppX/appiconStoreLogo.scale-100.png' -> 'goodrive://www.googleapis.com/:personal:/bannister/bannister/bin/x64/Debug/net8.0-windows10.0.19041.0/AppX/appiconStoreLogo.scale-100.png' (907)
2026-04-26 05:34:05: Copy Over 'C:/rock/bannister/Bannister/bin/x64/Debug/net8.0-windows10.0.19041.0/AppX/appiconStoreLogo.scale-125.png' -> 'goodrive://www.googleapis.com/:personal:/bannister/bannister/bin/x64/Debug/net8.0-windows10.0.19041.0/AppX/appiconStoreLogo.scale-125.png' (932)
2026-04-26 05:34:08: Copy Over 'C:/rock/bannister/Bannister/bin/x64/Debug/net8.0-windows10.0.19041.0/AppX/appiconStoreLogo.scale-150.png' -> 'goodrive://www.googleapis.com/:personal:/bannister/bannister/bin/x64/Debug/net8.0-windows10.0.19041.0/AppX/appiconStoreLogo.scale-150.png' (1,181)
2026-04-26 05:34:08: Copy Over 'C:/rock/bannister/Bannister/bin/x64/Debug/net8.0-windows10.0.19041.0/AppX/appiconStoreLogo.scale-200.png' -> 'goodrive://www.googleapis.com/:personal:/bannister/bannister/bin/x64/Debug/net8.0-windows10.0.19041.0/AppX/appiconStoreLogo.scale-200.png' (1,640)
2026-04-26 05:34:08: Copy Over 'C:/rock/bannister/Bannister/bin/x64/Debug/net8.0-windows10.0.19041.0/AppX/appiconStoreLogo.scale-400.png' -> 'goodrive://www.googleapis.com/:personal:/bannister/bannister/bin/x64/Debug/net8.0-windows10.0.19041.0/AppX/appiconStoreLogo.scale-400.png' (2,807)
2026-04-26 05:34:11: Copy Over 'C:/rock/bannister/Bannister/bin/x64/Debug/net8.0-windows10.0.19041.0/AppX/appiconWideTile.scale-150.png' -> 'goodrive://www.googleapis.com/:personal:/bannister/bannister/bin/x64/Debug/net8.0-windows10.0.19041.0/AppX/appiconWideTile.scale-150.png' (3,779)
2026-04-26 05:34:11: Copy Over 'C:/rock/bannister/Bannister/bin/x64/Debug/net8.0-windows10.0.19041.0/AppX/appiconWideTile.scale-125.png' -> 'goodrive://www.googleapis.com/:personal:/bannister/bannister/bin/x64/Debug/net8.0-windows10.0.19041.0/AppX/appiconWideTile.scale-125.png' (2,799)
2026-04-26 05:34:11: Copy Over 'C:/rock/bannister/Bannister/bin/x64/Debug/net8.0-windows10.0.19041.0/AppX/appiconWideTile.scale-100.png' -> 'goodrive://www.googleapis.com/:personal:/bannister/bannister/bin/x64/Debug/net8.0-windows10.0.19041.0/AppX/appiconWideTile.scale-100.png' (1,971)
2026-04-26 05:34:14: Copy Over 'C:/rock/bannister/Bannister/bin/x64/Debug/net8.0-windows10.0.19041.0/AppX/appiconWideTile.scale-200.png' -> 'goodrive://www.googleapis.com/:personal:/bannister/bannister/bin/x64/Debug/net8.0-windows10.0.19041.0/AppX/appiconWideTile.scale-200.png' (4,009)
2026-04-26 05:34:14: > Copy Over 'C:/rock/bannister/Bannister/bin/x64/Debug/net8.0-windows10.0.19041.0/AppX/Bannister.dll' -> 'goodrive://www.googleapis.com/:personal:/bannister/bannister/bin/x64/Debug/net8.0-windows10.0.19041.0/AppX/Bannister.dll' (3,486,720)
2026-04-26 05:34:15: Copy Over 'C:/rock/bannister/Bannister/bin/x64/Debug/net8.0-windows10.0.19041.0/AppX/appiconWideTile.scale-400.png' -> 'goodrive://www.googleapis.com/:personal:/bannister/bannister/bin/x64/Debug/net8.0-windows10.0.19041.0/AppX/appiconWideTile.scale-400.png' (8,061)
2026-04-26 05:34:15: Copy Over 'C:/rock/bannister/Bannister/bin/x64/Debug/net8.0-windows10.0.19041.0/AppX/AppxManifest.xml' -> 'goodrive://www.googleapis.com/:personal:/bannister/bannister/bin/x64/Debug/net8.0-windows10.0.19041.0/AppX/AppxManifest.xml' (2,821)
2026-04-26 05:34:15: > Copy Over 'C:/rock/bannister/Bannister/bin/x64/Debug/net8.0-windows10.0.19041.0/AppX/diet_dragon_default.scale-100.png' -> 'goodrive://www.googleapis.com/:personal:/bannister/bannister/bin/x64/Debug/net8.0-windows10.0.19041.0/AppX/diet_dragon_default.scale-100.png' (2,589,257)
2026-04-26 05:34:18: < Copy Over 'C:/rock/bannister/Bannister/bin/x64/Debug/net8.0-windows10.0.19041.0/AppX/Bannister.dll' -> 'goodrive://www.googleapis.com/:personal:/bannister/bannister/bin/x64/Debug/net8.0-windows10.0.19041.0/AppX/Bannister.dll' (3,486,720)
2026-04-26 05:34:18: > Copy Over 'C:/rock/bannister/Bannister/bin/x64/Debug/net8.0-windows10.0.19041.0/AppX/dragon_1.scale-100.png' -> 'goodrive://www.googleapis.com/:personal:/bannister/bannister/bin/x64/Debug/net8.0-windows10.0.19041.0/AppX/dragon_1.scale-100.png' (2,723,378)
2026-04-26 05:34:18: Copy Over 'C:/rock/bannister/Bannister/bin/x64/Debug/net8.0-windows10.0.19041.0/AppX/Bannister.exe' -> 'goodrive://www.googleapis.com/:personal:/bannister/bannister/bin/x64/Debug/net8.0-windows10.0.19041.0/AppX/Bannister.exe' (153,088)
2026-04-26 05:34:18: < Copy Over 'C:/rock/bannister/Bannister/bin/x64/Debug/net8.0-windows10.0.19041.0/AppX/diet_dragon_default.scale-100.png' -> 'goodrive://www.googleapis.com/:personal:/bannister/bannister/bin/x64/Debug/net8.0-windows10.0.19041.0/AppX/diet_dragon_default.scale-100.png' (2,589,257)
2026-04-26 05:34:22: < Copy Over 'C:/rock/bannister/Bannister/bin/x64/Debug/net8.0-windows10.0.19041.0/AppX/dragon_1.scale-100.png' -> 'goodrive://www.googleapis.com/:personal:/bannister/bannister/bin/x64/Debug/net8.0-windows10.0.19041.0/AppX/dragon_1.scale-100.png' (2,723,378)
2026-04-26 05:34:22: > Copy Over 'C:/rock/bannister/Bannister/bin/x64/Debug/net8.0-windows10.0.19041.0/AppX/dragon_12.scale-100.png' -> 'goodrive://www.googleapis.com/:personal:/bannister/bannister/bin/x64/Debug/net8.0-windows10.0.19041.0/AppX/dragon_12.scale-100.png' (2,653,474)
2026-04-26 05:34:22: Copy Over 'C:/rock/bannister/Bannister/bin/x64/Debug/net8.0-windows10.0.19041.0/AppX/dragon_10.scale-100.jpg' -> 'goodrive://www.googleapis.com/:personal:/bannister/bannister/bin/x64/Debug/net8.0-windows10.0.19041.0/AppX/dragon_10.scale-100.jpg' (237,270)
2026-04-26 05:34:22: Copy Over 'C:/rock/bannister/Bannister/bin/x64/Debug/net8.0-windows10.0.19041.0/AppX/dragon_11.scale-100.jpg' -> 'goodrive://www.googleapis.com/:personal:/bannister/bannister/bin/x64/Debug/net8.0-windows10.0.19041.0/AppX/dragon_11.scale-100.jpg' (198,159)
2026-04-26 05:34:26: Copy Over 'C:/rock/bannister/Bannister/bin/x64/Debug/net8.0-windows10.0.19041.0/AppX/dragon_14.scale-100.jpg' -> 'goodrive://www.googleapis.com/:personal:/bannister/bannister/bin/x64/Debug/net8.0-windows10.0.19041.0/AppX/dragon_14.scale-100.jpg' (246,495)
2026-04-26 05:34:26: Copy Over 'C:/rock/bannister/Bannister/bin/x64/Debug/net8.0-windows10.0.19041.0/AppX/dragon_13.scale-100.jpg' -> 'goodrive://www.googleapis.com/:personal:/bannister/bannister/bin/x64/Debug/net8.0-windows10.0.19041.0/AppX/dragon_13.scale-100.jpg' (197,912)
2026-04-26 05:34:26: > Copy Over 'C:/rock/bannister/Bannister/bin/x64/Debug/net8.0-windows10.0.19041.0/AppX/dragon_16.scale-100.png' -> 'goodrive://www.googleapis.com/:personal:/bannister/bannister/bin/x64/Debug/net8.0-windows10.0.19041.0/AppX/dragon_16.scale-100.png' (2,910,952)
2026-04-26 05:34:26: < Copy Over 'C:/rock/bannister/Bannister/bin/x64/Debug/net8.0-windows10.0.19041.0/AppX/dragon_12.scale-100.png' -> 'goodrive://www.googleapis.com/:personal:/bannister/bannister/bin/x64/Debug/net8.0-windows10.0.19041.0/AppX/dragon_12.scale-100.png' (2,653,474)
2026-04-26 05:34:26: > Copy Over 'C:/rock/bannister/Bannister/bin/x64/Debug/net8.0-windows10.0.19041.0/AppX/dragon_2.scale-100.png' -> 'goodrive://www.googleapis.com/:personal:/bannister/bannister/bin/x64/Debug/net8.0-windows10.0.19041.0/AppX/dragon_2.scale-100.png' (3,082,565)
2026-04-26 05:34:29: Copy Over 'C:/rock/bannister/Bannister/bin/x64/Debug/net8.0-windows10.0.19041.0/AppX/dragon_15.scale-100.jpg' -> 'goodrive://www.googleapis.com/:personal:/bannister/bannister/bin/x64/Debug/net8.0-windows10.0.19041.0/AppX/dragon_15.scale-100.jpg' (182,901)
2026-04-26 05:34:29: > Copy Over 'C:/rock/bannister/Bannister/bin/x64/Debug/net8.0-windows10.0.19041.0/AppX/dragon_3.scale-100.png' -> 'goodrive://www.googleapis.com/:personal:/bannister/bannister/bin/x64/Debug/net8.0-windows10.0.19041.0/AppX/dragon_3.scale-100.png' (2,448,473)
2026-04-26 05:34:30: < Copy Over 'C:/rock/bannister/Bannister/bin/x64/Debug/net8.0-windows10.0.19041.0/AppX/dragon_16.scale-100.png' -> 'goodrive://www.googleapis.com/:personal:/bannister/bannister/bin/x64/Debug/net8.0-windows10.0.19041.0/AppX/dragon_16.scale-100.png' (2,910,952)
2026-04-26 05:34:30: > Copy Over 'C:/rock/bannister/Bannister/bin/x64/Debug/net8.0-windows10.0.19041.0/AppX/dragon_4.scale-100.png' -> 'goodrive://www.googleapis.com/:personal:/bannister/bannister/bin/x64/Debug/net8.0-windows10.0.19041.0/AppX/dragon_4.scale-100.png' (2,691,012)
2026-04-26 05:34:30: < Copy Over 'C:/rock/bannister/Bannister/bin/x64/Debug/net8.0-windows10.0.19041.0/AppX/dragon_2.scale-100.png' -> 'goodrive://www.googleapis.com/:personal:/bannister/bannister/bin/x64/Debug/net8.0-windows10.0.19041.0/AppX/dragon_2.scale-100.png' (3,082,565)
2026-04-26 05:34:30: > Copy Over 'C:/rock/bannister/Bannister/bin/x64/Debug/net8.0-windows10.0.19041.0/AppX/dragon_5.scale-100.png' -> 'goodrive://www.googleapis.com/:personal:/bannister/bannister/bin/x64/Debug/net8.0-windows10.0.19041.0/AppX/dragon_5.scale-100.png' (2,910,815)
2026-04-26 05:34:33: < Copy Over 'C:/rock/bannister/Bannister/bin/x64/Debug/net8.0-windows10.0.19041.0/AppX/dragon_3.scale-100.png' -> 'goodrive://www.googleapis.com/:personal:/bannister/bannister/bin/x64/Debug/net8.0-windows10.0.19041.0/AppX/dragon_3.scale-100.png' (2,448,473)
2026-04-26 05:34:33: > Copy Over 'C:/rock/bannister/Bannister/bin/x64/Debug/net8.0-windows10.0.19041.0/AppX/dragon_6.scale-100.png' -> 'goodrive://www.googleapis.com/:personal:/bannister/bannister/bin/x64/Debug/net8.0-windows10.0.19041.0/AppX/dragon_6.scale-100.png' (1,845,530)
2026-04-26 05:34:33: < Copy Over 'C:/rock/bannister/Bannister/bin/x64/Debug/net8.0-windows10.0.19041.0/AppX/dragon_4.scale-100.png' -> 'goodrive://www.googleapis.com/:personal:/bannister/bannister/bin/x64/Debug/net8.0-windows10.0.19041.0/AppX/dragon_4.scale-100.png' (2,691,012)
2026-04-26 05:34:33: > Copy Over 'C:/rock/bannister/Bannister/bin/x64/Debug/net8.0-windows10.0.19041.0/AppX/dragon_7.scale-100.png' -> 'goodrive://www.googleapis.com/:personal:/bannister/bannister/bin/x64/Debug/net8.0-windows10.0.19041.0/AppX/dragon_7.scale-100.png' (2,463,058)
2026-04-26 05:34:35: < Copy Over 'C:/rock/bannister/Bannister/bin/x64/Debug/net8.0-windows10.0.19041.0/AppX/dragon_5.scale-100.png' -> 'goodrive://www.googleapis.com/:personal:/bannister/bannister/bin/x64/Debug/net8.0-windows10.0.19041.0/AppX/dragon_5.scale-100.png' (2,910,815)
2026-04-26 05:34:35: > Copy Over 'C:/rock/bannister/Bannister/bin/x64/Debug/net8.0-windows10.0.19041.0/AppX/dragon_8.scale-100.png' -> 'goodrive://www.googleapis.com/:personal:/bannister/bannister/bin/x64/Debug/net8.0-windows10.0.19041.0/AppX/dragon_8.scale-100.png' (2,565,066)
2026-04-26 05:34:37: < Copy Over 'C:/rock/bannister/Bannister/bin/x64/Debug/net8.0-windows10.0.19041.0/AppX/dragon_6.scale-100.png' -> 'goodrive://www.googleapis.com/:personal:/bannister/bannister/bin/x64/Debug/net8.0-windows10.0.19041.0/AppX/dragon_6.scale-100.png' (1,845,530)
2026-04-26 05:34:38: < Copy Over 'C:/rock/bannister/Bannister/bin/x64/Debug/net8.0-windows10.0.19041.0/AppX/dragon_7.scale-100.png' -> 'goodrive://www.googleapis.com/:personal:/bannister/bannister/bin/x64/Debug/net8.0-windows10.0.19041.0/AppX/dragon_7.scale-100.png' (2,463,058)
2026-04-26 05:34:38: > Copy Over 'C:/rock/bannister/Bannister/bin/x64/Debug/net8.0-windows10.0.19041.0/AppX/dragon_slayer_1.scale-100.png' -> 'goodrive://www.googleapis.com/:personal:/bannister/bannister/bin/x64/Debug/net8.0-windows10.0.19041.0/AppX/dragon_slayer_1.scale-100.png' (2,365,142)
2026-04-26 05:34:39: < Copy Over 'C:/rock/bannister/Bannister/bin/x64/Debug/net8.0-windows10.0.19041.0/AppX/dragon_8.scale-100.png' -> 'goodrive://www.googleapis.com/:personal:/bannister/bannister/bin/x64/Debug/net8.0-windows10.0.19041.0/AppX/dragon_8.scale-100.png' (2,565,066)
2026-04-26 05:34:41: Copy Over 'C:/rock/bannister/Bannister/bin/x64/Debug/net8.0-windows10.0.19041.0/AppX/dragon_9.scale-100.jpg' -> 'goodrive://www.googleapis.com/:personal:/bannister/bannister/bin/x64/Debug/net8.0-windows10.0.19041.0/AppX/dragon_9.scale-100.jpg' (149,465)
2026-04-26 05:34:42: < Copy Over 'C:/rock/bannister/Bannister/bin/x64/Debug/net8.0-windows10.0.19041.0/AppX/dragon_slayer_1.scale-100.png' -> 'goodrive://www.googleapis.com/:personal:/bannister/bannister/bin/x64/Debug/net8.0-windows10.0.19041.0/AppX/dragon_slayer_1.scale-100.png' (2,365,142)
2026-04-26 05:34:43: C:/rock/bannister/bannister/bin/x64/Debug/net8.0-windows10.0.19041.0/AppX/vs.appxrecipe: Source file has changed between Analyze and Sync from '[file] size=63,169 accu-time=2026-04-26 05:23:07 attr=Archive,WArchive cktype=0' to 'size=63,169 time=2026-04-26 05:34:02', noted in source file state
2026-04-26 05:34:43: Copy Over 'C:/rock/bannister/Bannister/bin/x64/Debug/net8.0-windows10.0.19041.0/AppX/vs.appxrecipe' -> 'goodrive://www.googleapis.com/:personal:/bannister/bannister/bin/x64/Debug/net8.0-windows10.0.19041.0/AppX/vs.appxrecipe' (63,169)
2026-04-26 05:34:43: > Copy Over 'C:/rock/bannister/Bannister/bin/x64/Debug/net8.0-windows10.0.19041.0/Bannister.dll' -> 'goodrive://www.googleapis.com/:personal:/bannister/bannister/bin/x64/Debug/net8.0-windows10.0.19041.0/Bannister.dll' (3,486,720)
2026-04-26 05:34:44: Copy Over 'C:/rock/bannister/Bannister/bin/x64/Debug/net8.0-windows10.0.19041.0/AppxManifest.xml' -> 'goodrive://www.googleapis.com/:personal:/bannister/bannister/bin/x64/Debug/net8.0-windows10.0.19041.0/AppxManifest.xml' (2,821)
2026-04-26 05:34:45: Copy Over 'C:/rock/bannister/Bannister/bin/x64/Debug/net8.0-windows10.0.19041.0/Bannister.build.appxrecipe' -> 'goodrive://www.googleapis.com/:personal:/bannister/bannister/bin/x64/Debug/net8.0-windows10.0.19041.0/Bannister.build.appxrecipe' (52,724)
2026-04-26 05:34:46: < Copy Over 'C:/rock/bannister/Bannister/bin/x64/Debug/net8.0-windows10.0.19041.0/Bannister.dll' -> 'goodrive://www.googleapis.com/:personal:/bannister/bannister/bin/x64/Debug/net8.0-windows10.0.19041.0/Bannister.dll' (3,486,720)
2026-04-26 05:34:47: Copy Over 'C:/rock/bannister/Bannister/bin/x64/Debug/net8.0-windows10.0.19041.0/Bannister.exe' -> 'goodrive://www.googleapis.com/:personal:/bannister/bannister/bin/x64/Debug/net8.0-windows10.0.19041.0/Bannister.exe' (153,088)
2026-04-26 05:34:48: Copy Over 'C:/rock/bannister/Bannister/bin/x64/Debug/net8.0-windows10.0.19041.0/Bannister.pdb' -> 'goodrive://www.googleapis.com/:personal:/bannister/bannister/bin/x64/Debug/net8.0-windows10.0.19041.0/Bannister.pdb' (750,760)
2026-04-26 05:34:50: Copy New 'C:/rock/bannister/Bannister/Views/CalendarPage.cs' -> 'goodrive://www.googleapis.com/:personal:/bannister/bannister/Views/CalendarPage.cs' (71,070)
2026-04-26 05:34:50: Copy New 'C:/rock/bannister/Bannister/Views/FloatingChecklist.cs' -> 'goodrive://www.googleapis.com/:personal:/bannister/bannister/Views/FloatingChecklist.cs' (9,233)
2026-04-26 05:34:51: Copy Over 'C:/rock/bannister/Bannister/Services/ActivityService.cs' -> 'goodrive://www.googleapis.com/:personal:/bannister/bannister/Services/ActivityService.cs' (30,832)
2026-04-26 05:34:54: Copy Over 'C:/rock/bannister/Bannister/Views/TasksPage.cs' -> 'goodrive://www.googleapis.com/:personal:/bannister/bannister/Views/TasksPage.cs' (39,332)
2026-04-26 05:34:54: Copy Over 'C:/rock/bannister/Bannister/Views/IdeasPage.cs' -> 'goodrive://www.googleapis.com/:personal:/bannister/bannister/Views/IdeasPage.cs' (35,103)
2026-04-26 05:34:55: Copy Over 'C:/rock/bannister/Bannister/Views/HomePage.cs' -> 'goodrive://www.googleapis.com/:personal:/bannister/bannister/Views/HomePage.cs' (25,306)
2026-04-26 05:34:58: Copy Over 'C:/rock/bannister/Bannister/Views/storyproduction/StoryProductionHubPage.cs' -> 'goodrive://www.googleapis.com/:personal:/bannister/bannister/Views/storyproduction/StoryProductionHubPage.cs' (5,686)
2026-04-26 05:34:59: Copy Over 'C:/rock/bannister/Bannister/Views/storyproduction/StoryProductionPage.cs' -> 'goodrive://www.googleapis.com/:personal:/bannister/bannister/Views/storyproduction/StoryProductionPage.cs' (185,816)
2026-04-26 05:34:59: Save State File C:/rock/bannister/_gsdata_/_file_state_v4._gs
2026-04-26 05:34:59: CopyFileSimple: CloseUpload: ERR: Cannot flush chunk: [SSL sending [-1] www.googleapis.com:443]: Connection was reset by remote machine
2026-04-26 05:34:59: Waiting for 0 + 0 of 4 sec on CopyFileSimple: CloseUpload: Cannot flush chunk: [SSL sending [-1] www.googleapis.com:443]: Connection was reset by remote machine
2026-04-26 05:35:04: Recovered the connection, continuing operations
2026-04-26 05:35:07: Save State File goodrive://www.googleapis.com/:personal:/bannister/_gsdata_/_file_state_v4._gs
2026-04-26 05:35:07: Release Snapshot of Volume C:
2026-04-26 05:35:11: == Sync Complete. Time: 00:04:39, Speed: 435.14 KB/s, OK: 257, Errors: 0
