2026-03-08 07:25:14: -- Analysis Started by On Schedule Min=30 Hour=5 
2026-03-08 07:25:14: L: Reading State File C:/Users/mr big/Dropbox/code/c sharp/projects/open_source/maui/bannister/_gsdata_/_file_state_v4._gs
2026-03-08 07:25:21: R: Reading State File goodrive://www.googleapis.com/:personal:/bannister_open_source/_gsdata_/_file_state_v4._gs
2026-03-08 07:35:52: Changes: 166, Conflicts: 0, CopyTime: 0, FixState: 0, Errors: 0, All: 6581
2026-03-08 07:35:52: Left to Right: Copy File: 160 Delete File: 6 
2026-03-08 07:35:52: == Sync Started by On Schedule Min=30 Hour=5 
2026-03-08 07:35:52: ConnectCloned connected to file:///C:/Users/mr big/Dropbox/code/c sharp/projects/open_source/maui/bannister
2026-03-08 07:35:52: ConnectCloned connected to file:///C:/Users/mr big/Dropbox/code/c sharp/projects/open_source/maui/bannister
2026-03-08 07:35:52: ConnectCloned connected to file:///C:/Users/mr big/Dropbox/code/c sharp/projects/open_source/maui/bannister
2026-03-08 07:35:52: GsConnectAndSetRoot1 connected to goodrive://www.googleapis.com/:personal:/bannister_open_source
2026-03-08 07:35:52: GsConnectAndSetRoot1 connected to goodrive://www.googleapis.com/:personal:/bannister_open_source
2026-03-08 07:35:52: GsConnectAndSetRoot1 connected to goodrive://www.googleapis.com/:personal:/bannister_open_source
2026-03-08 07:35:52: > Copy Over 'C:/Users/mr big/Dropbox/code/c sharp/projects/open_source/maui/bannister/.vs/ProjectEvaluation/bannister.projects.v9.bin' -> 'goodrive://www.googleapis.com/:personal:/bannister_open_source/.vs/ProjectEvaluation/bannister.projects.v9.bin' (3,119,477)
2026-03-08 07:35:59: Copy Over 'C:/Users/mr big/Dropbox/code/c sharp/projects/open_source/maui/bannister/.vs/ProjectEvaluation/bannister.metadata.v9.bin' -> 'goodrive://www.googleapis.com/:personal:/bannister_open_source/.vs/ProjectEvaluation/bannister.metadata.v9.bin' (6,499)
2026-03-08 07:35:59: Copy Over 'C:/Users/mr big/Dropbox/code/c sharp/projects/open_source/maui/bannister/Bannister/Bannister.csproj' -> 'goodrive://www.googleapis.com/:personal:/bannister_open_source/Bannister/Bannister.csproj' (2,677)
2026-03-08 07:35:59: > Copy Over 'C:/Users/mr big/Dropbox/code/c sharp/projects/open_source/maui/bannister/.vs/Bannister/CopilotIndices/17.13.441.19478/CodeChunks.db' -> 'goodrive://www.googleapis.com/:personal:/bannister_open_source/.vs/Bannister/CopilotIndices/17.13.441.19478/CodeChunks.db' (2,134,016)
2026-03-08 07:36:00: < Copy Over 'C:/Users/mr big/Dropbox/code/c sharp/projects/open_source/maui/bannister/.vs/ProjectEvaluation/bannister.projects.v9.bin' -> 'goodrive://www.googleapis.com/:personal:/bannister_open_source/.vs/ProjectEvaluation/bannister.projects.v9.bin' (3,119,477)
2026-03-08 07:36:06: Copy Over 'C:/Users/mr big/Dropbox/code/c sharp/projects/open_source/maui/bannister/Bannister/bin/x64/Debug/net8.0-windows10.0.19041.0/win10-x64/AppxManifest.xml' -> 'goodrive://www.googleapis.com/:personal:/bannister_open_source/Bannister/bin/x64/Debug/net8.0-windows10.0.19041.0/win10-x64/AppxManifest.xml' (2,821)
2026-03-08 07:36:06: Copy Over 'C:/Users/mr big/Dropbox/code/c sharp/projects/open_source/maui/bannister/.vs/ProjectEvaluation/bannister.strings.v9.bin' -> 'goodrive://www.googleapis.com/:personal:/bannister_open_source/.vs/ProjectEvaluation/bannister.strings.v9.bin' (295,614)
2026-03-08 07:36:06: < Copy Over 'C:/Users/mr big/Dropbox/code/c sharp/projects/open_source/maui/bannister/.vs/Bannister/CopilotIndices/17.13.441.19478/CodeChunks.db' -> 'goodrive://www.googleapis.com/:personal:/bannister_open_source/.vs/Bannister/CopilotIndices/17.13.441.19478/CodeChunks.db' (2,134,016)
2026-03-08 07:36:06: > Copy Over 'C:/Users/mr big/Dropbox/code/c sharp/projects/open_source/maui/bannister/Bannister/bin/x64/Debug/net8.0-windows10.0.19041.0/win10-x64/AppX/Bannister.dll' -> 'goodrive://www.googleapis.com/:personal:/bannister_open_source/Bannister/bin/x64/Debug/net8.0-windows10.0.19041.0/win10-x64/AppX/Bannister.dll' (1,677,312)
2026-03-08 07:36:10: Copy Over 'C:/Users/mr big/Dropbox/code/c sharp/projects/open_source/maui/bannister/Bannister/bin/x64/Debug/net8.0-windows10.0.19041.0/win10-x64/AppX/AppxManifest.xml' -> 'goodrive://www.googleapis.com/:personal:/bannister_open_source/Bannister/bin/x64/Debug/net8.0-windows10.0.19041.0/win10-x64/AppX/AppxManifest.xml' (2,821)
2026-03-08 07:36:10: Copy Over 'C:/Users/mr big/Dropbox/code/c sharp/projects/open_source/maui/bannister/Bannister/bin/x64/Debug/net8.0-windows10.0.19041.0/win10-x64/AppX/Bannister.deps.json' -> 'goodrive://www.googleapis.com/:personal:/bannister_open_source/Bannister/bin/x64/Debug/net8.0-windows10.0.19041.0/win10-x64/AppX/Bannister.deps.json' (32,443)
2026-03-08 07:36:11: < Copy Over 'C:/Users/mr big/Dropbox/code/c sharp/projects/open_source/maui/bannister/Bannister/bin/x64/Debug/net8.0-windows10.0.19041.0/win10-x64/AppX/Bannister.dll' -> 'goodrive://www.googleapis.com/:personal:/bannister_open_source/Bannister/bin/x64/Debug/net8.0-windows10.0.19041.0/win10-x64/AppX/Bannister.dll' (1,677,312)
2026-03-08 07:36:15: Copy Over 'C:/Users/mr big/Dropbox/code/c sharp/projects/open_source/maui/bannister/Bannister/bin/x64/Debug/net8.0-windows10.0.19041.0/win10-x64/AppX/resources.pri' -> 'goodrive://www.googleapis.com/:personal:/bannister_open_source/Bannister/bin/x64/Debug/net8.0-windows10.0.19041.0/win10-x64/AppX/resources.pri' (140,664)
2026-03-08 07:36:15: Copy Over 'C:/Users/mr big/Dropbox/code/c sharp/projects/open_source/maui/bannister/Bannister/bin/x64/Debug/net8.0-windows10.0.19041.0/win10-x64/AppX/vs.appxrecipe' -> 'goodrive://www.googleapis.com/:personal:/bannister_open_source/Bannister/bin/x64/Debug/net8.0-windows10.0.19041.0/win10-x64/AppX/vs.appxrecipe' (59,032)
2026-03-08 07:36:15: Copy Over 'C:/Users/mr big/Dropbox/code/c sharp/projects/open_source/maui/bannister/Bannister/bin/x64/Debug/net8.0-windows10.0.19041.0/win10-x64/AppX/Bannister.exe' -> 'goodrive://www.googleapis.com/:personal:/bannister_open_source/Bannister/bin/x64/Debug/net8.0-windows10.0.19041.0/win10-x64/AppX/Bannister.exe' (153,088)
2026-03-08 07:36:15: > Copy Over 'C:/Users/mr big/Dropbox/code/c sharp/projects/open_source/maui/bannister/Bannister/bin/x64/Debug/net8.0-windows10.0.19041.0/win10-x64/Bannister.dll' -> 'goodrive://www.googleapis.com/:personal:/bannister_open_source/Bannister/bin/x64/Debug/net8.0-windows10.0.19041.0/win10-x64/Bannister.dll' (1,677,312)
2026-03-08 07:36:19: < Copy Over 'C:/Users/mr big/Dropbox/code/c sharp/projects/open_source/maui/bannister/Bannister/bin/x64/Debug/net8.0-windows10.0.19041.0/win10-x64/Bannister.dll' -> 'goodrive://www.googleapis.com/:personal:/bannister_open_source/Bannister/bin/x64/Debug/net8.0-windows10.0.19041.0/win10-x64/Bannister.dll' (1,677,312)
2026-03-08 07:36:20: Copy Over 'C:/Users/mr big/Dropbox/code/c sharp/projects/open_source/maui/bannister/Bannister/bin/x64/Debug/net8.0-windows10.0.19041.0/win10-x64/Bannister.deps.json' -> 'goodrive://www.googleapis.com/:personal:/bannister_open_source/Bannister/bin/x64/Debug/net8.0-windows10.0.19041.0/win10-x64/Bannister.deps.json' (32,443)
2026-03-08 07:36:20: Copy Over 'C:/Users/mr big/Dropbox/code/c sharp/projects/open_source/maui/bannister/Bannister/bin/x64/Debug/net8.0-windows10.0.19041.0/win10-x64/Bannister.build.appxrecipe' -> 'goodrive://www.googleapis.com/:personal:/bannister_open_source/Bannister/bin/x64/Debug/net8.0-windows10.0.19041.0/win10-x64/Bannister.build.appxrecipe' (50,103)
2026-03-08 07:36:23: Copy Over 'C:/Users/mr big/Dropbox/code/c sharp/projects/open_source/maui/bannister/Bannister/bin/x64/Debug/net8.0-windows10.0.19041.0/win10-x64/Bannister.exe' -> 'goodrive://www.googleapis.com/:personal:/bannister_open_source/Bannister/bin/x64/Debug/net8.0-windows10.0.19041.0/win10-x64/Bannister.exe' (153,088)
2026-03-08 07:36:24: Copy Over 'C:/Users/mr big/Dropbox/code/c sharp/projects/open_source/maui/bannister/Bannister/bin/x64/Debug/net8.0-windows10.0.19041.0/win10-x64/resources.pri' -> 'goodrive://www.googleapis.com/:personal:/bannister_open_source/Bannister/bin/x64/Debug/net8.0-windows10.0.19041.0/win10-x64/resources.pri' (140,664)
2026-03-08 07:36:24: > Copy Over 'C:/Users/mr big/Dropbox/code/c sharp/projects/open_source/maui/bannister/.vs/Bannister/CopilotIndices/17.13.441.19478/CodeChunks.db-wal' -> 'goodrive://www.googleapis.com/:personal:/bannister_open_source/.vs/Bannister/CopilotIndices/17.13.441.19478/CodeChunks.db-wal' (4,140,632)
2026-03-08 07:36:25: Copy Over 'C:/Users/mr big/Dropbox/code/c sharp/projects/open_source/maui/bannister/Bannister/bin/x64/Debug/net8.0-windows10.0.19041.0/win10-x64/Bannister.pdb' -> 'goodrive://www.googleapis.com/:personal:/bannister_open_source/Bannister/bin/x64/Debug/net8.0-windows10.0.19041.0/win10-x64/Bannister.pdb' (373,856)
2026-03-08 07:36:27: Copy Over 'C:/Users/mr big/Dropbox/code/c sharp/projects/open_source/maui/bannister/.vs/Bannister/CopilotIndices/17.13.441.19478/CodeChunks.db-shm' -> 'goodrive://www.googleapis.com/:personal:/bannister_open_source/.vs/Bannister/CopilotIndices/17.13.441.19478/CodeChunks.db-shm' (32,768)
2026-03-08 07:36:28: Copy Over 'C:/Users/mr big/Dropbox/code/c sharp/projects/open_source/maui/bannister/.vs/Bannister/CopilotIndices/17.13.441.19478/SemanticSymbols.db' -> 'goodrive://www.googleapis.com/:personal:/bannister_open_source/.vs/Bannister/CopilotIndices/17.13.441.19478/SemanticSymbols.db' (884,736)
2026-03-08 07:36:28: > Copy Over 'C:/Users/mr big/Dropbox/code/c sharp/projects/open_source/maui/bannister/.vs/Bannister/CopilotIndices/17.13.441.19478/SemanticSymbols.db-wal' -> 'goodrive://www.googleapis.com/:personal:/bannister_open_source/.vs/Bannister/CopilotIndices/17.13.441.19478/SemanticSymbols.db-wal' (4,194,192)
2026-03-08 07:36:28: C:/Users/mr big/Dropbox/code/c sharp/projects/open_source/maui/bannister/.vs/Bannister/CopilotIndices/17.13.441.19478/CodeChunks.db-wal: Source file has changed between Analyze and Sync from '[file] size=4,140,632 accu-time=2026-03-07 22:09:35 attr=Archive,WArchive cktype=0' to 'size=4,140,632 time=2026-03-07 22:18:16', noted in source file state
2026-03-08 07:36:28: < Copy Over 'C:/Users/mr big/Dropbox/code/c sharp/projects/open_source/maui/bannister/.vs/Bannister/CopilotIndices/17.13.441.19478/CodeChunks.db-wal' -> 'goodrive://www.googleapis.com/:personal:/bannister_open_source/.vs/Bannister/CopilotIndices/17.13.441.19478/CodeChunks.db-wal' (4,140,632)
2026-03-08 07:36:31: Copy Over 'C:/Users/mr big/Dropbox/code/c sharp/projects/open_source/maui/bannister/.vs/Bannister/CopilotIndices/17.13.441.19478/SemanticSymbols.db-shm' -> 'goodrive://www.googleapis.com/:personal:/bannister_open_source/.vs/Bannister/CopilotIndices/17.13.441.19478/SemanticSymbols.db-shm' (32,768)
2026-03-08 07:36:32: Copy Over 'C:/Users/mr big/Dropbox/code/c sharp/projects/open_source/maui/bannister/.vs/Bannister/DesignTimeBuild/.dtbcache.v2' -> 'goodrive://www.googleapis.com/:personal:/bannister_open_source/.vs/Bannister/DesignTimeBuild/.dtbcache.v2' (188,051)
2026-03-08 07:36:32: Delete File goodrive://www.googleapis.com/:personal:/bannister_open_source/.vs/Bannister/FileContentIndex/5456eeab-2a41-4c9e-9681-c8e61dc95030.vsidx
2026-03-08 07:36:33: C:/Users/mr big/Dropbox/code/c sharp/projects/open_source/maui/bannister/.vs/Bannister/CopilotIndices/17.13.441.19478/SemanticSymbols.db-wal: Source file has changed between Analyze and Sync from '[file] size=4,194,192 accu-time=2026-03-07 21:34:14 attr=Archive,WArchive cktype=0' to 'size=4,194,192 time=2026-03-07 22:18:16', noted in source file state
2026-03-08 07:36:33: < Copy Over 'C:/Users/mr big/Dropbox/code/c sharp/projects/open_source/maui/bannister/.vs/Bannister/CopilotIndices/17.13.441.19478/SemanticSymbols.db-wal' -> 'goodrive://www.googleapis.com/:personal:/bannister_open_source/.vs/Bannister/CopilotIndices/17.13.441.19478/SemanticSymbols.db-wal' (4,194,192)
2026-03-08 07:36:33: CopyFileSimple: OpenDownload: ERR: Cannot open file C:/Users/mr big/Dropbox/code/c sharp/projects/open_source/maui/bannister/.vs/Bannister/FileContentIndex/6d433844-3697-439f-a430-e19b5d1e090d.vsidx: cannot open file 'C:/Users/mr big/Dropbox/code/c sharp/projects/open_source/maui/bannister/.vs/Bannister/FileContentIndex/6d433844-3697-439f-a430-e19b5d1e090d.vsidx': The process cannot access the file because it is being used by another process.  (error 32)
2026-03-08 07:36:33: Connecting to Elevated Local GoodSync Server to complete operation
2026-03-08 07:36:33: LOCAL C:(127.0.0.1) -> S:127.0.0.1:33333
2026-03-08 07:36:33: Delete File goodrive://www.googleapis.com/:personal:/bannister_open_source/.vs/Bannister/FileContentIndex/597a118e-2410-478f-a75e-9e485fa17520.vsidx
2026-03-08 07:36:33: CopyFileSimple: OpenDownload: ERR: Cannot open file C:/Users/mr big/Dropbox/code/c sharp/projects/open_source/maui/bannister/.vs/Bannister/FileContentIndex/98f52955-e663-47b5-9afd-730683895ee5.vsidx: cannot open file 'C:/Users/mr big/Dropbox/code/c sharp/projects/open_source/maui/bannister/.vs/Bannister/FileContentIndex/98f52955-e663-47b5-9afd-730683895ee5.vsidx': The process cannot access the file because it is being used by another process.  (error 32)
2026-03-08 07:36:33: Delete File goodrive://www.googleapis.com/:personal:/bannister_open_source/.vs/Bannister/FileContentIndex/624f377e-269d-487b-a046-fe0447c54814.vsidx
2026-03-08 07:36:34: Delete File goodrive://www.googleapis.com/:personal:/bannister_open_source/.vs/Bannister/FileContentIndex/a0d9850c-0f30-4f51-a770-e1c627721839.vsidx
2026-03-08 07:36:34: CopyFileSimple: OpenDownload: ERR: Cannot open file C:/Users/mr big/Dropbox/code/c sharp/projects/open_source/maui/bannister/.vs/Bannister/FileContentIndex/e7f6cfae-d48e-49a1-93e4-e4d49ef3bff7.vsidx: cannot open file 'C:/Users/mr big/Dropbox/code/c sharp/projects/open_source/maui/bannister/.vs/Bannister/FileContentIndex/e7f6cfae-d48e-49a1-93e4-e4d49ef3bff7.vsidx': The process cannot access the file because it is being used by another process.  (error 32)
2026-03-08 07:38:46: Created Snapshot of Volume 'C:' at '/GLOBALROOT/Device/HarddiskVolumeShadowCopy7', Elevated
2026-03-08 07:38:46: Open File Snap GetShadow: AbsPath=/GLOBALROOT/Device/HarddiskVolumeShadowCopy7/Users/mr big/Dropbox/code/c sharp/projects/open_source/maui/bannister/.vs/Bannister/FileContentIndex/6d433844-3697-439f-a430-e19b5d1e090d.vsidx SnapshotPath=/GLOBALROOT/Device/HarddiskVolumeShadowCopy7 SnapVolume=C:
2026-03-08 07:38:46: Open File Snap GetShadow: AbsPath=/GLOBALROOT/Device/HarddiskVolumeShadowCopy7/Users/mr big/Dropbox/code/c sharp/projects/open_source/maui/bannister/.vs/Bannister/FileContentIndex/e7f6cfae-d48e-49a1-93e4-e4d49ef3bff7.vsidx SnapshotPath=/GLOBALROOT/Device/HarddiskVolumeShadowCopy7 SnapVolume=C:
2026-03-08 07:38:46: Open File Snap GetShadow: AbsPath=/GLOBALROOT/Device/HarddiskVolumeShadowCopy7/Users/mr big/Dropbox/code/c sharp/projects/open_source/maui/bannister/.vs/Bannister/FileContentIndex/98f52955-e663-47b5-9afd-730683895ee5.vsidx SnapshotPath=/GLOBALROOT/Device/HarddiskVolumeShadowCopy7 SnapVolume=C:
2026-03-08 07:38:49: Copy New 'C:/Users/mr big/Dropbox/code/c sharp/projects/open_source/maui/bannister/.vs/Bannister/FileContentIndex/6d433844-3697-439f-a430-e19b5d1e090d.vsidx' -> 'goodrive://www.googleapis.com/:personal:/bannister_open_source/.vs/Bannister/FileContentIndex/6d433844-3697-439f-a430-e19b5d1e090d.vsidx' (137,537)
2026-03-08 07:38:49: Copy New 'C:/Users/mr big/Dropbox/code/c sharp/projects/open_source/maui/bannister/.vs/Bannister/FileContentIndex/98f52955-e663-47b5-9afd-730683895ee5.vsidx' -> 'goodrive://www.googleapis.com/:personal:/bannister_open_source/.vs/Bannister/FileContentIndex/98f52955-e663-47b5-9afd-730683895ee5.vsidx' (138,319)
2026-03-08 07:38:49: CopyFileSimple: OpenDownload: ERR: Cannot open file C:/Users/mr big/Dropbox/code/c sharp/projects/open_source/maui/bannister/.vs/Bannister/FileContentIndex/f2edc192-1cf9-4fd9-b7b9-cd83f2e779d9.vsidx: cannot open file 'C:/Users/mr big/Dropbox/code/c sharp/projects/open_source/maui/bannister/.vs/Bannister/FileContentIndex/f2edc192-1cf9-4fd9-b7b9-cd83f2e779d9.vsidx': The process cannot access the file because it is being used by another process.  (error 32)
2026-03-08 07:38:49: Copy New 'C:/Users/mr big/Dropbox/code/c sharp/projects/open_source/maui/bannister/.vs/Bannister/FileContentIndex/e7f6cfae-d48e-49a1-93e4-e4d49ef3bff7.vsidx' -> 'goodrive://www.googleapis.com/:personal:/bannister_open_source/.vs/Bannister/FileContentIndex/e7f6cfae-d48e-49a1-93e4-e4d49ef3bff7.vsidx' (132,082)
2026-03-08 07:38:49: CopyFileSimple: OpenDownload: ERR: Cannot open file C:/Users/mr big/Dropbox/code/c sharp/projects/open_source/maui/bannister/.vs/Bannister/FileContentIndex/f42b5caa-b35e-405b-bbb0-bfc3e61fa3eb.vsidx: cannot open file 'C:/Users/mr big/Dropbox/code/c sharp/projects/open_source/maui/bannister/.vs/Bannister/FileContentIndex/f42b5caa-b35e-405b-bbb0-bfc3e61fa3eb.vsidx': The process cannot access the file because it is being used by another process.  (error 32)
2026-03-08 07:38:49: Open File Snap GetShadow: AbsPath=/GLOBALROOT/Device/HarddiskVolumeShadowCopy7/Users/mr big/Dropbox/code/c sharp/projects/open_source/maui/bannister/.vs/Bannister/FileContentIndex/f2edc192-1cf9-4fd9-b7b9-cd83f2e779d9.vsidx SnapshotPath=/GLOBALROOT/Device/HarddiskVolumeShadowCopy7 SnapVolume=C:
2026-03-08 07:38:49: Open File Snap GetShadow: AbsPath=/GLOBALROOT/Device/HarddiskVolumeShadowCopy7/Users/mr big/Dropbox/code/c sharp/projects/open_source/maui/bannister/.vs/Bannister/FileContentIndex/f42b5caa-b35e-405b-bbb0-bfc3e61fa3eb.vsidx SnapshotPath=/GLOBALROOT/Device/HarddiskVolumeShadowCopy7 SnapVolume=C:
2026-03-08 07:38:50: Delete File goodrive://www.googleapis.com/:personal:/bannister_open_source/.vs/Bannister/FileContentIndex/ea0abb38-3e1b-46b9-bb5a-5cdb4370ca0a.vsidx
2026-03-08 07:38:52: Copy New 'C:/Users/mr big/Dropbox/code/c sharp/projects/open_source/maui/bannister/.vs/Bannister/FileContentIndex/f42b5caa-b35e-405b-bbb0-bfc3e61fa3eb.vsidx' -> 'goodrive://www.googleapis.com/:personal:/bannister_open_source/.vs/Bannister/FileContentIndex/f42b5caa-b35e-405b-bbb0-bfc3e61fa3eb.vsidx' (130,888)
2026-03-08 07:38:53: Copy New 'C:/Users/mr big/Dropbox/code/c sharp/projects/open_source/maui/bannister/.vs/Bannister/FileContentIndex/f2edc192-1cf9-4fd9-b7b9-cd83f2e779d9.vsidx' -> 'goodrive://www.googleapis.com/:personal:/bannister_open_source/.vs/Bannister/FileContentIndex/f2edc192-1cf9-4fd9-b7b9-cd83f2e779d9.vsidx' (146,171)
2026-03-08 07:38:55: Copy Over 'C:/Users/mr big/Dropbox/code/c sharp/projects/open_source/maui/bannister/Bannister/MauiProgram.cs' -> 'goodrive://www.googleapis.com/:personal:/bannister_open_source/Bannister/MauiProgram.cs' (3,563)
2026-03-08 07:38:56: Copy Over 'C:/Users/mr big/Dropbox/code/c sharp/projects/open_source/maui/bannister/.vs/Bannister/v17/.futdcache.v2' -> 'goodrive://www.googleapis.com/:personal:/bannister_open_source/.vs/Bannister/v17/.futdcache.v2' (786)
2026-03-08 07:38:57: Copy Over 'C:/Users/mr big/Dropbox/code/c sharp/projects/open_source/maui/bannister/.vs/Bannister/v17/.suo' -> 'goodrive://www.googleapis.com/:personal:/bannister_open_source/.vs/Bannister/v17/.suo' (240,128)
2026-03-08 07:38:59: Copy Over 'C:/Users/mr big/Dropbox/code/c sharp/projects/open_source/maui/bannister/.vs/Bannister/v17/DocumentLayout.backup.json' -> 'goodrive://www.googleapis.com/:personal:/bannister_open_source/.vs/Bannister/v17/DocumentLayout.backup.json' (65,292)
2026-03-08 07:39:00: Copy Over 'C:/Users/mr big/Dropbox/code/c sharp/projects/open_source/maui/bannister/.vs/Bannister/v17/DocumentLayout.json' -> 'goodrive://www.googleapis.com/:personal:/bannister_open_source/.vs/Bannister/v17/DocumentLayout.json' (65,292)
2026-03-08 07:39:03: Copy Over 'C:/Users/mr big/Dropbox/code/c sharp/projects/open_source/maui/bannister/.vs/Bannister/v17/HierarchyCache.v1.txt' -> 'goodrive://www.googleapis.com/:personal:/bannister_open_source/.vs/Bannister/v17/HierarchyCache.v1.txt' (43,358)
2026-03-08 07:39:05: Copy Over 'C:/Users/mr big/Dropbox/code/c sharp/projects/open_source/maui/bannister/Bannister/Models/Activity.cs' -> 'goodrive://www.googleapis.com/:personal:/bannister_open_source/Bannister/Models/Activity.cs' (10,823)
2026-03-08 07:39:07: Copy New 'C:/Users/mr big/Dropbox/code/c sharp/projects/open_source/maui/bannister/Bannister/Models/Countdown.cs' -> 'goodrive://www.googleapis.com/:personal:/bannister_open_source/Bannister/Models/Countdown.cs' (4,956)
2026-03-08 07:39:10: Copy Over 'C:/Users/mr big/Dropbox/code/c sharp/projects/open_source/maui/bannister/Bannister/Services/ActivityService.cs' -> 'goodrive://www.googleapis.com/:personal:/bannister_open_source/Bannister/Services/ActivityService.cs' (27,730)
2026-03-08 07:39:11: Copy Over 'C:/Users/mr big/Dropbox/code/c sharp/projects/open_source/maui/bannister/Bannister/obj/x64/Debug/net8.0-android/__Microsoft.Android.Resource.Designer.cs' -> 'goodrive://www.googleapis.com/:personal:/bannister_open_source/Bannister/obj/x64/Debug/net8.0-android/__Microsoft.Android.Resource.Designer.cs' (450)
2026-03-08 07:39:11: Copy Over 'C:/Users/mr big/Dropbox/code/c sharp/projects/open_source/maui/bannister/Bannister/obj/x64/Debug/net8.0-android/Bannister.AssemblyInfo.cs' -> 'goodrive://www.googleapis.com/:personal:/bannister_open_source/Bannister/obj/x64/Debug/net8.0-android/Bannister.AssemblyInfo.cs' (1,200)
2026-03-08 07:39:14: Copy Over 'C:/Users/mr big/Dropbox/code/c sharp/projects/open_source/maui/bannister/Bannister/obj/x64/Debug/net8.0-android/Bannister.AssemblyInfoInputs.cache' -> 'goodrive://www.googleapis.com/:personal:/bannister_open_source/Bannister/obj/x64/Debug/net8.0-android/Bannister.AssemblyInfoInputs.cache' (66)
2026-03-08 07:39:15: Copy Over 'C:/Users/mr big/Dropbox/code/c sharp/projects/open_source/maui/bannister/Bannister/obj/x64/Debug/net8.0-android/Bannister.GeneratedMSBuildEditorConfig.editorconfig' -> 'goodrive://www.googleapis.com/:personal:/bannister_open_source/Bannister/obj/x64/Debug/net8.0-android/Bannister.GeneratedMSBuildEditorConfig.editorconfig' (7,495)
2026-03-08 07:39:16: Copy Over 'C:/Users/mr big/Dropbox/code/c sharp/projects/open_source/maui/bannister/Bannister/obj/x64/Debug/net8.0-android/lp/map.cache' -> 'goodrive://www.googleapis.com/:personal:/bannister_open_source/Bannister/obj/x64/Debug/net8.0-android/lp/map.cache' (6,252)
2026-03-08 07:39:17: Copy New 'C:/Users/mr big/Dropbox/code/c sharp/projects/open_source/maui/bannister/Bannister/Services/CountdownService.cs' -> 'goodrive://www.googleapis.com/:personal:/bannister_open_source/Bannister/Services/CountdownService.cs' (9,235)
2026-03-08 07:39:18: Copy Over 'C:/Users/mr big/Dropbox/code/c sharp/projects/open_source/maui/bannister/Bannister/obj/x64/Debug/net8.0-android/designtime/stamp/_ResolveLibraryProjectImports.stamp' -> 'goodrive://www.googleapis.com/:personal:/bannister_open_source/Bannister/obj/x64/Debug/net8.0-android/designtime/stamp/_ResolveLibraryProjectImports.stamp' (0)
2026-03-08 07:39:20: Copy Over 'C:/Users/mr big/Dropbox/code/c sharp/projects/open_source/maui/bannister/Bannister/Services/NewHabitService.cs' -> 'goodrive://www.googleapis.com/:personal:/bannister_open_source/Bannister/Services/NewHabitService.cs' (18,507)
2026-03-08 07:39:22: Copy Over 'C:/Users/mr big/Dropbox/code/c sharp/projects/open_source/maui/bannister/Bannister/obj/x64/Debug/net8.0-windows10.0.19041.0/win10-x64/apphost.exe' -> 'goodrive://www.googleapis.com/:personal:/bannister_open_source/Bannister/obj/x64/Debug/net8.0-windows10.0.19041.0/win10-x64/apphost.exe' (153,088)
2026-03-08 07:39:23: Copy Over 'C:/Users/mr big/Dropbox/code/c sharp/projects/open_source/maui/bannister/Bannister/Views/ActivityGamePage/ActivityGamePage_DataLoading.cs' -> 'goodrive://www.googleapis.com/:personal:/bannister_open_source/Bannister/Views/ActivityGamePage/ActivityGamePage_DataLoading.cs' (29,445)
2026-03-08 07:39:24: Copy Over 'C:/Users/mr big/Dropbox/code/c sharp/projects/open_source/maui/bannister/Bannister/Views/ActivityGamePage/ActivityGamePage_ExpManagement.cs' -> 'goodrive://www.googleapis.com/:personal:/bannister_open_source/Bannister/Views/ActivityGamePage/ActivityGamePage_ExpManagement.cs' (6,815)
2026-03-08 07:39:26: Copy Over 'C:/Users/mr big/Dropbox/code/c sharp/projects/open_source/maui/bannister/Bannister/obj/x64/Debug/net8.0-windows10.0.19041.0/win10-x64/Bannister.AssemblyInfo.cs' -> 'goodrive://www.googleapis.com/:personal:/bannister_open_source/Bannister/obj/x64/Debug/net8.0-windows10.0.19041.0/win10-x64/Bannister.AssemblyInfo.cs' (1,713)
2026-03-08 07:39:27: Copy Over 'C:/Users/mr big/Dropbox/code/c sharp/projects/open_source/maui/bannister/Bannister/obj/x64/Debug/net8.0-windows10.0.19041.0/win10-x64/Bannister.AssemblyInfoInputs.cache' -> 'goodrive://www.googleapis.com/:personal:/bannister_open_source/Bannister/obj/x64/Debug/net8.0-windows10.0.19041.0/win10-x64/Bannister.AssemblyInfoInputs.cache' (66)
2026-03-08 07:39:27: > Copy Over 'C:/Users/mr big/Dropbox/code/c sharp/projects/open_source/maui/bannister/Bannister/obj/x64/Debug/net8.0-windows10.0.19041.0/win10-x64/Bannister.dll' -> 'goodrive://www.googleapis.com/:personal:/bannister_open_source/Bannister/obj/x64/Debug/net8.0-windows10.0.19041.0/win10-x64/Bannister.dll' (1,677,312)
2026-03-08 07:39:27: Copy Over 'C:/Users/mr big/Dropbox/code/c sharp/projects/open_source/maui/bannister/Bannister/obj/x64/Debug/net8.0-windows10.0.19041.0/win10-x64/Bannister.csproj.BuildWithSkipAnalyzers' -> 'goodrive://www.googleapis.com/:personal:/bannister_open_source/Bannister/obj/x64/Debug/net8.0-windows10.0.19041.0/win10-x64/Bannister.csproj.BuildWithSkipAnalyzers' (0)
2026-03-08 07:39:29: Copy Over 'C:/Users/mr big/Dropbox/code/c sharp/projects/open_source/maui/bannister/Bannister/obj/x64/Debug/net8.0-windows10.0.19041.0/win10-x64/Bannister.csproj.CoreCompileInputs.cache' -> 'goodrive://www.googleapis.com/:personal:/bannister_open_source/Bannister/obj/x64/Debug/net8.0-windows10.0.19041.0/win10-x64/Bannister.csproj.CoreCompileInputs.cache' (66)
2026-03-08 07:39:32: < Copy Over 'C:/Users/mr big/Dropbox/code/c sharp/projects/open_source/maui/bannister/Bannister/obj/x64/Debug/net8.0-windows10.0.19041.0/win10-x64/Bannister.dll' -> 'goodrive://www.googleapis.com/:personal:/bannister_open_source/Bannister/obj/x64/Debug/net8.0-windows10.0.19041.0/win10-x64/Bannister.dll' (1,677,312)
2026-03-08 07:39:32: Copy Over 'C:/Users/mr big/Dropbox/code/c sharp/projects/open_source/maui/bannister/Bannister/obj/x64/Debug/net8.0-windows10.0.19041.0/win10-x64/Bannister.GeneratedMSBuildEditorConfig.editorconfig' -> 'goodrive://www.googleapis.com/:personal:/bannister_open_source/Bannister/obj/x64/Debug/net8.0-windows10.0.19041.0/win10-x64/Bannister.GeneratedMSBuildEditorConfig.editorconfig' (7,761)
2026-03-08 07:39:33: Copy Over 'C:/Users/mr big/Dropbox/code/c sharp/projects/open_source/maui/bannister/Bannister/obj/x64/Debug/net8.0-windows10.0.19041.0/win10-x64/Bannister.pdb' -> 'goodrive://www.googleapis.com/:personal:/bannister_open_source/Bannister/obj/x64/Debug/net8.0-windows10.0.19041.0/win10-x64/Bannister.pdb' (373,856)
2026-03-08 07:39:35: Copy Over 'C:/Users/mr big/Dropbox/code/c sharp/projects/open_source/maui/bannister/Bannister/obj/x64/Debug/net8.0-windows10.0.19041.0/win10-x64/Bannister.sourcelink.json' -> 'goodrive://www.googleapis.com/:personal:/bannister_open_source/Bannister/obj/x64/Debug/net8.0-windows10.0.19041.0/win10-x64/Bannister.sourcelink.json' (203)
2026-03-08 07:39:36: Copy Over 'C:/Users/mr big/Dropbox/code/c sharp/projects/open_source/maui/bannister/Bannister/obj/x64/Debug/net8.0-windows10.0.19041.0/win10-x64/excluded.layout.resfiles.intermediate' -> 'goodrive://www.googleapis.com/:personal:/bannister_open_source/Bannister/obj/x64/Debug/net8.0-windows10.0.19041.0/win10-x64/excluded.layout.resfiles.intermediate' (0)
2026-03-08 07:39:36: > Copy Over 'C:/Users/mr big/Dropbox/code/c sharp/projects/open_source/maui/bannister/Bannister/obj/x64/Debug/net8.0-windows10.0.19041.0/win10-x64/intermediatexaml/Bannister.dll' -> 'goodrive://www.googleapis.com/:personal:/bannister_open_source/Bannister/obj/x64/Debug/net8.0-windows10.0.19041.0/win10-x64/intermediatexaml/Bannister.dll' (1,530,368)
2026-03-08 07:39:37: Copy Over 'C:/Users/mr big/Dropbox/code/c sharp/projects/open_source/maui/bannister/Bannister/obj/x64/Debug/net8.0-windows10.0.19041.0/win10-x64/embed/embed.resfiles.intermediate' -> 'goodrive://www.googleapis.com/:personal:/bannister_open_source/Bannister/obj/x64/Debug/net8.0-windows10.0.19041.0/win10-x64/embed/embed.resfiles.intermediate' (27)
2026-03-08 07:39:39: Copy Over 'C:/Users/mr big/Dropbox/code/c sharp/projects/open_source/maui/bannister/Bannister/obj/x64/Debug/net8.0-windows10.0.19041.0/win10-x64/filtered.layout.resfiles.intermediate' -> 'goodrive://www.googleapis.com/:personal:/bannister_open_source/Bannister/obj/x64/Debug/net8.0-windows10.0.19041.0/win10-x64/filtered.layout.resfiles.intermediate' (2,300)
2026-03-08 07:39:41: < Copy Over 'C:/Users/mr big/Dropbox/code/c sharp/projects/open_source/maui/bannister/Bannister/obj/x64/Debug/net8.0-windows10.0.19041.0/win10-x64/intermediatexaml/Bannister.dll' -> 'goodrive://www.googleapis.com/:personal:/bannister_open_source/Bannister/obj/x64/Debug/net8.0-windows10.0.19041.0/win10-x64/intermediatexaml/Bannister.dll' (1,530,368)
2026-03-08 07:39:41: Copy Over 'C:/Users/mr big/Dropbox/code/c sharp/projects/open_source/maui/bannister/Bannister/obj/x64/Debug/net8.0-windows10.0.19041.0/win10-x64/pri.resfiles.intermediate' -> 'goodrive://www.googleapis.com/:personal:/bannister_open_source/Bannister/obj/x64/Debug/net8.0-windows10.0.19041.0/win10-x64/pri.resfiles.intermediate' (386)
2026-03-08 07:39:44: Copy Over 'C:/Users/mr big/Dropbox/code/c sharp/projects/open_source/maui/bannister/Bannister/obj/x64/Debug/net8.0-windows10.0.19041.0/win10-x64/Platforms/Windows/App.xaml' -> 'goodrive://www.googleapis.com/:personal:/bannister_open_source/Bannister/obj/x64/Debug/net8.0-windows10.0.19041.0/win10-x64/Platforms/Windows/App.xaml' (312)
2026-03-08 07:39:45: Copy Over 'C:/Users/mr big/Dropbox/code/c sharp/projects/open_source/maui/bannister/Bannister/obj/x64/Debug/net8.0-windows10.0.19041.0/win10-x64/priconfig.xml.intermediate' -> 'goodrive://www.googleapis.com/:personal:/bannister_open_source/Bannister/obj/x64/Debug/net8.0-windows10.0.19041.0/win10-x64/priconfig.xml.intermediate' (3,194)
2026-03-08 07:39:46: Copy Over 'C:/Users/mr big/Dropbox/code/c sharp/projects/open_source/maui/bannister/Bannister/obj/x64/Debug/net8.0-windows10.0.19041.0/win10-x64/qualifiers.txt.intermediate' -> 'goodrive://www.googleapis.com/:personal:/bannister_open_source/Bannister/obj/x64/Debug/net8.0-windows10.0.19041.0/win10-x64/qualifiers.txt.intermediate' (184)
2026-03-08 07:39:48: Copy Over 'C:/Users/mr big/Dropbox/code/c sharp/projects/open_source/maui/bannister/Bannister/obj/x64/Debug/net8.0-windows10.0.19041.0/win10-x64/ref/Bannister.dll' -> 'goodrive://www.googleapis.com/:personal:/bannister_open_source/Bannister/obj/x64/Debug/net8.0-windows10.0.19041.0/win10-x64/ref/Bannister.dll' (523,264)
2026-03-08 07:39:49: Copy Over 'C:/Users/mr big/Dropbox/code/c sharp/projects/open_source/maui/bannister/Bannister/obj/x64/Debug/net8.0-windows10.0.19041.0/win10-x64/refint/Bannister.dll' -> 'goodrive://www.googleapis.com/:personal:/bannister_open_source/Bannister/obj/x64/Debug/net8.0-windows10.0.19041.0/win10-x64/refint/Bannister.dll' (523,264)
2026-03-08 07:39:50: Copy Over 'C:/Users/mr big/Dropbox/code/c sharp/projects/open_source/maui/bannister/Bannister/obj/x64/Debug/net8.0-windows10.0.19041.0/win10-x64/resources.resfiles.intermediate' -> 'goodrive://www.googleapis.com/:personal:/bannister_open_source/Bannister/obj/x64/Debug/net8.0-windows10.0.19041.0/win10-x64/resources.resfiles.intermediate' (0)
2026-03-08 07:39:52: Copy Over 'C:/Users/mr big/Dropbox/code/c sharp/projects/open_source/maui/bannister/Bannister/obj/x64/Debug/net8.0-windows10.0.19041.0/win10-x64/unfiltered.layout.resfiles.intermediate' -> 'goodrive://www.googleapis.com/:personal:/bannister_open_source/Bannister/obj/x64/Debug/net8.0-windows10.0.19041.0/win10-x64/unfiltered.layout.resfiles.intermediate' (2,300)
2026-03-08 07:39:53: Copy Over 'C:/Users/mr big/Dropbox/code/c sharp/projects/open_source/maui/bannister/Bannister/obj/x64/Debug/net8.0-windows10.0.19041.0/win10-x64/XamlC.stamp' -> 'goodrive://www.googleapis.com/:personal:/bannister_open_source/Bannister/obj/x64/Debug/net8.0-windows10.0.19041.0/win10-x64/XamlC.stamp' (0)
2026-03-08 07:39:54: Copy Over 'C:/Users/mr big/Dropbox/code/c sharp/projects/open_source/maui/bannister/Bannister/obj/x64/Debug/net8.0-windows10.0.19041.0/win10-x64/XamlSaveStateFile.xml' -> 'goodrive://www.googleapis.com/:personal:/bannister_open_source/Bannister/obj/x64/Debug/net8.0-windows10.0.19041.0/win10-x64/XamlSaveStateFile.xml' (943)
2026-03-08 07:39:55: Copy New 'C:/Users/mr big/Dropbox/code/c sharp/projects/open_source/maui/bannister/Bannister/Views/AllCountdownsPage.cs' -> 'goodrive://www.googleapis.com/:personal:/bannister_open_source/Bannister/Views/AllCountdownsPage.cs' (8,448)
2026-03-08 07:39:56: Copy Over 'C:/Users/mr big/Dropbox/code/c sharp/projects/open_source/maui/bannister/Bannister/Views/ActivitySelectionPage.cs' -> 'goodrive://www.googleapis.com/:personal:/bannister_open_source/Bannister/Views/ActivitySelectionPage.cs' (17,192)
2026-03-08 07:39:57: Copy New 'C:/Users/mr big/Dropbox/code/c sharp/projects/open_source/maui/bannister/Bannister/Views/CountdownCategoryPage.cs' -> 'goodrive://www.googleapis.com/:personal:/bannister_open_source/Bannister/Views/CountdownCategoryPage.cs' (27,157)
2026-03-08 07:39:58: Copy Over 'C:/Users/mr big/Dropbox/code/c sharp/projects/open_source/maui/bannister/Bannister/Views/AutoAwardConfirmationPage.cs' -> 'goodrive://www.googleapis.com/:personal:/bannister_open_source/Bannister/Views/AutoAwardConfirmationPage.cs' (11,098)
2026-03-08 07:39:58: Copy New 'C:/Users/mr big/Dropbox/code/c sharp/projects/open_source/maui/bannister/Bannister/Views/CountdownsHomePage.cs' -> 'goodrive://www.googleapis.com/:personal:/bannister_open_source/Bannister/Views/CountdownsHomePage.cs' (15,028)
2026-03-08 07:39:59: Delete File goodrive://www.googleapis.com/:personal:/bannister_open_source/Bannister/Views/EditActivityPage_xaml.cs
2026-03-08 07:40:00: Copy New 'C:/Users/mr big/Dropbox/code/c sharp/projects/open_source/maui/bannister/Bannister/Views/EditActivityPage.xaml.cs' -> 'goodrive://www.googleapis.com/:personal:/bannister_open_source/Bannister/Views/EditActivityPage.xaml.cs' (15,565)
2026-03-08 07:40:01: Copy Over 'C:/Users/mr big/Dropbox/code/c sharp/projects/open_source/maui/bannister/Bannister/Views/EditActivityPage.xaml' -> 'goodrive://www.googleapis.com/:personal:/bannister_open_source/Bannister/Views/EditActivityPage.xaml' (14,099)
2026-03-08 07:40:02: Copy Over 'C:/Users/mr big/Dropbox/code/c sharp/projects/open_source/maui/bannister/Bannister/Views/ExpLogPage.xaml' -> 'goodrive://www.googleapis.com/:personal:/bannister_open_source/Bannister/Views/ExpLogPage.xaml' (7,021)
2026-03-08 07:40:04: Copy Over 'C:/Users/mr big/Dropbox/code/c sharp/projects/open_source/maui/bannister/Bannister/Views/ExpLogPage.xaml.cs' -> 'goodrive://www.googleapis.com/:personal:/bannister_open_source/Bannister/Views/ExpLogPage.xaml.cs' (6,172)
2026-03-08 07:40:05: Copy Over 'C:/Users/mr big/Dropbox/code/c sharp/projects/open_source/maui/bannister/Bannister/Views/GamesListPage.cs' -> 'goodrive://www.googleapis.com/:personal:/bannister_open_source/Bannister/Views/GamesListPage.cs' (9,155)
2026-03-08 07:40:06: Copy Over 'C:/Users/mr big/Dropbox/code/c sharp/projects/open_source/maui/bannister/Bannister/Views/HomePage.xaml' -> 'goodrive://www.googleapis.com/:personal:/bannister_open_source/Bannister/Views/HomePage.xaml' (4,067)
2026-03-08 07:40:08: Copy Over 'C:/Users/mr big/Dropbox/code/c sharp/projects/open_source/maui/bannister/Bannister/Views/HomePage.xaml.cs' -> 'goodrive://www.googleapis.com/:personal:/bannister_open_source/Bannister/Views/HomePage.xaml.cs' (7,175)
2026-03-08 07:40:09: Copy New 'C:/Users/mr big/Dropbox/code/c sharp/projects/open_source/maui/bannister/Bannister/Views/OverdueCategoryPage.cs' -> 'goodrive://www.googleapis.com/:personal:/bannister_open_source/Bannister/Views/OverdueCategoryPage.cs' (12,284)
2026-03-08 07:40:09: Copy Over 'C:/Users/mr big/Dropbox/code/c sharp/projects/open_source/maui/bannister/Bannister/Views/NewHabitsPage.cs' -> 'goodrive://www.googleapis.com/:personal:/bannister_open_source/Bannister/Views/NewHabitsPage.cs' (35,739)
2026-03-08 07:40:11: Copy New 'C:/Users/mr big/Dropbox/code/c sharp/projects/open_source/maui/bannister/Bannister/Views/OverdueHomePage.cs' -> 'goodrive://www.googleapis.com/:personal:/bannister_open_source/Bannister/Views/OverdueHomePage.cs' (6,506)
2026-03-08 07:40:11: Copy New 'C:/Users/mr big/Dropbox/code/c sharp/projects/open_source/maui/bannister/Bannister/Views/StaleActivitiesConfirmationPage.cs' -> 'goodrive://www.googleapis.com/:personal:/bannister_open_source/Bannister/Views/StaleActivitiesConfirmationPage.cs' (9,002)
2026-03-08 07:40:13: Copy Over 'C:/Users/mr big/Dropbox/code/c sharp/projects/open_source/maui/bannister/.git/COMMIT_EDITMSG' -> 'goodrive://www.googleapis.com/:personal:/bannister_open_source/.git/COMMIT_EDITMSG' (17)
2026-03-08 07:40:15: Copy Over 'C:/Users/mr big/Dropbox/code/c sharp/projects/open_source/maui/bannister/.git/index' -> 'goodrive://www.googleapis.com/:personal:/bannister_open_source/.git/index' (19,618)
2026-03-08 07:40:15: Copy Over 'C:/Users/mr big/Dropbox/code/c sharp/projects/open_source/maui/bannister/.git/logs/HEAD' -> 'goodrive://www.googleapis.com/:personal:/bannister_open_source/.git/logs/HEAD' (2,121)
2026-03-08 07:40:16: Copy New 'C:/Users/mr big/Dropbox/code/c sharp/projects/open_source/maui/bannister/.git/objects/03/ed30b81125d18c1efd18270192750dbfb9020e' -> 'goodrive://www.googleapis.com/:personal:/bannister_open_source/.git/objects/03/ed30b81125d18c1efd18270192750dbfb9020e' (572)
2026-03-08 07:40:17: Copy New 'C:/Users/mr big/Dropbox/code/c sharp/projects/open_source/maui/bannister/.git/objects/05/fe317273db2bb0b7ca912d54ae635845ef60e6' -> 'goodrive://www.googleapis.com/:personal:/bannister_open_source/.git/objects/05/fe317273db2bb0b7ca912d54ae635845ef60e6' (309)
2026-03-08 07:40:18: Copy New 'C:/Users/mr big/Dropbox/code/c sharp/projects/open_source/maui/bannister/.git/objects/09/1d8d3c13ffb58f198513c522d5c490d82a8ce3' -> 'goodrive://www.googleapis.com/:personal:/bannister_open_source/.git/objects/09/1d8d3c13ffb58f198513c522d5c490d82a8ce3' (403)
2026-03-08 07:40:18: Copy New 'C:/Users/mr big/Dropbox/code/c sharp/projects/open_source/maui/bannister/.git/objects/0f/4c476484d48e6aad0186ad5a2e2671fc0759e4' -> 'goodrive://www.googleapis.com/:personal:/bannister_open_source/.git/objects/0f/4c476484d48e6aad0186ad5a2e2671fc0759e4' (227)
2026-03-08 07:40:20: Copy New 'C:/Users/mr big/Dropbox/code/c sharp/projects/open_source/maui/bannister/.git/objects/1d/733b04ca568a615a0945b98584ce73811d24f1' -> 'goodrive://www.googleapis.com/:personal:/bannister_open_source/.git/objects/1d/733b04ca568a615a0945b98584ce73811d24f1' (1,658)
2026-03-08 07:40:20: Copy New 'C:/Users/mr big/Dropbox/code/c sharp/projects/open_source/maui/bannister/.git/objects/1d/96d24620a3a2e95ba225c2674d783b19b79c89' -> 'goodrive://www.googleapis.com/:personal:/bannister_open_source/.git/objects/1d/96d24620a3a2e95ba225c2674d783b19b79c89' (1,520)
2026-03-08 07:40:21: Copy New 'C:/Users/mr big/Dropbox/code/c sharp/projects/open_source/maui/bannister/.git/objects/1f/7b12d1705df7dc18a36c37e607d07959ed2c5d' -> 'goodrive://www.googleapis.com/:personal:/bannister_open_source/.git/objects/1f/7b12d1705df7dc18a36c37e607d07959ed2c5d' (6,372)
2026-03-08 07:40:22: Copy New 'C:/Users/mr big/Dropbox/code/c sharp/projects/open_source/maui/bannister/.git/objects/27/c9357f7086557fe24128ea6fbc7aec27ccf809' -> 'goodrive://www.googleapis.com/:personal:/bannister_open_source/.git/objects/27/c9357f7086557fe24128ea6fbc7aec27ccf809' (8,426)
2026-03-08 07:40:22: Copy New 'C:/Users/mr big/Dropbox/code/c sharp/projects/open_source/maui/bannister/.git/objects/29/e93a58f707e2ad41968f4c289f2e318af8f487' -> 'goodrive://www.googleapis.com/:personal:/bannister_open_source/.git/objects/29/e93a58f707e2ad41968f4c289f2e318af8f487' (2,663)
2026-03-08 07:40:23: Copy New 'C:/Users/mr big/Dropbox/code/c sharp/projects/open_source/maui/bannister/.git/objects/2a/f871251f1cc1884ae2468041e8d0f426bd4a6d' -> 'goodrive://www.googleapis.com/:personal:/bannister_open_source/.git/objects/2a/f871251f1cc1884ae2468041e8d0f426bd4a6d' (2,084)
2026-03-08 07:40:23: Create Folder goodrive://www.googleapis.com/:personal:/bannister_open_source/.git/objects/33
2026-03-08 07:40:24: Copy New 'C:/Users/mr big/Dropbox/code/c sharp/projects/open_source/maui/bannister/.git/objects/2f/3e8a6d132c54477eb8b070b8036c47bc0b088e' -> 'goodrive://www.googleapis.com/:personal:/bannister_open_source/.git/objects/2f/3e8a6d132c54477eb8b070b8036c47bc0b088e' (1,066)
2026-03-08 07:40:25: Copy New 'C:/Users/mr big/Dropbox/code/c sharp/projects/open_source/maui/bannister/.git/objects/40/723c33ba810dcfd3998edd24c90413afdd8749' -> 'goodrive://www.googleapis.com/:personal:/bannister_open_source/.git/objects/40/723c33ba810dcfd3998edd24c90413afdd8749' (1,659)
2026-03-08 07:40:26: Copy New 'C:/Users/mr big/Dropbox/code/c sharp/projects/open_source/maui/bannister/.git/objects/39/5b14469843a4c52a61bb4ff78c2fd38e4b3224' -> 'goodrive://www.googleapis.com/:personal:/bannister_open_source/.git/objects/39/5b14469843a4c52a61bb4ff78c2fd38e4b3224' (8,150)
2026-03-08 07:40:26: Create Folder goodrive://www.googleapis.com/:personal:/bannister_open_source/.git/objects/4d
2026-03-08 07:40:27: Copy New 'C:/Users/mr big/Dropbox/code/c sharp/projects/open_source/maui/bannister/.git/objects/33/453983192704a5ce571f7dee44777804d0ba7c' -> 'goodrive://www.googleapis.com/:personal:/bannister_open_source/.git/objects/33/453983192704a5ce571f7dee44777804d0ba7c' (3,917)
2026-03-08 07:40:28: Copy New 'C:/Users/mr big/Dropbox/code/c sharp/projects/open_source/maui/bannister/.git/objects/44/4577cb1e4c4c0876e9f3c37aad4def8b48f7ee' -> 'goodrive://www.googleapis.com/:personal:/bannister_open_source/.git/objects/44/4577cb1e4c4c0876e9f3c37aad4def8b48f7ee' (3,287)
2026-03-08 07:40:28: Copy New 'C:/Users/mr big/Dropbox/code/c sharp/projects/open_source/maui/bannister/.git/objects/4d/15a2d6e6feede2ff18967ce8bf9e20b4cf9931' -> 'goodrive://www.googleapis.com/:personal:/bannister_open_source/.git/objects/4d/15a2d6e6feede2ff18967ce8bf9e20b4cf9931' (3,389)
2026-03-08 07:40:29: Copy New 'C:/Users/mr big/Dropbox/code/c sharp/projects/open_source/maui/bannister/.git/objects/5c/84e0f1e72929b6cd5cc87ac464f198e76a028a' -> 'goodrive://www.googleapis.com/:personal:/bannister_open_source/.git/objects/5c/84e0f1e72929b6cd5cc87ac464f198e76a028a' (1,656)
2026-03-08 07:40:29: Create Folder goodrive://www.googleapis.com/:personal:/bannister_open_source/.git/objects/68
2026-03-08 07:40:30: Copy New 'C:/Users/mr big/Dropbox/code/c sharp/projects/open_source/maui/bannister/.git/objects/5c/d2bada93253412af7ab0a786df4680f754a211' -> 'goodrive://www.googleapis.com/:personal:/bannister_open_source/.git/objects/5c/d2bada93253412af7ab0a786df4680f754a211' (400)
2026-03-08 07:40:32: Copy New 'C:/Users/mr big/Dropbox/code/c sharp/projects/open_source/maui/bannister/.git/objects/68/010c9c6be4a9b6fb160caaa7aac2666216f099' -> 'goodrive://www.googleapis.com/:personal:/bannister_open_source/.git/objects/68/010c9c6be4a9b6fb160caaa7aac2666216f099' (2,175)
2026-03-08 07:40:32: Copy New 'C:/Users/mr big/Dropbox/code/c sharp/projects/open_source/maui/bannister/.git/objects/5d/3071ef03413b7acf9049e73a8ddfcd18d9b4fd' -> 'goodrive://www.googleapis.com/:personal:/bannister_open_source/.git/objects/5d/3071ef03413b7acf9049e73a8ddfcd18d9b4fd' (368)
2026-03-08 07:40:33: Copy New 'C:/Users/mr big/Dropbox/code/c sharp/projects/open_source/maui/bannister/.git/objects/6a/0e2941dfbaecc03f139ff2ffbcce5fc0e082c4' -> 'goodrive://www.googleapis.com/:personal:/bannister_open_source/.git/objects/6a/0e2941dfbaecc03f139ff2ffbcce5fc0e082c4' (311)
2026-03-08 07:40:33: Create Folder goodrive://www.googleapis.com/:personal:/bannister_open_source/.git/objects/6e
2026-03-08 07:40:34: Copy New 'C:/Users/mr big/Dropbox/code/c sharp/projects/open_source/maui/bannister/.git/objects/6a/979a2b66cb08b9e4ad87171d5e918ee51637ff' -> 'goodrive://www.googleapis.com/:personal:/bannister_open_source/.git/objects/6a/979a2b66cb08b9e4ad87171d5e918ee51637ff' (320)
2026-03-08 07:40:35: Copy New 'C:/Users/mr big/Dropbox/code/c sharp/projects/open_source/maui/bannister/.git/objects/6e/8d73ba862244ca12a1efb00f433f46483dc957' -> 'goodrive://www.googleapis.com/:personal:/bannister_open_source/.git/objects/6e/8d73ba862244ca12a1efb00f433f46483dc957' (572)
2026-03-08 07:40:36: Copy New 'C:/Users/mr big/Dropbox/code/c sharp/projects/open_source/maui/bannister/.git/objects/6c/29d46222a8b027231a3e715b732324ec4c5da7' -> 'goodrive://www.googleapis.com/:personal:/bannister_open_source/.git/objects/6c/29d46222a8b027231a3e715b732324ec4c5da7' (2,574)
2026-03-08 07:40:36: Copy New 'C:/Users/mr big/Dropbox/code/c sharp/projects/open_source/maui/bannister/.git/objects/78/d36e6b1d080b1423ca235aef7971f4b081312e' -> 'goodrive://www.googleapis.com/:personal:/bannister_open_source/.git/objects/78/d36e6b1d080b1423ca235aef7971f4b081312e' (320)
2026-03-08 07:40:36: Create Folder goodrive://www.googleapis.com/:personal:/bannister_open_source/.git/objects/7a
2026-03-08 07:40:37: Create Folder goodrive://www.googleapis.com/:personal:/bannister_open_source/.git/objects/91
2026-03-08 07:40:38: Copy New 'C:/Users/mr big/Dropbox/code/c sharp/projects/open_source/maui/bannister/.git/objects/6e/956a0ce8058e4ef14dd6fe6bfe24ed53b87eba' -> 'goodrive://www.googleapis.com/:personal:/bannister_open_source/.git/objects/6e/956a0ce8058e4ef14dd6fe6bfe24ed53b87eba' (2,154)
2026-03-08 07:40:39: Copy New 'C:/Users/mr big/Dropbox/code/c sharp/projects/open_source/maui/bannister/.git/objects/7a/62a902f3aeeeca5f50422134871cbadcd99756' -> 'goodrive://www.googleapis.com/:personal:/bannister_open_source/.git/objects/7a/62a902f3aeeeca5f50422134871cbadcd99756' (433)
2026-03-08 07:40:39: Copy New 'C:/Users/mr big/Dropbox/code/c sharp/projects/open_source/maui/bannister/.git/objects/9d/909708773ea2d257bfb443cd4b92d168105fad' -> 'goodrive://www.googleapis.com/:personal:/bannister_open_source/.git/objects/9d/909708773ea2d257bfb443cd4b92d168105fad' (181)
2026-03-08 07:40:40: Create Folder goodrive://www.googleapis.com/:personal:/bannister_open_source/.git/objects/9e
2026-03-08 07:40:41: Copy New 'C:/Users/mr big/Dropbox/code/c sharp/projects/open_source/maui/bannister/.git/objects/91/5d609b82fc973ad0072fc87a7387df5d954eeb' -> 'goodrive://www.googleapis.com/:personal:/bannister_open_source/.git/objects/91/5d609b82fc973ad0072fc87a7387df5d954eeb' (6,402)
2026-03-08 07:40:42: Copy New 'C:/Users/mr big/Dropbox/code/c sharp/projects/open_source/maui/bannister/.git/objects/b3/25c66e4e80033d9892b2be2008c59b08c4817c' -> 'goodrive://www.googleapis.com/:personal:/bannister_open_source/.git/objects/b3/25c66e4e80033d9892b2be2008c59b08c4817c' (162)
2026-03-08 07:40:44: Copy New 'C:/Users/mr big/Dropbox/code/c sharp/projects/open_source/maui/bannister/.git/objects/9e/7efeaeb385785874410fd392fea3d421708009' -> 'goodrive://www.googleapis.com/:personal:/bannister_open_source/.git/objects/9e/7efeaeb385785874410fd392fea3d421708009' (1,812)
2026-03-08 07:40:44: Copy New 'C:/Users/mr big/Dropbox/code/c sharp/projects/open_source/maui/bannister/.git/objects/ae/d3aba35698d334558a092480a3a93e66641161' -> 'goodrive://www.googleapis.com/:personal:/bannister_open_source/.git/objects/ae/d3aba35698d334558a092480a3a93e66641161' (320)
2026-03-08 07:40:45: Copy Over 'C:/Users/mr big/Dropbox/code/c sharp/projects/open_source/maui/bannister/.git/objects/ae/7573d1f4ecce5f318e399ab6e3e22d710e41d0' -> 'goodrive://www.googleapis.com/:personal:/bannister_open_source/.git/objects/ae/7573d1f4ecce5f318e399ab6e3e22d710e41d0' (890)
2026-03-08 07:40:46: Create Folder goodrive://www.googleapis.com/:personal:/bannister_open_source/.git/objects/c7
2026-03-08 07:40:46: Copy New 'C:/Users/mr big/Dropbox/code/c sharp/projects/open_source/maui/bannister/.git/objects/b4/3ab98dfcc8384dc06273cef5479b2d26c7e9a7' -> 'goodrive://www.googleapis.com/:personal:/bannister_open_source/.git/objects/b4/3ab98dfcc8384dc06273cef5479b2d26c7e9a7' (370)
2026-03-08 07:40:46: Copy New 'C:/Users/mr big/Dropbox/code/c sharp/projects/open_source/maui/bannister/.git/objects/bd/0dca8a0c80a60d37466d3edb639b544223ff35' -> 'goodrive://www.googleapis.com/:personal:/bannister_open_source/.git/objects/bd/0dca8a0c80a60d37466d3edb639b544223ff35' (2,754)
2026-03-08 07:40:47: Create Folder goodrive://www.googleapis.com/:personal:/bannister_open_source/.git/objects/ca
2026-03-08 07:40:48: Copy New 'C:/Users/mr big/Dropbox/code/c sharp/projects/open_source/maui/bannister/.git/objects/c6/27c05da620464da7b7e53120d34909545c8656' -> 'goodrive://www.googleapis.com/:personal:/bannister_open_source/.git/objects/c6/27c05da620464da7b7e53120d34909545c8656' (87,058)
2026-03-08 07:40:48: Create Folder goodrive://www.googleapis.com/:personal:/bannister_open_source/.git/objects/ce
2026-03-08 07:40:49: Copy New 'C:/Users/mr big/Dropbox/code/c sharp/projects/open_source/maui/bannister/.git/objects/c7/a6cb908672c8b0c05c7711bceab14bcacaf1be' -> 'goodrive://www.googleapis.com/:personal:/bannister_open_source/.git/objects/c7/a6cb908672c8b0c05c7711bceab14bcacaf1be' (155)
2026-03-08 07:40:51: Copy New 'C:/Users/mr big/Dropbox/code/c sharp/projects/open_source/maui/bannister/.git/objects/ca/ce7cfd1d6b59588bf99282e6998f59df1f7f14' -> 'goodrive://www.googleapis.com/:personal:/bannister_open_source/.git/objects/ca/ce7cfd1d6b59588bf99282e6998f59df1f7f14' (17,235)
2026-03-08 07:40:51: Copy New 'C:/Users/mr big/Dropbox/code/c sharp/projects/open_source/maui/bannister/.git/objects/ce/26e32fef4a5646c578d2ae340f15792270bccb' -> 'goodrive://www.googleapis.com/:personal:/bannister_open_source/.git/objects/ce/26e32fef4a5646c578d2ae340f15792270bccb' (2,107)
2026-03-08 07:40:53: Copy New 'C:/Users/mr big/Dropbox/code/c sharp/projects/open_source/maui/bannister/.git/objects/da/f61bab7d68a17d06c695437c52a430fc0b8fe7' -> 'goodrive://www.googleapis.com/:personal:/bannister_open_source/.git/objects/da/f61bab7d68a17d06c695437c52a430fc0b8fe7' (572)
2026-03-08 07:40:54: Copy Over 'C:/Users/mr big/Dropbox/code/c sharp/projects/open_source/maui/bannister/.git/objects/d5/43b67ebf155da2ae4e3898a72f7bc0c929a2be' -> 'goodrive://www.googleapis.com/:personal:/bannister_open_source/.git/objects/d5/43b67ebf155da2ae4e3898a72f7bc0c929a2be' (1,946)
2026-03-08 07:40:54: Copy New 'C:/Users/mr big/Dropbox/code/c sharp/projects/open_source/maui/bannister/.git/objects/e4/4bb74eee4fd8851afaa6ed71372a09404ec0cd' -> 'goodrive://www.googleapis.com/:personal:/bannister_open_source/.git/objects/e4/4bb74eee4fd8851afaa6ed71372a09404ec0cd' (1,526)
2026-03-08 07:40:55: Create Folder goodrive://www.googleapis.com/:personal:/bannister_open_source/.git/objects/ec
2026-03-08 07:40:56: Copy New 'C:/Users/mr big/Dropbox/code/c sharp/projects/open_source/maui/bannister/.git/objects/e9/2176aa3880748aa1c56498330469d670a48f36' -> 'goodrive://www.googleapis.com/:personal:/bannister_open_source/.git/objects/e9/2176aa3880748aa1c56498330469d670a48f36' (572)
2026-03-08 07:40:57: Copy New 'C:/Users/mr big/Dropbox/code/c sharp/projects/open_source/maui/bannister/.git/objects/ea/97341285599efb86d9db6aaa192dbadf34ff77' -> 'goodrive://www.googleapis.com/:personal:/bannister_open_source/.git/objects/ea/97341285599efb86d9db6aaa192dbadf34ff77' (3,257)
2026-03-08 07:40:57: Create Folder goodrive://www.googleapis.com/:personal:/bannister_open_source/.git/objects/f4
2026-03-08 07:40:58: Copy New 'C:/Users/mr big/Dropbox/code/c sharp/projects/open_source/maui/bannister/.git/objects/ec/68c488488b2e28e157d58d4641d5baf795bed9' -> 'goodrive://www.googleapis.com/:personal:/bannister_open_source/.git/objects/ec/68c488488b2e28e157d58d4641d5baf795bed9' (320)
2026-03-08 07:40:58: Create Folder goodrive://www.googleapis.com/:personal:/bannister_open_source/.git/objects/f6
2026-03-08 07:40:58: Copy New 'C:/Users/mr big/Dropbox/code/c sharp/projects/open_source/maui/bannister/.git/objects/f3/62fd11fb46b2c33bac136d61496c18966c4bc3' -> 'goodrive://www.googleapis.com/:personal:/bannister_open_source/.git/objects/f3/62fd11fb46b2c33bac136d61496c18966c4bc3' (4,439)
2026-03-08 07:40:59: Create Folder goodrive://www.googleapis.com/:personal:/bannister_open_source/.git/objects/fa
2026-03-08 07:41:00: Copy New 'C:/Users/mr big/Dropbox/code/c sharp/projects/open_source/maui/bannister/.git/objects/f4/9c976ee59cc0f066e8a4e640e8388697400206' -> 'goodrive://www.googleapis.com/:personal:/bannister_open_source/.git/objects/f4/9c976ee59cc0f066e8a4e640e8388697400206' (985)
2026-03-08 07:41:01: Copy New 'C:/Users/mr big/Dropbox/code/c sharp/projects/open_source/maui/bannister/.git/objects/f6/cb4bd8f8d8f941191db9c9b6b531190933cf6c' -> 'goodrive://www.googleapis.com/:personal:/bannister_open_source/.git/objects/f6/cb4bd8f8d8f941191db9c9b6b531190933cf6c' (3,996)
2026-03-08 07:41:02: Create Folder goodrive://www.googleapis.com/:personal:/bannister_open_source/.git/objects/fb
2026-03-08 07:41:02: Copy New 'C:/Users/mr big/Dropbox/code/c sharp/projects/open_source/maui/bannister/.git/objects/f6/f668c81293cd719a7ee8f852b3e2b52c9cc4d9' -> 'goodrive://www.googleapis.com/:personal:/bannister_open_source/.git/objects/f6/f668c81293cd719a7ee8f852b3e2b52c9cc4d9' (1,857)
2026-03-08 07:41:03: Copy New 'C:/Users/mr big/Dropbox/code/c sharp/projects/open_source/maui/bannister/.git/objects/fa/7a8dfb6bd8b6846a8fa3cd887c469ffe382917' -> 'goodrive://www.googleapis.com/:personal:/bannister_open_source/.git/objects/fa/7a8dfb6bd8b6846a8fa3cd887c469ffe382917' (172)
2026-03-08 07:41:05: Copy New 'C:/Users/mr big/Dropbox/code/c sharp/projects/open_source/maui/bannister/.git/objects/fb/d87d404ccc80c2606fddc92c509bee9e4b77c7' -> 'goodrive://www.googleapis.com/:personal:/bannister_open_source/.git/objects/fb/d87d404ccc80c2606fddc92c509bee9e4b77c7' (4,069)
2026-03-08 07:41:09: Copy Over 'C:/Users/mr big/Dropbox/code/c sharp/projects/open_source/maui/bannister/.git/logs/refs/heads/main' -> 'goodrive://www.googleapis.com/:personal:/bannister_open_source/.git/logs/refs/heads/main' (2,174)
2026-03-08 07:41:10: Copy Over 'C:/Users/mr big/Dropbox/code/c sharp/projects/open_source/maui/bannister/.git/logs/refs/remotes/origin/main' -> 'goodrive://www.googleapis.com/:personal:/bannister_open_source/.git/logs/refs/remotes/origin/main' (1,305)
2026-03-08 07:41:11: Copy Over 'C:/Users/mr big/Dropbox/code/c sharp/projects/open_source/maui/bannister/.git/refs/heads/main' -> 'goodrive://www.googleapis.com/:personal:/bannister_open_source/.git/refs/heads/main' (41)
2026-03-08 07:41:14: Copy Over 'C:/Users/mr big/Dropbox/code/c sharp/projects/open_source/maui/bannister/.git/refs/remotes/origin/main' -> 'goodrive://www.googleapis.com/:personal:/bannister_open_source/.git/refs/remotes/origin/main' (41)
2026-03-08 07:41:14: Save State File C:/Users/mr big/Dropbox/code/c sharp/projects/open_source/maui/bannister/_gsdata_/_file_state_v4._gs
2026-03-08 07:41:14: CopyFileSimple: CloseUpload: ERR: Cannot flush chunk: [SSL sending [-1] www.googleapis.com:443]: Connection was reset by remote machine
2026-03-08 07:41:14: Waiting for 0 + 0 of 4 sec on CopyFileSimple: CloseUpload: Cannot flush chunk: [SSL sending [-1] www.googleapis.com:443]: Connection was reset by remote machine
2026-03-08 07:41:19: Recovered the connection, continuing operations
2026-03-08 07:41:21: Save State File goodrive://www.googleapis.com/:personal:/bannister_open_source/_gsdata_/_file_state_v4._gs
2026-03-08 07:41:22: Release Snapshot of Volume C:
2026-03-08 07:41:28: == Sync Complete. Time: 00:05:36, Speed: 80.68 KB/s, OK: 166, Errors: 0
