2026-05-11 05:30:33: -- Analysis Started by On Schedule Min=30 Hour=5 
2026-05-11 05:30:33: L: Reading State File C:/rock/bannister/_gsdata_/_file_state_v4._gs
2026-05-11 05:30:35: R: Reading State File goodrive://www.googleapis.com/:personal:/bannister/_gsdata_/_file_state_v4._gs
2026-05-11 05:30:38: Changes: 99, Conflicts: 0, CopyTime: 0, FixState: 0, Errors: 0, All: 12465
2026-05-11 05:30:38: Left to Right: Copy File: 98 Delete File: 1 
2026-05-11 05:30:38: == Sync Started by On Schedule Min=30 Hour=5 
2026-05-11 05:30:38: ConnectCloned connected to file:///C:/rock/bannister
2026-05-11 05:30:38: ConnectCloned connected to file:///C:/rock/bannister
2026-05-11 05:30:38: ConnectCloned connected to file:///C:/rock/bannister
2026-05-11 05:30:38: GsConnectAndSetRoot1 connected to goodrive://www.googleapis.com/:personal:/bannister
2026-05-11 05:30:38: GsConnectAndSetRoot1 connected to goodrive://www.googleapis.com/:personal:/bannister
2026-05-11 05:30:38: GsConnectAndSetRoot1 connected to goodrive://www.googleapis.com/:personal:/bannister
2026-05-11 05:30:43: Copy Over 'C:/rock/bannister/.vs/Bannister/v18/DocumentLayout.backup.json' -> 'goodrive://www.googleapis.com/:personal:/bannister/.vs/Bannister/v18/DocumentLayout.backup.json' (14,562)
2026-05-11 05:30:43: Copy Over 'C:/rock/bannister/.git/COMMIT_EDITMSG' -> 'goodrive://www.googleapis.com/:personal:/bannister/.git/COMMIT_EDITMSG' (61)
2026-05-11 05:30:43: Copy Over 'C:/rock/bannister/.vs/Bannister/v18/.suo' -> 'goodrive://www.googleapis.com/:personal:/bannister/.vs/Bannister/v18/.suo' (74,240)
2026-05-11 05:30:43: CopyFileSimple: OpenDownload: ERR: Cannot open file C:/rock/bannister/.vs/Bannister/FileContentIndex/cb287849-5711-4988-a2fd-eff77425fbed.vsidx: cannot open file 'C:/rock/bannister/.vs/Bannister/FileContentIndex/cb287849-5711-4988-a2fd-eff77425fbed.vsidx': The process cannot access the file because it is being used by another process.  (error 32)
2026-05-11 05:30:43: Creating Snapshot of Volume 'C:' because this file is locked: C:/rock/bannister/.vs/Bannister/FileContentIndex/cb287849-5711-4988-a2fd-eff77425fbed.vsidx
2026-05-11 05:30:43: Connecting to Elevated Local GoodSync Server to complete operation
2026-05-11 05:30:43: LOCAL C:(127.0.0.1) -> S:127.0.0.1:33333
2026-05-11 05:30:44: Delete File goodrive://www.googleapis.com/:personal:/bannister/.vs/Bannister/FileContentIndex/7adfb13a-c0ba-4701-b933-c61bb3d3c4a2.vsidx
2026-05-11 05:30:48: Copy Over 'C:/rock/bannister/.vs/Bannister/v18/DocumentLayout.json' -> 'goodrive://www.googleapis.com/:personal:/bannister/.vs/Bannister/v18/DocumentLayout.json' (14,562)
2026-05-11 05:30:49: Copy Over 'C:/rock/bannister/Bannister/bin/Debug/net8.0-windows10.0.19041.0/win-x64/AppxManifest.xml' -> 'goodrive://www.googleapis.com/:personal:/bannister/bannister/bin/Debug/net8.0-windows10.0.19041.0/win-x64/AppxManifest.xml' (2,800)
2026-05-11 05:30:52: Copy Over 'C:/rock/bannister/Bannister/bin/x64/Debug/net8.0-windows10.0.19041.0/AppxManifest.xml' -> 'goodrive://www.googleapis.com/:personal:/bannister/bannister/bin/x64/Debug/net8.0-windows10.0.19041.0/AppxManifest.xml' (2,821)
2026-05-11 05:30:52: Copy Over 'C:/rock/bannister/Bannister/bin/x64/Debug/net8.0-windows10.0.19041.0/AppX/AppxManifest.xml' -> 'goodrive://www.googleapis.com/:personal:/bannister/bannister/bin/x64/Debug/net8.0-windows10.0.19041.0/AppX/AppxManifest.xml' (2,821)
2026-05-11 05:30:52: > Copy Over 'C:/rock/bannister/Bannister/bin/x64/Debug/net8.0-windows10.0.19041.0/AppX/Bannister.dll' -> 'goodrive://www.googleapis.com/:personal:/bannister/bannister/bin/x64/Debug/net8.0-windows10.0.19041.0/AppX/Bannister.dll' (4,014,080)
2026-05-11 05:30:55: Copy Over 'C:/rock/bannister/Bannister/bin/x64/Debug/net8.0-windows10.0.19041.0/AppX/Bannister.deps.json' -> 'goodrive://www.googleapis.com/:personal:/bannister/bannister/bin/x64/Debug/net8.0-windows10.0.19041.0/AppX/Bannister.deps.json' (44,134)
2026-05-11 05:30:57: < Copy Over 'C:/rock/bannister/Bannister/bin/x64/Debug/net8.0-windows10.0.19041.0/AppX/Bannister.dll' -> 'goodrive://www.googleapis.com/:personal:/bannister/bannister/bin/x64/Debug/net8.0-windows10.0.19041.0/AppX/Bannister.dll' (4,014,080)
2026-05-11 05:30:59: Copy Over 'C:/rock/bannister/Bannister/bin/x64/Debug/net8.0-windows10.0.19041.0/AppX/Bannister.exe' -> 'goodrive://www.googleapis.com/:personal:/bannister/bannister/bin/x64/Debug/net8.0-windows10.0.19041.0/AppX/Bannister.exe' (153,088)
2026-05-11 05:31:01: Copy Over 'C:/rock/bannister/Bannister/bin/x64/Debug/net8.0-windows10.0.19041.0/AppX/Bannister.runtimeconfig.json' -> 'goodrive://www.googleapis.com/:personal:/bannister/bannister/bin/x64/Debug/net8.0-windows10.0.19041.0/AppX/Bannister.runtimeconfig.json' (385)
2026-05-11 05:31:04: Copy Over 'C:/rock/bannister/Bannister/bin/x64/Debug/net8.0-windows10.0.19041.0/AppX/resources.pri' -> 'goodrive://www.googleapis.com/:personal:/bannister/bannister/bin/x64/Debug/net8.0-windows10.0.19041.0/AppX/resources.pri' (140,664)
2026-05-11 05:31:05: Copy Over 'C:/rock/bannister/Bannister/bin/x64/Debug/net8.0-windows10.0.19041.0/AppX/vs.appxrecipe' -> 'goodrive://www.googleapis.com/:personal:/bannister/bannister/bin/x64/Debug/net8.0-windows10.0.19041.0/AppX/vs.appxrecipe' (70,202)
2026-05-11 05:31:07: Copy Over 'C:/rock/bannister/Bannister/bin/x64/Debug/net8.0-windows10.0.19041.0/Bannister.build.appxrecipe' -> 'goodrive://www.googleapis.com/:personal:/bannister/bannister/bin/x64/Debug/net8.0-windows10.0.19041.0/Bannister.build.appxrecipe' (58,561)
2026-05-11 05:31:07: > Copy Over 'C:/rock/bannister/Bannister/bin/x64/Debug/net8.0-windows10.0.19041.0/Bannister.dll' -> 'goodrive://www.googleapis.com/:personal:/bannister/bannister/bin/x64/Debug/net8.0-windows10.0.19041.0/Bannister.dll' (4,014,080)
2026-05-11 05:31:09: Copy Over 'C:/rock/bannister/Bannister/bin/x64/Debug/net8.0-windows10.0.19041.0/Bannister.deps.json' -> 'goodrive://www.googleapis.com/:personal:/bannister/bannister/bin/x64/Debug/net8.0-windows10.0.19041.0/Bannister.deps.json' (44,134)
2026-05-11 05:31:09: Created Snapshot of Volume 'C:' at '/GLOBALROOT/Device/HarddiskVolumeShadowCopy35', Elevated
2026-05-11 05:31:09: Open File Snap GetShadow: AbsPath=/GLOBALROOT/Device/HarddiskVolumeShadowCopy35/rock/bannister/.vs/Bannister/FileContentIndex/cb287849-5711-4988-a2fd-eff77425fbed.vsidx SnapshotPath=/GLOBALROOT/Device/HarddiskVolumeShadowCopy35 SnapVolume=C:
2026-05-11 05:31:11: < Copy Over 'C:/rock/bannister/Bannister/bin/x64/Debug/net8.0-windows10.0.19041.0/Bannister.dll' -> 'goodrive://www.googleapis.com/:personal:/bannister/bannister/bin/x64/Debug/net8.0-windows10.0.19041.0/Bannister.dll' (4,014,080)
2026-05-11 05:31:12: Copy New 'C:/rock/bannister/.vs/Bannister/FileContentIndex/cb287849-5711-4988-a2fd-eff77425fbed.vsidx' -> 'goodrive://www.googleapis.com/:personal:/bannister/.vs/Bannister/FileContentIndex/cb287849-5711-4988-a2fd-eff77425fbed.vsidx' (661,320)
2026-05-11 05:31:13: Copy Over 'C:/rock/bannister/Bannister/bin/x64/Debug/net8.0-windows10.0.19041.0/Bannister.exe' -> 'goodrive://www.googleapis.com/:personal:/bannister/bannister/bin/x64/Debug/net8.0-windows10.0.19041.0/Bannister.exe' (153,088)
2026-05-11 05:31:15: Copy Over 'C:/rock/bannister/Bannister/bin/x64/Debug/net8.0-windows10.0.19041.0/Bannister.pdb' -> 'goodrive://www.googleapis.com/:personal:/bannister/bannister/bin/x64/Debug/net8.0-windows10.0.19041.0/Bannister.pdb' (861,132)
2026-05-11 05:31:16: Copy Over 'C:/rock/bannister/Bannister/bin/x64/Debug/net8.0-windows10.0.19041.0/Bannister.runtimeconfig.json' -> 'goodrive://www.googleapis.com/:personal:/bannister/bannister/bin/x64/Debug/net8.0-windows10.0.19041.0/Bannister.runtimeconfig.json' (385)
2026-05-11 05:31:16: Copy Over 'C:/rock/bannister/Bannister/bin/x64/Debug/net8.0-windows10.0.19041.0/resources.pri' -> 'goodrive://www.googleapis.com/:personal:/bannister/bannister/bin/x64/Debug/net8.0-windows10.0.19041.0/resources.pri' (140,664)
2026-05-11 05:31:16: > Copy Over 'C:/rock/bannister/Bannister/bin/Debug/net8.0-windows10.0.19041.0/win-x64/Bannister.dll' -> 'goodrive://www.googleapis.com/:personal:/bannister/bannister/bin/Debug/net8.0-windows10.0.19041.0/win-x64/Bannister.dll' (4,014,592)
2026-05-11 05:31:18: Copy Over 'C:/rock/bannister/Bannister/bin/Debug/net8.0-windows10.0.19041.0/win-x64/Bannister.build.appxrecipe' -> 'goodrive://www.googleapis.com/:personal:/bannister/bannister/bin/Debug/net8.0-windows10.0.19041.0/win-x64/Bannister.build.appxrecipe' (45,715)
2026-05-11 05:31:19: Copy Over 'C:/rock/bannister/Bannister/bin/Debug/net8.0-windows10.0.19041.0/win-x64/Bannister.deps.json' -> 'goodrive://www.googleapis.com/:personal:/bannister/bannister/bin/Debug/net8.0-windows10.0.19041.0/win-x64/Bannister.deps.json' (34,254)
2026-05-11 05:31:20: < Copy Over 'C:/rock/bannister/Bannister/bin/Debug/net8.0-windows10.0.19041.0/win-x64/Bannister.dll' -> 'goodrive://www.googleapis.com/:personal:/bannister/bannister/bin/Debug/net8.0-windows10.0.19041.0/win-x64/Bannister.dll' (4,014,592)
2026-05-11 05:31:21: Copy Over 'C:/rock/bannister/Bannister/bin/Debug/net8.0-windows10.0.19041.0/win-x64/Bannister.exe' -> 'goodrive://www.googleapis.com/:personal:/bannister/bannister/bin/Debug/net8.0-windows10.0.19041.0/win-x64/Bannister.exe' (153,088)
2026-05-11 05:31:22: Copy Over 'C:/rock/bannister/Bannister/bin/Debug/net8.0-windows10.0.19041.0/win-x64/Bannister.pdb' -> 'goodrive://www.googleapis.com/:personal:/bannister/bannister/bin/Debug/net8.0-windows10.0.19041.0/win-x64/Bannister.pdb' (860,308)
2026-05-11 05:31:23: Copy Over 'C:/rock/bannister/Bannister/bin/Debug/net8.0-windows10.0.19041.0/win-x64/Bannister.runtimeconfig.json' -> 'goodrive://www.googleapis.com/:personal:/bannister/bannister/bin/Debug/net8.0-windows10.0.19041.0/win-x64/Bannister.runtimeconfig.json' (385)
2026-05-11 05:31:24: Copy Over 'C:/rock/bannister/Bannister/bin/Debug/net8.0-windows10.0.19041.0/win-x64/resources.pri' -> 'goodrive://www.googleapis.com/:personal:/bannister/bannister/bin/Debug/net8.0-windows10.0.19041.0/win-x64/resources.pri' (140,664)
2026-05-11 05:31:26: Copy Over 'C:/rock/bannister/Bannister/obj/Bannister.csproj.nuget.dgspec.json' -> 'goodrive://www.googleapis.com/:personal:/bannister/bannister/obj/Bannister.csproj.nuget.dgspec.json' (6,565)
2026-05-11 05:31:28: Copy Over 'C:/rock/bannister/Bannister/Views/LearningPage.cs' -> 'goodrive://www.googleapis.com/:personal:/bannister/bannister/Views/LearningPage.cs' (173,749)
2026-05-11 05:31:28: Copy Over 'C:/rock/bannister/Bannister/obj/Bannister.csproj.nuget.g.props' -> 'goodrive://www.googleapis.com/:personal:/bannister/bannister/obj/Bannister.csproj.nuget.g.props' (4,717)
2026-05-11 05:31:30: Copy Over 'C:/rock/bannister/Bannister/obj/project.assets.json' -> 'goodrive://www.googleapis.com/:personal:/bannister/bannister/obj/project.assets.json' (509,163)
2026-05-11 05:31:31: Copy Over 'C:/rock/bannister/Bannister/obj/project.nuget.cache' -> 'goodrive://www.googleapis.com/:personal:/bannister/bannister/obj/project.nuget.cache' (18,370)
2026-05-11 05:31:32: Copy Over 'C:/rock/bannister/Bannister/obj/Debug/net8.0-windows10.0.19041.0/win-x64/apphost.exe' -> 'goodrive://www.googleapis.com/:personal:/bannister/bannister/obj/Debug/net8.0-windows10.0.19041.0/win-x64/apphost.exe' (153,088)
2026-05-11 05:31:33: Copy Over 'C:/rock/bannister/Bannister/obj/Debug/net8.0-windows10.0.19041.0/win-x64/Bannister.AssemblyInfo.cs' -> 'goodrive://www.googleapis.com/:personal:/bannister/bannister/obj/Debug/net8.0-windows10.0.19041.0/win-x64/Bannister.AssemblyInfo.cs' (1,673)
2026-05-11 05:31:34: Copy Over 'C:/rock/bannister/Bannister/obj/x64/Debug/net8.0-android/Bannister.assets.cache' -> 'goodrive://www.googleapis.com/:personal:/bannister/bannister/obj/x64/Debug/net8.0-android/Bannister.assets.cache' (98,708)
2026-05-11 05:31:36: Copy Over 'C:/rock/bannister/Bannister/obj/x64/Debug/net8.0-windows10.0.19041.0/apphost.exe' -> 'goodrive://www.googleapis.com/:personal:/bannister/bannister/obj/x64/Debug/net8.0-windows10.0.19041.0/apphost.exe' (153,088)
2026-05-11 05:31:37: Copy Over 'C:/rock/bannister/Bannister/obj/x64/Debug/net8.0-windows10.0.19041.0/Bannister.AssemblyInfo.cs' -> 'goodrive://www.googleapis.com/:personal:/bannister/bannister/obj/x64/Debug/net8.0-windows10.0.19041.0/Bannister.AssemblyInfo.cs' (1,713)
2026-05-11 05:31:38: Copy Over 'C:/rock/bannister/Bannister/obj/x64/Debug/net8.0-windows10.0.19041.0/Bannister.AssemblyInfoInputs.cache' -> 'goodrive://www.googleapis.com/:personal:/bannister/bannister/obj/x64/Debug/net8.0-windows10.0.19041.0/Bannister.AssemblyInfoInputs.cache' (66)
2026-05-11 05:31:40: Copy Over 'C:/rock/bannister/Bannister/obj/x64/Debug/net8.0-windows10.0.19041.0/Bannister.assets.cache' -> 'goodrive://www.googleapis.com/:personal:/bannister/bannister/obj/x64/Debug/net8.0-windows10.0.19041.0/Bannister.assets.cache' (57,297)
2026-05-11 05:31:40: > Copy Over 'C:/rock/bannister/Bannister/obj/x64/Debug/net8.0-windows10.0.19041.0/Bannister.dll' -> 'goodrive://www.googleapis.com/:personal:/bannister/bannister/obj/x64/Debug/net8.0-windows10.0.19041.0/Bannister.dll' (4,014,080)
2026-05-11 05:31:41: Copy Over 'C:/rock/bannister/Bannister/obj/x64/Debug/net8.0-windows10.0.19041.0/Bannister.csproj.AssemblyReference.cache' -> 'goodrive://www.googleapis.com/:personal:/bannister/bannister/obj/x64/Debug/net8.0-windows10.0.19041.0/Bannister.csproj.AssemblyReference.cache' (65,498)
2026-05-11 05:31:42: Copy Over 'C:/rock/bannister/Bannister/obj/x64/Debug/net8.0-windows10.0.19041.0/Bannister.csproj.BuildWithSkipAnalyzers' -> 'goodrive://www.googleapis.com/:personal:/bannister/bannister/obj/x64/Debug/net8.0-windows10.0.19041.0/Bannister.csproj.BuildWithSkipAnalyzers' (0)
2026-05-11 05:31:43: < Copy Over 'C:/rock/bannister/Bannister/obj/x64/Debug/net8.0-windows10.0.19041.0/Bannister.dll' -> 'goodrive://www.googleapis.com/:personal:/bannister/bannister/obj/x64/Debug/net8.0-windows10.0.19041.0/Bannister.dll' (4,014,080)
2026-05-11 05:31:44: Copy Over 'C:/rock/bannister/Bannister/obj/x64/Debug/net8.0-windows10.0.19041.0/Bannister.pdb' -> 'goodrive://www.googleapis.com/:personal:/bannister/bannister/obj/x64/Debug/net8.0-windows10.0.19041.0/Bannister.pdb' (861,132)
2026-05-11 05:31:46: Copy Over 'C:/rock/bannister/Bannister/obj/x64/Debug/net8.0-windows10.0.19041.0/Bannister.sourcelink.json' -> 'goodrive://www.googleapis.com/:personal:/bannister/bannister/obj/x64/Debug/net8.0-windows10.0.19041.0/Bannister.sourcelink.json' (141)
2026-05-11 05:31:47: Copy Over 'C:/rock/bannister/Bannister/obj/x64/Debug/net8.0-windows10.0.19041.0/excluded.layout.resfiles.intermediate' -> 'goodrive://www.googleapis.com/:personal:/bannister/bannister/obj/x64/Debug/net8.0-windows10.0.19041.0/excluded.layout.resfiles.intermediate' (0)
2026-05-11 05:31:47: > Copy Over 'C:/rock/bannister/Bannister/obj/x64/Debug/net8.0-windows10.0.19041.0/intermediatexaml/Bannister.dll' -> 'goodrive://www.googleapis.com/:personal:/bannister/bannister/obj/x64/Debug/net8.0-windows10.0.19041.0/intermediatexaml/Bannister.dll' (3,875,328)
2026-05-11 05:31:48: Copy Over 'C:/rock/bannister/Bannister/obj/x64/Debug/net8.0-windows10.0.19041.0/embed/embed.resfiles.intermediate' -> 'goodrive://www.googleapis.com/:personal:/bannister/bannister/obj/x64/Debug/net8.0-windows10.0.19041.0/embed/embed.resfiles.intermediate' (27)
2026-05-11 05:31:49: Copy Over 'C:/rock/bannister/Bannister/obj/x64/Debug/net8.0-windows10.0.19041.0/filtered.layout.resfiles.intermediate' -> 'goodrive://www.googleapis.com/:personal:/bannister/bannister/obj/x64/Debug/net8.0-windows10.0.19041.0/filtered.layout.resfiles.intermediate' (2,300)
2026-05-11 05:31:52: < Copy Over 'C:/rock/bannister/Bannister/obj/x64/Debug/net8.0-windows10.0.19041.0/intermediatexaml/Bannister.dll' -> 'goodrive://www.googleapis.com/:personal:/bannister/bannister/obj/x64/Debug/net8.0-windows10.0.19041.0/intermediatexaml/Bannister.dll' (3,875,328)
2026-05-11 05:31:52: Copy Over 'C:/rock/bannister/Bannister/obj/x64/Debug/net8.0-windows10.0.19041.0/pri.resfiles.intermediate' -> 'goodrive://www.googleapis.com/:personal:/bannister/bannister/obj/x64/Debug/net8.0-windows10.0.19041.0/pri.resfiles.intermediate' (386)
2026-05-11 05:31:53: Copy Over 'C:/rock/bannister/Bannister/obj/x64/Debug/net8.0-windows10.0.19041.0/Platforms/Windows/App.xaml' -> 'goodrive://www.googleapis.com/:personal:/bannister/bannister/obj/x64/Debug/net8.0-windows10.0.19041.0/Platforms/Windows/App.xaml' (304)
2026-05-11 05:31:55: Copy Over 'C:/rock/bannister/Bannister/obj/x64/Debug/net8.0-windows10.0.19041.0/priconfig.xml.intermediate' -> 'goodrive://www.googleapis.com/:personal:/bannister/bannister/obj/x64/Debug/net8.0-windows10.0.19041.0/priconfig.xml.intermediate' (3,154)
2026-05-11 05:31:55: Copy Over 'C:/rock/bannister/Bannister/obj/x64/Debug/net8.0-windows10.0.19041.0/qualifiers.txt.intermediate' -> 'goodrive://www.googleapis.com/:personal:/bannister/bannister/obj/x64/Debug/net8.0-windows10.0.19041.0/qualifiers.txt.intermediate' (184)
2026-05-11 05:31:57: Copy Over 'C:/rock/bannister/Bannister/obj/x64/Debug/net8.0-windows10.0.19041.0/ref/Bannister.dll' -> 'goodrive://www.googleapis.com/:personal:/bannister/bannister/obj/x64/Debug/net8.0-windows10.0.19041.0/ref/Bannister.dll' (904,704)
2026-05-11 05:31:59: Copy Over 'C:/rock/bannister/Bannister/obj/x64/Debug/net8.0-windows10.0.19041.0/refint/Bannister.dll' -> 'goodrive://www.googleapis.com/:personal:/bannister/bannister/obj/x64/Debug/net8.0-windows10.0.19041.0/refint/Bannister.dll' (904,704)
2026-05-11 05:31:59: Copy Over 'C:/rock/bannister/Bannister/obj/x64/Debug/net8.0-windows10.0.19041.0/resources.resfiles.intermediate' -> 'goodrive://www.googleapis.com/:personal:/bannister/bannister/obj/x64/Debug/net8.0-windows10.0.19041.0/resources.resfiles.intermediate' (0)
2026-05-11 05:32:01: Copy Over 'C:/rock/bannister/Bannister/obj/x64/Debug/net8.0-windows10.0.19041.0/unfiltered.layout.resfiles.intermediate' -> 'goodrive://www.googleapis.com/:personal:/bannister/bannister/obj/x64/Debug/net8.0-windows10.0.19041.0/unfiltered.layout.resfiles.intermediate' (2,300)
2026-05-11 05:32:02: Copy Over 'C:/rock/bannister/Bannister/obj/x64/Debug/net8.0-windows10.0.19041.0/XamlC.stamp' -> 'goodrive://www.googleapis.com/:personal:/bannister/bannister/obj/x64/Debug/net8.0-windows10.0.19041.0/XamlC.stamp' (0)
2026-05-11 05:32:03: Copy Over 'C:/rock/bannister/Bannister/obj/x64/Debug/net8.0-windows10.0.19041.0/XamlSaveStateFile.xml' -> 'goodrive://www.googleapis.com/:personal:/bannister/bannister/obj/x64/Debug/net8.0-windows10.0.19041.0/XamlSaveStateFile.xml' (834)
2026-05-11 05:32:03: > Copy Over 'C:/rock/bannister/Bannister/obj/Debug/net8.0-windows10.0.19041.0/win-x64/Bannister.dll' -> 'goodrive://www.googleapis.com/:personal:/bannister/bannister/obj/Debug/net8.0-windows10.0.19041.0/win-x64/Bannister.dll' (4,014,592)
2026-05-11 05:32:04: Copy Over 'C:/rock/bannister/Bannister/obj/Debug/net8.0-windows10.0.19041.0/win-x64/Bannister.AssemblyInfoInputs.cache' -> 'goodrive://www.googleapis.com/:personal:/bannister/bannister/obj/Debug/net8.0-windows10.0.19041.0/win-x64/Bannister.AssemblyInfoInputs.cache' (66)
2026-05-11 05:32:05: Copy Over 'C:/rock/bannister/Bannister/obj/Debug/net8.0-windows10.0.19041.0/win-x64/Bannister.assets.cache' -> 'goodrive://www.googleapis.com/:personal:/bannister/bannister/obj/Debug/net8.0-windows10.0.19041.0/win-x64/Bannister.assets.cache' (41,595)
2026-05-11 05:32:07: < Copy Over 'C:/rock/bannister/Bannister/obj/Debug/net8.0-windows10.0.19041.0/win-x64/Bannister.dll' -> 'goodrive://www.googleapis.com/:personal:/bannister/bannister/obj/Debug/net8.0-windows10.0.19041.0/win-x64/Bannister.dll' (4,014,592)
2026-05-11 05:32:07: Copy Over 'C:/rock/bannister/Bannister/obj/Debug/net8.0-windows10.0.19041.0/win-x64/Bannister.pdb' -> 'goodrive://www.googleapis.com/:personal:/bannister/bannister/obj/Debug/net8.0-windows10.0.19041.0/win-x64/Bannister.pdb' (860,308)
2026-05-11 05:32:08: Copy Over 'C:/rock/bannister/Bannister/obj/Debug/net8.0-windows10.0.19041.0/win-x64/Bannister.sourcelink.json' -> 'goodrive://www.googleapis.com/:personal:/bannister/bannister/obj/Debug/net8.0-windows10.0.19041.0/win-x64/Bannister.sourcelink.json' (141)
2026-05-11 05:32:10: Copy Over 'C:/rock/bannister/Bannister/obj/Debug/net8.0-windows10.0.19041.0/win-x64/excluded.layout.resfiles.intermediate' -> 'goodrive://www.googleapis.com/:personal:/bannister/bannister/obj/Debug/net8.0-windows10.0.19041.0/win-x64/excluded.layout.resfiles.intermediate' (0)
2026-05-11 05:32:11: Copy Over 'C:/rock/bannister/Bannister/obj/Debug/net8.0-windows10.0.19041.0/win-x64/filtered.layout.resfiles.intermediate' -> 'goodrive://www.googleapis.com/:personal:/bannister/bannister/obj/Debug/net8.0-windows10.0.19041.0/win-x64/filtered.layout.resfiles.intermediate' (2,300)
2026-05-11 05:32:11: Copy Over 'C:/rock/bannister/Bannister/obj/Debug/net8.0-windows10.0.19041.0/win-x64/embed/embed.resfiles.intermediate' -> 'goodrive://www.googleapis.com/:personal:/bannister/bannister/obj/Debug/net8.0-windows10.0.19041.0/win-x64/embed/embed.resfiles.intermediate' (27)
2026-05-11 05:32:11: > Copy Over 'C:/rock/bannister/Bannister/obj/Debug/net8.0-windows10.0.19041.0/win-x64/intermediatexaml/Bannister.dll' -> 'goodrive://www.googleapis.com/:personal:/bannister/bannister/obj/Debug/net8.0-windows10.0.19041.0/win-x64/intermediatexaml/Bannister.dll' (3,847,168)
2026-05-11 05:32:13: Copy Over 'C:/rock/bannister/Bannister/obj/Debug/net8.0-windows10.0.19041.0/win-x64/input.json' -> 'goodrive://www.googleapis.com/:personal:/bannister/bannister/obj/Debug/net8.0-windows10.0.19041.0/win-x64/input.json' (102,436)
2026-05-11 05:32:15: Copy Over 'C:/rock/bannister/Bannister/obj/Debug/net8.0-windows10.0.19041.0/win-x64/output.json' -> 'goodrive://www.googleapis.com/:personal:/bannister/bannister/obj/Debug/net8.0-windows10.0.19041.0/win-x64/output.json' (8,861)
2026-05-11 05:32:16: Copy Over 'C:/rock/bannister/Bannister/obj/Debug/net8.0-windows10.0.19041.0/win-x64/intermediatexaml/Bannister.pdb' -> 'goodrive://www.googleapis.com/:personal:/bannister/bannister/obj/Debug/net8.0-windows10.0.19041.0/win-x64/intermediatexaml/Bannister.pdb' (831,744)
2026-05-11 05:32:16: < Copy Over 'C:/rock/bannister/Bannister/obj/Debug/net8.0-windows10.0.19041.0/win-x64/intermediatexaml/Bannister.dll' -> 'goodrive://www.googleapis.com/:personal:/bannister/bannister/obj/Debug/net8.0-windows10.0.19041.0/win-x64/intermediatexaml/Bannister.dll' (3,847,168)
2026-05-11 05:32:18: Copy Over 'C:/rock/bannister/Bannister/obj/Debug/net8.0-windows10.0.19041.0/win-x64/pri.resfiles.intermediate' -> 'goodrive://www.googleapis.com/:personal:/bannister/bannister/obj/Debug/net8.0-windows10.0.19041.0/win-x64/pri.resfiles.intermediate' (386)
2026-05-11 05:32:20: Copy Over 'C:/rock/bannister/Bannister/obj/Debug/net8.0-windows10.0.19041.0/win-x64/priconfig.xml.intermediate' -> 'goodrive://www.googleapis.com/:personal:/bannister/bannister/obj/Debug/net8.0-windows10.0.19041.0/win-x64/priconfig.xml.intermediate' (3,170)
2026-05-11 05:32:22: Copy Over 'C:/rock/bannister/Bannister/obj/Debug/net8.0-windows10.0.19041.0/win-x64/Platforms/Windows/App.xaml' -> 'goodrive://www.googleapis.com/:personal:/bannister/bannister/obj/Debug/net8.0-windows10.0.19041.0/win-x64/Platforms/Windows/App.xaml' (304)
2026-05-11 05:32:22: Copy Over 'C:/rock/bannister/Bannister/obj/Debug/net8.0-windows10.0.19041.0/win-x64/qualifiers.txt.intermediate' -> 'goodrive://www.googleapis.com/:personal:/bannister/bannister/obj/Debug/net8.0-windows10.0.19041.0/win-x64/qualifiers.txt.intermediate' (184)
2026-05-11 05:32:25: Copy Over 'C:/rock/bannister/Bannister/obj/Debug/net8.0-windows10.0.19041.0/win-x64/ref/Bannister.dll' -> 'goodrive://www.googleapis.com/:personal:/bannister/bannister/obj/Debug/net8.0-windows10.0.19041.0/win-x64/ref/Bannister.dll' (904,704)
2026-05-11 05:32:26: Copy Over 'C:/rock/bannister/Bannister/obj/Debug/net8.0-windows10.0.19041.0/win-x64/resources.resfiles.intermediate' -> 'goodrive://www.googleapis.com/:personal:/bannister/bannister/obj/Debug/net8.0-windows10.0.19041.0/win-x64/resources.resfiles.intermediate' (0)
2026-05-11 05:32:27: Copy Over 'C:/rock/bannister/Bannister/obj/Debug/net8.0-windows10.0.19041.0/win-x64/refint/Bannister.dll' -> 'goodrive://www.googleapis.com/:personal:/bannister/bannister/obj/Debug/net8.0-windows10.0.19041.0/win-x64/refint/Bannister.dll' (904,704)
2026-05-11 05:32:28: Copy Over 'C:/rock/bannister/Bannister/obj/Debug/net8.0-windows10.0.19041.0/win-x64/unfiltered.layout.resfiles.intermediate' -> 'goodrive://www.googleapis.com/:personal:/bannister/bannister/obj/Debug/net8.0-windows10.0.19041.0/win-x64/unfiltered.layout.resfiles.intermediate' (2,300)
2026-05-11 05:32:29: Copy Over 'C:/rock/bannister/Bannister/obj/Debug/net8.0-windows10.0.19041.0/win-x64/XamlC.stamp' -> 'goodrive://www.googleapis.com/:personal:/bannister/bannister/obj/Debug/net8.0-windows10.0.19041.0/win-x64/XamlC.stamp' (0)
2026-05-11 05:32:30: Copy Over 'C:/rock/bannister/Bannister/obj/Debug/net8.0-windows10.0.19041.0/win-x64/XamlSaveStateFile.xml' -> 'goodrive://www.googleapis.com/:personal:/bannister/bannister/obj/Debug/net8.0-windows10.0.19041.0/win-x64/XamlSaveStateFile.xml' (821)
2026-05-11 05:32:31: Create Folder goodrive://www.googleapis.com/:personal:/bannister/.git/objects/19
2026-05-11 05:32:32: Copy Over 'C:/rock/bannister/.git/index' -> 'goodrive://www.googleapis.com/:personal:/bannister/.git/index' (31,948)
2026-05-11 05:32:33: Copy New 'C:/rock/bannister/.git/objects/19/669956201f6178c4a6deec99239ed56c5f1748' -> 'goodrive://www.googleapis.com/:personal:/bannister/.git/objects/19/669956201f6178c4a6deec99239ed56c5f1748' (110)
2026-05-11 05:32:33: Copy Over 'C:/rock/bannister/.git/logs/HEAD' -> 'goodrive://www.googleapis.com/:personal:/bannister/.git/logs/HEAD' (6,797)
2026-05-11 05:32:34: Copy New 'C:/rock/bannister/.git/objects/20/a1f2b7e73ddc07ff45af9f0066e368cb97643e' -> 'goodrive://www.googleapis.com/:personal:/bannister/.git/objects/20/a1f2b7e73ddc07ff45af9f0066e368cb97643e' (25,881)
2026-05-11 05:32:35: Copy New 'C:/rock/bannister/.git/objects/84/2f589adc60135c2c497ce6f7e0017779fea545' -> 'goodrive://www.googleapis.com/:personal:/bannister/.git/objects/84/2f589adc60135c2c497ce6f7e0017779fea545' (2,542)
2026-05-11 05:32:35: Copy New 'C:/rock/bannister/.git/objects/52/c461c5d543768659a48cc352570dd98cd47b35' -> 'goodrive://www.googleapis.com/:personal:/bannister/.git/objects/52/c461c5d543768659a48cc352570dd98cd47b35' (320)
2026-05-11 05:32:36: Create Folder goodrive://www.googleapis.com/:personal:/bannister/.git/objects/dc
2026-05-11 05:32:37: Copy New 'C:/rock/bannister/.git/objects/9c/67d1f78b36ad0e16a825ea8fece31c0b9953d1' -> 'goodrive://www.googleapis.com/:personal:/bannister/.git/objects/9c/67d1f78b36ad0e16a825ea8fece31c0b9953d1' (572)
2026-05-11 05:32:37: Copy New 'C:/rock/bannister/.git/objects/b8/c2a0f6188c99bbd1ffbe8039b27afa73e1930a' -> 'goodrive://www.googleapis.com/:personal:/bannister/.git/objects/b8/c2a0f6188c99bbd1ffbe8039b27afa73e1930a' (1,275)
2026-05-11 05:32:38: Copy New 'C:/rock/bannister/.git/objects/c1/b5d1d73ab5a626656778ef3104a30f01c1e50e' -> 'goodrive://www.googleapis.com/:personal:/bannister/.git/objects/c1/b5d1d73ab5a626656778ef3104a30f01c1e50e' (37,003)
2026-05-11 05:32:40: Copy New 'C:/rock/bannister/.git/objects/dc/b715ecd61c252b2ef5cd6a396471e2e5338426' -> 'goodrive://www.googleapis.com/:personal:/bannister/.git/objects/dc/b715ecd61c252b2ef5cd6a396471e2e5338426' (137,484)
2026-05-11 05:32:40: Copy New 'C:/rock/bannister/.git/objects/f5/821a90a0c1a28a1b6e524553cae4e47d9a27a5' -> 'goodrive://www.googleapis.com/:personal:/bannister/.git/objects/f5/821a90a0c1a28a1b6e524553cae4e47d9a27a5' (188)
2026-05-11 05:32:42: Copy Over 'C:/rock/bannister/.git/logs/refs/heads/main' -> 'goodrive://www.googleapis.com/:personal:/bannister/.git/logs/refs/heads/main' (6,797)
2026-05-11 05:32:43: Copy Over 'C:/rock/bannister/.git/logs/refs/remotes/origin/main' -> 'goodrive://www.googleapis.com/:personal:/bannister/.git/logs/refs/remotes/origin/main' (4,077)
2026-05-11 05:32:43: Copy Over 'C:/rock/bannister/.git/refs/heads/main' -> 'goodrive://www.googleapis.com/:personal:/bannister/.git/refs/heads/main' (41)
2026-05-11 05:32:46: Copy Over 'C:/rock/bannister/.git/refs/remotes/origin/main' -> 'goodrive://www.googleapis.com/:personal:/bannister/.git/refs/remotes/origin/main' (41)
2026-05-11 05:32:46: Save State File C:/rock/bannister/_gsdata_/_file_state_v4._gs
2026-05-11 05:32:49: Save State File goodrive://www.googleapis.com/:personal:/bannister/_gsdata_/_file_state_v4._gs
2026-05-11 05:32:49: Release Snapshot of Volume C:
2026-05-11 05:32:51: == Sync Complete. Time: 00:02:13, Speed: 303.87 KB/s, OK: 99, Errors: 0
