2026-07-16 07:09:55: -- Analysis Started by On Schedule Min=30 Hour=5 
2026-07-16 07:09:55: L: Reading State File C:/rock/bannister/_gsdata_/_file_state_v4._gs
2026-07-16 07:09:58: R: Reading State File goodrive://www.googleapis.com/:personal:/bannister/_gsdata_/_file_state_v4._gs
2026-07-16 07:18:26: Waiting for 5 + 0 of 4 sec on GET: Server says: Internal Server Error (status code 500)
2026-07-16 07:18:31: Recovered the connection, continuing operations
2026-07-16 07:21:18: Getting new AccessToken from RefreshToken
2026-07-16 07:30:08: File ModTime changed but CheckSum remains the same, request CopyState: /Bannister/obj/Debug/net8.0-android/android/bin/classes/crc645d80431ce5f73f11/StartSingleSnapHelper.class
2026-07-16 07:30:08: Changes: 4, Conflicts: 0, CopyTime: 0, FixState: 1, Errors: 0, All: 22227
2026-07-16 07:30:08: Left to Right: Copy File: 4 
2026-07-16 07:30:08: == Sync Started by On Schedule Min=30 Hour=5 
2026-07-16 07:30:08: ConnectCloned connected to file:///C:/rock/bannister
2026-07-16 07:30:08: ConnectCloned connected to file:///C:/rock/bannister
2026-07-16 07:30:08: ConnectCloned connected to file:///C:/rock/bannister
2026-07-16 07:30:09: GsConnectAndSetRoot1 connected to goodrive://www.googleapis.com/:personal:/bannister
2026-07-16 07:30:09: GsConnectAndSetRoot1 connected to goodrive://www.googleapis.com/:personal:/bannister
2026-07-16 07:30:09: GsConnectAndSetRoot1 connected to goodrive://www.googleapis.com/:personal:/bannister
2026-07-16 07:30:17: Copy Over 'C:/rock/bannister/.vs/Bannister/v18/DocumentLayout.backup.json' -> 'goodrive://www.googleapis.com/:personal:/bannister/.vs/Bannister/v18/DocumentLayout.backup.json' (17,935)
2026-07-16 07:30:17: Copy Over 'C:/rock/bannister/Bannister/bin/x64/Debug/net8.0-windows10.0.19041.0/AppX/vs.appxrecipe' -> 'goodrive://www.googleapis.com/:personal:/bannister/bannister/bin/x64/Debug/net8.0-windows10.0.19041.0/AppX/vs.appxrecipe' (72,682)
2026-07-16 07:30:17: Copy Over 'C:/rock/bannister/.vs/Bannister/v18/.suo' -> 'goodrive://www.googleapis.com/:personal:/bannister/.vs/Bannister/v18/.suo' (87,040)
2026-07-16 07:30:21: Copy Over 'C:/rock/bannister/.vs/Bannister/v18/DocumentLayout.json' -> 'goodrive://www.googleapis.com/:personal:/bannister/.vs/Bannister/v18/DocumentLayout.json' (17,935)
2026-07-16 07:30:21: Save State File C:/rock/bannister/_gsdata_/_file_state_v4._gs
2026-07-16 07:30:24: Save State File goodrive://www.googleapis.com/:personal:/bannister/_gsdata_/_file_state_v4._gs
2026-07-16 07:46:38: == Sync Complete. Time: 00:16:30, Speed: 12.22 KB/s, OK: 5, Errors: 0
