2026-03-17 05:31:53: -- Analysis Started by On Schedule Min=30 Hour=5 
2026-03-17 05:31:53: L: Reading State File C:/Users/mr big/Dropbox/code/c sharp/projects/open_source/maui/bannister/_gsdata_/_file_state_v4._gs
2026-03-17 05:32:00: R: Reading State File goodrive://www.googleapis.com/:personal:/bannister_open_source/_gsdata_/_file_state_v4._gs
2026-03-17 05:32:02: Changes: 69, Conflicts: 0, CopyTime: 0, FixState: 0, Errors: 0, All: 9057
2026-03-17 05:32:02: Left to Right: Copy File: 66 Delete File: 3 
2026-03-17 05:32:02: == Sync Started by On Schedule Min=30 Hour=5 
2026-03-17 05:32:03: ConnectCloned connected to file:///C:/Users/mr big/Dropbox/code/c sharp/projects/open_source/maui/bannister
2026-03-17 05:32:03: ConnectCloned connected to file:///C:/Users/mr big/Dropbox/code/c sharp/projects/open_source/maui/bannister
2026-03-17 05:32:03: ConnectCloned connected to file:///C:/Users/mr big/Dropbox/code/c sharp/projects/open_source/maui/bannister
2026-03-17 05:32:03: GsConnectAndSetRoot1 connected to goodrive://www.googleapis.com/:personal:/bannister_open_source
2026-03-17 05:32:03: GsConnectAndSetRoot1 connected to goodrive://www.googleapis.com/:personal:/bannister_open_source
2026-03-17 05:32:03: GsConnectAndSetRoot1 connected to goodrive://www.googleapis.com/:personal:/bannister_open_source
2026-03-17 05:32:09: Copy Over 'C:/Users/mr big/Dropbox/code/c sharp/projects/open_source/maui/bannister/.git/COMMIT_EDITMSG' -> 'goodrive://www.googleapis.com/:personal:/bannister_open_source/.git/COMMIT_EDITMSG' (112)
2026-03-17 05:32:09: Copy Over 'C:/Users/mr big/Dropbox/code/c sharp/projects/open_source/maui/bannister/Bannister/obj/x64/Debug/net8.0-windows10.0.19041.0/apphost.exe' -> 'goodrive://www.googleapis.com/:personal:/bannister_open_source/Bannister/obj/x64/Debug/net8.0-windows10.0.19041.0/apphost.exe' (153,088)
2026-03-17 05:32:09: Copy Over 'C:/Users/mr big/Dropbox/code/c sharp/projects/open_source/maui/bannister/.git/index' -> 'goodrive://www.googleapis.com/:personal:/bannister_open_source/.git/index' (21,692)
2026-03-17 05:32:09: > Copy Over 'C:/Users/mr big/Dropbox/code/c sharp/projects/open_source/maui/bannister/Bannister/bin/x64/Debug/net8.0-windows10.0.19041.0/AppX/Bannister.dll' -> 'goodrive://www.googleapis.com/:personal:/bannister_open_source/Bannister/bin/x64/Debug/net8.0-windows10.0.19041.0/AppX/Bannister.dll' (1,832,448)
2026-03-17 05:32:13: < Copy Over 'C:/Users/mr big/Dropbox/code/c sharp/projects/open_source/maui/bannister/Bannister/bin/x64/Debug/net8.0-windows10.0.19041.0/AppX/Bannister.dll' -> 'goodrive://www.googleapis.com/:personal:/bannister_open_source/Bannister/bin/x64/Debug/net8.0-windows10.0.19041.0/AppX/Bannister.dll' (1,832,448)
2026-03-17 05:32:13: Copy Over 'C:/Users/mr big/Dropbox/code/c sharp/projects/open_source/maui/bannister/Bannister/bin/x64/Debug/net8.0-windows10.0.19041.0/AppX/AppxManifest.xml' -> 'goodrive://www.googleapis.com/:personal:/bannister_open_source/Bannister/bin/x64/Debug/net8.0-windows10.0.19041.0/AppX/AppxManifest.xml' (2,821)
2026-03-17 05:32:13: Copy Over 'C:/Users/mr big/Dropbox/code/c sharp/projects/open_source/maui/bannister/Bannister/bin/x64/Debug/net8.0-windows10.0.19041.0/AppX/Bannister.exe' -> 'goodrive://www.googleapis.com/:personal:/bannister_open_source/Bannister/bin/x64/Debug/net8.0-windows10.0.19041.0/AppX/Bannister.exe' (153,088)
2026-03-17 05:32:18: Copy Over 'C:/Users/mr big/Dropbox/code/c sharp/projects/open_source/maui/bannister/Bannister/obj/x64/Debug/net8.0-windows10.0.19041.0/Bannister.AssemblyInfo.cs' -> 'goodrive://www.googleapis.com/:personal:/bannister_open_source/Bannister/obj/x64/Debug/net8.0-windows10.0.19041.0/Bannister.AssemblyInfo.cs' (1,713)
2026-03-17 05:32:18: Copy Over 'C:/Users/mr big/Dropbox/code/c sharp/projects/open_source/maui/bannister/Bannister/obj/x64/Debug/net8.0-windows10.0.19041.0/Bannister.AssemblyInfoInputs.cache' -> 'goodrive://www.googleapis.com/:personal:/bannister_open_source/Bannister/obj/x64/Debug/net8.0-windows10.0.19041.0/Bannister.AssemblyInfoInputs.cache' (66)
2026-03-17 05:32:18: > Copy Over 'C:/Users/mr big/Dropbox/code/c sharp/projects/open_source/maui/bannister/Bannister/obj/x64/Debug/net8.0-windows10.0.19041.0/Bannister.dll' -> 'goodrive://www.googleapis.com/:personal:/bannister_open_source/Bannister/obj/x64/Debug/net8.0-windows10.0.19041.0/Bannister.dll' (1,832,448)
2026-03-17 05:32:18: Copy Over 'C:/Users/mr big/Dropbox/code/c sharp/projects/open_source/maui/bannister/Bannister/bin/x64/Debug/net8.0-windows10.0.19041.0/AppX/vs.appxrecipe' -> 'goodrive://www.googleapis.com/:personal:/bannister_open_source/Bannister/bin/x64/Debug/net8.0-windows10.0.19041.0/AppX/vs.appxrecipe' (67,613)
2026-03-17 05:32:22: Copy Over 'C:/Users/mr big/Dropbox/code/c sharp/projects/open_source/maui/bannister/Bannister/obj/x64/Debug/net8.0-windows10.0.19041.0/Bannister.csproj.BuildWithSkipAnalyzers' -> 'goodrive://www.googleapis.com/:personal:/bannister_open_source/Bannister/obj/x64/Debug/net8.0-windows10.0.19041.0/Bannister.csproj.BuildWithSkipAnalyzers' (0)
2026-03-17 05:32:22: < Copy Over 'C:/Users/mr big/Dropbox/code/c sharp/projects/open_source/maui/bannister/Bannister/obj/x64/Debug/net8.0-windows10.0.19041.0/Bannister.dll' -> 'goodrive://www.googleapis.com/:personal:/bannister_open_source/Bannister/obj/x64/Debug/net8.0-windows10.0.19041.0/Bannister.dll' (1,832,448)
2026-03-17 05:32:22: Copy Over 'C:/Users/mr big/Dropbox/code/c sharp/projects/open_source/maui/bannister/Bannister/obj/x64/Debug/net8.0-windows10.0.19041.0/Bannister.pdb' -> 'goodrive://www.googleapis.com/:personal:/bannister_open_source/Bannister/obj/x64/Debug/net8.0-windows10.0.19041.0/Bannister.pdb' (407,160)
2026-03-17 05:32:26: Copy Over 'C:/Users/mr big/Dropbox/code/c sharp/projects/open_source/maui/bannister/Bannister/obj/x64/Debug/net8.0-windows10.0.19041.0/Bannister.sourcelink.json' -> 'goodrive://www.googleapis.com/:personal:/bannister_open_source/Bannister/obj/x64/Debug/net8.0-windows10.0.19041.0/Bannister.sourcelink.json' (203)
2026-03-17 05:32:26: Copy Over 'C:/Users/mr big/Dropbox/code/c sharp/projects/open_source/maui/bannister/Bannister/obj/x64/Debug/net8.0-windows10.0.19041.0/embed/embed.resfiles.intermediate' -> 'goodrive://www.googleapis.com/:personal:/bannister_open_source/Bannister/obj/x64/Debug/net8.0-windows10.0.19041.0/embed/embed.resfiles.intermediate' (27)
2026-03-17 05:32:26: > Copy Over 'C:/Users/mr big/Dropbox/code/c sharp/projects/open_source/maui/bannister/Bannister/obj/x64/Debug/net8.0-windows10.0.19041.0/intermediatexaml/Bannister.dll' -> 'goodrive://www.googleapis.com/:personal:/bannister_open_source/Bannister/obj/x64/Debug/net8.0-windows10.0.19041.0/intermediatexaml/Bannister.dll' (1,681,920)
2026-03-17 05:32:26: Copy Over 'C:/Users/mr big/Dropbox/code/c sharp/projects/open_source/maui/bannister/Bannister/obj/x64/Debug/net8.0-windows10.0.19041.0/excluded.layout.resfiles.intermediate' -> 'goodrive://www.googleapis.com/:personal:/bannister_open_source/Bannister/obj/x64/Debug/net8.0-windows10.0.19041.0/excluded.layout.resfiles.intermediate' (0)
2026-03-17 05:32:30: Copy Over 'C:/Users/mr big/Dropbox/code/c sharp/projects/open_source/maui/bannister/Bannister/obj/x64/Debug/net8.0-windows10.0.19041.0/pri.resfiles.intermediate' -> 'goodrive://www.googleapis.com/:personal:/bannister_open_source/Bannister/obj/x64/Debug/net8.0-windows10.0.19041.0/pri.resfiles.intermediate' (386)
2026-03-17 05:32:31: Copy Over 'C:/Users/mr big/Dropbox/code/c sharp/projects/open_source/maui/bannister/Bannister/obj/x64/Debug/net8.0-windows10.0.19041.0/filtered.layout.resfiles.intermediate' -> 'goodrive://www.googleapis.com/:personal:/bannister_open_source/Bannister/obj/x64/Debug/net8.0-windows10.0.19041.0/filtered.layout.resfiles.intermediate' (2,300)
2026-03-17 05:32:31: < Copy Over 'C:/Users/mr big/Dropbox/code/c sharp/projects/open_source/maui/bannister/Bannister/obj/x64/Debug/net8.0-windows10.0.19041.0/intermediatexaml/Bannister.dll' -> 'goodrive://www.googleapis.com/:personal:/bannister_open_source/Bannister/obj/x64/Debug/net8.0-windows10.0.19041.0/intermediatexaml/Bannister.dll' (1,681,920)
2026-03-17 05:32:34: Copy Over 'C:/Users/mr big/Dropbox/code/c sharp/projects/open_source/maui/bannister/Bannister/obj/x64/Debug/net8.0-windows10.0.19041.0/Platforms/Windows/App.xaml' -> 'goodrive://www.googleapis.com/:personal:/bannister_open_source/Bannister/obj/x64/Debug/net8.0-windows10.0.19041.0/Platforms/Windows/App.xaml' (312)
2026-03-17 05:32:35: Copy Over 'C:/Users/mr big/Dropbox/code/c sharp/projects/open_source/maui/bannister/Bannister/obj/x64/Debug/net8.0-windows10.0.19041.0/ref/Bannister.dll' -> 'goodrive://www.googleapis.com/:personal:/bannister_open_source/Bannister/obj/x64/Debug/net8.0-windows10.0.19041.0/ref/Bannister.dll' (550,912)
2026-03-17 05:32:35: Copy Over 'C:/Users/mr big/Dropbox/code/c sharp/projects/open_source/maui/bannister/Bannister/obj/x64/Debug/net8.0-windows10.0.19041.0/priconfig.xml.intermediate' -> 'goodrive://www.googleapis.com/:personal:/bannister_open_source/Bannister/obj/x64/Debug/net8.0-windows10.0.19041.0/priconfig.xml.intermediate' (3,154)
2026-03-17 05:32:39: Copy Over 'C:/Users/mr big/Dropbox/code/c sharp/projects/open_source/maui/bannister/Bannister/obj/x64/Debug/net8.0-windows10.0.19041.0/refint/Bannister.dll' -> 'goodrive://www.googleapis.com/:personal:/bannister_open_source/Bannister/obj/x64/Debug/net8.0-windows10.0.19041.0/refint/Bannister.dll' (550,912)
2026-03-17 05:32:39: Copy Over 'C:/Users/mr big/Dropbox/code/c sharp/projects/open_source/maui/bannister/Bannister/obj/x64/Debug/net8.0-windows10.0.19041.0/unfiltered.layout.resfiles.intermediate' -> 'goodrive://www.googleapis.com/:personal:/bannister_open_source/Bannister/obj/x64/Debug/net8.0-windows10.0.19041.0/unfiltered.layout.resfiles.intermediate' (2,300)
2026-03-17 05:32:39: Copy Over 'C:/Users/mr big/Dropbox/code/c sharp/projects/open_source/maui/bannister/Bannister/obj/x64/Debug/net8.0-windows10.0.19041.0/resources.resfiles.intermediate' -> 'goodrive://www.googleapis.com/:personal:/bannister_open_source/Bannister/obj/x64/Debug/net8.0-windows10.0.19041.0/resources.resfiles.intermediate' (0)
2026-03-17 05:32:42: Copy Over 'C:/Users/mr big/Dropbox/code/c sharp/projects/open_source/maui/bannister/Bannister/obj/x64/Debug/net8.0-windows10.0.19041.0/XamlC.stamp' -> 'goodrive://www.googleapis.com/:personal:/bannister_open_source/Bannister/obj/x64/Debug/net8.0-windows10.0.19041.0/XamlC.stamp' (0)
2026-03-17 05:32:43: Copy Over 'C:/Users/mr big/Dropbox/code/c sharp/projects/open_source/maui/bannister/Bannister/bin/x64/Debug/net8.0-windows10.0.19041.0/AppxManifest.xml' -> 'goodrive://www.googleapis.com/:personal:/bannister_open_source/Bannister/bin/x64/Debug/net8.0-windows10.0.19041.0/AppxManifest.xml' (2,821)
2026-03-17 05:32:43: > Copy Over 'C:/Users/mr big/Dropbox/code/c sharp/projects/open_source/maui/bannister/Bannister/bin/x64/Debug/net8.0-windows10.0.19041.0/Bannister.dll' -> 'goodrive://www.googleapis.com/:personal:/bannister_open_source/Bannister/bin/x64/Debug/net8.0-windows10.0.19041.0/Bannister.dll' (1,832,448)
2026-03-17 05:32:43: Copy Over 'C:/Users/mr big/Dropbox/code/c sharp/projects/open_source/maui/bannister/Bannister/obj/x64/Debug/net8.0-windows10.0.19041.0/XamlSaveStateFile.xml' -> 'goodrive://www.googleapis.com/:personal:/bannister_open_source/Bannister/obj/x64/Debug/net8.0-windows10.0.19041.0/XamlSaveStateFile.xml' (923)
2026-03-17 05:32:47: < Copy Over 'C:/Users/mr big/Dropbox/code/c sharp/projects/open_source/maui/bannister/Bannister/bin/x64/Debug/net8.0-windows10.0.19041.0/Bannister.dll' -> 'goodrive://www.googleapis.com/:personal:/bannister_open_source/Bannister/bin/x64/Debug/net8.0-windows10.0.19041.0/Bannister.dll' (1,832,448)
2026-03-17 05:32:48: Copy Over 'C:/Users/mr big/Dropbox/code/c sharp/projects/open_source/maui/bannister/Bannister/bin/x64/Debug/net8.0-windows10.0.19041.0/Bannister.exe' -> 'goodrive://www.googleapis.com/:personal:/bannister_open_source/Bannister/bin/x64/Debug/net8.0-windows10.0.19041.0/Bannister.exe' (153,088)
2026-03-17 05:32:48: Copy Over 'C:/Users/mr big/Dropbox/code/c sharp/projects/open_source/maui/bannister/Bannister/bin/x64/Debug/net8.0-windows10.0.19041.0/Bannister.build.appxrecipe' -> 'goodrive://www.googleapis.com/:personal:/bannister_open_source/Bannister/bin/x64/Debug/net8.0-windows10.0.19041.0/Bannister.build.appxrecipe' (57,124)
2026-03-17 05:32:51: Copy Over 'C:/Users/mr big/Dropbox/code/c sharp/projects/open_source/maui/bannister/Bannister/bin/x64/Debug/net8.0-windows10.0.19041.0/Bannister.pdb' -> 'goodrive://www.googleapis.com/:personal:/bannister_open_source/Bannister/bin/x64/Debug/net8.0-windows10.0.19041.0/Bannister.pdb' (407,160)
2026-03-17 05:32:51: > Copy Over 'C:/Users/mr big/Dropbox/code/c sharp/projects/open_source/maui/bannister/.vs/Bannister/CopilotIndices/17.13.441.19478/CodeChunks.db' -> 'goodrive://www.googleapis.com/:personal:/bannister_open_source/.vs/Bannister/CopilotIndices/17.13.441.19478/CodeChunks.db' (2,420,736)
2026-03-17 05:32:51: Copy Over 'C:/Users/mr big/Dropbox/code/c sharp/projects/open_source/maui/bannister/Bannister/Views/ActivityGamePage/ActivityGamePage_ExpManagement.cs' -> 'goodrive://www.googleapis.com/:personal:/bannister_open_source/Bannister/Views/ActivityGamePage/ActivityGamePage_ExpManagement.cs' (6,948)
2026-03-17 05:32:51: > Copy Over 'C:/Users/mr big/Dropbox/code/c sharp/projects/open_source/maui/bannister/.vs/Bannister/CopilotIndices/17.13.441.19478/CodeChunks.db-wal' -> 'goodrive://www.googleapis.com/:personal:/bannister_open_source/.vs/Bannister/CopilotIndices/17.13.441.19478/CodeChunks.db-wal' (4,144,752)
2026-03-17 05:32:51: Copy Over 'C:/Users/mr big/Dropbox/code/c sharp/projects/open_source/maui/bannister/Bannister/Views/ActivityGamePage/ActivityGamePage_DataLoading.cs' -> 'goodrive://www.googleapis.com/:personal:/bannister_open_source/Bannister/Views/ActivityGamePage/ActivityGamePage_DataLoading.cs' (30,441)
2026-03-17 05:32:51: > Copy Over 'C:/Users/mr big/Dropbox/code/c sharp/projects/open_source/maui/bannister/.vs/Bannister/CopilotIndices/17.13.441.19478/SemanticSymbols.db-wal' -> 'goodrive://www.googleapis.com/:personal:/bannister_open_source/.vs/Bannister/CopilotIndices/17.13.441.19478/SemanticSymbols.db-wal' (4,214,792)
2026-03-17 05:32:55: < Copy Over 'C:/Users/mr big/Dropbox/code/c sharp/projects/open_source/maui/bannister/.vs/Bannister/CopilotIndices/17.13.441.19478/CodeChunks.db' -> 'goodrive://www.googleapis.com/:personal:/bannister_open_source/.vs/Bannister/CopilotIndices/17.13.441.19478/CodeChunks.db' (2,420,736)
2026-03-17 05:32:56: Delete File goodrive://www.googleapis.com/:personal:/bannister_open_source/.vs/Bannister/FileContentIndex/066bb567-b44b-4b8c-930a-82cdcd50f84b.vsidx
2026-03-17 05:32:56: C:/Users/mr big/Dropbox/code/c sharp/projects/open_source/maui/bannister/.vs/Bannister/CopilotIndices/17.13.441.19478/CodeChunks.db-wal: Source file has changed between Analyze and Sync from '[file] size=4,144,752 accu-time=2026-03-16 05:42:33 attr=Archive,WArchive cktype=0' to 'size=4,144,752 time=2026-03-16 05:46:28', noted in source file state
2026-03-17 05:32:56: < Copy Over 'C:/Users/mr big/Dropbox/code/c sharp/projects/open_source/maui/bannister/.vs/Bannister/CopilotIndices/17.13.441.19478/CodeChunks.db-wal' -> 'goodrive://www.googleapis.com/:personal:/bannister_open_source/.vs/Bannister/CopilotIndices/17.13.441.19478/CodeChunks.db-wal' (4,144,752)
2026-03-17 05:32:56: < Copy Over 'C:/Users/mr big/Dropbox/code/c sharp/projects/open_source/maui/bannister/.vs/Bannister/CopilotIndices/17.13.441.19478/SemanticSymbols.db-wal' -> 'goodrive://www.googleapis.com/:personal:/bannister_open_source/.vs/Bannister/CopilotIndices/17.13.441.19478/SemanticSymbols.db-wal' (4,214,792)
2026-03-17 05:33:01: Copy Over 'C:/Users/mr big/Dropbox/code/c sharp/projects/open_source/maui/bannister/.vs/Bannister/v17/DocumentLayout.backup.json' -> 'goodrive://www.googleapis.com/:personal:/bannister_open_source/.vs/Bannister/v17/DocumentLayout.backup.json' (1,952)
2026-03-17 05:33:01: Copy Over 'C:/Users/mr big/Dropbox/code/c sharp/projects/open_source/maui/bannister/.vs/Bannister/v17/DocumentLayout.json' -> 'goodrive://www.googleapis.com/:personal:/bannister_open_source/.vs/Bannister/v17/DocumentLayout.json' (1,952)
2026-03-17 05:33:01: CopyFileSimple: OpenDownload: ERR: Cannot open file C:/Users/mr big/Dropbox/code/c sharp/projects/open_source/maui/bannister/.vs/Bannister/FileContentIndex/55087a47-608a-4241-a273-36b8acbf8b68.vsidx: cannot open file 'C:/Users/mr big/Dropbox/code/c sharp/projects/open_source/maui/bannister/.vs/Bannister/FileContentIndex/55087a47-608a-4241-a273-36b8acbf8b68.vsidx': The process cannot access the file because it is being used by another process.  (error 32)
2026-03-17 05:33:01: Connecting to Elevated Local GoodSync Server to complete operation
2026-03-17 05:33:01: LOCAL C:(127.0.0.1) -> S:127.0.0.1:33333
2026-03-17 05:33:01: Copy Over 'C:/Users/mr big/Dropbox/code/c sharp/projects/open_source/maui/bannister/.vs/Bannister/v17/.suo' -> 'goodrive://www.googleapis.com/:personal:/bannister_open_source/.vs/Bannister/v17/.suo' (211,456)
2026-03-17 05:33:01: CopyFileSimple: OpenDownload: ERR: Cannot open file C:/Users/mr big/Dropbox/code/c sharp/projects/open_source/maui/bannister/.vs/Bannister/FileContentIndex/595729c4-65ba-4c67-b176-fb08389ce42d.vsidx: cannot open file 'C:/Users/mr big/Dropbox/code/c sharp/projects/open_source/maui/bannister/.vs/Bannister/FileContentIndex/595729c4-65ba-4c67-b176-fb08389ce42d.vsidx': The process cannot access the file because it is being used by another process.  (error 32)
2026-03-17 05:33:02: Delete File goodrive://www.googleapis.com/:personal:/bannister_open_source/.vs/Bannister/FileContentIndex/6cd156d8-c5ba-4e9a-b906-c82555eef725.vsidx
2026-03-17 05:33:02: CopyFileSimple: OpenDownload: ERR: Cannot open file C:/Users/mr big/Dropbox/code/c sharp/projects/open_source/maui/bannister/.vs/Bannister/FileContentIndex/6ef6a6f0-8f18-4c8d-bc7c-562a6fc0b0c6.vsidx: cannot open file 'C:/Users/mr big/Dropbox/code/c sharp/projects/open_source/maui/bannister/.vs/Bannister/FileContentIndex/6ef6a6f0-8f18-4c8d-bc7c-562a6fc0b0c6.vsidx': The process cannot access the file because it is being used by another process.  (error 32)
2026-03-17 05:34:40: Created Snapshot of Volume 'C:' at '/GLOBALROOT/Device/HarddiskVolumeShadowCopy11', Elevated
2026-03-17 05:34:40: Open File Snap GetShadow: AbsPath=/GLOBALROOT/Device/HarddiskVolumeShadowCopy11/Users/mr big/Dropbox/code/c sharp/projects/open_source/maui/bannister/.vs/Bannister/FileContentIndex/55087a47-608a-4241-a273-36b8acbf8b68.vsidx SnapshotPath=/GLOBALROOT/Device/HarddiskVolumeShadowCopy11 SnapVolume=C:
2026-03-17 05:34:40: Open File Snap GetShadow: AbsPath=/GLOBALROOT/Device/HarddiskVolumeShadowCopy11/Users/mr big/Dropbox/code/c sharp/projects/open_source/maui/bannister/.vs/Bannister/FileContentIndex/6ef6a6f0-8f18-4c8d-bc7c-562a6fc0b0c6.vsidx SnapshotPath=/GLOBALROOT/Device/HarddiskVolumeShadowCopy11 SnapVolume=C:
2026-03-17 05:34:40: Open File Snap GetShadow: AbsPath=/GLOBALROOT/Device/HarddiskVolumeShadowCopy11/Users/mr big/Dropbox/code/c sharp/projects/open_source/maui/bannister/.vs/Bannister/FileContentIndex/595729c4-65ba-4c67-b176-fb08389ce42d.vsidx SnapshotPath=/GLOBALROOT/Device/HarddiskVolumeShadowCopy11 SnapVolume=C:
2026-03-17 05:34:51: Copy New 'C:/Users/mr big/Dropbox/code/c sharp/projects/open_source/maui/bannister/.vs/Bannister/FileContentIndex/6ef6a6f0-8f18-4c8d-bc7c-562a6fc0b0c6.vsidx' -> 'goodrive://www.googleapis.com/:personal:/bannister_open_source/.vs/Bannister/FileContentIndex/6ef6a6f0-8f18-4c8d-bc7c-562a6fc0b0c6.vsidx' (142,141)
2026-03-17 05:34:52: Delete File goodrive://www.googleapis.com/:personal:/bannister_open_source/.vs/Bannister/FileContentIndex/e3c8b5c4-0839-499c-b2cc-e189b1e3fb7a.vsidx
2026-03-17 05:34:53: Copy New 'C:/Users/mr big/Dropbox/code/c sharp/projects/open_source/maui/bannister/.vs/Bannister/FileContentIndex/55087a47-608a-4241-a273-36b8acbf8b68.vsidx' -> 'goodrive://www.googleapis.com/:personal:/bannister_open_source/.vs/Bannister/FileContentIndex/55087a47-608a-4241-a273-36b8acbf8b68.vsidx' (152,013)
2026-03-17 05:34:53: Copy New 'C:/Users/mr big/Dropbox/code/c sharp/projects/open_source/maui/bannister/.vs/Bannister/FileContentIndex/595729c4-65ba-4c67-b176-fb08389ce42d.vsidx' -> 'goodrive://www.googleapis.com/:personal:/bannister_open_source/.vs/Bannister/FileContentIndex/595729c4-65ba-4c67-b176-fb08389ce42d.vsidx' (142,056)
2026-03-17 05:34:56: Copy Over 'C:/Users/mr big/Dropbox/code/c sharp/projects/open_source/maui/bannister/Bannister/Views/StreakBrokenPage.cs' -> 'goodrive://www.googleapis.com/:personal:/bannister_open_source/Bannister/Views/StreakBrokenPage.cs' (12,898)
2026-03-17 05:34:57: Create Folder goodrive://www.googleapis.com/:personal:/bannister_open_source/.git/objects/1e
2026-03-17 05:34:57: Copy Over 'C:/Users/mr big/Dropbox/code/c sharp/projects/open_source/maui/bannister/.git/logs/HEAD' -> 'goodrive://www.googleapis.com/:personal:/bannister_open_source/.git/logs/HEAD' (3,553)
2026-03-17 05:34:59: Copy Over 'C:/Users/mr big/Dropbox/code/c sharp/projects/open_source/maui/bannister/Bannister/Views/AutoAwardConfirmationPage.cs' -> 'goodrive://www.googleapis.com/:personal:/bannister_open_source/Bannister/Views/AutoAwardConfirmationPage.cs' (16,641)
2026-03-17 05:34:59: Copy New 'C:/Users/mr big/Dropbox/code/c sharp/projects/open_source/maui/bannister/.git/objects/1e/517791fdde7ec5875c88980e30431fe9344b96' -> 'goodrive://www.googleapis.com/:personal:/bannister_open_source/.git/objects/1e/517791fdde7ec5875c88980e30431fe9344b96' (223)
2026-03-17 05:35:00: Copy New 'C:/Users/mr big/Dropbox/code/c sharp/projects/open_source/maui/bannister/.git/objects/20/ba421050924ece91e433faf27ee125c8987f21' -> 'goodrive://www.googleapis.com/:personal:/bannister_open_source/.git/objects/20/ba421050924ece91e433faf27ee125c8987f21' (373)
2026-03-17 05:35:01: Create Folder goodrive://www.googleapis.com/:personal:/bannister_open_source/.git/objects/55
2026-03-17 05:35:01: Copy New 'C:/Users/mr big/Dropbox/code/c sharp/projects/open_source/maui/bannister/.git/objects/27/05fed4b58c8114ba6ec2cbd78b795140c4cd12' -> 'goodrive://www.googleapis.com/:personal:/bannister_open_source/.git/objects/27/05fed4b58c8114ba6ec2cbd78b795140c4cd12' (2,008)
2026-03-17 05:35:02: Copy New 'C:/Users/mr big/Dropbox/code/c sharp/projects/open_source/maui/bannister/.git/objects/3a/ef2ac283c8fbd161797610473db995f46e29da' -> 'goodrive://www.googleapis.com/:personal:/bannister_open_source/.git/objects/3a/ef2ac283c8fbd161797610473db995f46e29da' (1,867)
2026-03-17 05:35:04: Copy New 'C:/Users/mr big/Dropbox/code/c sharp/projects/open_source/maui/bannister/.git/objects/3d/f93cf46fcf9284e8066d053d516f5bc45fff31' -> 'goodrive://www.googleapis.com/:personal:/bannister_open_source/.git/objects/3d/f93cf46fcf9284e8066d053d516f5bc45fff31' (8,471)
2026-03-17 05:35:04: Copy New 'C:/Users/mr big/Dropbox/code/c sharp/projects/open_source/maui/bannister/.git/objects/55/573ea3e25c164c4f8c85f72f7acec4c9f87d50' -> 'goodrive://www.googleapis.com/:personal:/bannister_open_source/.git/objects/55/573ea3e25c164c4f8c85f72f7acec4c9f87d50' (320)
2026-03-17 05:35:04: Copy New 'C:/Users/mr big/Dropbox/code/c sharp/projects/open_source/maui/bannister/.git/objects/6e/9a15db42f9d656a23ba54817a4346b6e9ac6d0' -> 'goodrive://www.googleapis.com/:personal:/bannister_open_source/.git/objects/6e/9a15db42f9d656a23ba54817a4346b6e9ac6d0' (3,296)
2026-03-17 05:35:06: Copy New 'C:/Users/mr big/Dropbox/code/c sharp/projects/open_source/maui/bannister/.git/objects/76/2f3e271932ace6ec4c106b1d982047d185f075' -> 'goodrive://www.googleapis.com/:personal:/bannister_open_source/.git/objects/76/2f3e271932ace6ec4c106b1d982047d185f075' (116,105)
2026-03-17 05:35:06: Copy New 'C:/Users/mr big/Dropbox/code/c sharp/projects/open_source/maui/bannister/.git/objects/87/d3779dd3548d09475b17fe9b734105784ea783' -> 'goodrive://www.googleapis.com/:personal:/bannister_open_source/.git/objects/87/d3779dd3548d09475b17fe9b734105784ea783' (2,963)
2026-03-17 05:35:07: Copy New 'C:/Users/mr big/Dropbox/code/c sharp/projects/open_source/maui/bannister/.git/objects/b7/45c0edc5f500bbcbef2f208b5987a393682f50' -> 'goodrive://www.googleapis.com/:personal:/bannister_open_source/.git/objects/b7/45c0edc5f500bbcbef2f208b5987a393682f50' (572)
2026-03-17 05:35:07: Create Folder goodrive://www.googleapis.com/:personal:/bannister_open_source/.git/objects/b8
2026-03-17 05:35:08: Copy New 'C:/Users/mr big/Dropbox/code/c sharp/projects/open_source/maui/bannister/.git/objects/e6/9b3b78554c46b0bdd45d7d7193c29aff3028d6' -> 'goodrive://www.googleapis.com/:personal:/bannister_open_source/.git/objects/e6/9b3b78554c46b0bdd45d7d7193c29aff3028d6' (4,614)
2026-03-17 05:35:09: Copy New 'C:/Users/mr big/Dropbox/code/c sharp/projects/open_source/maui/bannister/.git/objects/eb/622be26f2fe9a8198d89730bfe344dbbf47e73' -> 'goodrive://www.googleapis.com/:personal:/bannister_open_source/.git/objects/eb/622be26f2fe9a8198d89730bfe344dbbf47e73' (459)
2026-03-17 05:35:09: Copy New 'C:/Users/mr big/Dropbox/code/c sharp/projects/open_source/maui/bannister/.git/objects/b8/51e5bc75efef3dfb9bfb59a07b0945dd5d6a9a' -> 'goodrive://www.googleapis.com/:personal:/bannister_open_source/.git/objects/b8/51e5bc75efef3dfb9bfb59a07b0945dd5d6a9a' (155)
2026-03-17 05:35:11: Copy New 'C:/Users/mr big/Dropbox/code/c sharp/projects/open_source/maui/bannister/.git/objects/fb/8673a88d6e3c7fd34570beff08a231e6c33764' -> 'goodrive://www.googleapis.com/:personal:/bannister_open_source/.git/objects/fb/8673a88d6e3c7fd34570beff08a231e6c33764' (95,148)
2026-03-17 05:35:13: Copy Over 'C:/Users/mr big/Dropbox/code/c sharp/projects/open_source/maui/bannister/.git/refs/heads/main' -> 'goodrive://www.googleapis.com/:personal:/bannister_open_source/.git/refs/heads/main' (41)
2026-03-17 05:35:13: Copy Over 'C:/Users/mr big/Dropbox/code/c sharp/projects/open_source/maui/bannister/.git/logs/refs/heads/main' -> 'goodrive://www.googleapis.com/:personal:/bannister_open_source/.git/logs/refs/heads/main' (3,606)
2026-03-17 05:35:16: Copy Over 'C:/Users/mr big/Dropbox/code/c sharp/projects/open_source/maui/bannister/.git/refs/remotes/origin/main' -> 'goodrive://www.googleapis.com/:personal:/bannister_open_source/.git/refs/remotes/origin/main' (41)
2026-03-17 05:35:17: Copy Over 'C:/Users/mr big/Dropbox/code/c sharp/projects/open_source/maui/bannister/.git/logs/refs/remotes/origin/main' -> 'goodrive://www.googleapis.com/:personal:/bannister_open_source/.git/logs/refs/remotes/origin/main' (2,030)
2026-03-17 05:35:17: Save State File C:/Users/mr big/Dropbox/code/c sharp/projects/open_source/maui/bannister/_gsdata_/_file_state_v4._gs
2026-03-17 05:35:19: Save State File goodrive://www.googleapis.com/:personal:/bannister_open_source/_gsdata_/_file_state_v4._gs
2026-03-17 05:35:20: Release Snapshot of Volume C:
2026-03-17 05:35:25: == Sync Complete. Time: 00:03:22, Speed: 110.50 KB/s, OK: 69, Errors: 0
