2026-04-05 05:32:38: -- Analysis Started by On Schedule Min=30 Hour=5 
2026-04-05 05:32:38: L: Reading State File C:/Users/mr big/Dropbox/code/c sharp/projects/open_source/maui/bannister/_gsdata_/_file_state_v4._gs
2026-04-05 05:32:49: R: Reading State File goodrive://www.googleapis.com/:personal:/bannister_open_source/_gsdata_/_file_state_v4._gs
2026-04-05 05:32:51: Changes: 131, Conflicts: 0, CopyTime: 0, FixState: 0, Errors: 0, All: 9347
2026-04-05 05:32:51: Left to Right: Copy File: 126 Delete File: 5 
2026-04-05 05:32:51: == Sync Started by On Schedule Min=30 Hour=5 
2026-04-05 05:32:51: ConnectCloned connected to file:///C:/Users/mr big/Dropbox/code/c sharp/projects/open_source/maui/bannister
2026-04-05 05:32:51: ConnectCloned connected to file:///C:/Users/mr big/Dropbox/code/c sharp/projects/open_source/maui/bannister
2026-04-05 05:32:51: ConnectCloned connected to file:///C:/Users/mr big/Dropbox/code/c sharp/projects/open_source/maui/bannister
2026-04-05 05:32:52: GsConnectAndSetRoot1 connected to goodrive://www.googleapis.com/:personal:/bannister_open_source
2026-04-05 05:32:52: GsConnectAndSetRoot1 connected to goodrive://www.googleapis.com/:personal:/bannister_open_source
2026-04-05 05:32:52: GsConnectAndSetRoot1 connected to goodrive://www.googleapis.com/:personal:/bannister_open_source
2026-04-05 05:32:57: Copy Over 'C:/Users/mr big/Dropbox/code/c sharp/projects/open_source/maui/bannister/.git/index' -> 'goodrive://www.googleapis.com/:personal:/bannister_open_source/.git/index' (24,524)
2026-04-05 05:32:57: Copy Over 'C:/Users/mr big/Dropbox/code/c sharp/projects/open_source/maui/bannister/.git/COMMIT_EDITMSG' -> 'goodrive://www.googleapis.com/:personal:/bannister_open_source/.git/COMMIT_EDITMSG' (1,034)
2026-04-05 05:32:57: > Copy Over 'C:/Users/mr big/Dropbox/code/c sharp/projects/open_source/maui/bannister/.vs/ProjectEvaluation/bannister.projects.v9.bin' -> 'goodrive://www.googleapis.com/:personal:/bannister_open_source/.vs/ProjectEvaluation/bannister.projects.v9.bin' (3,563,033)
2026-04-05 05:32:57: Copy Over 'C:/Users/mr big/Dropbox/code/c sharp/projects/open_source/maui/bannister/.vs/ProjectEvaluation/bannister.metadata.v9.bin' -> 'goodrive://www.googleapis.com/:personal:/bannister_open_source/.vs/ProjectEvaluation/bannister.metadata.v9.bin' (6,571)
2026-04-05 05:33:01: Copy Over 'C:/Users/mr big/Dropbox/code/c sharp/projects/open_source/maui/bannister/.vs/Bannister/DesignTimeBuild/.dtbcache.v2' -> 'goodrive://www.googleapis.com/:personal:/bannister_open_source/.vs/Bannister/DesignTimeBuild/.dtbcache.v2' (188,051)
2026-04-05 05:33:01: > Copy Over 'C:/Users/mr big/Dropbox/code/c sharp/projects/open_source/maui/bannister/.vs/Bannister/CopilotIndices/17.13.441.19478/CodeChunks.db' -> 'goodrive://www.googleapis.com/:personal:/bannister_open_source/.vs/Bannister/CopilotIndices/17.13.441.19478/CodeChunks.db' (3,198,976)
2026-04-05 05:33:01: Copy Over 'C:/Users/mr big/Dropbox/code/c sharp/projects/open_source/maui/bannister/.vs/ProjectEvaluation/bannister.strings.v9.bin' -> 'goodrive://www.googleapis.com/:personal:/bannister_open_source/.vs/ProjectEvaluation/bannister.strings.v9.bin' (316,980)
2026-04-05 05:33:01: < Copy Over 'C:/Users/mr big/Dropbox/code/c sharp/projects/open_source/maui/bannister/.vs/ProjectEvaluation/bannister.projects.v9.bin' -> 'goodrive://www.googleapis.com/:personal:/bannister_open_source/.vs/ProjectEvaluation/bannister.projects.v9.bin' (3,563,033)
2026-04-05 05:33:05: < Copy Over 'C:/Users/mr big/Dropbox/code/c sharp/projects/open_source/maui/bannister/.vs/Bannister/CopilotIndices/17.13.441.19478/CodeChunks.db' -> 'goodrive://www.googleapis.com/:personal:/bannister_open_source/.vs/Bannister/CopilotIndices/17.13.441.19478/CodeChunks.db' (3,198,976)
2026-04-05 05:33:05: > Copy Over 'C:/Users/mr big/Dropbox/code/c sharp/projects/open_source/maui/bannister/.vs/Bannister/CopilotIndices/17.13.441.19478/SemanticSymbols.db' -> 'goodrive://www.googleapis.com/:personal:/bannister_open_source/.vs/Bannister/CopilotIndices/17.13.441.19478/SemanticSymbols.db' (1,228,800)
2026-04-05 05:33:05: Copy Over 'C:/Users/mr big/Dropbox/code/c sharp/projects/open_source/maui/bannister/.vs/Bannister/CopilotIndices/17.13.441.19478/CodeChunks.db-shm' -> 'goodrive://www.googleapis.com/:personal:/bannister_open_source/.vs/Bannister/CopilotIndices/17.13.441.19478/CodeChunks.db-shm' (32,768)
2026-04-05 05:33:05: Copy Over 'C:/Users/mr big/Dropbox/code/c sharp/projects/open_source/maui/bannister/.vs/Bannister/CopilotIndices/17.13.441.19478/CodeChunks.db-wal' -> 'goodrive://www.googleapis.com/:personal:/bannister_open_source/.vs/Bannister/CopilotIndices/17.13.441.19478/CodeChunks.db-wal' (12,392)
2026-04-05 05:33:09: < Copy Over 'C:/Users/mr big/Dropbox/code/c sharp/projects/open_source/maui/bannister/.vs/Bannister/CopilotIndices/17.13.441.19478/SemanticSymbols.db' -> 'goodrive://www.googleapis.com/:personal:/bannister_open_source/.vs/Bannister/CopilotIndices/17.13.441.19478/SemanticSymbols.db' (1,228,800)
2026-04-05 05:33:09: Copy Over 'C:/Users/mr big/Dropbox/code/c sharp/projects/open_source/maui/bannister/.vs/Bannister/CopilotIndices/17.13.441.19478/SemanticSymbols.db-shm' -> 'goodrive://www.googleapis.com/:personal:/bannister_open_source/.vs/Bannister/CopilotIndices/17.13.441.19478/SemanticSymbols.db-shm' (32,768)
2026-04-05 05:33:09: Copy Over 'C:/Users/mr big/Dropbox/code/c sharp/projects/open_source/maui/bannister/.vs/Bannister/CopilotIndices/17.13.441.19478/SemanticSymbols.db-wal' -> 'goodrive://www.googleapis.com/:personal:/bannister_open_source/.vs/Bannister/CopilotIndices/17.13.441.19478/SemanticSymbols.db-wal' (12,392)
2026-04-05 05:33:10: Delete File goodrive://www.googleapis.com/:personal:/bannister_open_source/.vs/Bannister/FileContentIndex/073611cc-9fdb-4a5f-9349-50c453b678d6.vsidx
2026-04-05 05:33:12: Copy Over 'C:/Users/mr big/Dropbox/code/c sharp/projects/open_source/maui/bannister/.vs/Bannister/v17/.futdcache.v2' -> 'goodrive://www.googleapis.com/:personal:/bannister_open_source/.vs/Bannister/v17/.futdcache.v2' (1,178)
2026-04-05 05:33:12: Copy Over 'C:/Users/mr big/Dropbox/code/c sharp/projects/open_source/maui/bannister/.vs/Bannister/v17/.suo' -> 'goodrive://www.googleapis.com/:personal:/bannister_open_source/.vs/Bannister/v17/.suo' (160,256)
2026-04-05 05:33:14: C:/Users/mr big/Dropbox/code/c sharp/projects/open_source/maui/bannister/.vs/Bannister/v17/DocumentLayout.backup.json: Source file has changed between Analyze and Sync from '[file] size=27,809 accu-time=2026-04-04 21:03:15 attr=Archive,WArchive cktype=0' to 'size=27,377 time=2026-04-04 21:29:07', noted in source file state
2026-04-05 05:33:14: Copy Over 'C:/Users/mr big/Dropbox/code/c sharp/projects/open_source/maui/bannister/.vs/Bannister/v17/DocumentLayout.backup.json' -> 'goodrive://www.googleapis.com/:personal:/bannister_open_source/.vs/Bannister/v17/DocumentLayout.backup.json' (27,809)
2026-04-05 05:33:15: Delete File goodrive://www.googleapis.com/:personal:/bannister_open_source/.vs/Bannister/FileContentIndex/1244bb35-98f5-47cc-bd6c-91fbfd42a80c.vsidx
2026-04-05 05:33:16: CopyFileSimple: OpenDownload: ERR: Cannot open file C:/Users/mr big/Dropbox/code/c sharp/projects/open_source/maui/bannister/.vs/Bannister/FileContentIndex/4d169246-2be8-4210-af43-27754e9c68b0.vsidx: cannot open file 'C:/Users/mr big/Dropbox/code/c sharp/projects/open_source/maui/bannister/.vs/Bannister/FileContentIndex/4d169246-2be8-4210-af43-27754e9c68b0.vsidx': The process cannot access the file because it is being used by another process.  (error 32)
2026-04-05 05:33:16: Connecting to Elevated Local GoodSync Server to complete operation
2026-04-05 05:33:16: LOCAL C:(127.0.0.1) -> S:127.0.0.1:33333
2026-04-05 05:33:17: C:/Users/mr big/Dropbox/code/c sharp/projects/open_source/maui/bannister/.vs/Bannister/v17/DocumentLayout.json: Source file has changed between Analyze and Sync from '[file] size=27,377 accu-time=2026-04-04 21:29:07 attr=Archive,WArchive cktype=0' to 'size=27,377 time=2026-04-05 05:33:10', noted in source file state
2026-04-05 05:33:17: Copy Over 'C:/Users/mr big/Dropbox/code/c sharp/projects/open_source/maui/bannister/.vs/Bannister/v17/DocumentLayout.json' -> 'goodrive://www.googleapis.com/:personal:/bannister_open_source/.vs/Bannister/v17/DocumentLayout.json' (27,377)
2026-04-05 05:33:17: CopyFileSimple: OpenDownload: ERR: Cannot open file C:/Users/mr big/Dropbox/code/c sharp/projects/open_source/maui/bannister/.vs/Bannister/FileContentIndex/61521550-510f-4d07-97c4-037d8542dc96.vsidx: cannot open file 'C:/Users/mr big/Dropbox/code/c sharp/projects/open_source/maui/bannister/.vs/Bannister/FileContentIndex/61521550-510f-4d07-97c4-037d8542dc96.vsidx': The process cannot access the file because it is being used by another process.  (error 32)
2026-04-05 05:33:18: Copy Over 'C:/Users/mr big/Dropbox/code/c sharp/projects/open_source/maui/bannister/.vs/Bannister/v17/HierarchyCache.v1.txt' -> 'goodrive://www.googleapis.com/:personal:/bannister_open_source/.vs/Bannister/v17/HierarchyCache.v1.txt' (47,352)
2026-04-05 05:33:18: CopyFileSimple: OpenDownload: ERR: Cannot open file C:/Users/mr big/Dropbox/code/c sharp/projects/open_source/maui/bannister/.vs/Bannister/FileContentIndex/9b1db763-6e73-4818-baf0-22f17de1f501.vsidx: cannot open file 'C:/Users/mr big/Dropbox/code/c sharp/projects/open_source/maui/bannister/.vs/Bannister/FileContentIndex/9b1db763-6e73-4818-baf0-22f17de1f501.vsidx': The process cannot access the file because it is being used by another process.  (error 32)
2026-04-05 05:35:23: Created Snapshot of Volume 'C:' at '/GLOBALROOT/Device/HarddiskVolumeShadowCopy32', Elevated
2026-04-05 05:35:23: Open File Snap GetShadow: AbsPath=/GLOBALROOT/Device/HarddiskVolumeShadowCopy32/Users/mr big/Dropbox/code/c sharp/projects/open_source/maui/bannister/.vs/Bannister/FileContentIndex/4d169246-2be8-4210-af43-27754e9c68b0.vsidx SnapshotPath=/GLOBALROOT/Device/HarddiskVolumeShadowCopy32 SnapVolume=C:
2026-04-05 05:35:23: Open File Snap GetShadow: AbsPath=/GLOBALROOT/Device/HarddiskVolumeShadowCopy32/Users/mr big/Dropbox/code/c sharp/projects/open_source/maui/bannister/.vs/Bannister/FileContentIndex/61521550-510f-4d07-97c4-037d8542dc96.vsidx SnapshotPath=/GLOBALROOT/Device/HarddiskVolumeShadowCopy32 SnapVolume=C:
2026-04-05 05:35:23: Open File Snap GetShadow: AbsPath=/GLOBALROOT/Device/HarddiskVolumeShadowCopy32/Users/mr big/Dropbox/code/c sharp/projects/open_source/maui/bannister/.vs/Bannister/FileContentIndex/9b1db763-6e73-4818-baf0-22f17de1f501.vsidx SnapshotPath=/GLOBALROOT/Device/HarddiskVolumeShadowCopy32 SnapVolume=C:
2026-04-05 05:35:26: Copy New 'C:/Users/mr big/Dropbox/code/c sharp/projects/open_source/maui/bannister/.vs/Bannister/FileContentIndex/61521550-510f-4d07-97c4-037d8542dc96.vsidx' -> 'goodrive://www.googleapis.com/:personal:/bannister_open_source/.vs/Bannister/FileContentIndex/61521550-510f-4d07-97c4-037d8542dc96.vsidx' (177,766)
2026-04-05 05:35:26: Copy New 'C:/Users/mr big/Dropbox/code/c sharp/projects/open_source/maui/bannister/.vs/Bannister/FileContentIndex/4d169246-2be8-4210-af43-27754e9c68b0.vsidx' -> 'goodrive://www.googleapis.com/:personal:/bannister_open_source/.vs/Bannister/FileContentIndex/4d169246-2be8-4210-af43-27754e9c68b0.vsidx' (176,507)
2026-04-05 05:35:26: Copy New 'C:/Users/mr big/Dropbox/code/c sharp/projects/open_source/maui/bannister/.vs/Bannister/FileContentIndex/9b1db763-6e73-4818-baf0-22f17de1f501.vsidx' -> 'goodrive://www.googleapis.com/:personal:/bannister_open_source/.vs/Bannister/FileContentIndex/9b1db763-6e73-4818-baf0-22f17de1f501.vsidx' (175,656)
2026-04-05 05:35:26: CopyFileSimple: OpenDownload: ERR: Cannot open file C:/Users/mr big/Dropbox/code/c sharp/projects/open_source/maui/bannister/.vs/Bannister/FileContentIndex/bdfb7826-c4c1-4021-80c2-494bea8e26f2.vsidx: cannot open file 'C:/Users/mr big/Dropbox/code/c sharp/projects/open_source/maui/bannister/.vs/Bannister/FileContentIndex/bdfb7826-c4c1-4021-80c2-494bea8e26f2.vsidx': The process cannot access the file because it is being used by another process.  (error 32)
2026-04-05 05:35:26: Open File Snap GetShadow: AbsPath=/GLOBALROOT/Device/HarddiskVolumeShadowCopy32/Users/mr big/Dropbox/code/c sharp/projects/open_source/maui/bannister/.vs/Bannister/FileContentIndex/bdfb7826-c4c1-4021-80c2-494bea8e26f2.vsidx SnapshotPath=/GLOBALROOT/Device/HarddiskVolumeShadowCopy32 SnapVolume=C:
2026-04-05 05:35:27: Delete File goodrive://www.googleapis.com/:personal:/bannister_open_source/.vs/Bannister/FileContentIndex/b1790fcd-75a7-4182-9cb8-d49e837dd668.vsidx
2026-04-05 05:35:27: CopyFileSimple: OpenDownload: ERR: Cannot open file C:/Users/mr big/Dropbox/code/c sharp/projects/open_source/maui/bannister/.vs/Bannister/FileContentIndex/c1ef2907-3c79-4fae-89a4-4cc3af33f6de.vsidx: cannot open file 'C:/Users/mr big/Dropbox/code/c sharp/projects/open_source/maui/bannister/.vs/Bannister/FileContentIndex/c1ef2907-3c79-4fae-89a4-4cc3af33f6de.vsidx': The process cannot access the file because it is being used by another process.  (error 32)
2026-04-05 05:35:27: Delete File goodrive://www.googleapis.com/:personal:/bannister_open_source/.vs/Bannister/FileContentIndex/bb59d9d0-efdd-4f69-98fd-48d4f2dc95e5.vsidx
2026-04-05 05:35:27: Open File Snap GetShadow: AbsPath=/GLOBALROOT/Device/HarddiskVolumeShadowCopy32/Users/mr big/Dropbox/code/c sharp/projects/open_source/maui/bannister/.vs/Bannister/FileContentIndex/c1ef2907-3c79-4fae-89a4-4cc3af33f6de.vsidx SnapshotPath=/GLOBALROOT/Device/HarddiskVolumeShadowCopy32 SnapVolume=C:
2026-04-05 05:35:27: Delete File goodrive://www.googleapis.com/:personal:/bannister_open_source/.vs/Bannister/FileContentIndex/c5f7fc1c-79c4-4283-b4a5-38c22a8af7f8.vsidx
2026-04-05 05:35:28: Copy New 'C:/Users/mr big/Dropbox/code/c sharp/projects/open_source/maui/bannister/.vs/Bannister/FileContentIndex/bdfb7826-c4c1-4021-80c2-494bea8e26f2.vsidx' -> 'goodrive://www.googleapis.com/:personal:/bannister_open_source/.vs/Bannister/FileContentIndex/bdfb7826-c4c1-4021-80c2-494bea8e26f2.vsidx' (180,984)
2026-04-05 05:35:29: Copy New 'C:/Users/mr big/Dropbox/code/c sharp/projects/open_source/maui/bannister/.vs/Bannister/FileContentIndex/c1ef2907-3c79-4fae-89a4-4cc3af33f6de.vsidx' -> 'goodrive://www.googleapis.com/:personal:/bannister_open_source/.vs/Bannister/FileContentIndex/c1ef2907-3c79-4fae-89a4-4cc3af33f6de.vsidx' (176,376)
2026-04-05 05:35:30: Copy New 'C:/Users/mr big/Dropbox/code/c sharp/projects/open_source/maui/bannister/.git/objects/08/d9e23a13b5fc761764801878af44ed2a1c92a7' -> 'goodrive://www.googleapis.com/:personal:/bannister_open_source/.git/objects/08/d9e23a13b5fc761764801878af44ed2a1c92a7' (3,511)
2026-04-05 05:35:31: Create Folder goodrive://www.googleapis.com/:personal:/bannister_open_source/.git/objects/12
2026-04-05 05:35:31: Copy Over 'C:/Users/mr big/Dropbox/code/c sharp/projects/open_source/maui/bannister/.git/logs/HEAD' -> 'goodrive://www.googleapis.com/:personal:/bannister_open_source/.git/logs/HEAD' (7,382)
2026-04-05 05:35:31: Copy New 'C:/Users/mr big/Dropbox/code/c sharp/projects/open_source/maui/bannister/.git/objects/09/834c66fe4e34d19742d4c82c3ad3034c762361' -> 'goodrive://www.googleapis.com/:personal:/bannister_open_source/.git/objects/09/834c66fe4e34d19742d4c82c3ad3034c762361' (1,944)
2026-04-05 05:35:33: Copy New 'C:/Users/mr big/Dropbox/code/c sharp/projects/open_source/maui/bannister/.git/objects/16/a46405627c0cf575584aeecc2a47777152fa23' -> 'goodrive://www.googleapis.com/:personal:/bannister_open_source/.git/objects/16/a46405627c0cf575584aeecc2a47777152fa23' (9,295)
2026-04-05 05:35:34: Copy New 'C:/Users/mr big/Dropbox/code/c sharp/projects/open_source/maui/bannister/.git/objects/12/f8759428eda3fdf9bb76eb78ce748110c84c72' -> 'goodrive://www.googleapis.com/:personal:/bannister_open_source/.git/objects/12/f8759428eda3fdf9bb76eb78ce748110c84c72' (138)
2026-04-05 05:35:34: Copy New 'C:/Users/mr big/Dropbox/code/c sharp/projects/open_source/maui/bannister/.git/objects/12/8c4556bc411d6b7f698ad9f38a7622b2900cf8' -> 'goodrive://www.googleapis.com/:personal:/bannister_open_source/.git/objects/12/8c4556bc411d6b7f698ad9f38a7622b2900cf8' (1,581)
2026-04-05 05:35:35: Copy New 'C:/Users/mr big/Dropbox/code/c sharp/projects/open_source/maui/bannister/.git/objects/19/1315229d4e7729a494bdd30dedaa6855b106dc' -> 'goodrive://www.googleapis.com/:personal:/bannister_open_source/.git/objects/19/1315229d4e7729a494bdd30dedaa6855b106dc' (1,038)
2026-04-05 05:35:40: Copy New 'C:/Users/mr big/Dropbox/code/c sharp/projects/open_source/maui/bannister/.git/objects/1f/eca9bbea1b81426341f32dc4c21849e7dd5136' -> 'goodrive://www.googleapis.com/:personal:/bannister_open_source/.git/objects/1f/eca9bbea1b81426341f32dc4c21849e7dd5136' (628)
2026-04-05 05:35:40: Copy New 'C:/Users/mr big/Dropbox/code/c sharp/projects/open_source/maui/bannister/.git/objects/1c/5f3631f7a4c95162472a16913e4bce64741b4e' -> 'goodrive://www.googleapis.com/:personal:/bannister_open_source/.git/objects/1c/5f3631f7a4c95162472a16913e4bce64741b4e' (9,340)
2026-04-05 05:35:40: Create Folder goodrive://www.googleapis.com/:personal:/bannister_open_source/.git/objects/31
2026-04-05 05:35:41: Copy New 'C:/Users/mr big/Dropbox/code/c sharp/projects/open_source/maui/bannister/.git/objects/24/2beeaeddb2c19139d250cc5f4fe03df86f10d4' -> 'goodrive://www.googleapis.com/:personal:/bannister_open_source/.git/objects/24/2beeaeddb2c19139d250cc5f4fe03df86f10d4' (784)
2026-04-05 05:35:42: Copy New 'C:/Users/mr big/Dropbox/code/c sharp/projects/open_source/maui/bannister/.git/objects/30/0634dbda51796a223dd502db23dcab6a503b28' -> 'goodrive://www.googleapis.com/:personal:/bannister_open_source/.git/objects/30/0634dbda51796a223dd502db23dcab6a503b28' (6,400)
2026-04-05 05:35:43: Create Folder goodrive://www.googleapis.com/:personal:/bannister_open_source/.git/objects/46
2026-04-05 05:35:43: Copy New 'C:/Users/mr big/Dropbox/code/c sharp/projects/open_source/maui/bannister/.git/objects/31/b4b2074424b37cad496284d638f10c2b820422' -> 'goodrive://www.googleapis.com/:personal:/bannister_open_source/.git/objects/31/b4b2074424b37cad496284d638f10c2b820422' (1,986)
2026-04-05 05:35:44: Copy New 'C:/Users/mr big/Dropbox/code/c sharp/projects/open_source/maui/bannister/.git/objects/44/75e88f7905e079f28a0897b56d9ad6da57d00b' -> 'goodrive://www.googleapis.com/:personal:/bannister_open_source/.git/objects/44/75e88f7905e079f28a0897b56d9ad6da57d00b' (4,557)
2026-04-05 05:35:46: Copy New 'C:/Users/mr big/Dropbox/code/c sharp/projects/open_source/maui/bannister/.git/objects/50/ce2580b7d801d00cd13eceac4a2d78ab25b65e' -> 'goodrive://www.googleapis.com/:personal:/bannister_open_source/.git/objects/50/ce2580b7d801d00cd13eceac4a2d78ab25b65e' (5,333)
2026-04-05 05:35:46: Copy New 'C:/Users/mr big/Dropbox/code/c sharp/projects/open_source/maui/bannister/.git/objects/46/3673c2028cb0b6a3f625e0370ac0823520685e' -> 'goodrive://www.googleapis.com/:personal:/bannister_open_source/.git/objects/46/3673c2028cb0b6a3f625e0370ac0823520685e' (7,111)
2026-04-05 05:35:46: Copy New 'C:/Users/mr big/Dropbox/code/c sharp/projects/open_source/maui/bannister/.git/objects/5b/3e7ebd7e1ab9a7c410d7434c1f0bc967f860d6' -> 'goodrive://www.googleapis.com/:personal:/bannister_open_source/.git/objects/5b/3e7ebd7e1ab9a7c410d7434c1f0bc967f860d6' (7,332)
2026-04-05 05:35:48: Copy New 'C:/Users/mr big/Dropbox/code/c sharp/projects/open_source/maui/bannister/.git/objects/61/113b495bbe1ab37aa9db131e3d2a7afdd925fe' -> 'goodrive://www.googleapis.com/:personal:/bannister_open_source/.git/objects/61/113b495bbe1ab37aa9db131e3d2a7afdd925fe' (3,872)
2026-04-05 05:35:48: Copy New 'C:/Users/mr big/Dropbox/code/c sharp/projects/open_source/maui/bannister/.git/objects/64/66e75ea7b8137d4c2a3cd2efff4da2fbd3b69a' -> 'goodrive://www.googleapis.com/:personal:/bannister_open_source/.git/objects/64/66e75ea7b8137d4c2a3cd2efff4da2fbd3b69a' (1,307)
2026-04-05 05:35:49: Copy New 'C:/Users/mr big/Dropbox/code/c sharp/projects/open_source/maui/bannister/.git/objects/65/8603b45faa338aa36bbfa49a8022499c3e25f5' -> 'goodrive://www.googleapis.com/:personal:/bannister_open_source/.git/objects/65/8603b45faa338aa36bbfa49a8022499c3e25f5' (2,890)
2026-04-05 05:35:50: Copy New 'C:/Users/mr big/Dropbox/code/c sharp/projects/open_source/maui/bannister/.git/objects/66/97078a87a221da13b05bba44ad17fa84ed0452' -> 'goodrive://www.googleapis.com/:personal:/bannister_open_source/.git/objects/66/97078a87a221da13b05bba44ad17fa84ed0452' (1,043)
2026-04-05 05:35:50: Copy New 'C:/Users/mr big/Dropbox/code/c sharp/projects/open_source/maui/bannister/.git/objects/6b/56c350c6098a5cb148732d4296e1781d03b120' -> 'goodrive://www.googleapis.com/:personal:/bannister_open_source/.git/objects/6b/56c350c6098a5cb148732d4296e1781d03b120' (3,753)
2026-04-05 05:35:51: Copy New 'C:/Users/mr big/Dropbox/code/c sharp/projects/open_source/maui/bannister/.git/objects/7a/235f49eadb0a87aa8c7815b757b33237a07a83' -> 'goodrive://www.googleapis.com/:personal:/bannister_open_source/.git/objects/7a/235f49eadb0a87aa8c7815b757b33237a07a83' (1,611)
2026-04-05 05:35:52: Create Folder goodrive://www.googleapis.com/:personal:/bannister_open_source/.git/objects/84
2026-04-05 05:35:53: Copy New 'C:/Users/mr big/Dropbox/code/c sharp/projects/open_source/maui/bannister/.git/objects/7a/9145ad6aaaca4b8a7501add83278caa56770b9' -> 'goodrive://www.googleapis.com/:personal:/bannister_open_source/.git/objects/7a/9145ad6aaaca4b8a7501add83278caa56770b9' (664)
2026-04-05 05:35:53: Copy New 'C:/Users/mr big/Dropbox/code/c sharp/projects/open_source/maui/bannister/.git/objects/7c/18d38626716695c654fda1cb75ed6f2c54637e' -> 'goodrive://www.googleapis.com/:personal:/bannister_open_source/.git/objects/7c/18d38626716695c654fda1cb75ed6f2c54637e' (572)
2026-04-05 05:35:53: Create Folder goodrive://www.googleapis.com/:personal:/bannister_open_source/.git/objects/8f
2026-04-05 05:35:54: Copy New 'C:/Users/mr big/Dropbox/code/c sharp/projects/open_source/maui/bannister/.git/objects/84/a15c8a6456216df2dad9260aeaed8ff077b881' -> 'goodrive://www.googleapis.com/:personal:/bannister_open_source/.git/objects/84/a15c8a6456216df2dad9260aeaed8ff077b881' (3,132)
2026-04-05 05:35:55: Copy New 'C:/Users/mr big/Dropbox/code/c sharp/projects/open_source/maui/bannister/.git/objects/89/2f02677f3f02cbf2778491b630abb90cdd7dd2' -> 'goodrive://www.googleapis.com/:personal:/bannister_open_source/.git/objects/89/2f02677f3f02cbf2778491b630abb90cdd7dd2' (104,678)
2026-04-05 05:35:56: Copy New 'C:/Users/mr big/Dropbox/code/c sharp/projects/open_source/maui/bannister/.git/objects/8f/0855eb9ab72ca7f9046e090995eb69c72e1998' -> 'goodrive://www.googleapis.com/:personal:/bannister_open_source/.git/objects/8f/0855eb9ab72ca7f9046e090995eb69c72e1998' (697)
2026-04-05 05:35:56: Copy New 'C:/Users/mr big/Dropbox/code/c sharp/projects/open_source/maui/bannister/.git/objects/94/f9c1a1b70bdc090057c6e94f545cada86986ef' -> 'goodrive://www.googleapis.com/:personal:/bannister_open_source/.git/objects/94/f9c1a1b70bdc090057c6e94f545cada86986ef' (7,958)
2026-04-05 05:35:57: Create Folder goodrive://www.googleapis.com/:personal:/bannister_open_source/.git/objects/9a
2026-04-05 05:35:58: Copy New 'C:/Users/mr big/Dropbox/code/c sharp/projects/open_source/maui/bannister/.git/objects/96/4b3c18eab55bde11a56b98e2321d22cbfba52d' -> 'goodrive://www.googleapis.com/:personal:/bannister_open_source/.git/objects/96/4b3c18eab55bde11a56b98e2321d22cbfba52d' (2,233)
2026-04-05 05:35:58: Copy New 'C:/Users/mr big/Dropbox/code/c sharp/projects/open_source/maui/bannister/.git/objects/95/aa4a7f6e6498bd15eb7177a40c43b7ae908600' -> 'goodrive://www.googleapis.com/:personal:/bannister_open_source/.git/objects/95/aa4a7f6e6498bd15eb7177a40c43b7ae908600' (9,249)
2026-04-05 05:35:59: Copy New 'C:/Users/mr big/Dropbox/code/c sharp/projects/open_source/maui/bannister/.git/objects/9a/a5bbde08acee93d6911491c8ea59ba652aa2c9' -> 'goodrive://www.googleapis.com/:personal:/bannister_open_source/.git/objects/9a/a5bbde08acee93d6911491c8ea59ba652aa2c9' (2,304)
2026-04-05 05:36:00: Copy New 'C:/Users/mr big/Dropbox/code/c sharp/projects/open_source/maui/bannister/.git/objects/a1/031efe6eaa9686bc8132ba4c499ca5af2f4ca9' -> 'goodrive://www.googleapis.com/:personal:/bannister_open_source/.git/objects/a1/031efe6eaa9686bc8132ba4c499ca5af2f4ca9' (2,546)
2026-04-05 05:36:00: Copy New 'C:/Users/mr big/Dropbox/code/c sharp/projects/open_source/maui/bannister/.git/objects/a6/c4fb138c8f68015013f8afd92a3c37b4e441a1' -> 'goodrive://www.googleapis.com/:personal:/bannister_open_source/.git/objects/a6/c4fb138c8f68015013f8afd92a3c37b4e441a1' (924)
2026-04-05 05:36:02: Copy New 'C:/Users/mr big/Dropbox/code/c sharp/projects/open_source/maui/bannister/.git/objects/bb/94a8a117d04bd1470b0c3bb9823758b052bd49' -> 'goodrive://www.googleapis.com/:personal:/bannister_open_source/.git/objects/bb/94a8a117d04bd1470b0c3bb9823758b052bd49' (320)
2026-04-05 05:36:02: Copy New 'C:/Users/mr big/Dropbox/code/c sharp/projects/open_source/maui/bannister/.git/objects/ad/82caf06941ceaa4ad2e7e04ae1b87ebcdaf779' -> 'goodrive://www.googleapis.com/:personal:/bannister_open_source/.git/objects/ad/82caf06941ceaa4ad2e7e04ae1b87ebcdaf779' (9,444)
2026-04-05 05:36:02: Copy New 'C:/Users/mr big/Dropbox/code/c sharp/projects/open_source/maui/bannister/.git/objects/b8/a60d459e0a88163f40e13cdd90332e2121b10a' -> 'goodrive://www.googleapis.com/:personal:/bannister_open_source/.git/objects/b8/a60d459e0a88163f40e13cdd90332e2121b10a' (156)
2026-04-05 05:36:04: Copy New 'C:/Users/mr big/Dropbox/code/c sharp/projects/open_source/maui/bannister/.git/objects/c6/21aa320f6bfe61c319415496cbe5bb5c11fe45' -> 'goodrive://www.googleapis.com/:personal:/bannister_open_source/.git/objects/c6/21aa320f6bfe61c319415496cbe5bb5c11fe45' (642)
2026-04-05 05:36:04: Copy New 'C:/Users/mr big/Dropbox/code/c sharp/projects/open_source/maui/bannister/.git/objects/c7/db4424e53ed048e3aa5727e7ad18cc7dfafd46' -> 'goodrive://www.googleapis.com/:personal:/bannister_open_source/.git/objects/c7/db4424e53ed048e3aa5727e7ad18cc7dfafd46' (6,362)
2026-04-05 05:36:04: Copy New 'C:/Users/mr big/Dropbox/code/c sharp/projects/open_source/maui/bannister/.git/objects/c5/4964f6561383afe1c6d4296120dbb58549e27d' -> 'goodrive://www.googleapis.com/:personal:/bannister_open_source/.git/objects/c5/4964f6561383afe1c6d4296120dbb58549e27d' (1,053)
2026-04-05 05:36:06: Copy New 'C:/Users/mr big/Dropbox/code/c sharp/projects/open_source/maui/bannister/.git/objects/c8/cf74bc37d859683cf47f197857be20c75ebb9d' -> 'goodrive://www.googleapis.com/:personal:/bannister_open_source/.git/objects/c8/cf74bc37d859683cf47f197857be20c75ebb9d' (409)
2026-04-05 05:36:06: Copy New 'C:/Users/mr big/Dropbox/code/c sharp/projects/open_source/maui/bannister/.git/objects/cd/ad5e9a9cd51c74c79ee9dcea2c999e3e7bde57' -> 'goodrive://www.googleapis.com/:personal:/bannister_open_source/.git/objects/cd/ad5e9a9cd51c74c79ee9dcea2c999e3e7bde57' (26,743)
2026-04-05 05:36:06: Copy New 'C:/Users/mr big/Dropbox/code/c sharp/projects/open_source/maui/bannister/.git/objects/cc/51fa13a74a3dd051c7c3c36bfe7da0da6c107c' -> 'goodrive://www.googleapis.com/:personal:/bannister_open_source/.git/objects/cc/51fa13a74a3dd051c7c3c36bfe7da0da6c107c' (477)
2026-04-05 05:36:08: Copy New 'C:/Users/mr big/Dropbox/code/c sharp/projects/open_source/maui/bannister/.git/objects/d1/8c375c0ac4fcdafaa724dd1bbf0c3e7a842cf6' -> 'goodrive://www.googleapis.com/:personal:/bannister_open_source/.git/objects/d1/8c375c0ac4fcdafaa724dd1bbf0c3e7a842cf6' (404)
2026-04-05 05:36:08: Copy New 'C:/Users/mr big/Dropbox/code/c sharp/projects/open_source/maui/bannister/.git/objects/d2/37ad408de77f7a6fa08b1e8ca4e52997ab5413' -> 'goodrive://www.googleapis.com/:personal:/bannister_open_source/.git/objects/d2/37ad408de77f7a6fa08b1e8ca4e52997ab5413' (3,509)
2026-04-05 05:36:08: Copy New 'C:/Users/mr big/Dropbox/code/c sharp/projects/open_source/maui/bannister/.git/objects/db/10b6dfc41f50a7400cd5646e85d0170c1ef468' -> 'goodrive://www.googleapis.com/:personal:/bannister_open_source/.git/objects/db/10b6dfc41f50a7400cd5646e85d0170c1ef468' (6,465)
2026-04-05 05:36:10: Copy New 'C:/Users/mr big/Dropbox/code/c sharp/projects/open_source/maui/bannister/.git/objects/e3/f8c804bc0c69259e25acc0036bacf41ddf40da' -> 'goodrive://www.googleapis.com/:personal:/bannister_open_source/.git/objects/e3/f8c804bc0c69259e25acc0036bacf41ddf40da' (724)
2026-04-05 05:36:11: Copy New 'C:/Users/mr big/Dropbox/code/c sharp/projects/open_source/maui/bannister/.git/objects/fb/7ef1836b58f620b47c1ba32f761d604bbe600d' -> 'goodrive://www.googleapis.com/:personal:/bannister_open_source/.git/objects/fb/7ef1836b58f620b47c1ba32f761d604bbe600d' (4,596)
2026-04-05 05:36:13: Copy Over 'C:/Users/mr big/Dropbox/code/c sharp/projects/open_source/maui/bannister/.git/objects/e9/81b68ce58e0bca18e35ce3b4fa4f4affa90c45' -> 'goodrive://www.googleapis.com/:personal:/bannister_open_source/.git/objects/e9/81b68ce58e0bca18e35ce3b4fa4f4affa90c45' (980)
2026-04-05 05:36:14: Copy Over 'C:/Users/mr big/Dropbox/code/c sharp/projects/open_source/maui/bannister/.git/refs/heads/main' -> 'goodrive://www.googleapis.com/:personal:/bannister_open_source/.git/refs/heads/main' (41)
2026-04-05 05:36:14: Copy Over 'C:/Users/mr big/Dropbox/code/c sharp/projects/open_source/maui/bannister/.git/logs/refs/heads/main' -> 'goodrive://www.googleapis.com/:personal:/bannister_open_source/.git/logs/refs/heads/main' (7,435)
2026-04-05 05:36:16: Copy Over 'C:/Users/mr big/Dropbox/code/c sharp/projects/open_source/maui/bannister/.git/refs/remotes/origin/main' -> 'goodrive://www.googleapis.com/:personal:/bannister_open_source/.git/refs/remotes/origin/main' (41)
2026-04-05 05:36:17: Copy Over 'C:/Users/mr big/Dropbox/code/c sharp/projects/open_source/maui/bannister/.git/logs/refs/remotes/origin/main' -> 'goodrive://www.googleapis.com/:personal:/bannister_open_source/.git/logs/refs/remotes/origin/main' (3,190)
2026-04-05 05:36:18: Copy Over 'C:/Users/mr big/Dropbox/code/c sharp/projects/open_source/maui/bannister/Bannister/MauiProgram.cs' -> 'goodrive://www.googleapis.com/:personal:/bannister_open_source/Bannister/MauiProgram.cs' (4,238)
2026-04-05 05:36:19: Copy New 'C:/Users/mr big/Dropbox/code/c sharp/projects/open_source/maui/bannister/Bannister/Models/IdeaItem.cs' -> 'goodrive://www.googleapis.com/:personal:/bannister_open_source/Bannister/Models/IdeaItem.cs' (2,546)
2026-04-05 05:36:20: Copy Over 'C:/Users/mr big/Dropbox/code/c sharp/projects/open_source/maui/bannister/Bannister/Models/Game.cs' -> 'goodrive://www.googleapis.com/:personal:/bannister_open_source/Bannister/Models/Game.cs' (1,945)
2026-04-05 05:36:20: > Copy Over 'C:/Users/mr big/Dropbox/code/c sharp/projects/open_source/maui/bannister/Bannister/bin/x64/Debug/net8.0-windows10.0.19041.0/AppX/Bannister.dll' -> 'goodrive://www.googleapis.com/:personal:/bannister_open_source/Bannister/bin/x64/Debug/net8.0-windows10.0.19041.0/AppX/Bannister.dll' (2,658,304)
2026-04-05 05:36:22: Copy Over 'C:/Users/mr big/Dropbox/code/c sharp/projects/open_source/maui/bannister/Bannister/bin/x64/Debug/net8.0-windows10.0.19041.0/AppxManifest.xml' -> 'goodrive://www.googleapis.com/:personal:/bannister_open_source/Bannister/bin/x64/Debug/net8.0-windows10.0.19041.0/AppxManifest.xml' (2,821)
2026-04-05 05:36:23: Copy Over 'C:/Users/mr big/Dropbox/code/c sharp/projects/open_source/maui/bannister/Bannister/bin/x64/Debug/net8.0-windows10.0.19041.0/AppX/AppxManifest.xml' -> 'goodrive://www.googleapis.com/:personal:/bannister_open_source/Bannister/bin/x64/Debug/net8.0-windows10.0.19041.0/AppX/AppxManifest.xml' (2,821)
2026-04-05 05:36:24: < Copy Over 'C:/Users/mr big/Dropbox/code/c sharp/projects/open_source/maui/bannister/Bannister/bin/x64/Debug/net8.0-windows10.0.19041.0/AppX/Bannister.dll' -> 'goodrive://www.googleapis.com/:personal:/bannister_open_source/Bannister/bin/x64/Debug/net8.0-windows10.0.19041.0/AppX/Bannister.dll' (2,658,304)
2026-04-05 05:36:26: Copy Over 'C:/Users/mr big/Dropbox/code/c sharp/projects/open_source/maui/bannister/Bannister/bin/x64/Debug/net8.0-windows10.0.19041.0/AppX/Bannister.exe' -> 'goodrive://www.googleapis.com/:personal:/bannister_open_source/Bannister/bin/x64/Debug/net8.0-windows10.0.19041.0/AppX/Bannister.exe' (153,088)
2026-04-05 05:36:26: > Copy Over 'C:/Users/mr big/Dropbox/code/c sharp/projects/open_source/maui/bannister/Bannister/bin/x64/Debug/net8.0-windows10.0.19041.0/Bannister.dll' -> 'goodrive://www.googleapis.com/:personal:/bannister_open_source/Bannister/bin/x64/Debug/net8.0-windows10.0.19041.0/Bannister.dll' (2,658,304)
2026-04-05 05:36:27: C:/Users/mr big/Dropbox/code/c sharp/projects/open_source/maui/bannister/Bannister/bin/x64/Debug/net8.0-windows10.0.19041.0/AppX/vs.appxrecipe: Source file has changed between Analyze and Sync from '[file] size=67,613 accu-time=2026-04-04 21:29:55 attr=Archive,WArchive cktype=0' to 'size=67,613 time=2026-04-05 05:33:12', noted in source file state
2026-04-05 05:36:27: Copy Over 'C:/Users/mr big/Dropbox/code/c sharp/projects/open_source/maui/bannister/Bannister/bin/x64/Debug/net8.0-windows10.0.19041.0/AppX/vs.appxrecipe' -> 'goodrive://www.googleapis.com/:personal:/bannister_open_source/Bannister/bin/x64/Debug/net8.0-windows10.0.19041.0/AppX/vs.appxrecipe' (67,613)
2026-04-05 05:36:28: Copy Over 'C:/Users/mr big/Dropbox/code/c sharp/projects/open_source/maui/bannister/Bannister/bin/x64/Debug/net8.0-windows10.0.19041.0/Bannister.build.appxrecipe' -> 'goodrive://www.googleapis.com/:personal:/bannister_open_source/Bannister/bin/x64/Debug/net8.0-windows10.0.19041.0/Bannister.build.appxrecipe' (57,124)
2026-04-05 05:36:29: < Copy Over 'C:/Users/mr big/Dropbox/code/c sharp/projects/open_source/maui/bannister/Bannister/bin/x64/Debug/net8.0-windows10.0.19041.0/Bannister.dll' -> 'goodrive://www.googleapis.com/:personal:/bannister_open_source/Bannister/bin/x64/Debug/net8.0-windows10.0.19041.0/Bannister.dll' (2,658,304)
2026-04-05 05:36:31: Copy Over 'C:/Users/mr big/Dropbox/code/c sharp/projects/open_source/maui/bannister/Bannister/bin/x64/Debug/net8.0-windows10.0.19041.0/Bannister.exe' -> 'goodrive://www.googleapis.com/:personal:/bannister_open_source/Bannister/bin/x64/Debug/net8.0-windows10.0.19041.0/Bannister.exe' (153,088)
2026-04-05 05:36:31: Copy New 'C:/Users/mr big/Dropbox/code/c sharp/projects/open_source/maui/bannister/Bannister/Models/PromptGroup.cs' -> 'goodrive://www.googleapis.com/:personal:/bannister_open_source/Bannister/Models/PromptGroup.cs' (1,030)
2026-04-05 05:36:31: Copy Over 'C:/Users/mr big/Dropbox/code/c sharp/projects/open_source/maui/bannister/Bannister/bin/x64/Debug/net8.0-windows10.0.19041.0/Bannister.pdb' -> 'goodrive://www.googleapis.com/:personal:/bannister_open_source/Bannister/bin/x64/Debug/net8.0-windows10.0.19041.0/Bannister.pdb' (586,120)
2026-04-05 05:36:34: Copy New 'C:/Users/mr big/Dropbox/code/c sharp/projects/open_source/maui/bannister/Bannister/Services/IdeaLoggerService.cs' -> 'goodrive://www.googleapis.com/:personal:/bannister_open_source/Bannister/Services/IdeaLoggerService.cs' (13,550)
2026-04-05 05:36:34: Copy Over 'C:/Users/mr big/Dropbox/code/c sharp/projects/open_source/maui/bannister/Bannister/Services/GameService.cs' -> 'goodrive://www.googleapis.com/:personal:/bannister_open_source/Bannister/Services/GameService.cs' (6,804)
2026-04-05 05:36:34: Copy Over 'C:/Users/mr big/Dropbox/code/c sharp/projects/open_source/maui/bannister/Bannister/Models/PromptItem.cs' -> 'goodrive://www.googleapis.com/:personal:/bannister_open_source/Bannister/Models/PromptItem.cs' (2,874)
2026-04-05 05:36:36: Copy New 'C:/Users/mr big/Dropbox/code/c sharp/projects/open_source/maui/bannister/Bannister/Services/IdeasService.cs' -> 'goodrive://www.googleapis.com/:personal:/bannister_open_source/Bannister/Services/IdeasService.cs' (7,182)
2026-04-05 05:36:37: Copy Over 'C:/Users/mr big/Dropbox/code/c sharp/projects/open_source/maui/bannister/Bannister/obj/x64/Debug/net8.0-windows10.0.19041.0/Bannister.csproj.BuildWithSkipAnalyzers' -> 'goodrive://www.googleapis.com/:personal:/bannister_open_source/Bannister/obj/x64/Debug/net8.0-windows10.0.19041.0/Bannister.csproj.BuildWithSkipAnalyzers' (0)
2026-04-05 05:36:37: > Copy Over 'C:/Users/mr big/Dropbox/code/c sharp/projects/open_source/maui/bannister/Bannister/obj/x64/Debug/net8.0-windows10.0.19041.0/Bannister.dll' -> 'goodrive://www.googleapis.com/:personal:/bannister_open_source/Bannister/obj/x64/Debug/net8.0-windows10.0.19041.0/Bannister.dll' (2,658,304)
2026-04-05 05:36:37: Copy Over 'C:/Users/mr big/Dropbox/code/c sharp/projects/open_source/maui/bannister/Bannister/obj/x64/Debug/net8.0-windows10.0.19041.0/apphost.exe' -> 'goodrive://www.googleapis.com/:personal:/bannister_open_source/Bannister/obj/x64/Debug/net8.0-windows10.0.19041.0/apphost.exe' (153,088)
2026-04-05 05:36:40: Copy Over 'C:/Users/mr big/Dropbox/code/c sharp/projects/open_source/maui/bannister/Bannister/obj/x64/Debug/net8.0-windows10.0.19041.0/Bannister.csproj.CoreCompileInputs.cache' -> 'goodrive://www.googleapis.com/:personal:/bannister_open_source/Bannister/obj/x64/Debug/net8.0-windows10.0.19041.0/Bannister.csproj.CoreCompileInputs.cache' (66)
2026-04-05 05:36:41: Copy Over 'C:/Users/mr big/Dropbox/code/c sharp/projects/open_source/maui/bannister/Bannister/obj/x64/Debug/net8.0-windows10.0.19041.0/Bannister.pdb' -> 'goodrive://www.googleapis.com/:personal:/bannister_open_source/Bannister/obj/x64/Debug/net8.0-windows10.0.19041.0/Bannister.pdb' (586,120)
2026-04-05 05:36:42: < Copy Over 'C:/Users/mr big/Dropbox/code/c sharp/projects/open_source/maui/bannister/Bannister/obj/x64/Debug/net8.0-windows10.0.19041.0/Bannister.dll' -> 'goodrive://www.googleapis.com/:personal:/bannister_open_source/Bannister/obj/x64/Debug/net8.0-windows10.0.19041.0/Bannister.dll' (2,658,304)
2026-04-05 05:36:43: Copy Over 'C:/Users/mr big/Dropbox/code/c sharp/projects/open_source/maui/bannister/Bannister/obj/x64/Debug/net8.0-windows10.0.19041.0/excluded.layout.resfiles.intermediate' -> 'goodrive://www.googleapis.com/:personal:/bannister_open_source/Bannister/obj/x64/Debug/net8.0-windows10.0.19041.0/excluded.layout.resfiles.intermediate' (0)
2026-04-05 05:36:43: > Copy Over 'C:/Users/mr big/Dropbox/code/c sharp/projects/open_source/maui/bannister/Bannister/obj/x64/Debug/net8.0-windows10.0.19041.0/intermediatexaml/Bannister.dll' -> 'goodrive://www.googleapis.com/:personal:/bannister_open_source/Bannister/obj/x64/Debug/net8.0-windows10.0.19041.0/intermediatexaml/Bannister.dll' (2,520,064)
2026-04-05 05:36:45: Copy Over 'C:/Users/mr big/Dropbox/code/c sharp/projects/open_source/maui/bannister/Bannister/obj/x64/Debug/net8.0-windows10.0.19041.0/embed/embed.resfiles.intermediate' -> 'goodrive://www.googleapis.com/:personal:/bannister_open_source/Bannister/obj/x64/Debug/net8.0-windows10.0.19041.0/embed/embed.resfiles.intermediate' (27)
2026-04-05 05:36:46: Copy Over 'C:/Users/mr big/Dropbox/code/c sharp/projects/open_source/maui/bannister/Bannister/obj/x64/Debug/net8.0-windows10.0.19041.0/filtered.layout.resfiles.intermediate' -> 'goodrive://www.googleapis.com/:personal:/bannister_open_source/Bannister/obj/x64/Debug/net8.0-windows10.0.19041.0/filtered.layout.resfiles.intermediate' (2,300)
2026-04-05 05:36:47: < Copy Over 'C:/Users/mr big/Dropbox/code/c sharp/projects/open_source/maui/bannister/Bannister/obj/x64/Debug/net8.0-windows10.0.19041.0/intermediatexaml/Bannister.dll' -> 'goodrive://www.googleapis.com/:personal:/bannister_open_source/Bannister/obj/x64/Debug/net8.0-windows10.0.19041.0/intermediatexaml/Bannister.dll' (2,520,064)
2026-04-05 05:36:49: Copy Over 'C:/Users/mr big/Dropbox/code/c sharp/projects/open_source/maui/bannister/Bannister/obj/x64/Debug/net8.0-windows10.0.19041.0/pri.resfiles.intermediate' -> 'goodrive://www.googleapis.com/:personal:/bannister_open_source/Bannister/obj/x64/Debug/net8.0-windows10.0.19041.0/pri.resfiles.intermediate' (386)
2026-04-05 05:36:49: Copy Over 'C:/Users/mr big/Dropbox/code/c sharp/projects/open_source/maui/bannister/Bannister/obj/x64/Debug/net8.0-windows10.0.19041.0/Platforms/Windows/App.xaml' -> 'goodrive://www.googleapis.com/:personal:/bannister_open_source/Bannister/obj/x64/Debug/net8.0-windows10.0.19041.0/Platforms/Windows/App.xaml' (312)
2026-04-05 05:36:50: Copy Over 'C:/Users/mr big/Dropbox/code/c sharp/projects/open_source/maui/bannister/Bannister/obj/x64/Debug/net8.0-windows10.0.19041.0/priconfig.xml.intermediate' -> 'goodrive://www.googleapis.com/:personal:/bannister_open_source/Bannister/obj/x64/Debug/net8.0-windows10.0.19041.0/priconfig.xml.intermediate' (3,154)
2026-04-05 05:36:52: Copy Over 'C:/Users/mr big/Dropbox/code/c sharp/projects/open_source/maui/bannister/Bannister/obj/x64/Debug/net8.0-windows10.0.19041.0/ref/Bannister.dll' -> 'goodrive://www.googleapis.com/:personal:/bannister_open_source/Bannister/obj/x64/Debug/net8.0-windows10.0.19041.0/ref/Bannister.dll' (696,320)
2026-04-05 05:36:52: Copy Over 'C:/Users/mr big/Dropbox/code/c sharp/projects/open_source/maui/bannister/Bannister/obj/x64/Debug/net8.0-windows10.0.19041.0/refint/Bannister.dll' -> 'goodrive://www.googleapis.com/:personal:/bannister_open_source/Bannister/obj/x64/Debug/net8.0-windows10.0.19041.0/refint/Bannister.dll' (696,320)
2026-04-05 05:36:54: Copy Over 'C:/Users/mr big/Dropbox/code/c sharp/projects/open_source/maui/bannister/Bannister/obj/x64/Debug/net8.0-windows10.0.19041.0/resources.resfiles.intermediate' -> 'goodrive://www.googleapis.com/:personal:/bannister_open_source/Bannister/obj/x64/Debug/net8.0-windows10.0.19041.0/resources.resfiles.intermediate' (0)
2026-04-05 05:36:56: Copy Over 'C:/Users/mr big/Dropbox/code/c sharp/projects/open_source/maui/bannister/Bannister/obj/x64/Debug/net8.0-windows10.0.19041.0/unfiltered.layout.resfiles.intermediate' -> 'goodrive://www.googleapis.com/:personal:/bannister_open_source/Bannister/obj/x64/Debug/net8.0-windows10.0.19041.0/unfiltered.layout.resfiles.intermediate' (2,300)
2026-04-05 05:36:56: Copy Over 'C:/Users/mr big/Dropbox/code/c sharp/projects/open_source/maui/bannister/Bannister/obj/x64/Debug/net8.0-windows10.0.19041.0/XamlC.stamp' -> 'goodrive://www.googleapis.com/:personal:/bannister_open_source/Bannister/obj/x64/Debug/net8.0-windows10.0.19041.0/XamlC.stamp' (0)
2026-04-05 05:36:58: Copy Over 'C:/Users/mr big/Dropbox/code/c sharp/projects/open_source/maui/bannister/Bannister/obj/x64/Debug/net8.0-windows10.0.19041.0/XamlSaveStateFile.xml' -> 'goodrive://www.googleapis.com/:personal:/bannister_open_source/Bannister/obj/x64/Debug/net8.0-windows10.0.19041.0/XamlSaveStateFile.xml' (923)
2026-04-05 05:36:59: Copy Over 'C:/Users/mr big/Dropbox/code/c sharp/projects/open_source/maui/bannister/Bannister/Services/PromptService.cs' -> 'goodrive://www.googleapis.com/:personal:/bannister_open_source/Bannister/Services/PromptService.cs' (26,334)
2026-04-05 05:37:00: Copy Over 'C:/Users/mr big/Dropbox/code/c sharp/projects/open_source/maui/bannister/Bannister/Views/GamesListPage.cs' -> 'goodrive://www.googleapis.com/:personal:/bannister_open_source/Bannister/Views/GamesListPage.cs' (11,965)
2026-04-05 05:37:01: Copy Over 'C:/Users/mr big/Dropbox/code/c sharp/projects/open_source/maui/bannister/Bannister/Views/ActivityGamePage/ActivityGamePage.cs' -> 'goodrive://www.googleapis.com/:personal:/bannister_open_source/Bannister/Views/ActivityGamePage/ActivityGamePage.cs' (6,306)
2026-04-05 05:37:03: Copy Over 'C:/Users/mr big/Dropbox/code/c sharp/projects/open_source/maui/bannister/Bannister/Views/ActivityGamePage/ActivityGamePage_DataLoading.cs' -> 'goodrive://www.googleapis.com/:personal:/bannister_open_source/Bannister/Views/ActivityGamePage/ActivityGamePage_DataLoading.cs' (34,908)
2026-04-05 05:37:04: Copy Over 'C:/Users/mr big/Dropbox/code/c sharp/projects/open_source/maui/bannister/Bannister/Views/ActivityGamePage/ActivityGamePage_MobileUI.cs' -> 'goodrive://www.googleapis.com/:personal:/bannister_open_source/Bannister/Views/ActivityGamePage/ActivityGamePage_MobileUI.cs' (6,607)
2026-04-05 05:37:04: Copy Over 'C:/Users/mr big/Dropbox/code/c sharp/projects/open_source/maui/bannister/Bannister/Views/ActivityGamePage/ActivityGamePage_DesktopUI.cs' -> 'goodrive://www.googleapis.com/:personal:/bannister_open_source/Bannister/Views/ActivityGamePage/ActivityGamePage_DesktopUI.cs' (11,361)
2026-04-05 05:37:06: Copy New 'C:/Users/mr big/Dropbox/code/c sharp/projects/open_source/maui/bannister/Bannister/Views/IdeasPage.cs' -> 'goodrive://www.googleapis.com/:personal:/bannister_open_source/Bannister/Views/IdeasPage.cs' (30,414)
2026-04-05 05:37:06: Copy New 'C:/Users/mr big/Dropbox/code/c sharp/projects/open_source/maui/bannister/Bannister/Views/PromptsBrowsePage.cs' -> 'goodrive://www.googleapis.com/:personal:/bannister_open_source/Bannister/Views/PromptsBrowsePage.cs' (32,822)
2026-04-05 05:37:07: Copy Over 'C:/Users/mr big/Dropbox/code/c sharp/projects/open_source/maui/bannister/Bannister/Views/HomePage.cs' -> 'goodrive://www.googleapis.com/:personal:/bannister_open_source/Bannister/Views/HomePage.cs' (17,937)
2026-04-05 05:37:09: Copy Over 'C:/Users/mr big/Dropbox/code/c sharp/projects/open_source/maui/bannister/Bannister/Views/PromptsPage.cs' -> 'goodrive://www.googleapis.com/:personal:/bannister_open_source/Bannister/Views/PromptsPage.cs' (37,453)
2026-04-05 05:37:09: Copy Over 'C:/Users/mr big/Dropbox/code/c sharp/projects/open_source/maui/bannister/Bannister/Views/TasksPage.cs' -> 'goodrive://www.googleapis.com/:personal:/bannister_open_source/Bannister/Views/TasksPage.cs' (38,775)
2026-04-05 05:37:10: Save State File C:/Users/mr big/Dropbox/code/c sharp/projects/open_source/maui/bannister/_gsdata_/_file_state_v4._gs
2026-04-05 05:37:10: CopyFileSimple: CloseUpload: ERR: Cannot flush chunk: [SSL sending [-1] www.googleapis.com:443]: Connection was reset by remote machine
2026-04-05 05:37:10: Waiting for 0 + 0 of 4 sec on CopyFileSimple: CloseUpload: Cannot flush chunk: [SSL sending [-1] www.googleapis.com:443]: Connection was reset by remote machine
2026-04-05 05:37:14: Recovered the connection, continuing operations
2026-04-05 05:37:17: Save State File goodrive://www.googleapis.com/:personal:/bannister_open_source/_gsdata_/_file_state_v4._gs
2026-04-05 05:37:17: Release Snapshot of Volume C:
2026-04-05 05:37:20: == Sync Complete. Time: 00:04:29, Speed: 91.86 KB/s, OK: 131, Errors: 0
