2026-05-02 05:31:07: -- Analysis Started by On Schedule Min=30 Hour=5 
2026-05-02 05:31:07: L: Reading State File C:/rock/bannister/_gsdata_/_file_state_v4._gs
2026-05-02 05:31:09: R: Reading State File goodrive://www.googleapis.com/:personal:/bannister/_gsdata_/_file_state_v4._gs
2026-05-02 05:31:10: /Bannister/bin/x64/Debug/net8.0-windows10.0.19041.0/AppX/runtimes/linux-arm/native/libe_sqlite3.so: L:TimeSize<>; Warning: Older file to replace Newer file
2026-05-02 05:31:10: /Bannister/bin/x64/Debug/net8.0-windows10.0.19041.0/AppX/runtimes/linux-arm64/native/libe_sqlite3.so: L:TimeSize<>; Warning: Older file to replace Newer file
2026-05-02 05:31:10: /Bannister/bin/x64/Debug/net8.0-windows10.0.19041.0/AppX/runtimes/linux-armel/native/libe_sqlite3.so: L:TimeSize<>; Warning: Older file to replace Newer file
2026-05-02 05:31:10: /Bannister/bin/x64/Debug/net8.0-windows10.0.19041.0/AppX/runtimes/linux-mips64/native/libe_sqlite3.so: L:TimeSize<>; Warning: Older file to replace Newer file
2026-05-02 05:31:10: /Bannister/bin/x64/Debug/net8.0-windows10.0.19041.0/AppX/runtimes/linux-musl-arm/native/libe_sqlite3.so: L:TimeSize<>; Warning: Older file to replace Newer file
2026-05-02 05:31:10: /Bannister/bin/x64/Debug/net8.0-windows10.0.19041.0/AppX/runtimes/linux-musl-arm64/native/libe_sqlite3.so: L:TimeSize<>; Warning: Older file to replace Newer file
2026-05-02 05:31:10: /Bannister/bin/x64/Debug/net8.0-windows10.0.19041.0/AppX/runtimes/linux-musl-x64/native/libe_sqlite3.so: L:TimeSize<>; Warning: Older file to replace Newer file
2026-05-02 05:31:10: /Bannister/bin/x64/Debug/net8.0-windows10.0.19041.0/AppX/runtimes/linux-s390x/native/libe_sqlite3.so: L:TimeSize<>; Warning: Older file to replace Newer file
2026-05-02 05:31:10: /Bannister/bin/x64/Debug/net8.0-windows10.0.19041.0/AppX/runtimes/linux-x64/native/libe_sqlite3.so: L:TimeSize<>; Warning: Older file to replace Newer file
2026-05-02 05:31:10: /Bannister/bin/x64/Debug/net8.0-windows10.0.19041.0/AppX/runtimes/linux-x86/native/libe_sqlite3.so: L:TimeSize<>; Warning: Older file to replace Newer file
2026-05-02 05:31:10: /Bannister/bin/x64/Debug/net8.0-windows10.0.19041.0/AppX/runtimes/maccatalyst-arm64/native/libe_sqlite3.dylib: L:TimeSize<>; Warning: Older file to replace Newer file
2026-05-02 05:31:10: /Bannister/bin/x64/Debug/net8.0-windows10.0.19041.0/AppX/runtimes/maccatalyst-x64/native/libe_sqlite3.dylib: L:TimeSize<>; Warning: Older file to replace Newer file
2026-05-02 05:31:10: /Bannister/bin/x64/Debug/net8.0-windows10.0.19041.0/AppX/runtimes/osx-arm64/native/libe_sqlite3.dylib: L:TimeSize<>; Warning: Older file to replace Newer file
2026-05-02 05:31:10: /Bannister/bin/x64/Debug/net8.0-windows10.0.19041.0/AppX/runtimes/osx-x64/native/libe_sqlite3.dylib: L:TimeSize<>; Warning: Older file to replace Newer file
2026-05-02 05:31:10: /Bannister/bin/x64/Debug/net8.0-windows10.0.19041.0/AppX/runtimes/win-arm/native/e_sqlite3.dll: L:TimeSize<>; Warning: Older file to replace Newer file
2026-05-02 05:31:10: /Bannister/bin/x64/Debug/net8.0-windows10.0.19041.0/AppX/runtimes/win-arm64/native/e_sqlite3.dll: L:TimeSize<>; Warning: Older file to replace Newer file
2026-05-02 05:31:10: /Bannister/bin/x64/Debug/net8.0-windows10.0.19041.0/AppX/runtimes/win-x64/native/e_sqlite3.dll: L:TimeSize<>; Warning: Older file to replace Newer file
2026-05-02 05:31:10: /Bannister/bin/x64/Debug/net8.0-windows10.0.19041.0/AppX/runtimes/win-x86/native/e_sqlite3.dll: L:TimeSize<>; Warning: Older file to replace Newer file
2026-05-02 05:31:10: /Bannister/bin/x64/Debug/net8.0-windows10.0.19041.0/AppX/SQLitePCLRaw.provider.e_sqlite3.dll: L:TimeSize<>; Warning: Older file to replace Newer file
2026-05-02 05:31:10: /Bannister/bin/x64/Debug/net8.0-windows10.0.19041.0/runtimes/linux-arm/native/libe_sqlite3.so: L:TimeSize<>; Warning: Older file to replace Newer file
2026-05-02 05:31:10: /Bannister/bin/x64/Debug/net8.0-windows10.0.19041.0/runtimes/linux-arm64/native/libe_sqlite3.so: L:TimeSize<>; Warning: Older file to replace Newer file
2026-05-02 05:31:10: /Bannister/bin/x64/Debug/net8.0-windows10.0.19041.0/runtimes/linux-armel/native/libe_sqlite3.so: L:TimeSize<>; Warning: Older file to replace Newer file
2026-05-02 05:31:10: /Bannister/bin/x64/Debug/net8.0-windows10.0.19041.0/runtimes/linux-mips64/native/libe_sqlite3.so: L:TimeSize<>; Warning: Older file to replace Newer file
2026-05-02 05:31:10: /Bannister/bin/x64/Debug/net8.0-windows10.0.19041.0/runtimes/linux-musl-arm/native/libe_sqlite3.so: L:TimeSize<>; Warning: Older file to replace Newer file
2026-05-02 05:31:10: /Bannister/bin/x64/Debug/net8.0-windows10.0.19041.0/runtimes/linux-musl-arm64/native/libe_sqlite3.so: L:TimeSize<>; Warning: Older file to replace Newer file
2026-05-02 05:31:10: /Bannister/bin/x64/Debug/net8.0-windows10.0.19041.0/runtimes/linux-musl-x64/native/libe_sqlite3.so: L:TimeSize<>; Warning: Older file to replace Newer file
2026-05-02 05:31:10: /Bannister/bin/x64/Debug/net8.0-windows10.0.19041.0/runtimes/linux-s390x/native/libe_sqlite3.so: L:TimeSize<>; Warning: Older file to replace Newer file
2026-05-02 05:31:10: /Bannister/bin/x64/Debug/net8.0-windows10.0.19041.0/runtimes/linux-x64/native/libe_sqlite3.so: L:TimeSize<>; Warning: Older file to replace Newer file
2026-05-02 05:31:10: /Bannister/bin/x64/Debug/net8.0-windows10.0.19041.0/runtimes/linux-x86/native/libe_sqlite3.so: L:TimeSize<>; Warning: Older file to replace Newer file
2026-05-02 05:31:10: /Bannister/bin/x64/Debug/net8.0-windows10.0.19041.0/runtimes/maccatalyst-arm64/native/libe_sqlite3.dylib: L:TimeSize<>; Warning: Older file to replace Newer file
2026-05-02 05:31:10: /Bannister/bin/x64/Debug/net8.0-windows10.0.19041.0/runtimes/maccatalyst-x64/native/libe_sqlite3.dylib: L:TimeSize<>; Warning: Older file to replace Newer file
2026-05-02 05:31:10: /Bannister/bin/x64/Debug/net8.0-windows10.0.19041.0/runtimes/osx-arm64/native/libe_sqlite3.dylib: L:TimeSize<>; Warning: Older file to replace Newer file
2026-05-02 05:31:10: /Bannister/bin/x64/Debug/net8.0-windows10.0.19041.0/runtimes/osx-x64/native/libe_sqlite3.dylib: L:TimeSize<>; Warning: Older file to replace Newer file
2026-05-02 05:31:10: /Bannister/bin/x64/Debug/net8.0-windows10.0.19041.0/runtimes/win-arm/native/e_sqlite3.dll: L:TimeSize<>; Warning: Older file to replace Newer file
2026-05-02 05:31:10: /Bannister/bin/x64/Debug/net8.0-windows10.0.19041.0/runtimes/win-arm64/native/e_sqlite3.dll: L:TimeSize<>; Warning: Older file to replace Newer file
2026-05-02 05:31:10: /Bannister/bin/x64/Debug/net8.0-windows10.0.19041.0/runtimes/win-x64/native/e_sqlite3.dll: L:TimeSize<>; Warning: Older file to replace Newer file
2026-05-02 05:31:10: /Bannister/bin/x64/Debug/net8.0-windows10.0.19041.0/runtimes/win-x86/native/e_sqlite3.dll: L:TimeSize<>; Warning: Older file to replace Newer file
2026-05-02 05:31:10: /Bannister/bin/x64/Debug/net8.0-windows10.0.19041.0/SQLitePCLRaw.provider.e_sqlite3.dll: L:TimeSize<>; Warning: Older file to replace Newer file
2026-05-02 05:31:11: Changes: 183, Conflicts: 0, CopyTime: 0, FixState: 0, Errors: 0, All: 11816
2026-05-02 05:31:11: Left to Right: Copy File: 172 Delete File: 11 
2026-05-02 05:31:11: == Sync Started by On Schedule Min=30 Hour=5 
2026-05-02 05:31:11: ConnectCloned connected to file:///C:/rock/bannister
2026-05-02 05:31:11: ConnectCloned connected to file:///C:/rock/bannister
2026-05-02 05:31:11: ConnectCloned connected to file:///C:/rock/bannister
2026-05-02 05:31:11: GsConnectAndSetRoot1 connected to goodrive://www.googleapis.com/:personal:/bannister
2026-05-02 05:31:11: GsConnectAndSetRoot1 connected to goodrive://www.googleapis.com/:personal:/bannister
2026-05-02 05:31:11: GsConnectAndSetRoot1 connected to goodrive://www.googleapis.com/:personal:/bannister
2026-05-02 05:31:18: Copy Over 'C:/rock/bannister/Bannister/Bannister.csproj' -> 'goodrive://www.googleapis.com/:personal:/bannister/bannister/Bannister.csproj' (3,127)
2026-05-02 05:31:18: Copy Over 'C:/rock/bannister/Bannister/ConversationPractice/Services/ConversationService.cs' -> 'goodrive://www.googleapis.com/:personal:/bannister/bannister/ConversationPractice/Services/ConversationService.cs' (16,038)
2026-05-02 05:31:18: Copy Over 'C:/rock/bannister/Bannister/MauiProgram.cs' -> 'goodrive://www.googleapis.com/:personal:/bannister/bannister/MauiProgram.cs' (4,678)
2026-05-02 05:31:21: Copy Over 'C:/rock/bannister/Bannister/obj/Bannister.csproj.nuget.dgspec.json' -> 'goodrive://www.googleapis.com/:personal:/bannister/bannister/obj/Bannister.csproj.nuget.dgspec.json' (6,565)
2026-05-02 05:31:21: > Copy Over 'C:/rock/bannister/Bannister/bin/x64/Debug/net8.0-windows10.0.19041.0/AppX/Bannister.dll' -> 'goodrive://www.googleapis.com/:personal:/bannister/bannister/bin/x64/Debug/net8.0-windows10.0.19041.0/AppX/Bannister.dll' (3,518,464)
2026-05-02 05:31:21: Copy Over 'C:/rock/bannister/Bannister/bin/x64/Debug/net8.0-windows10.0.19041.0/AppX/AppxManifest.xml' -> 'goodrive://www.googleapis.com/:personal:/bannister/bannister/bin/x64/Debug/net8.0-windows10.0.19041.0/AppX/AppxManifest.xml' (2,821)
2026-05-02 05:31:21: Copy Over 'C:/rock/bannister/Bannister/bin/x64/Debug/net8.0-windows10.0.19041.0/AppX/Bannister.deps.json' -> 'goodrive://www.googleapis.com/:personal:/bannister/bannister/bin/x64/Debug/net8.0-windows10.0.19041.0/AppX/Bannister.deps.json' (44,134)
2026-05-02 05:31:24: Copy Over 'C:/rock/bannister/Bannister/bin/x64/Debug/net8.0-windows10.0.19041.0/AppX/Bannister.runtimeconfig.json' -> 'goodrive://www.googleapis.com/:personal:/bannister/bannister/bin/x64/Debug/net8.0-windows10.0.19041.0/AppX/Bannister.runtimeconfig.json' (385)
2026-05-02 05:31:25: Copy Over 'C:/rock/bannister/Bannister/bin/x64/Debug/net8.0-windows10.0.19041.0/AppX/Bannister.exe' -> 'goodrive://www.googleapis.com/:personal:/bannister/bannister/bin/x64/Debug/net8.0-windows10.0.19041.0/AppX/Bannister.exe' (153,088)
2026-05-02 05:31:25: < Copy Over 'C:/rock/bannister/Bannister/bin/x64/Debug/net8.0-windows10.0.19041.0/AppX/Bannister.dll' -> 'goodrive://www.googleapis.com/:personal:/bannister/bannister/bin/x64/Debug/net8.0-windows10.0.19041.0/AppX/Bannister.dll' (3,518,464)
2026-05-02 05:31:26: Create Folder goodrive://www.googleapis.com/:personal:/bannister/bannister/bin/x64/Debug/net8.0-windows10.0.19041.0/AppX/runtimes/alpine-arm
2026-05-02 05:31:27: Create Folder goodrive://www.googleapis.com/:personal:/bannister/bannister/bin/x64/Debug/net8.0-windows10.0.19041.0/AppX/runtimes/alpine-arm64
2026-05-02 05:31:27: Copy Over 'C:/rock/bannister/Bannister/bin/x64/Debug/net8.0-windows10.0.19041.0/AppX/resources.pri' -> 'goodrive://www.googleapis.com/:personal:/bannister/bannister/bin/x64/Debug/net8.0-windows10.0.19041.0/AppX/resources.pri' (140,664)
2026-05-02 05:31:28: Create Folder goodrive://www.googleapis.com/:personal:/bannister/bannister/bin/x64/Debug/net8.0-windows10.0.19041.0/AppX/runtimes/alpine-arm/native
2026-05-02 05:31:28: Create Folder goodrive://www.googleapis.com/:personal:/bannister/bannister/bin/x64/Debug/net8.0-windows10.0.19041.0/AppX/runtimes/alpine-arm64/native
2026-05-02 05:31:28: > Copy New 'C:/rock/bannister/Bannister/bin/x64/Debug/net8.0-windows10.0.19041.0/AppX/runtimes/alpine-arm/native/libe_sqlite3.so' -> 'goodrive://www.googleapis.com/:personal:/bannister/bannister/bin/x64/Debug/net8.0-windows10.0.19041.0/AppX/runtimes/alpine-arm/native/libe_sqlite3.so' (1,110,808)
2026-05-02 05:31:28: Copy Over 'C:/rock/bannister/Bannister/bin/x64/Debug/net8.0-windows10.0.19041.0/AppX/SQLitePCLRaw.batteries_v2.dll' -> 'goodrive://www.googleapis.com/:personal:/bannister/bannister/bin/x64/Debug/net8.0-windows10.0.19041.0/AppX/SQLitePCLRaw.batteries_v2.dll' (5,120)
2026-05-02 05:31:28: > Copy New 'C:/rock/bannister/Bannister/bin/x64/Debug/net8.0-windows10.0.19041.0/AppX/runtimes/alpine-arm64/native/libe_sqlite3.so' -> 'goodrive://www.googleapis.com/:personal:/bannister/bannister/bin/x64/Debug/net8.0-windows10.0.19041.0/AppX/runtimes/alpine-arm64/native/libe_sqlite3.so' (1,312,944)
2026-05-02 05:31:29: Create Folder goodrive://www.googleapis.com/:personal:/bannister/bannister/bin/x64/Debug/net8.0-windows10.0.19041.0/AppX/runtimes/alpine-x64
2026-05-02 05:31:30: Create Folder goodrive://www.googleapis.com/:personal:/bannister/bannister/bin/x64/Debug/net8.0-windows10.0.19041.0/AppX/runtimes/alpine-x64/native
2026-05-02 05:31:30: > Copy New 'C:/rock/bannister/Bannister/bin/x64/Debug/net8.0-windows10.0.19041.0/AppX/runtimes/alpine-x64/native/libe_sqlite3.so' -> 'goodrive://www.googleapis.com/:personal:/bannister/bannister/bin/x64/Debug/net8.0-windows10.0.19041.0/AppX/runtimes/alpine-x64/native/libe_sqlite3.so' (1,216,704)
2026-05-02 05:31:31: < Copy New 'C:/rock/bannister/Bannister/bin/x64/Debug/net8.0-windows10.0.19041.0/AppX/runtimes/alpine-arm/native/libe_sqlite3.so' -> 'goodrive://www.googleapis.com/:personal:/bannister/bannister/bin/x64/Debug/net8.0-windows10.0.19041.0/AppX/runtimes/alpine-arm/native/libe_sqlite3.so' (1,110,808)
2026-05-02 05:31:31: < Copy New 'C:/rock/bannister/Bannister/bin/x64/Debug/net8.0-windows10.0.19041.0/AppX/runtimes/alpine-arm64/native/libe_sqlite3.so' -> 'goodrive://www.googleapis.com/:personal:/bannister/bannister/bin/x64/Debug/net8.0-windows10.0.19041.0/AppX/runtimes/alpine-arm64/native/libe_sqlite3.so' (1,312,944)
2026-05-02 05:31:31: > Copy New 'C:/rock/bannister/Bannister/bin/x64/Debug/net8.0-windows10.0.19041.0/AppX/runtimes/browser-wasm/nativeassets/net8.0/e_sqlcipher.a' -> 'goodrive://www.googleapis.com/:personal:/bannister/bannister/bin/x64/Debug/net8.0-windows10.0.19041.0/AppX/runtimes/browser-wasm/nativeassets/net8.0/e_sqlcipher.a' (1,278,114)
2026-05-02 05:31:31: Create Folder goodrive://www.googleapis.com/:personal:/bannister/bannister/bin/x64/Debug/net8.0-windows10.0.19041.0/AppX/runtimes/browser-wasm/nativeassets/net7.0
2026-05-02 05:31:31: > Copy New 'C:/rock/bannister/Bannister/bin/x64/Debug/net8.0-windows10.0.19041.0/AppX/runtimes/browser-wasm/nativeassets/net7.0/e_sqlite3.a' -> 'goodrive://www.googleapis.com/:personal:/bannister/bannister/bin/x64/Debug/net8.0-windows10.0.19041.0/AppX/runtimes/browser-wasm/nativeassets/net7.0/e_sqlite3.a' (1,147,756)
2026-05-02 05:31:33: < Copy New 'C:/rock/bannister/Bannister/bin/x64/Debug/net8.0-windows10.0.19041.0/AppX/runtimes/alpine-x64/native/libe_sqlite3.so' -> 'goodrive://www.googleapis.com/:personal:/bannister/bannister/bin/x64/Debug/net8.0-windows10.0.19041.0/AppX/runtimes/alpine-x64/native/libe_sqlite3.so' (1,216,704)
2026-05-02 05:31:33: < Copy New 'C:/rock/bannister/Bannister/bin/x64/Debug/net8.0-windows10.0.19041.0/AppX/runtimes/browser-wasm/nativeassets/net8.0/e_sqlcipher.a' -> 'goodrive://www.googleapis.com/:personal:/bannister/bannister/bin/x64/Debug/net8.0-windows10.0.19041.0/AppX/runtimes/browser-wasm/nativeassets/net8.0/e_sqlcipher.a' (1,278,114)
2026-05-02 05:31:34: < Copy New 'C:/rock/bannister/Bannister/bin/x64/Debug/net8.0-windows10.0.19041.0/AppX/runtimes/browser-wasm/nativeassets/net7.0/e_sqlite3.a' -> 'goodrive://www.googleapis.com/:personal:/bannister/bannister/bin/x64/Debug/net8.0-windows10.0.19041.0/AppX/runtimes/browser-wasm/nativeassets/net7.0/e_sqlite3.a' (1,147,756)
2026-05-02 05:31:35: Copy New 'C:/rock/bannister/Bannister/bin/x64/Debug/net8.0-windows10.0.19041.0/AppX/runtimes/linux-arm/native/libe_sqlcipher.so' -> 'goodrive://www.googleapis.com/:personal:/bannister/bannister/bin/x64/Debug/net8.0-windows10.0.19041.0/AppX/runtimes/linux-arm/native/libe_sqlcipher.so' (924,436)
2026-05-02 05:31:35: > Copy New 'C:/rock/bannister/Bannister/bin/x64/Debug/net8.0-windows10.0.19041.0/AppX/runtimes/linux-arm64/native/libe_sqlcipher.so' -> 'goodrive://www.googleapis.com/:personal:/bannister/bannister/bin/x64/Debug/net8.0-windows10.0.19041.0/AppX/runtimes/linux-arm64/native/libe_sqlcipher.so' (1,411,264)
2026-05-02 05:31:38: < Copy New 'C:/rock/bannister/Bannister/bin/x64/Debug/net8.0-windows10.0.19041.0/AppX/runtimes/linux-arm64/native/libe_sqlcipher.so' -> 'goodrive://www.googleapis.com/:personal:/bannister/bannister/bin/x64/Debug/net8.0-windows10.0.19041.0/AppX/runtimes/linux-arm64/native/libe_sqlcipher.so' (1,411,264)
2026-05-02 05:31:39: > Copy New 'C:/rock/bannister/Bannister/bin/x64/Debug/net8.0-windows10.0.19041.0/AppX/runtimes/linux-armel/native/libe_sqlcipher.so' -> 'goodrive://www.googleapis.com/:personal:/bannister/bannister/bin/x64/Debug/net8.0-windows10.0.19041.0/AppX/runtimes/linux-armel/native/libe_sqlcipher.so' (1,276,144)
2026-05-02 05:31:40: Delete File goodrive://www.googleapis.com/:personal:/bannister/bannister/bin/x64/Debug/net8.0-windows10.0.19041.0/AppX/runtimes/browser-wasm/nativeassets/net8.0/e_sqlite3.a
2026-05-02 05:31:40: > Copy Over 'C:/rock/bannister/Bannister/bin/x64/Debug/net8.0-windows10.0.19041.0/AppX/runtimes/linux-armel/native/libe_sqlite3.so' -> 'goodrive://www.googleapis.com/:personal:/bannister/bannister/bin/x64/Debug/net8.0-windows10.0.19041.0/AppX/runtimes/linux-armel/native/libe_sqlite3.so' (1,143,940)
2026-05-02 05:31:41: < Copy New 'C:/rock/bannister/Bannister/bin/x64/Debug/net8.0-windows10.0.19041.0/AppX/runtimes/linux-armel/native/libe_sqlcipher.so' -> 'goodrive://www.googleapis.com/:personal:/bannister/bannister/bin/x64/Debug/net8.0-windows10.0.19041.0/AppX/runtimes/linux-armel/native/libe_sqlcipher.so' (1,276,144)
2026-05-02 05:31:41: > Copy Over 'C:/rock/bannister/Bannister/bin/x64/Debug/net8.0-windows10.0.19041.0/AppX/runtimes/linux-arm64/native/libe_sqlite3.so' -> 'goodrive://www.googleapis.com/:personal:/bannister/bannister/bin/x64/Debug/net8.0-windows10.0.19041.0/AppX/runtimes/linux-arm64/native/libe_sqlite3.so' (1,150,544)
2026-05-02 05:31:42: Copy Over 'C:/rock/bannister/Bannister/bin/x64/Debug/net8.0-windows10.0.19041.0/AppX/runtimes/linux-arm/native/libe_sqlite3.so' -> 'goodrive://www.googleapis.com/:personal:/bannister/bannister/bin/x64/Debug/net8.0-windows10.0.19041.0/AppX/runtimes/linux-arm/native/libe_sqlite3.so' (812,108)
2026-05-02 05:31:42: > Copy New 'C:/rock/bannister/Bannister/bin/x64/Debug/net8.0-windows10.0.19041.0/AppX/runtimes/linux-mips64/native/libe_sqlcipher.so' -> 'goodrive://www.googleapis.com/:personal:/bannister/bannister/bin/x64/Debug/net8.0-windows10.0.19041.0/AppX/runtimes/linux-mips64/native/libe_sqlcipher.so' (1,632,992)
2026-05-02 05:31:45: < Copy New 'C:/rock/bannister/Bannister/bin/x64/Debug/net8.0-windows10.0.19041.0/AppX/runtimes/linux-mips64/native/libe_sqlcipher.so' -> 'goodrive://www.googleapis.com/:personal:/bannister/bannister/bin/x64/Debug/net8.0-windows10.0.19041.0/AppX/runtimes/linux-mips64/native/libe_sqlcipher.so' (1,632,992)
2026-05-02 05:31:45: > Copy New 'C:/rock/bannister/Bannister/bin/x64/Debug/net8.0-windows10.0.19041.0/AppX/runtimes/linux-musl-arm/native/libe_sqlcipher.so' -> 'goodrive://www.googleapis.com/:personal:/bannister/bannister/bin/x64/Debug/net8.0-windows10.0.19041.0/AppX/runtimes/linux-musl-arm/native/libe_sqlcipher.so' (1,239,064)
2026-05-02 05:31:47: < Copy Over 'C:/rock/bannister/Bannister/bin/x64/Debug/net8.0-windows10.0.19041.0/AppX/runtimes/linux-armel/native/libe_sqlite3.so' -> 'goodrive://www.googleapis.com/:personal:/bannister/bannister/bin/x64/Debug/net8.0-windows10.0.19041.0/AppX/runtimes/linux-armel/native/libe_sqlite3.so' (1,143,940)
2026-05-02 05:31:47: > Copy Over 'C:/rock/bannister/Bannister/bin/x64/Debug/net8.0-windows10.0.19041.0/AppX/runtimes/linux-musl-arm/native/libe_sqlite3.so' -> 'goodrive://www.googleapis.com/:personal:/bannister/bannister/bin/x64/Debug/net8.0-windows10.0.19041.0/AppX/runtimes/linux-musl-arm/native/libe_sqlite3.so' (1,110,808)
2026-05-02 05:31:47: < Copy New 'C:/rock/bannister/Bannister/bin/x64/Debug/net8.0-windows10.0.19041.0/AppX/runtimes/linux-musl-arm/native/libe_sqlcipher.so' -> 'goodrive://www.googleapis.com/:personal:/bannister/bannister/bin/x64/Debug/net8.0-windows10.0.19041.0/AppX/runtimes/linux-musl-arm/native/libe_sqlcipher.so' (1,239,064)
2026-05-02 05:31:47: > Copy Over 'C:/rock/bannister/Bannister/bin/x64/Debug/net8.0-windows10.0.19041.0/AppX/runtimes/linux-mips64/native/libe_sqlite3.so' -> 'goodrive://www.googleapis.com/:personal:/bannister/bannister/bin/x64/Debug/net8.0-windows10.0.19041.0/AppX/runtimes/linux-mips64/native/libe_sqlite3.so' (1,479,136)
2026-05-02 05:31:48: < Copy Over 'C:/rock/bannister/Bannister/bin/x64/Debug/net8.0-windows10.0.19041.0/AppX/runtimes/linux-arm64/native/libe_sqlite3.so' -> 'goodrive://www.googleapis.com/:personal:/bannister/bannister/bin/x64/Debug/net8.0-windows10.0.19041.0/AppX/runtimes/linux-arm64/native/libe_sqlite3.so' (1,150,544)
2026-05-02 05:31:48: > Copy New 'C:/rock/bannister/Bannister/bin/x64/Debug/net8.0-windows10.0.19041.0/AppX/runtimes/linux-musl-arm64/native/libe_sqlcipher.so' -> 'goodrive://www.googleapis.com/:personal:/bannister/bannister/bin/x64/Debug/net8.0-windows10.0.19041.0/AppX/runtimes/linux-musl-arm64/native/libe_sqlcipher.so' (1,454,760)
2026-05-02 05:31:51: < Copy New 'C:/rock/bannister/Bannister/bin/x64/Debug/net8.0-windows10.0.19041.0/AppX/runtimes/linux-musl-arm64/native/libe_sqlcipher.so' -> 'goodrive://www.googleapis.com/:personal:/bannister/bannister/bin/x64/Debug/net8.0-windows10.0.19041.0/AppX/runtimes/linux-musl-arm64/native/libe_sqlcipher.so' (1,454,760)
2026-05-02 05:31:51: > Copy New 'C:/rock/bannister/Bannister/bin/x64/Debug/net8.0-windows10.0.19041.0/AppX/runtimes/linux-musl-riscv64/native/libe_sqlcipher.so' -> 'goodrive://www.googleapis.com/:personal:/bannister/bannister/bin/x64/Debug/net8.0-windows10.0.19041.0/AppX/runtimes/linux-musl-riscv64/native/libe_sqlcipher.so' (1,115,976)
2026-05-02 05:31:52: < Copy New 'C:/rock/bannister/Bannister/bin/x64/Debug/net8.0-windows10.0.19041.0/AppX/runtimes/linux-musl-riscv64/native/libe_sqlcipher.so' -> 'goodrive://www.googleapis.com/:personal:/bannister/bannister/bin/x64/Debug/net8.0-windows10.0.19041.0/AppX/runtimes/linux-musl-riscv64/native/libe_sqlcipher.so' (1,115,976)
2026-05-02 05:31:54: < Copy Over 'C:/rock/bannister/Bannister/bin/x64/Debug/net8.0-windows10.0.19041.0/AppX/runtimes/linux-musl-arm/native/libe_sqlite3.so' -> 'goodrive://www.googleapis.com/:personal:/bannister/bannister/bin/x64/Debug/net8.0-windows10.0.19041.0/AppX/runtimes/linux-musl-arm/native/libe_sqlite3.so' (1,110,808)
2026-05-02 05:31:54: > Copy Over 'C:/rock/bannister/Bannister/bin/x64/Debug/net8.0-windows10.0.19041.0/AppX/runtimes/linux-musl-arm64/native/libe_sqlite3.so' -> 'goodrive://www.googleapis.com/:personal:/bannister/bannister/bin/x64/Debug/net8.0-windows10.0.19041.0/AppX/runtimes/linux-musl-arm64/native/libe_sqlite3.so' (1,312,944)
2026-05-02 05:31:56: Delete File goodrive://www.googleapis.com/:personal:/bannister/bannister/bin/x64/Debug/net8.0-windows10.0.19041.0/AppX/runtimes/linux-musl-riscv64/native/libe_sqlite3.so
2026-05-02 05:31:56: > Copy New 'C:/rock/bannister/Bannister/bin/x64/Debug/net8.0-windows10.0.19041.0/AppX/runtimes/linux-musl-s390x/native/libe_sqlcipher.so' -> 'goodrive://www.googleapis.com/:personal:/bannister/bannister/bin/x64/Debug/net8.0-windows10.0.19041.0/AppX/runtimes/linux-musl-s390x/native/libe_sqlcipher.so' (1,579,296)
2026-05-02 05:31:57: < Copy Over 'C:/rock/bannister/Bannister/bin/x64/Debug/net8.0-windows10.0.19041.0/AppX/runtimes/linux-mips64/native/libe_sqlite3.so' -> 'goodrive://www.googleapis.com/:personal:/bannister/bannister/bin/x64/Debug/net8.0-windows10.0.19041.0/AppX/runtimes/linux-mips64/native/libe_sqlite3.so' (1,479,136)
2026-05-02 05:31:57: > Copy New 'C:/rock/bannister/Bannister/bin/x64/Debug/net8.0-windows10.0.19041.0/AppX/runtimes/linux-musl-x64/native/libe_sqlcipher.so' -> 'goodrive://www.googleapis.com/:personal:/bannister/bannister/bin/x64/Debug/net8.0-windows10.0.19041.0/AppX/runtimes/linux-musl-x64/native/libe_sqlcipher.so' (1,347,576)
2026-05-02 05:31:59: < Copy New 'C:/rock/bannister/Bannister/bin/x64/Debug/net8.0-windows10.0.19041.0/AppX/runtimes/linux-musl-s390x/native/libe_sqlcipher.so' -> 'goodrive://www.googleapis.com/:personal:/bannister/bannister/bin/x64/Debug/net8.0-windows10.0.19041.0/AppX/runtimes/linux-musl-s390x/native/libe_sqlcipher.so' (1,579,296)
2026-05-02 05:31:59: > Copy Over 'C:/rock/bannister/Bannister/bin/x64/Debug/net8.0-windows10.0.19041.0/AppX/runtimes/linux-musl-x64/native/libe_sqlite3.so' -> 'goodrive://www.googleapis.com/:personal:/bannister/bannister/bin/x64/Debug/net8.0-windows10.0.19041.0/AppX/runtimes/linux-musl-x64/native/libe_sqlite3.so' (1,216,704)
2026-05-02 05:31:59: < Copy Over 'C:/rock/bannister/Bannister/bin/x64/Debug/net8.0-windows10.0.19041.0/AppX/runtimes/linux-musl-arm64/native/libe_sqlite3.so' -> 'goodrive://www.googleapis.com/:personal:/bannister/bannister/bin/x64/Debug/net8.0-windows10.0.19041.0/AppX/runtimes/linux-musl-arm64/native/libe_sqlite3.so' (1,312,944)
2026-05-02 05:32:00: < Copy New 'C:/rock/bannister/Bannister/bin/x64/Debug/net8.0-windows10.0.19041.0/AppX/runtimes/linux-musl-x64/native/libe_sqlcipher.so' -> 'goodrive://www.googleapis.com/:personal:/bannister/bannister/bin/x64/Debug/net8.0-windows10.0.19041.0/AppX/runtimes/linux-musl-x64/native/libe_sqlcipher.so' (1,347,576)
2026-05-02 05:32:00: > Copy New 'C:/rock/bannister/Bannister/bin/x64/Debug/net8.0-windows10.0.19041.0/AppX/runtimes/linux-ppc64le/native/libe_sqlcipher.so' -> 'goodrive://www.googleapis.com/:personal:/bannister/bannister/bin/x64/Debug/net8.0-windows10.0.19041.0/AppX/runtimes/linux-ppc64le/native/libe_sqlcipher.so' (1,798,456)
2026-05-02 05:32:02: < Copy New 'C:/rock/bannister/Bannister/bin/x64/Debug/net8.0-windows10.0.19041.0/AppX/runtimes/linux-ppc64le/native/libe_sqlcipher.so' -> 'goodrive://www.googleapis.com/:personal:/bannister/bannister/bin/x64/Debug/net8.0-windows10.0.19041.0/AppX/runtimes/linux-ppc64le/native/libe_sqlcipher.so' (1,798,456)
2026-05-02 05:32:04: Delete File goodrive://www.googleapis.com/:personal:/bannister/bannister/bin/x64/Debug/net8.0-windows10.0.19041.0/AppX/runtimes/linux-musl-s390x/native/libe_sqlite3.so
2026-05-02 05:32:05: Copy New 'C:/rock/bannister/Bannister/bin/x64/Debug/net8.0-windows10.0.19041.0/AppX/runtimes/linux-riscv64/native/libe_sqlcipher.so' -> 'goodrive://www.googleapis.com/:personal:/bannister/bannister/bin/x64/Debug/net8.0-windows10.0.19041.0/AppX/runtimes/linux-riscv64/native/libe_sqlcipher.so' (1,005,176)
2026-05-02 05:32:05: < Copy Over 'C:/rock/bannister/Bannister/bin/x64/Debug/net8.0-windows10.0.19041.0/AppX/runtimes/linux-musl-x64/native/libe_sqlite3.so' -> 'goodrive://www.googleapis.com/:personal:/bannister/bannister/bin/x64/Debug/net8.0-windows10.0.19041.0/AppX/runtimes/linux-musl-x64/native/libe_sqlite3.so' (1,216,704)
2026-05-02 05:32:05: > Copy New 'C:/rock/bannister/Bannister/bin/x64/Debug/net8.0-windows10.0.19041.0/AppX/runtimes/linux-s390x/native/libe_sqlcipher.so' -> 'goodrive://www.googleapis.com/:personal:/bannister/bannister/bin/x64/Debug/net8.0-windows10.0.19041.0/AppX/runtimes/linux-s390x/native/libe_sqlcipher.so' (1,520,928)
2026-05-02 05:32:07: < Copy New 'C:/rock/bannister/Bannister/bin/x64/Debug/net8.0-windows10.0.19041.0/AppX/runtimes/linux-s390x/native/libe_sqlcipher.so' -> 'goodrive://www.googleapis.com/:personal:/bannister/bannister/bin/x64/Debug/net8.0-windows10.0.19041.0/AppX/runtimes/linux-s390x/native/libe_sqlcipher.so' (1,520,928)
2026-05-02 05:32:07: > Copy New 'C:/rock/bannister/Bannister/bin/x64/Debug/net8.0-windows10.0.19041.0/AppX/runtimes/linux-x64/native/libe_sqlcipher.so' -> 'goodrive://www.googleapis.com/:personal:/bannister/bannister/bin/x64/Debug/net8.0-windows10.0.19041.0/AppX/runtimes/linux-x64/native/libe_sqlcipher.so' (1,368,960)
2026-05-02 05:32:08: Delete File goodrive://www.googleapis.com/:personal:/bannister/bannister/bin/x64/Debug/net8.0-windows10.0.19041.0/AppX/runtimes/linux-riscv64/native/libe_sqlite3.so
2026-05-02 05:32:08: > Copy Over 'C:/rock/bannister/Bannister/bin/x64/Debug/net8.0-windows10.0.19041.0/AppX/runtimes/linux-x64/native/libe_sqlite3.so' -> 'goodrive://www.googleapis.com/:personal:/bannister/bannister/bin/x64/Debug/net8.0-windows10.0.19041.0/AppX/runtimes/linux-x64/native/libe_sqlite3.so' (1,233,528)
2026-05-02 05:32:10: < Copy New 'C:/rock/bannister/Bannister/bin/x64/Debug/net8.0-windows10.0.19041.0/AppX/runtimes/linux-x64/native/libe_sqlcipher.so' -> 'goodrive://www.googleapis.com/:personal:/bannister/bannister/bin/x64/Debug/net8.0-windows10.0.19041.0/AppX/runtimes/linux-x64/native/libe_sqlcipher.so' (1,368,960)
2026-05-02 05:32:10: > Copy Over 'C:/rock/bannister/Bannister/bin/x64/Debug/net8.0-windows10.0.19041.0/AppX/runtimes/linux-s390x/native/libe_sqlite3.so' -> 'goodrive://www.googleapis.com/:personal:/bannister/bannister/bin/x64/Debug/net8.0-windows10.0.19041.0/AppX/runtimes/linux-s390x/native/libe_sqlite3.so' (1,398,088)
2026-05-02 05:32:10: Delete File goodrive://www.googleapis.com/:personal:/bannister/bannister/bin/x64/Debug/net8.0-windows10.0.19041.0/AppX/runtimes/linux-ppc64le/native/libe_sqlite3.so
2026-05-02 05:32:10: > Copy New 'C:/rock/bannister/Bannister/bin/x64/Debug/net8.0-windows10.0.19041.0/AppX/runtimes/linux-x86/native/libe_sqlcipher.so' -> 'goodrive://www.googleapis.com/:personal:/bannister/bannister/bin/x64/Debug/net8.0-windows10.0.19041.0/AppX/runtimes/linux-x86/native/libe_sqlcipher.so' (1,441,856)
2026-05-02 05:32:13: < Copy New 'C:/rock/bannister/Bannister/bin/x64/Debug/net8.0-windows10.0.19041.0/AppX/runtimes/linux-x86/native/libe_sqlcipher.so' -> 'goodrive://www.googleapis.com/:personal:/bannister/bannister/bin/x64/Debug/net8.0-windows10.0.19041.0/AppX/runtimes/linux-x86/native/libe_sqlcipher.so' (1,441,856)
2026-05-02 05:32:13: > Copy New 'C:/rock/bannister/Bannister/bin/x64/Debug/net8.0-windows10.0.19041.0/AppX/runtimes/maccatalyst-arm64/native/libe_sqlcipher.dylib' -> 'goodrive://www.googleapis.com/:personal:/bannister/bannister/bin/x64/Debug/net8.0-windows10.0.19041.0/AppX/runtimes/maccatalyst-arm64/native/libe_sqlcipher.dylib' (1,542,744)
2026-05-02 05:32:15: < Copy Over 'C:/rock/bannister/Bannister/bin/x64/Debug/net8.0-windows10.0.19041.0/AppX/runtimes/linux-x64/native/libe_sqlite3.so' -> 'goodrive://www.googleapis.com/:personal:/bannister/bannister/bin/x64/Debug/net8.0-windows10.0.19041.0/AppX/runtimes/linux-x64/native/libe_sqlite3.so' (1,233,528)
2026-05-02 05:32:15: > Copy Over 'C:/rock/bannister/Bannister/bin/x64/Debug/net8.0-windows10.0.19041.0/AppX/runtimes/maccatalyst-arm64/native/libe_sqlite3.dylib' -> 'goodrive://www.googleapis.com/:personal:/bannister/bannister/bin/x64/Debug/net8.0-windows10.0.19041.0/AppX/runtimes/maccatalyst-arm64/native/libe_sqlite3.dylib' (1,081,160)
2026-05-02 05:32:15: < Copy New 'C:/rock/bannister/Bannister/bin/x64/Debug/net8.0-windows10.0.19041.0/AppX/runtimes/maccatalyst-arm64/native/libe_sqlcipher.dylib' -> 'goodrive://www.googleapis.com/:personal:/bannister/bannister/bin/x64/Debug/net8.0-windows10.0.19041.0/AppX/runtimes/maccatalyst-arm64/native/libe_sqlcipher.dylib' (1,542,744)
2026-05-02 05:32:15: > Copy Over 'C:/rock/bannister/Bannister/bin/x64/Debug/net8.0-windows10.0.19041.0/AppX/runtimes/linux-x86/native/libe_sqlite3.so' -> 'goodrive://www.googleapis.com/:personal:/bannister/bannister/bin/x64/Debug/net8.0-windows10.0.19041.0/AppX/runtimes/linux-x86/native/libe_sqlite3.so' (1,289,208)
2026-05-02 05:32:17: < Copy Over 'C:/rock/bannister/Bannister/bin/x64/Debug/net8.0-windows10.0.19041.0/AppX/runtimes/linux-s390x/native/libe_sqlite3.so' -> 'goodrive://www.googleapis.com/:personal:/bannister/bannister/bin/x64/Debug/net8.0-windows10.0.19041.0/AppX/runtimes/linux-s390x/native/libe_sqlite3.so' (1,398,088)
2026-05-02 05:32:17: > Copy New 'C:/rock/bannister/Bannister/bin/x64/Debug/net8.0-windows10.0.19041.0/AppX/runtimes/maccatalyst-x64/native/libe_sqlcipher.dylib' -> 'goodrive://www.googleapis.com/:personal:/bannister/bannister/bin/x64/Debug/net8.0-windows10.0.19041.0/AppX/runtimes/maccatalyst-x64/native/libe_sqlcipher.dylib' (1,597,432)
2026-05-02 05:32:19: < Copy New 'C:/rock/bannister/Bannister/bin/x64/Debug/net8.0-windows10.0.19041.0/AppX/runtimes/maccatalyst-x64/native/libe_sqlcipher.dylib' -> 'goodrive://www.googleapis.com/:personal:/bannister/bannister/bin/x64/Debug/net8.0-windows10.0.19041.0/AppX/runtimes/maccatalyst-x64/native/libe_sqlcipher.dylib' (1,597,432)
2026-05-02 05:32:19: > Copy New 'C:/rock/bannister/Bannister/bin/x64/Debug/net8.0-windows10.0.19041.0/AppX/runtimes/osx-arm64/native/libe_sqlcipher.dylib' -> 'goodrive://www.googleapis.com/:personal:/bannister/bannister/bin/x64/Debug/net8.0-windows10.0.19041.0/AppX/runtimes/osx-arm64/native/libe_sqlcipher.dylib' (1,544,008)
2026-05-02 05:32:21: < Copy Over 'C:/rock/bannister/Bannister/bin/x64/Debug/net8.0-windows10.0.19041.0/AppX/runtimes/maccatalyst-arm64/native/libe_sqlite3.dylib' -> 'goodrive://www.googleapis.com/:personal:/bannister/bannister/bin/x64/Debug/net8.0-windows10.0.19041.0/AppX/runtimes/maccatalyst-arm64/native/libe_sqlite3.dylib' (1,081,160)
2026-05-02 05:32:21: > Copy Over 'C:/rock/bannister/Bannister/bin/x64/Debug/net8.0-windows10.0.19041.0/AppX/runtimes/osx-arm64/native/libe_sqlite3.dylib' -> 'goodrive://www.googleapis.com/:personal:/bannister/bannister/bin/x64/Debug/net8.0-windows10.0.19041.0/AppX/runtimes/osx-arm64/native/libe_sqlite3.dylib' (1,089,807)
2026-05-02 05:32:21: < Copy New 'C:/rock/bannister/Bannister/bin/x64/Debug/net8.0-windows10.0.19041.0/AppX/runtimes/osx-arm64/native/libe_sqlcipher.dylib' -> 'goodrive://www.googleapis.com/:personal:/bannister/bannister/bin/x64/Debug/net8.0-windows10.0.19041.0/AppX/runtimes/osx-arm64/native/libe_sqlcipher.dylib' (1,544,008)
2026-05-02 05:32:21: > Copy Over 'C:/rock/bannister/Bannister/bin/x64/Debug/net8.0-windows10.0.19041.0/AppX/runtimes/maccatalyst-x64/native/libe_sqlite3.dylib' -> 'goodrive://www.googleapis.com/:personal:/bannister/bannister/bin/x64/Debug/net8.0-windows10.0.19041.0/AppX/runtimes/maccatalyst-x64/native/libe_sqlite3.dylib' (1,098,056)
2026-05-02 05:32:22: < Copy Over 'C:/rock/bannister/Bannister/bin/x64/Debug/net8.0-windows10.0.19041.0/AppX/runtimes/linux-x86/native/libe_sqlite3.so' -> 'goodrive://www.googleapis.com/:personal:/bannister/bannister/bin/x64/Debug/net8.0-windows10.0.19041.0/AppX/runtimes/linux-x86/native/libe_sqlite3.so' (1,289,208)
2026-05-02 05:32:22: > Copy New 'C:/rock/bannister/Bannister/bin/x64/Debug/net8.0-windows10.0.19041.0/AppX/runtimes/osx-x64/native/libe_sqlcipher.dylib' -> 'goodrive://www.googleapis.com/:personal:/bannister/bannister/bin/x64/Debug/net8.0-windows10.0.19041.0/AppX/runtimes/osx-x64/native/libe_sqlcipher.dylib' (1,581,080)
2026-05-02 05:32:24: < Copy New 'C:/rock/bannister/Bannister/bin/x64/Debug/net8.0-windows10.0.19041.0/AppX/runtimes/osx-x64/native/libe_sqlcipher.dylib' -> 'goodrive://www.googleapis.com/:personal:/bannister/bannister/bin/x64/Debug/net8.0-windows10.0.19041.0/AppX/runtimes/osx-x64/native/libe_sqlcipher.dylib' (1,581,080)
2026-05-02 05:32:24: > Copy New 'C:/rock/bannister/Bannister/bin/x64/Debug/net8.0-windows10.0.19041.0/AppX/runtimes/win-arm/native/e_sqlcipher.dll' -> 'goodrive://www.googleapis.com/:personal:/bannister/bannister/bin/x64/Debug/net8.0-windows10.0.19041.0/AppX/runtimes/win-arm/native/e_sqlcipher.dll' (1,326,080)
2026-05-02 05:32:27: < Copy New 'C:/rock/bannister/Bannister/bin/x64/Debug/net8.0-windows10.0.19041.0/AppX/runtimes/win-arm/native/e_sqlcipher.dll' -> 'goodrive://www.googleapis.com/:personal:/bannister/bannister/bin/x64/Debug/net8.0-windows10.0.19041.0/AppX/runtimes/win-arm/native/e_sqlcipher.dll' (1,326,080)
2026-05-02 05:32:27: > Copy Over 'C:/rock/bannister/Bannister/bin/x64/Debug/net8.0-windows10.0.19041.0/AppX/runtimes/win-arm/native/e_sqlite3.dll' -> 'goodrive://www.googleapis.com/:personal:/bannister/bannister/bin/x64/Debug/net8.0-windows10.0.19041.0/AppX/runtimes/win-arm/native/e_sqlite3.dll' (1,153,024)
2026-05-02 05:32:27: < Copy Over 'C:/rock/bannister/Bannister/bin/x64/Debug/net8.0-windows10.0.19041.0/AppX/runtimes/osx-arm64/native/libe_sqlite3.dylib' -> 'goodrive://www.googleapis.com/:personal:/bannister/bannister/bin/x64/Debug/net8.0-windows10.0.19041.0/AppX/runtimes/osx-arm64/native/libe_sqlite3.dylib' (1,089,807)
2026-05-02 05:32:27: > Copy Over 'C:/rock/bannister/Bannister/bin/x64/Debug/net8.0-windows10.0.19041.0/AppX/runtimes/osx-x64/native/libe_sqlite3.dylib' -> 'goodrive://www.googleapis.com/:personal:/bannister/bannister/bin/x64/Debug/net8.0-windows10.0.19041.0/AppX/runtimes/osx-x64/native/libe_sqlite3.dylib' (1,098,224)
2026-05-02 05:32:29: < Copy Over 'C:/rock/bannister/Bannister/bin/x64/Debug/net8.0-windows10.0.19041.0/AppX/runtimes/maccatalyst-x64/native/libe_sqlite3.dylib' -> 'goodrive://www.googleapis.com/:personal:/bannister/bannister/bin/x64/Debug/net8.0-windows10.0.19041.0/AppX/runtimes/maccatalyst-x64/native/libe_sqlite3.dylib' (1,098,056)
2026-05-02 05:32:29: > Copy New 'C:/rock/bannister/Bannister/bin/x64/Debug/net8.0-windows10.0.19041.0/AppX/runtimes/win-arm64/native/e_sqlcipher.dll' -> 'goodrive://www.googleapis.com/:personal:/bannister/bannister/bin/x64/Debug/net8.0-windows10.0.19041.0/AppX/runtimes/win-arm64/native/e_sqlcipher.dll' (1,633,280)
2026-05-02 05:32:32: < Copy New 'C:/rock/bannister/Bannister/bin/x64/Debug/net8.0-windows10.0.19041.0/AppX/runtimes/win-arm64/native/e_sqlcipher.dll' -> 'goodrive://www.googleapis.com/:personal:/bannister/bannister/bin/x64/Debug/net8.0-windows10.0.19041.0/AppX/runtimes/win-arm64/native/e_sqlcipher.dll' (1,633,280)
2026-05-02 05:32:32: > Copy New 'C:/rock/bannister/Bannister/bin/x64/Debug/net8.0-windows10.0.19041.0/AppX/runtimes/win-x64/native/e_sqlcipher.dll' -> 'goodrive://www.googleapis.com/:personal:/bannister/bannister/bin/x64/Debug/net8.0-windows10.0.19041.0/AppX/runtimes/win-x64/native/e_sqlcipher.dll' (1,852,928)
2026-05-02 05:32:33: < Copy Over 'C:/rock/bannister/Bannister/bin/x64/Debug/net8.0-windows10.0.19041.0/AppX/runtimes/win-arm/native/e_sqlite3.dll' -> 'goodrive://www.googleapis.com/:personal:/bannister/bannister/bin/x64/Debug/net8.0-windows10.0.19041.0/AppX/runtimes/win-arm/native/e_sqlite3.dll' (1,153,024)
2026-05-02 05:32:33: > Copy Over 'C:/rock/bannister/Bannister/bin/x64/Debug/net8.0-windows10.0.19041.0/AppX/runtimes/win-x64/native/e_sqlite3.dll' -> 'goodrive://www.googleapis.com/:personal:/bannister/bannister/bin/x64/Debug/net8.0-windows10.0.19041.0/AppX/runtimes/win-x64/native/e_sqlite3.dll' (1,638,912)
2026-05-02 05:32:34: < Copy Over 'C:/rock/bannister/Bannister/bin/x64/Debug/net8.0-windows10.0.19041.0/AppX/runtimes/osx-x64/native/libe_sqlite3.dylib' -> 'goodrive://www.googleapis.com/:personal:/bannister/bannister/bin/x64/Debug/net8.0-windows10.0.19041.0/AppX/runtimes/osx-x64/native/libe_sqlite3.dylib' (1,098,224)
2026-05-02 05:32:34: > Copy Over 'C:/rock/bannister/Bannister/bin/x64/Debug/net8.0-windows10.0.19041.0/AppX/runtimes/win-arm64/native/e_sqlite3.dll' -> 'goodrive://www.googleapis.com/:personal:/bannister/bannister/bin/x64/Debug/net8.0-windows10.0.19041.0/AppX/runtimes/win-arm64/native/e_sqlite3.dll' (1,436,672)
2026-05-02 05:32:35: < Copy New 'C:/rock/bannister/Bannister/bin/x64/Debug/net8.0-windows10.0.19041.0/AppX/runtimes/win-x64/native/e_sqlcipher.dll' -> 'goodrive://www.googleapis.com/:personal:/bannister/bannister/bin/x64/Debug/net8.0-windows10.0.19041.0/AppX/runtimes/win-x64/native/e_sqlcipher.dll' (1,852,928)
2026-05-02 05:32:37: Copy New 'C:/rock/bannister/Bannister/bin/x64/Debug/net8.0-windows10.0.19041.0/AppX/SQLitePCLRaw.provider.e_sqlcipher.dll' -> 'goodrive://www.googleapis.com/:personal:/bannister/bannister/bin/x64/Debug/net8.0-windows10.0.19041.0/AppX/SQLitePCLRaw.provider.e_sqlcipher.dll' (37,376)
2026-05-02 05:32:39: < Copy Over 'C:/rock/bannister/Bannister/bin/x64/Debug/net8.0-windows10.0.19041.0/AppX/runtimes/win-x64/native/e_sqlite3.dll' -> 'goodrive://www.googleapis.com/:personal:/bannister/bannister/bin/x64/Debug/net8.0-windows10.0.19041.0/AppX/runtimes/win-x64/native/e_sqlite3.dll' (1,638,912)
2026-05-02 05:32:39: > Copy New 'C:/rock/bannister/Bannister/bin/x64/Debug/net8.0-windows10.0.19041.0/AppX/runtimes/win-x86/native/e_sqlcipher.dll' -> 'goodrive://www.googleapis.com/:personal:/bannister/bannister/bin/x64/Debug/net8.0-windows10.0.19041.0/AppX/runtimes/win-x86/native/e_sqlcipher.dll' (1,446,912)
2026-05-02 05:32:39: < Copy Over 'C:/rock/bannister/Bannister/bin/x64/Debug/net8.0-windows10.0.19041.0/AppX/runtimes/win-arm64/native/e_sqlite3.dll' -> 'goodrive://www.googleapis.com/:personal:/bannister/bannister/bin/x64/Debug/net8.0-windows10.0.19041.0/AppX/runtimes/win-arm64/native/e_sqlite3.dll' (1,436,672)
2026-05-02 05:32:39: > Copy Over 'C:/rock/bannister/Bannister/bin/x64/Debug/net8.0-windows10.0.19041.0/AppX/runtimes/win-x86/native/e_sqlite3.dll' -> 'goodrive://www.googleapis.com/:personal:/bannister/bannister/bin/x64/Debug/net8.0-windows10.0.19041.0/AppX/runtimes/win-x86/native/e_sqlite3.dll' (1,246,720)
2026-05-02 05:32:41: Copy Over 'C:/rock/bannister/Bannister/bin/x64/Debug/net8.0-windows10.0.19041.0/AppX/SQLitePCLRaw.provider.e_sqlite3.dll' -> 'goodrive://www.googleapis.com/:personal:/bannister/bannister/bin/x64/Debug/net8.0-windows10.0.19041.0/AppX/SQLitePCLRaw.provider.e_sqlite3.dll' (36,352)
2026-05-02 05:32:41: < Copy New 'C:/rock/bannister/Bannister/bin/x64/Debug/net8.0-windows10.0.19041.0/AppX/runtimes/win-x86/native/e_sqlcipher.dll' -> 'goodrive://www.googleapis.com/:personal:/bannister/bannister/bin/x64/Debug/net8.0-windows10.0.19041.0/AppX/runtimes/win-x86/native/e_sqlcipher.dll' (1,446,912)
2026-05-02 05:32:44: Copy Over 'C:/rock/bannister/Bannister/obj/Bannister.csproj.nuget.g.targets' -> 'goodrive://www.googleapis.com/:personal:/bannister/bannister/obj/Bannister.csproj.nuget.g.targets' (30,776)
2026-05-02 05:32:45: < Copy Over 'C:/rock/bannister/Bannister/bin/x64/Debug/net8.0-windows10.0.19041.0/AppX/runtimes/win-x86/native/e_sqlite3.dll' -> 'goodrive://www.googleapis.com/:personal:/bannister/bannister/bin/x64/Debug/net8.0-windows10.0.19041.0/AppX/runtimes/win-x86/native/e_sqlite3.dll' (1,246,720)
2026-05-02 05:32:45: Copy Over 'C:/rock/bannister/Bannister/bin/x64/Debug/net8.0-windows10.0.19041.0/AppX/vs.appxrecipe' -> 'goodrive://www.googleapis.com/:personal:/bannister/bannister/bin/x64/Debug/net8.0-windows10.0.19041.0/AppX/vs.appxrecipe' (70,202)
2026-05-02 05:32:48: Copy Over 'C:/rock/bannister/Bannister/bin/x64/Debug/net8.0-windows10.0.19041.0/AppxManifest.xml' -> 'goodrive://www.googleapis.com/:personal:/bannister/bannister/bin/x64/Debug/net8.0-windows10.0.19041.0/AppxManifest.xml' (2,821)
2026-05-02 05:32:48: Copy Over 'C:/rock/bannister/Bannister/obj/project.nuget.cache' -> 'goodrive://www.googleapis.com/:personal:/bannister/bannister/obj/project.nuget.cache' (18,370)
2026-05-02 05:32:48: Copy Over 'C:/rock/bannister/Bannister/obj/project.assets.json' -> 'goodrive://www.googleapis.com/:personal:/bannister/bannister/obj/project.assets.json' (509,163)
2026-05-02 05:32:51: Copy Over 'C:/rock/bannister/Bannister/bin/x64/Debug/net8.0-windows10.0.19041.0/Bannister.build.appxrecipe' -> 'goodrive://www.googleapis.com/:personal:/bannister/bannister/bin/x64/Debug/net8.0-windows10.0.19041.0/Bannister.build.appxrecipe' (58,561)
2026-05-02 05:32:52: Copy Over 'C:/rock/bannister/Bannister/obj/x64/Debug/net8.0-windows10.0.19041.0/apphost.exe' -> 'goodrive://www.googleapis.com/:personal:/bannister/bannister/obj/x64/Debug/net8.0-windows10.0.19041.0/apphost.exe' (153,088)
2026-05-02 05:32:52: Copy Over 'C:/rock/bannister/Bannister/obj/x64/Debug/net8.0-android/Bannister.assets.cache' -> 'goodrive://www.googleapis.com/:personal:/bannister/bannister/obj/x64/Debug/net8.0-android/Bannister.assets.cache' (98,708)
2026-05-02 05:32:54: Copy Over 'C:/rock/bannister/Bannister/obj/x64/Debug/net8.0-windows10.0.19041.0/Bannister.assets.cache' -> 'goodrive://www.googleapis.com/:personal:/bannister/bannister/obj/x64/Debug/net8.0-windows10.0.19041.0/Bannister.assets.cache' (57,297)
2026-05-02 05:32:56: Copy Over 'C:/rock/bannister/Bannister/obj/x64/Debug/net8.0-windows10.0.19041.0/Bannister.csproj.BuildWithSkipAnalyzers' -> 'goodrive://www.googleapis.com/:personal:/bannister/bannister/obj/x64/Debug/net8.0-windows10.0.19041.0/Bannister.csproj.BuildWithSkipAnalyzers' (0)
2026-05-02 05:32:56: Copy Over 'C:/rock/bannister/Bannister/obj/x64/Debug/net8.0-windows10.0.19041.0/Bannister.csproj.AssemblyReference.cache' -> 'goodrive://www.googleapis.com/:personal:/bannister/bannister/obj/x64/Debug/net8.0-windows10.0.19041.0/Bannister.csproj.AssemblyReference.cache' (65,498)
2026-05-02 05:32:57: Copy Over 'C:/rock/bannister/Bannister/obj/x64/Debug/net8.0-windows10.0.19041.0/Bannister.csproj.CoreCompileInputs.cache' -> 'goodrive://www.googleapis.com/:personal:/bannister/bannister/obj/x64/Debug/net8.0-windows10.0.19041.0/Bannister.csproj.CoreCompileInputs.cache' (66)
2026-05-02 05:32:57: > Copy Over 'C:/rock/bannister/Bannister/obj/x64/Debug/net8.0-windows10.0.19041.0/Bannister.dll' -> 'goodrive://www.googleapis.com/:personal:/bannister/bannister/obj/x64/Debug/net8.0-windows10.0.19041.0/Bannister.dll' (3,518,464)
2026-05-02 05:32:59: Copy Over 'C:/rock/bannister/Bannister/obj/x64/Debug/net8.0-windows10.0.19041.0/Bannister.csproj.FileListAbsolute.txt' -> 'goodrive://www.googleapis.com/:personal:/bannister/bannister/obj/x64/Debug/net8.0-windows10.0.19041.0/Bannister.csproj.FileListAbsolute.txt' (86,497)
2026-05-02 05:32:59: Copy Over 'C:/rock/bannister/Bannister/obj/x64/Debug/net8.0-windows10.0.19041.0/Bannister.csproj.Up2Date' -> 'goodrive://www.googleapis.com/:personal:/bannister/bannister/obj/x64/Debug/net8.0-windows10.0.19041.0/Bannister.csproj.Up2Date' (0)
2026-05-02 05:33:02: < Copy Over 'C:/rock/bannister/Bannister/obj/x64/Debug/net8.0-windows10.0.19041.0/Bannister.dll' -> 'goodrive://www.googleapis.com/:personal:/bannister/bannister/obj/x64/Debug/net8.0-windows10.0.19041.0/Bannister.dll' (3,518,464)
2026-05-02 05:33:02: Copy Over 'C:/rock/bannister/Bannister/obj/x64/Debug/net8.0-windows10.0.19041.0/Bannister.pdb' -> 'goodrive://www.googleapis.com/:personal:/bannister/bannister/obj/x64/Debug/net8.0-windows10.0.19041.0/Bannister.pdb' (757,348)
2026-05-02 05:33:04: Copy Over 'C:/rock/bannister/Bannister/obj/x64/Debug/net8.0-windows10.0.19041.0/excluded.layout.resfiles.intermediate' -> 'goodrive://www.googleapis.com/:personal:/bannister/bannister/obj/x64/Debug/net8.0-windows10.0.19041.0/excluded.layout.resfiles.intermediate' (0)
2026-05-02 05:33:04: > Copy Over 'C:/rock/bannister/Bannister/obj/x64/Debug/net8.0-windows10.0.19041.0/intermediatexaml/Bannister.dll' -> 'goodrive://www.googleapis.com/:personal:/bannister/bannister/obj/x64/Debug/net8.0-windows10.0.19041.0/intermediatexaml/Bannister.dll' (3,380,224)
2026-05-02 05:33:05: Copy Over 'C:/rock/bannister/Bannister/obj/x64/Debug/net8.0-windows10.0.19041.0/embed/embed.resfiles.intermediate' -> 'goodrive://www.googleapis.com/:personal:/bannister/bannister/obj/x64/Debug/net8.0-windows10.0.19041.0/embed/embed.resfiles.intermediate' (27)
2026-05-02 05:33:06: Copy Over 'C:/rock/bannister/Bannister/obj/x64/Debug/net8.0-windows10.0.19041.0/filtered.layout.resfiles.intermediate' -> 'goodrive://www.googleapis.com/:personal:/bannister/bannister/obj/x64/Debug/net8.0-windows10.0.19041.0/filtered.layout.resfiles.intermediate' (2,300)
2026-05-02 05:33:09: < Copy Over 'C:/rock/bannister/Bannister/obj/x64/Debug/net8.0-windows10.0.19041.0/intermediatexaml/Bannister.dll' -> 'goodrive://www.googleapis.com/:personal:/bannister/bannister/obj/x64/Debug/net8.0-windows10.0.19041.0/intermediatexaml/Bannister.dll' (3,380,224)
2026-05-02 05:33:09: Copy Over 'C:/rock/bannister/Bannister/obj/x64/Debug/net8.0-windows10.0.19041.0/pri.resfiles.intermediate' -> 'goodrive://www.googleapis.com/:personal:/bannister/bannister/obj/x64/Debug/net8.0-windows10.0.19041.0/pri.resfiles.intermediate' (386)
2026-05-02 05:33:09: Copy Over 'C:/rock/bannister/Bannister/obj/x64/Debug/net8.0-windows10.0.19041.0/Platforms/Windows/App.xaml' -> 'goodrive://www.googleapis.com/:personal:/bannister/bannister/obj/x64/Debug/net8.0-windows10.0.19041.0/Platforms/Windows/App.xaml' (304)
2026-05-02 05:33:12: Copy Over 'C:/rock/bannister/Bannister/obj/x64/Debug/net8.0-windows10.0.19041.0/qualifiers.txt.intermediate' -> 'goodrive://www.googleapis.com/:personal:/bannister/bannister/obj/x64/Debug/net8.0-windows10.0.19041.0/qualifiers.txt.intermediate' (184)
2026-05-02 05:33:12: Copy Over 'C:/rock/bannister/Bannister/obj/x64/Debug/net8.0-windows10.0.19041.0/priconfig.xml.intermediate' -> 'goodrive://www.googleapis.com/:personal:/bannister/bannister/obj/x64/Debug/net8.0-windows10.0.19041.0/priconfig.xml.intermediate' (3,154)
2026-05-02 05:33:12: Copy Over 'C:/rock/bannister/Bannister/obj/x64/Debug/net8.0-windows10.0.19041.0/ref/Bannister.dll' -> 'goodrive://www.googleapis.com/:personal:/bannister/bannister/obj/x64/Debug/net8.0-windows10.0.19041.0/ref/Bannister.dll' (809,472)
2026-05-02 05:33:15: Copy Over 'C:/rock/bannister/Bannister/obj/x64/Debug/net8.0-windows10.0.19041.0/refint/Bannister.dll' -> 'goodrive://www.googleapis.com/:personal:/bannister/bannister/obj/x64/Debug/net8.0-windows10.0.19041.0/refint/Bannister.dll' (809,472)
2026-05-02 05:33:15: Copy Over 'C:/rock/bannister/Bannister/obj/x64/Debug/net8.0-windows10.0.19041.0/resources.resfiles.intermediate' -> 'goodrive://www.googleapis.com/:personal:/bannister/bannister/obj/x64/Debug/net8.0-windows10.0.19041.0/resources.resfiles.intermediate' (0)
2026-05-02 05:33:15: Copy Over 'C:/rock/bannister/Bannister/obj/x64/Debug/net8.0-windows10.0.19041.0/unfiltered.layout.resfiles.intermediate' -> 'goodrive://www.googleapis.com/:personal:/bannister/bannister/obj/x64/Debug/net8.0-windows10.0.19041.0/unfiltered.layout.resfiles.intermediate' (2,300)
2026-05-02 05:33:18: Copy Over 'C:/rock/bannister/Bannister/obj/x64/Debug/net8.0-android/Bannister.csproj.AssemblyReference.cache' -> 'goodrive://www.googleapis.com/:personal:/bannister/bannister/obj/x64/Debug/net8.0-android/Bannister.csproj.AssemblyReference.cache' (54,606)
2026-05-02 05:33:18: Copy Over 'C:/rock/bannister/Bannister/obj/x64/Debug/net8.0-windows10.0.19041.0/XamlSaveStateFile.xml' -> 'goodrive://www.googleapis.com/:personal:/bannister/bannister/obj/x64/Debug/net8.0-windows10.0.19041.0/XamlSaveStateFile.xml' (834)
2026-05-02 05:33:18: > Copy Over 'C:/rock/bannister/Bannister/bin/x64/Debug/net8.0-windows10.0.19041.0/Bannister.dll' -> 'goodrive://www.googleapis.com/:personal:/bannister/bannister/bin/x64/Debug/net8.0-windows10.0.19041.0/Bannister.dll' (3,518,464)
2026-05-02 05:33:18: Copy Over 'C:/rock/bannister/Bannister/obj/x64/Debug/net8.0-windows10.0.19041.0/XamlC.stamp' -> 'goodrive://www.googleapis.com/:personal:/bannister/bannister/obj/x64/Debug/net8.0-windows10.0.19041.0/XamlC.stamp' (0)
2026-05-02 05:33:21: Copy Over 'C:/rock/bannister/Bannister/bin/x64/Debug/net8.0-windows10.0.19041.0/Bannister.deps.json' -> 'goodrive://www.googleapis.com/:personal:/bannister/bannister/bin/x64/Debug/net8.0-windows10.0.19041.0/Bannister.deps.json' (44,134)
2026-05-02 05:33:22: Copy Over 'C:/rock/bannister/Bannister/bin/x64/Debug/net8.0-windows10.0.19041.0/Bannister.exe' -> 'goodrive://www.googleapis.com/:personal:/bannister/bannister/bin/x64/Debug/net8.0-windows10.0.19041.0/Bannister.exe' (153,088)
2026-05-02 05:33:23: < Copy Over 'C:/rock/bannister/Bannister/bin/x64/Debug/net8.0-windows10.0.19041.0/Bannister.dll' -> 'goodrive://www.googleapis.com/:personal:/bannister/bannister/bin/x64/Debug/net8.0-windows10.0.19041.0/Bannister.dll' (3,518,464)
2026-05-02 05:33:24: Copy Over 'C:/rock/bannister/Bannister/bin/x64/Debug/net8.0-windows10.0.19041.0/Bannister.pdb' -> 'goodrive://www.googleapis.com/:personal:/bannister/bannister/bin/x64/Debug/net8.0-windows10.0.19041.0/Bannister.pdb' (757,348)
2026-05-02 05:33:25: Copy Over 'C:/rock/bannister/Bannister/bin/x64/Debug/net8.0-windows10.0.19041.0/Bannister.runtimeconfig.json' -> 'goodrive://www.googleapis.com/:personal:/bannister/bannister/bin/x64/Debug/net8.0-windows10.0.19041.0/Bannister.runtimeconfig.json' (385)
2026-05-02 05:33:26: Copy Over 'C:/rock/bannister/Bannister/bin/x64/Debug/net8.0-windows10.0.19041.0/resources.pri' -> 'goodrive://www.googleapis.com/:personal:/bannister/bannister/bin/x64/Debug/net8.0-windows10.0.19041.0/resources.pri' (140,664)
2026-05-02 05:33:26: Create Folder goodrive://www.googleapis.com/:personal:/bannister/bannister/bin/x64/Debug/net8.0-windows10.0.19041.0/runtimes/alpine-arm
2026-05-02 05:33:27: Create Folder goodrive://www.googleapis.com/:personal:/bannister/bannister/bin/x64/Debug/net8.0-windows10.0.19041.0/runtimes/alpine-arm64
2026-05-02 05:33:27: Create Folder goodrive://www.googleapis.com/:personal:/bannister/bannister/bin/x64/Debug/net8.0-windows10.0.19041.0/runtimes/alpine-x64
2026-05-02 05:33:27: Copy Over 'C:/rock/bannister/Bannister/bin/x64/Debug/net8.0-windows10.0.19041.0/SQLitePCLRaw.batteries_v2.dll' -> 'goodrive://www.googleapis.com/:personal:/bannister/bannister/bin/x64/Debug/net8.0-windows10.0.19041.0/SQLitePCLRaw.batteries_v2.dll' (5,120)
2026-05-02 05:33:27: Create Folder goodrive://www.googleapis.com/:personal:/bannister/bannister/bin/x64/Debug/net8.0-windows10.0.19041.0/runtimes/alpine-arm/native
2026-05-02 05:33:27: > Copy New 'C:/rock/bannister/Bannister/bin/x64/Debug/net8.0-windows10.0.19041.0/runtimes/alpine-arm/native/libe_sqlite3.so' -> 'goodrive://www.googleapis.com/:personal:/bannister/bannister/bin/x64/Debug/net8.0-windows10.0.19041.0/runtimes/alpine-arm/native/libe_sqlite3.so' (1,110,808)
2026-05-02 05:33:28: Create Folder goodrive://www.googleapis.com/:personal:/bannister/bannister/bin/x64/Debug/net8.0-windows10.0.19041.0/runtimes/alpine-arm64/native
2026-05-02 05:33:28: > Copy New 'C:/rock/bannister/Bannister/bin/x64/Debug/net8.0-windows10.0.19041.0/runtimes/alpine-arm64/native/libe_sqlite3.so' -> 'goodrive://www.googleapis.com/:personal:/bannister/bannister/bin/x64/Debug/net8.0-windows10.0.19041.0/runtimes/alpine-arm64/native/libe_sqlite3.so' (1,312,944)
2026-05-02 05:33:28: Create Folder goodrive://www.googleapis.com/:personal:/bannister/bannister/bin/x64/Debug/net8.0-windows10.0.19041.0/runtimes/alpine-x64/native
2026-05-02 05:33:30: Create Folder goodrive://www.googleapis.com/:personal:/bannister/bannister/bin/x64/Debug/net8.0-windows10.0.19041.0/runtimes/browser-wasm/nativeassets/net7.0
2026-05-02 05:33:30: > Copy New 'C:/rock/bannister/Bannister/bin/x64/Debug/net8.0-windows10.0.19041.0/runtimes/alpine-x64/native/libe_sqlite3.so' -> 'goodrive://www.googleapis.com/:personal:/bannister/bannister/bin/x64/Debug/net8.0-windows10.0.19041.0/runtimes/alpine-x64/native/libe_sqlite3.so' (1,216,704)
2026-05-02 05:33:30: < Copy New 'C:/rock/bannister/Bannister/bin/x64/Debug/net8.0-windows10.0.19041.0/runtimes/alpine-arm/native/libe_sqlite3.so' -> 'goodrive://www.googleapis.com/:personal:/bannister/bannister/bin/x64/Debug/net8.0-windows10.0.19041.0/runtimes/alpine-arm/native/libe_sqlite3.so' (1,110,808)
2026-05-02 05:33:30: > Copy New 'C:/rock/bannister/Bannister/bin/x64/Debug/net8.0-windows10.0.19041.0/runtimes/browser-wasm/nativeassets/net7.0/e_sqlite3.a' -> 'goodrive://www.googleapis.com/:personal:/bannister/bannister/bin/x64/Debug/net8.0-windows10.0.19041.0/runtimes/browser-wasm/nativeassets/net7.0/e_sqlite3.a' (1,147,756)
2026-05-02 05:33:31: < Copy New 'C:/rock/bannister/Bannister/bin/x64/Debug/net8.0-windows10.0.19041.0/runtimes/alpine-arm64/native/libe_sqlite3.so' -> 'goodrive://www.googleapis.com/:personal:/bannister/bannister/bin/x64/Debug/net8.0-windows10.0.19041.0/runtimes/alpine-arm64/native/libe_sqlite3.so' (1,312,944)
2026-05-02 05:33:31: > Copy New 'C:/rock/bannister/Bannister/bin/x64/Debug/net8.0-windows10.0.19041.0/runtimes/browser-wasm/nativeassets/net8.0/e_sqlcipher.a' -> 'goodrive://www.googleapis.com/:personal:/bannister/bannister/bin/x64/Debug/net8.0-windows10.0.19041.0/runtimes/browser-wasm/nativeassets/net8.0/e_sqlcipher.a' (1,278,114)
2026-05-02 05:33:32: < Copy New 'C:/rock/bannister/Bannister/bin/x64/Debug/net8.0-windows10.0.19041.0/runtimes/alpine-x64/native/libe_sqlite3.so' -> 'goodrive://www.googleapis.com/:personal:/bannister/bannister/bin/x64/Debug/net8.0-windows10.0.19041.0/runtimes/alpine-x64/native/libe_sqlite3.so' (1,216,704)
2026-05-02 05:33:33: < Copy New 'C:/rock/bannister/Bannister/bin/x64/Debug/net8.0-windows10.0.19041.0/runtimes/browser-wasm/nativeassets/net7.0/e_sqlite3.a' -> 'goodrive://www.googleapis.com/:personal:/bannister/bannister/bin/x64/Debug/net8.0-windows10.0.19041.0/runtimes/browser-wasm/nativeassets/net7.0/e_sqlite3.a' (1,147,756)
2026-05-02 05:33:33: < Copy New 'C:/rock/bannister/Bannister/bin/x64/Debug/net8.0-windows10.0.19041.0/runtimes/browser-wasm/nativeassets/net8.0/e_sqlcipher.a' -> 'goodrive://www.googleapis.com/:personal:/bannister/bannister/bin/x64/Debug/net8.0-windows10.0.19041.0/runtimes/browser-wasm/nativeassets/net8.0/e_sqlcipher.a' (1,278,114)
2026-05-02 05:33:36: Copy New 'C:/rock/bannister/Bannister/bin/x64/Debug/net8.0-windows10.0.19041.0/runtimes/linux-arm/native/libe_sqlcipher.so' -> 'goodrive://www.googleapis.com/:personal:/bannister/bannister/bin/x64/Debug/net8.0-windows10.0.19041.0/runtimes/linux-arm/native/libe_sqlcipher.so' (924,436)
2026-05-02 05:33:36: > Copy New 'C:/rock/bannister/Bannister/bin/x64/Debug/net8.0-windows10.0.19041.0/runtimes/linux-arm64/native/libe_sqlcipher.so' -> 'goodrive://www.googleapis.com/:personal:/bannister/bannister/bin/x64/Debug/net8.0-windows10.0.19041.0/runtimes/linux-arm64/native/libe_sqlcipher.so' (1,411,264)
2026-05-02 05:33:37: Delete File goodrive://www.googleapis.com/:personal:/bannister/bannister/bin/x64/Debug/net8.0-windows10.0.19041.0/runtimes/browser-wasm/nativeassets/net8.0/e_sqlite3.a
2026-05-02 05:33:37: > Copy New 'C:/rock/bannister/Bannister/bin/x64/Debug/net8.0-windows10.0.19041.0/runtimes/linux-armel/native/libe_sqlcipher.so' -> 'goodrive://www.googleapis.com/:personal:/bannister/bannister/bin/x64/Debug/net8.0-windows10.0.19041.0/runtimes/linux-armel/native/libe_sqlcipher.so' (1,276,144)
2026-05-02 05:33:39: < Copy New 'C:/rock/bannister/Bannister/bin/x64/Debug/net8.0-windows10.0.19041.0/runtimes/linux-arm64/native/libe_sqlcipher.so' -> 'goodrive://www.googleapis.com/:personal:/bannister/bannister/bin/x64/Debug/net8.0-windows10.0.19041.0/runtimes/linux-arm64/native/libe_sqlcipher.so' (1,411,264)
2026-05-02 05:33:39: > Copy Over 'C:/rock/bannister/Bannister/bin/x64/Debug/net8.0-windows10.0.19041.0/runtimes/linux-armel/native/libe_sqlite3.so' -> 'goodrive://www.googleapis.com/:personal:/bannister/bannister/bin/x64/Debug/net8.0-windows10.0.19041.0/runtimes/linux-armel/native/libe_sqlite3.so' (1,143,940)
2026-05-02 05:33:39: < Copy New 'C:/rock/bannister/Bannister/bin/x64/Debug/net8.0-windows10.0.19041.0/runtimes/linux-armel/native/libe_sqlcipher.so' -> 'goodrive://www.googleapis.com/:personal:/bannister/bannister/bin/x64/Debug/net8.0-windows10.0.19041.0/runtimes/linux-armel/native/libe_sqlcipher.so' (1,276,144)
2026-05-02 05:33:40: > Copy Over 'C:/rock/bannister/Bannister/bin/x64/Debug/net8.0-windows10.0.19041.0/runtimes/linux-arm64/native/libe_sqlite3.so' -> 'goodrive://www.googleapis.com/:personal:/bannister/bannister/bin/x64/Debug/net8.0-windows10.0.19041.0/runtimes/linux-arm64/native/libe_sqlite3.so' (1,150,544)
2026-05-02 05:33:40: Copy Over 'C:/rock/bannister/Bannister/bin/x64/Debug/net8.0-windows10.0.19041.0/runtimes/linux-arm/native/libe_sqlite3.so' -> 'goodrive://www.googleapis.com/:personal:/bannister/bannister/bin/x64/Debug/net8.0-windows10.0.19041.0/runtimes/linux-arm/native/libe_sqlite3.so' (812,108)
2026-05-02 05:33:40: > Copy New 'C:/rock/bannister/Bannister/bin/x64/Debug/net8.0-windows10.0.19041.0/runtimes/linux-mips64/native/libe_sqlcipher.so' -> 'goodrive://www.googleapis.com/:personal:/bannister/bannister/bin/x64/Debug/net8.0-windows10.0.19041.0/runtimes/linux-mips64/native/libe_sqlcipher.so' (1,632,992)
2026-05-02 05:33:43: < Copy New 'C:/rock/bannister/Bannister/bin/x64/Debug/net8.0-windows10.0.19041.0/runtimes/linux-mips64/native/libe_sqlcipher.so' -> 'goodrive://www.googleapis.com/:personal:/bannister/bannister/bin/x64/Debug/net8.0-windows10.0.19041.0/runtimes/linux-mips64/native/libe_sqlcipher.so' (1,632,992)
2026-05-02 05:33:43: > Copy New 'C:/rock/bannister/Bannister/bin/x64/Debug/net8.0-windows10.0.19041.0/runtimes/linux-musl-arm/native/libe_sqlcipher.so' -> 'goodrive://www.googleapis.com/:personal:/bannister/bannister/bin/x64/Debug/net8.0-windows10.0.19041.0/runtimes/linux-musl-arm/native/libe_sqlcipher.so' (1,239,064)
2026-05-02 05:33:45: < Copy Over 'C:/rock/bannister/Bannister/bin/x64/Debug/net8.0-windows10.0.19041.0/runtimes/linux-armel/native/libe_sqlite3.so' -> 'goodrive://www.googleapis.com/:personal:/bannister/bannister/bin/x64/Debug/net8.0-windows10.0.19041.0/runtimes/linux-armel/native/libe_sqlite3.so' (1,143,940)
2026-05-02 05:33:45: > Copy Over 'C:/rock/bannister/Bannister/bin/x64/Debug/net8.0-windows10.0.19041.0/runtimes/linux-musl-arm/native/libe_sqlite3.so' -> 'goodrive://www.googleapis.com/:personal:/bannister/bannister/bin/x64/Debug/net8.0-windows10.0.19041.0/runtimes/linux-musl-arm/native/libe_sqlite3.so' (1,110,808)
2026-05-02 05:33:45: < Copy New 'C:/rock/bannister/Bannister/bin/x64/Debug/net8.0-windows10.0.19041.0/runtimes/linux-musl-arm/native/libe_sqlcipher.so' -> 'goodrive://www.googleapis.com/:personal:/bannister/bannister/bin/x64/Debug/net8.0-windows10.0.19041.0/runtimes/linux-musl-arm/native/libe_sqlcipher.so' (1,239,064)
2026-05-02 05:33:45: > Copy Over 'C:/rock/bannister/Bannister/bin/x64/Debug/net8.0-windows10.0.19041.0/runtimes/linux-mips64/native/libe_sqlite3.so' -> 'goodrive://www.googleapis.com/:personal:/bannister/bannister/bin/x64/Debug/net8.0-windows10.0.19041.0/runtimes/linux-mips64/native/libe_sqlite3.so' (1,479,136)
2026-05-02 05:33:47: < Copy Over 'C:/rock/bannister/Bannister/bin/x64/Debug/net8.0-windows10.0.19041.0/runtimes/linux-arm64/native/libe_sqlite3.so' -> 'goodrive://www.googleapis.com/:personal:/bannister/bannister/bin/x64/Debug/net8.0-windows10.0.19041.0/runtimes/linux-arm64/native/libe_sqlite3.so' (1,150,544)
2026-05-02 05:33:47: > Copy New 'C:/rock/bannister/Bannister/bin/x64/Debug/net8.0-windows10.0.19041.0/runtimes/linux-musl-arm64/native/libe_sqlcipher.so' -> 'goodrive://www.googleapis.com/:personal:/bannister/bannister/bin/x64/Debug/net8.0-windows10.0.19041.0/runtimes/linux-musl-arm64/native/libe_sqlcipher.so' (1,454,760)
2026-05-02 05:33:50: < Copy New 'C:/rock/bannister/Bannister/bin/x64/Debug/net8.0-windows10.0.19041.0/runtimes/linux-musl-arm64/native/libe_sqlcipher.so' -> 'goodrive://www.googleapis.com/:personal:/bannister/bannister/bin/x64/Debug/net8.0-windows10.0.19041.0/runtimes/linux-musl-arm64/native/libe_sqlcipher.so' (1,454,760)
2026-05-02 05:33:50: > Copy New 'C:/rock/bannister/Bannister/bin/x64/Debug/net8.0-windows10.0.19041.0/runtimes/linux-musl-riscv64/native/libe_sqlcipher.so' -> 'goodrive://www.googleapis.com/:personal:/bannister/bannister/bin/x64/Debug/net8.0-windows10.0.19041.0/runtimes/linux-musl-riscv64/native/libe_sqlcipher.so' (1,115,976)
2026-05-02 05:33:51: < Copy Over 'C:/rock/bannister/Bannister/bin/x64/Debug/net8.0-windows10.0.19041.0/runtimes/linux-mips64/native/libe_sqlite3.so' -> 'goodrive://www.googleapis.com/:personal:/bannister/bannister/bin/x64/Debug/net8.0-windows10.0.19041.0/runtimes/linux-mips64/native/libe_sqlite3.so' (1,479,136)
2026-05-02 05:33:51: < Copy Over 'C:/rock/bannister/Bannister/bin/x64/Debug/net8.0-windows10.0.19041.0/runtimes/linux-musl-arm/native/libe_sqlite3.so' -> 'goodrive://www.googleapis.com/:personal:/bannister/bannister/bin/x64/Debug/net8.0-windows10.0.19041.0/runtimes/linux-musl-arm/native/libe_sqlite3.so' (1,110,808)
2026-05-02 05:33:51: > Copy Over 'C:/rock/bannister/Bannister/bin/x64/Debug/net8.0-windows10.0.19041.0/runtimes/linux-musl-arm64/native/libe_sqlite3.so' -> 'goodrive://www.googleapis.com/:personal:/bannister/bannister/bin/x64/Debug/net8.0-windows10.0.19041.0/runtimes/linux-musl-arm64/native/libe_sqlite3.so' (1,312,944)
2026-05-02 05:33:52: < Copy New 'C:/rock/bannister/Bannister/bin/x64/Debug/net8.0-windows10.0.19041.0/runtimes/linux-musl-riscv64/native/libe_sqlcipher.so' -> 'goodrive://www.googleapis.com/:personal:/bannister/bannister/bin/x64/Debug/net8.0-windows10.0.19041.0/runtimes/linux-musl-riscv64/native/libe_sqlcipher.so' (1,115,976)
2026-05-02 05:33:52: > Copy New 'C:/rock/bannister/Bannister/bin/x64/Debug/net8.0-windows10.0.19041.0/runtimes/linux-musl-s390x/native/libe_sqlcipher.so' -> 'goodrive://www.googleapis.com/:personal:/bannister/bannister/bin/x64/Debug/net8.0-windows10.0.19041.0/runtimes/linux-musl-s390x/native/libe_sqlcipher.so' (1,579,296)
2026-05-02 05:33:54: Delete File goodrive://www.googleapis.com/:personal:/bannister/bannister/bin/x64/Debug/net8.0-windows10.0.19041.0/runtimes/linux-musl-riscv64/native/libe_sqlite3.so
2026-05-02 05:33:54: > Copy New 'C:/rock/bannister/Bannister/bin/x64/Debug/net8.0-windows10.0.19041.0/runtimes/linux-musl-x64/native/libe_sqlcipher.so' -> 'goodrive://www.googleapis.com/:personal:/bannister/bannister/bin/x64/Debug/net8.0-windows10.0.19041.0/runtimes/linux-musl-x64/native/libe_sqlcipher.so' (1,347,576)
2026-05-02 05:33:55: < Copy New 'C:/rock/bannister/Bannister/bin/x64/Debug/net8.0-windows10.0.19041.0/runtimes/linux-musl-s390x/native/libe_sqlcipher.so' -> 'goodrive://www.googleapis.com/:personal:/bannister/bannister/bin/x64/Debug/net8.0-windows10.0.19041.0/runtimes/linux-musl-s390x/native/libe_sqlcipher.so' (1,579,296)
2026-05-02 05:33:55: > Copy Over 'C:/rock/bannister/Bannister/bin/x64/Debug/net8.0-windows10.0.19041.0/runtimes/linux-musl-x64/native/libe_sqlite3.so' -> 'goodrive://www.googleapis.com/:personal:/bannister/bannister/bin/x64/Debug/net8.0-windows10.0.19041.0/runtimes/linux-musl-x64/native/libe_sqlite3.so' (1,216,704)
2026-05-02 05:33:57: < Copy New 'C:/rock/bannister/Bannister/bin/x64/Debug/net8.0-windows10.0.19041.0/runtimes/linux-musl-x64/native/libe_sqlcipher.so' -> 'goodrive://www.googleapis.com/:personal:/bannister/bannister/bin/x64/Debug/net8.0-windows10.0.19041.0/runtimes/linux-musl-x64/native/libe_sqlcipher.so' (1,347,576)
2026-05-02 05:33:59: < Copy Over 'C:/rock/bannister/Bannister/bin/x64/Debug/net8.0-windows10.0.19041.0/runtimes/linux-musl-arm64/native/libe_sqlite3.so' -> 'goodrive://www.googleapis.com/:personal:/bannister/bannister/bin/x64/Debug/net8.0-windows10.0.19041.0/runtimes/linux-musl-arm64/native/libe_sqlite3.so' (1,312,944)
2026-05-02 05:33:59: > Copy New 'C:/rock/bannister/Bannister/bin/x64/Debug/net8.0-windows10.0.19041.0/runtimes/linux-ppc64le/native/libe_sqlcipher.so' -> 'goodrive://www.googleapis.com/:personal:/bannister/bannister/bin/x64/Debug/net8.0-windows10.0.19041.0/runtimes/linux-ppc64le/native/libe_sqlcipher.so' (1,798,456)
2026-05-02 05:34:00: Delete File goodrive://www.googleapis.com/:personal:/bannister/bannister/bin/x64/Debug/net8.0-windows10.0.19041.0/runtimes/linux-musl-s390x/native/libe_sqlite3.so
2026-05-02 05:34:01: < Copy Over 'C:/rock/bannister/Bannister/bin/x64/Debug/net8.0-windows10.0.19041.0/runtimes/linux-musl-x64/native/libe_sqlite3.so' -> 'goodrive://www.googleapis.com/:personal:/bannister/bannister/bin/x64/Debug/net8.0-windows10.0.19041.0/runtimes/linux-musl-x64/native/libe_sqlite3.so' (1,216,704)
2026-05-02 05:34:02: < Copy New 'C:/rock/bannister/Bannister/bin/x64/Debug/net8.0-windows10.0.19041.0/runtimes/linux-ppc64le/native/libe_sqlcipher.so' -> 'goodrive://www.googleapis.com/:personal:/bannister/bannister/bin/x64/Debug/net8.0-windows10.0.19041.0/runtimes/linux-ppc64le/native/libe_sqlcipher.so' (1,798,456)
2026-05-02 05:34:02: Copy New 'C:/rock/bannister/Bannister/bin/x64/Debug/net8.0-windows10.0.19041.0/runtimes/linux-riscv64/native/libe_sqlcipher.so' -> 'goodrive://www.googleapis.com/:personal:/bannister/bannister/bin/x64/Debug/net8.0-windows10.0.19041.0/runtimes/linux-riscv64/native/libe_sqlcipher.so' (1,005,176)
2026-05-02 05:34:02: > Copy New 'C:/rock/bannister/Bannister/bin/x64/Debug/net8.0-windows10.0.19041.0/runtimes/linux-s390x/native/libe_sqlcipher.so' -> 'goodrive://www.googleapis.com/:personal:/bannister/bannister/bin/x64/Debug/net8.0-windows10.0.19041.0/runtimes/linux-s390x/native/libe_sqlcipher.so' (1,520,928)
2026-05-02 05:34:05: < Copy New 'C:/rock/bannister/Bannister/bin/x64/Debug/net8.0-windows10.0.19041.0/runtimes/linux-s390x/native/libe_sqlcipher.so' -> 'goodrive://www.googleapis.com/:personal:/bannister/bannister/bin/x64/Debug/net8.0-windows10.0.19041.0/runtimes/linux-s390x/native/libe_sqlcipher.so' (1,520,928)
2026-05-02 05:34:05: > Copy New 'C:/rock/bannister/Bannister/bin/x64/Debug/net8.0-windows10.0.19041.0/runtimes/linux-x64/native/libe_sqlcipher.so' -> 'goodrive://www.googleapis.com/:personal:/bannister/bannister/bin/x64/Debug/net8.0-windows10.0.19041.0/runtimes/linux-x64/native/libe_sqlcipher.so' (1,368,960)
2026-05-02 05:34:05: Delete File goodrive://www.googleapis.com/:personal:/bannister/bannister/bin/x64/Debug/net8.0-windows10.0.19041.0/runtimes/linux-riscv64/native/libe_sqlite3.so
2026-05-02 05:34:05: > Copy Over 'C:/rock/bannister/Bannister/bin/x64/Debug/net8.0-windows10.0.19041.0/runtimes/linux-x64/native/libe_sqlite3.so' -> 'goodrive://www.googleapis.com/:personal:/bannister/bannister/bin/x64/Debug/net8.0-windows10.0.19041.0/runtimes/linux-x64/native/libe_sqlite3.so' (1,233,528)
2026-05-02 05:34:07: Delete File goodrive://www.googleapis.com/:personal:/bannister/bannister/bin/x64/Debug/net8.0-windows10.0.19041.0/runtimes/linux-ppc64le/native/libe_sqlite3.so
2026-05-02 05:34:07: > Copy Over 'C:/rock/bannister/Bannister/bin/x64/Debug/net8.0-windows10.0.19041.0/runtimes/linux-s390x/native/libe_sqlite3.so' -> 'goodrive://www.googleapis.com/:personal:/bannister/bannister/bin/x64/Debug/net8.0-windows10.0.19041.0/runtimes/linux-s390x/native/libe_sqlite3.so' (1,398,088)
2026-05-02 05:34:07: < Copy New 'C:/rock/bannister/Bannister/bin/x64/Debug/net8.0-windows10.0.19041.0/runtimes/linux-x64/native/libe_sqlcipher.so' -> 'goodrive://www.googleapis.com/:personal:/bannister/bannister/bin/x64/Debug/net8.0-windows10.0.19041.0/runtimes/linux-x64/native/libe_sqlcipher.so' (1,368,960)
2026-05-02 05:34:07: > Copy New 'C:/rock/bannister/Bannister/bin/x64/Debug/net8.0-windows10.0.19041.0/runtimes/linux-x86/native/libe_sqlcipher.so' -> 'goodrive://www.googleapis.com/:personal:/bannister/bannister/bin/x64/Debug/net8.0-windows10.0.19041.0/runtimes/linux-x86/native/libe_sqlcipher.so' (1,441,856)
2026-05-02 05:34:10: < Copy New 'C:/rock/bannister/Bannister/bin/x64/Debug/net8.0-windows10.0.19041.0/runtimes/linux-x86/native/libe_sqlcipher.so' -> 'goodrive://www.googleapis.com/:personal:/bannister/bannister/bin/x64/Debug/net8.0-windows10.0.19041.0/runtimes/linux-x86/native/libe_sqlcipher.so' (1,441,856)
2026-05-02 05:34:10: > Copy New 'C:/rock/bannister/Bannister/bin/x64/Debug/net8.0-windows10.0.19041.0/runtimes/maccatalyst-arm64/native/libe_sqlcipher.dylib' -> 'goodrive://www.googleapis.com/:personal:/bannister/bannister/bin/x64/Debug/net8.0-windows10.0.19041.0/runtimes/maccatalyst-arm64/native/libe_sqlcipher.dylib' (1,542,744)
2026-05-02 05:34:12: < Copy Over 'C:/rock/bannister/Bannister/bin/x64/Debug/net8.0-windows10.0.19041.0/runtimes/linux-x64/native/libe_sqlite3.so' -> 'goodrive://www.googleapis.com/:personal:/bannister/bannister/bin/x64/Debug/net8.0-windows10.0.19041.0/runtimes/linux-x64/native/libe_sqlite3.so' (1,233,528)
2026-05-02 05:34:12: > Copy Over 'C:/rock/bannister/Bannister/bin/x64/Debug/net8.0-windows10.0.19041.0/runtimes/maccatalyst-arm64/native/libe_sqlite3.dylib' -> 'goodrive://www.googleapis.com/:personal:/bannister/bannister/bin/x64/Debug/net8.0-windows10.0.19041.0/runtimes/maccatalyst-arm64/native/libe_sqlite3.dylib' (1,081,160)
2026-05-02 05:34:12: < Copy Over 'C:/rock/bannister/Bannister/bin/x64/Debug/net8.0-windows10.0.19041.0/runtimes/linux-s390x/native/libe_sqlite3.so' -> 'goodrive://www.googleapis.com/:personal:/bannister/bannister/bin/x64/Debug/net8.0-windows10.0.19041.0/runtimes/linux-s390x/native/libe_sqlite3.so' (1,398,088)
2026-05-02 05:34:12: > Copy Over 'C:/rock/bannister/Bannister/bin/x64/Debug/net8.0-windows10.0.19041.0/runtimes/linux-x86/native/libe_sqlite3.so' -> 'goodrive://www.googleapis.com/:personal:/bannister/bannister/bin/x64/Debug/net8.0-windows10.0.19041.0/runtimes/linux-x86/native/libe_sqlite3.so' (1,289,208)
2026-05-02 05:34:12: < Copy New 'C:/rock/bannister/Bannister/bin/x64/Debug/net8.0-windows10.0.19041.0/runtimes/maccatalyst-arm64/native/libe_sqlcipher.dylib' -> 'goodrive://www.googleapis.com/:personal:/bannister/bannister/bin/x64/Debug/net8.0-windows10.0.19041.0/runtimes/maccatalyst-arm64/native/libe_sqlcipher.dylib' (1,542,744)
2026-05-02 05:34:12: > Copy New 'C:/rock/bannister/Bannister/bin/x64/Debug/net8.0-windows10.0.19041.0/runtimes/maccatalyst-x64/native/libe_sqlcipher.dylib' -> 'goodrive://www.googleapis.com/:personal:/bannister/bannister/bin/x64/Debug/net8.0-windows10.0.19041.0/runtimes/maccatalyst-x64/native/libe_sqlcipher.dylib' (1,597,432)
2026-05-02 05:34:15: < Copy New 'C:/rock/bannister/Bannister/bin/x64/Debug/net8.0-windows10.0.19041.0/runtimes/maccatalyst-x64/native/libe_sqlcipher.dylib' -> 'goodrive://www.googleapis.com/:personal:/bannister/bannister/bin/x64/Debug/net8.0-windows10.0.19041.0/runtimes/maccatalyst-x64/native/libe_sqlcipher.dylib' (1,597,432)
2026-05-02 05:34:15: > Copy New 'C:/rock/bannister/Bannister/bin/x64/Debug/net8.0-windows10.0.19041.0/runtimes/osx-arm64/native/libe_sqlcipher.dylib' -> 'goodrive://www.googleapis.com/:personal:/bannister/bannister/bin/x64/Debug/net8.0-windows10.0.19041.0/runtimes/osx-arm64/native/libe_sqlcipher.dylib' (1,544,008)
2026-05-02 05:34:18: < Copy New 'C:/rock/bannister/Bannister/bin/x64/Debug/net8.0-windows10.0.19041.0/runtimes/osx-arm64/native/libe_sqlcipher.dylib' -> 'goodrive://www.googleapis.com/:personal:/bannister/bannister/bin/x64/Debug/net8.0-windows10.0.19041.0/runtimes/osx-arm64/native/libe_sqlcipher.dylib' (1,544,008)
2026-05-02 05:34:18: < Copy Over 'C:/rock/bannister/Bannister/bin/x64/Debug/net8.0-windows10.0.19041.0/runtimes/maccatalyst-arm64/native/libe_sqlite3.dylib' -> 'goodrive://www.googleapis.com/:personal:/bannister/bannister/bin/x64/Debug/net8.0-windows10.0.19041.0/runtimes/maccatalyst-arm64/native/libe_sqlite3.dylib' (1,081,160)
2026-05-02 05:34:18: > Copy Over 'C:/rock/bannister/Bannister/bin/x64/Debug/net8.0-windows10.0.19041.0/runtimes/osx-arm64/native/libe_sqlite3.dylib' -> 'goodrive://www.googleapis.com/:personal:/bannister/bannister/bin/x64/Debug/net8.0-windows10.0.19041.0/runtimes/osx-arm64/native/libe_sqlite3.dylib' (1,089,807)
2026-05-02 05:34:18: > Copy Over 'C:/rock/bannister/Bannister/bin/x64/Debug/net8.0-windows10.0.19041.0/runtimes/maccatalyst-x64/native/libe_sqlite3.dylib' -> 'goodrive://www.googleapis.com/:personal:/bannister/bannister/bin/x64/Debug/net8.0-windows10.0.19041.0/runtimes/maccatalyst-x64/native/libe_sqlite3.dylib' (1,098,056)
2026-05-02 05:34:20: < Copy Over 'C:/rock/bannister/Bannister/bin/x64/Debug/net8.0-windows10.0.19041.0/runtimes/linux-x86/native/libe_sqlite3.so' -> 'goodrive://www.googleapis.com/:personal:/bannister/bannister/bin/x64/Debug/net8.0-windows10.0.19041.0/runtimes/linux-x86/native/libe_sqlite3.so' (1,289,208)
2026-05-02 05:34:20: > Copy New 'C:/rock/bannister/Bannister/bin/x64/Debug/net8.0-windows10.0.19041.0/runtimes/osx-x64/native/libe_sqlcipher.dylib' -> 'goodrive://www.googleapis.com/:personal:/bannister/bannister/bin/x64/Debug/net8.0-windows10.0.19041.0/runtimes/osx-x64/native/libe_sqlcipher.dylib' (1,581,080)
2026-05-02 05:34:22: < Copy New 'C:/rock/bannister/Bannister/bin/x64/Debug/net8.0-windows10.0.19041.0/runtimes/osx-x64/native/libe_sqlcipher.dylib' -> 'goodrive://www.googleapis.com/:personal:/bannister/bannister/bin/x64/Debug/net8.0-windows10.0.19041.0/runtimes/osx-x64/native/libe_sqlcipher.dylib' (1,581,080)
2026-05-02 05:34:22: > Copy New 'C:/rock/bannister/Bannister/bin/x64/Debug/net8.0-windows10.0.19041.0/runtimes/win-arm/native/e_sqlcipher.dll' -> 'goodrive://www.googleapis.com/:personal:/bannister/bannister/bin/x64/Debug/net8.0-windows10.0.19041.0/runtimes/win-arm/native/e_sqlcipher.dll' (1,326,080)
2026-05-02 05:34:24: < Copy Over 'C:/rock/bannister/Bannister/bin/x64/Debug/net8.0-windows10.0.19041.0/runtimes/osx-arm64/native/libe_sqlite3.dylib' -> 'goodrive://www.googleapis.com/:personal:/bannister/bannister/bin/x64/Debug/net8.0-windows10.0.19041.0/runtimes/osx-arm64/native/libe_sqlite3.dylib' (1,089,807)
2026-05-02 05:34:24: > Copy Over 'C:/rock/bannister/Bannister/bin/x64/Debug/net8.0-windows10.0.19041.0/runtimes/win-arm/native/e_sqlite3.dll' -> 'goodrive://www.googleapis.com/:personal:/bannister/bannister/bin/x64/Debug/net8.0-windows10.0.19041.0/runtimes/win-arm/native/e_sqlite3.dll' (1,153,024)
2026-05-02 05:34:24: < Copy New 'C:/rock/bannister/Bannister/bin/x64/Debug/net8.0-windows10.0.19041.0/runtimes/win-arm/native/e_sqlcipher.dll' -> 'goodrive://www.googleapis.com/:personal:/bannister/bannister/bin/x64/Debug/net8.0-windows10.0.19041.0/runtimes/win-arm/native/e_sqlcipher.dll' (1,326,080)
2026-05-02 05:34:24: > Copy Over 'C:/rock/bannister/Bannister/bin/x64/Debug/net8.0-windows10.0.19041.0/runtimes/osx-x64/native/libe_sqlite3.dylib' -> 'goodrive://www.googleapis.com/:personal:/bannister/bannister/bin/x64/Debug/net8.0-windows10.0.19041.0/runtimes/osx-x64/native/libe_sqlite3.dylib' (1,098,224)
2026-05-02 05:34:25: < Copy Over 'C:/rock/bannister/Bannister/bin/x64/Debug/net8.0-windows10.0.19041.0/runtimes/maccatalyst-x64/native/libe_sqlite3.dylib' -> 'goodrive://www.googleapis.com/:personal:/bannister/bannister/bin/x64/Debug/net8.0-windows10.0.19041.0/runtimes/maccatalyst-x64/native/libe_sqlite3.dylib' (1,098,056)
2026-05-02 05:34:25: > Copy New 'C:/rock/bannister/Bannister/bin/x64/Debug/net8.0-windows10.0.19041.0/runtimes/win-arm64/native/e_sqlcipher.dll' -> 'goodrive://www.googleapis.com/:personal:/bannister/bannister/bin/x64/Debug/net8.0-windows10.0.19041.0/runtimes/win-arm64/native/e_sqlcipher.dll' (1,633,280)
2026-05-02 05:34:28: < Copy New 'C:/rock/bannister/Bannister/bin/x64/Debug/net8.0-windows10.0.19041.0/runtimes/win-arm64/native/e_sqlcipher.dll' -> 'goodrive://www.googleapis.com/:personal:/bannister/bannister/bin/x64/Debug/net8.0-windows10.0.19041.0/runtimes/win-arm64/native/e_sqlcipher.dll' (1,633,280)
2026-05-02 05:34:28: > Copy New 'C:/rock/bannister/Bannister/bin/x64/Debug/net8.0-windows10.0.19041.0/runtimes/win-x64/native/e_sqlcipher.dll' -> 'goodrive://www.googleapis.com/:personal:/bannister/bannister/bin/x64/Debug/net8.0-windows10.0.19041.0/runtimes/win-x64/native/e_sqlcipher.dll' (1,852,928)
2026-05-02 05:34:30: < Copy Over 'C:/rock/bannister/Bannister/bin/x64/Debug/net8.0-windows10.0.19041.0/runtimes/win-arm/native/e_sqlite3.dll' -> 'goodrive://www.googleapis.com/:personal:/bannister/bannister/bin/x64/Debug/net8.0-windows10.0.19041.0/runtimes/win-arm/native/e_sqlite3.dll' (1,153,024)
2026-05-02 05:34:30: > Copy Over 'C:/rock/bannister/Bannister/bin/x64/Debug/net8.0-windows10.0.19041.0/runtimes/win-x64/native/e_sqlite3.dll' -> 'goodrive://www.googleapis.com/:personal:/bannister/bannister/bin/x64/Debug/net8.0-windows10.0.19041.0/runtimes/win-x64/native/e_sqlite3.dll' (1,638,912)
2026-05-02 05:34:30: < Copy New 'C:/rock/bannister/Bannister/bin/x64/Debug/net8.0-windows10.0.19041.0/runtimes/win-x64/native/e_sqlcipher.dll' -> 'goodrive://www.googleapis.com/:personal:/bannister/bannister/bin/x64/Debug/net8.0-windows10.0.19041.0/runtimes/win-x64/native/e_sqlcipher.dll' (1,852,928)
2026-05-02 05:34:30: > Copy Over 'C:/rock/bannister/Bannister/bin/x64/Debug/net8.0-windows10.0.19041.0/runtimes/win-arm64/native/e_sqlite3.dll' -> 'goodrive://www.googleapis.com/:personal:/bannister/bannister/bin/x64/Debug/net8.0-windows10.0.19041.0/runtimes/win-arm64/native/e_sqlite3.dll' (1,436,672)
2026-05-02 05:34:31: < Copy Over 'C:/rock/bannister/Bannister/bin/x64/Debug/net8.0-windows10.0.19041.0/runtimes/osx-x64/native/libe_sqlite3.dylib' -> 'goodrive://www.googleapis.com/:personal:/bannister/bannister/bin/x64/Debug/net8.0-windows10.0.19041.0/runtimes/osx-x64/native/libe_sqlite3.dylib' (1,098,224)
2026-05-02 05:34:33: Copy New 'C:/rock/bannister/Bannister/bin/x64/Debug/net8.0-windows10.0.19041.0/SQLitePCLRaw.provider.e_sqlcipher.dll' -> 'goodrive://www.googleapis.com/:personal:/bannister/bannister/bin/x64/Debug/net8.0-windows10.0.19041.0/SQLitePCLRaw.provider.e_sqlcipher.dll' (37,376)
2026-05-02 05:34:36: < Copy Over 'C:/rock/bannister/Bannister/bin/x64/Debug/net8.0-windows10.0.19041.0/runtimes/win-x64/native/e_sqlite3.dll' -> 'goodrive://www.googleapis.com/:personal:/bannister/bannister/bin/x64/Debug/net8.0-windows10.0.19041.0/runtimes/win-x64/native/e_sqlite3.dll' (1,638,912)
2026-05-02 05:34:36: > Copy New 'C:/rock/bannister/Bannister/bin/x64/Debug/net8.0-windows10.0.19041.0/runtimes/win-x86/native/e_sqlcipher.dll' -> 'goodrive://www.googleapis.com/:personal:/bannister/bannister/bin/x64/Debug/net8.0-windows10.0.19041.0/runtimes/win-x86/native/e_sqlcipher.dll' (1,446,912)
2026-05-02 05:34:36: Copy Over 'C:/rock/bannister/Bannister/bin/x64/Debug/net8.0-windows10.0.19041.0/SQLitePCLRaw.provider.e_sqlite3.dll' -> 'goodrive://www.googleapis.com/:personal:/bannister/bannister/bin/x64/Debug/net8.0-windows10.0.19041.0/SQLitePCLRaw.provider.e_sqlite3.dll' (36,352)
2026-05-02 05:34:36: > Copy Over 'C:/rock/bannister/Bannister/bin/x64/Debug/net8.0-windows10.0.19041.0/runtimes/win-x86/native/e_sqlite3.dll' -> 'goodrive://www.googleapis.com/:personal:/bannister/bannister/bin/x64/Debug/net8.0-windows10.0.19041.0/runtimes/win-x86/native/e_sqlite3.dll' (1,246,720)
2026-05-02 05:34:37: < Copy Over 'C:/rock/bannister/Bannister/bin/x64/Debug/net8.0-windows10.0.19041.0/runtimes/win-arm64/native/e_sqlite3.dll' -> 'goodrive://www.googleapis.com/:personal:/bannister/bannister/bin/x64/Debug/net8.0-windows10.0.19041.0/runtimes/win-arm64/native/e_sqlite3.dll' (1,436,672)
2026-05-02 05:34:38: < Copy New 'C:/rock/bannister/Bannister/bin/x64/Debug/net8.0-windows10.0.19041.0/runtimes/win-x86/native/e_sqlcipher.dll' -> 'goodrive://www.googleapis.com/:personal:/bannister/bannister/bin/x64/Debug/net8.0-windows10.0.19041.0/runtimes/win-x86/native/e_sqlcipher.dll' (1,446,912)
2026-05-02 05:34:41: Copy New 'C:/rock/bannister/Bannister/Views/ChangePasswordPage.cs' -> 'goodrive://www.googleapis.com/:personal:/bannister/bannister/Views/ChangePasswordPage.cs' (8,941)
2026-05-02 05:34:41: Copy Over 'C:/rock/bannister/Bannister/Services/AuthService.cs' -> 'goodrive://www.googleapis.com/:personal:/bannister/bannister/Services/AuthService.cs' (8,192)
2026-05-02 05:34:42: < Copy Over 'C:/rock/bannister/Bannister/bin/x64/Debug/net8.0-windows10.0.19041.0/runtimes/win-x86/native/e_sqlite3.dll' -> 'goodrive://www.googleapis.com/:personal:/bannister/bannister/bin/x64/Debug/net8.0-windows10.0.19041.0/runtimes/win-x86/native/e_sqlite3.dll' (1,246,720)
2026-05-02 05:34:43: Copy New 'C:/rock/bannister/Bannister/Views/SettingsPage.cs' -> 'goodrive://www.googleapis.com/:personal:/bannister/bannister/Views/SettingsPage.cs' (4,278)
2026-05-02 05:34:44: Copy Over 'C:/rock/bannister/Bannister/Views/DatabasesPage.cs' -> 'goodrive://www.googleapis.com/:personal:/bannister/bannister/Views/DatabasesPage.cs' (13,912)
2026-05-02 05:34:45: Copy Over 'C:/rock/bannister/Bannister/Views/HomePage.cs' -> 'goodrive://www.googleapis.com/:personal:/bannister/bannister/Views/HomePage.cs' (25,074)
2026-05-02 05:34:46: Copy Over 'C:/rock/bannister/Bannister/Views/StaleActivitiesConfirmationPage.cs' -> 'goodrive://www.googleapis.com/:personal:/bannister/bannister/Views/StaleActivitiesConfirmationPage.cs' (9,309)
2026-05-02 05:34:47: Copy Over 'C:/rock/bannister/Bannister/Views/StreakBrokenPage.cs' -> 'goodrive://www.googleapis.com/:personal:/bannister/bannister/Views/StreakBrokenPage.cs' (21,023)
2026-05-02 05:34:47: CopyFileSimple: OpenDownload: ERR: Cannot open file C:/rock/bannister/.vs/Bannister/FileContentIndex/36516e7c-c8b1-4216-b4c8-8c5def1819de.vsidx: cannot open file 'C:/rock/bannister/.vs/Bannister/FileContentIndex/36516e7c-c8b1-4216-b4c8-8c5def1819de.vsidx': The process cannot access the file because it is being used by another process.  (error 32)
2026-05-02 05:34:47: Connecting to Elevated Local GoodSync Server to complete operation
2026-05-02 05:34:47: LOCAL C:(127.0.0.1) -> S:127.0.0.1:33333
2026-05-02 05:34:48: Copy Over 'C:/rock/bannister/Bannister/Services/BackupService.cs' -> 'goodrive://www.googleapis.com/:personal:/bannister/bannister/Services/BackupService.cs' (11,758)
2026-05-02 05:34:50: Copy Over 'C:/rock/bannister/Bannister/Services/DatabaseService.cs' -> 'goodrive://www.googleapis.com/:personal:/bannister/bannister/Services/DatabaseService.cs' (23,142)
2026-05-02 05:34:50: Created Snapshot of Volume 'C:' at '/GLOBALROOT/Device/HarddiskVolumeShadowCopy25', Elevated
2026-05-02 05:34:50: Open File Snap GetShadow: AbsPath=/GLOBALROOT/Device/HarddiskVolumeShadowCopy25/rock/bannister/.vs/Bannister/FileContentIndex/36516e7c-c8b1-4216-b4c8-8c5def1819de.vsidx SnapshotPath=/GLOBALROOT/Device/HarddiskVolumeShadowCopy25 SnapVolume=C:
2026-05-02 05:34:52: Copy Over 'C:/rock/bannister/.vs/Bannister/v18/.suo' -> 'goodrive://www.googleapis.com/:personal:/bannister/.vs/Bannister/v18/.suo' (53,760)
2026-05-02 05:34:52: Copy New 'C:/rock/bannister/.vs/Bannister/FileContentIndex/36516e7c-c8b1-4216-b4c8-8c5def1819de.vsidx' -> 'goodrive://www.googleapis.com/:personal:/bannister/.vs/Bannister/FileContentIndex/36516e7c-c8b1-4216-b4c8-8c5def1819de.vsidx' (11,454)
2026-05-02 05:34:53: Delete File goodrive://www.googleapis.com/:personal:/bannister/.vs/Bannister/FileContentIndex/cad5bca1-5f6f-4882-a9e8-58cc4cf2f4bc.vsidx
2026-05-02 05:34:53: CopyFileSimple: OpenDownload: ERR: Cannot open file C:/rock/bannister/.vs/Bannister/FileContentIndex/e2345c97-e2e2-48e2-9874-ac572f2ff343.vsidx: cannot open file 'C:/rock/bannister/.vs/Bannister/FileContentIndex/e2345c97-e2e2-48e2-9874-ac572f2ff343.vsidx': The process cannot access the file because it is being used by another process.  (error 32)
2026-05-02 05:34:53: Open File Snap GetShadow: AbsPath=/GLOBALROOT/Device/HarddiskVolumeShadowCopy25/rock/bannister/.vs/Bannister/FileContentIndex/e2345c97-e2e2-48e2-9874-ac572f2ff343.vsidx SnapshotPath=/GLOBALROOT/Device/HarddiskVolumeShadowCopy25 SnapVolume=C:
2026-05-02 05:34:54: Copy Over 'C:/rock/bannister/.vs/Bannister/v18/DocumentLayout.backup.json' -> 'goodrive://www.googleapis.com/:personal:/bannister/.vs/Bannister/v18/DocumentLayout.backup.json' (9,727)
2026-05-02 05:34:54: CopyFileSimple: OpenDownload: ERR: Cannot open file C:/rock/bannister/.vs/Bannister/FileContentIndex/fdc78391-7fa1-41b3-830a-629ae3daf048.vsidx: cannot open file 'C:/rock/bannister/.vs/Bannister/FileContentIndex/fdc78391-7fa1-41b3-830a-629ae3daf048.vsidx': The process cannot access the file because it is being used by another process.  (error 32)
2026-05-02 05:34:54: Open File Snap GetShadow: AbsPath=/GLOBALROOT/Device/HarddiskVolumeShadowCopy25/rock/bannister/.vs/Bannister/FileContentIndex/fdc78391-7fa1-41b3-830a-629ae3daf048.vsidx SnapshotPath=/GLOBALROOT/Device/HarddiskVolumeShadowCopy25 SnapVolume=C:
2026-05-02 05:34:55: Copy New 'C:/rock/bannister/.vs/Bannister/FileContentIndex/e2345c97-e2e2-48e2-9874-ac572f2ff343.vsidx' -> 'goodrive://www.googleapis.com/:personal:/bannister/.vs/Bannister/FileContentIndex/e2345c97-e2e2-48e2-9874-ac572f2ff343.vsidx' (648,872)
2026-05-02 05:34:55: Copy Over 'C:/rock/bannister/.vs/Bannister/v18/DocumentLayout.json' -> 'goodrive://www.googleapis.com/:personal:/bannister/.vs/Bannister/v18/DocumentLayout.json' (9,727)
2026-05-02 05:34:56: Copy New 'C:/rock/bannister/.vs/Bannister/FileContentIndex/fdc78391-7fa1-41b3-830a-629ae3daf048.vsidx' -> 'goodrive://www.googleapis.com/:personal:/bannister/.vs/Bannister/FileContentIndex/fdc78391-7fa1-41b3-830a-629ae3daf048.vsidx' (7,878)
2026-05-02 05:34:56: Save State File C:/rock/bannister/_gsdata_/_file_state_v4._gs
2026-05-02 05:34:59: Save State File goodrive://www.googleapis.com/:personal:/bannister/_gsdata_/_file_state_v4._gs
2026-05-02 05:34:59: Release Snapshot of Volume C:
2026-05-02 05:35:03: == Sync Complete. Time: 00:03:52, Speed: 616.22 KB/s, OK: 183, Errors: 0
