2026-02-20 05:31:12: -- Analysis Started by On Schedule Min=30 Hour=5 
2026-02-20 05:31:12: L: Reading State File C:/Users/mr big/Dropbox/code/c sharp/projects/open_source/maui/bannister/_gsdata_/_file_state_v4._gs
2026-02-20 05:31:20: R: Reading State File goodrive://www.googleapis.com/:personal:/bannister_open_source/_gsdata_/_file_state_v4._gs
2026-02-20 05:31:22: Changes: 27, Conflicts: 0, CopyTime: 0, FixState: 0, Errors: 0, All: 4013
2026-02-20 05:31:22: Left to Right: Copy File: 26 Delete File: 1 
2026-02-20 05:31:22: == Sync Started by On Schedule Min=30 Hour=5 
2026-02-20 05:31:22: ConnectCloned connected to file:///C:/Users/mr big/Dropbox/code/c sharp/projects/open_source/maui/bannister
2026-02-20 05:31:22: ConnectCloned connected to file:///C:/Users/mr big/Dropbox/code/c sharp/projects/open_source/maui/bannister
2026-02-20 05:31:22: ConnectCloned connected to file:///C:/Users/mr big/Dropbox/code/c sharp/projects/open_source/maui/bannister
2026-02-20 05:31:22: GsConnectAndSetRoot1 connected to goodrive://www.googleapis.com/:personal:/bannister_open_source
2026-02-20 05:31:22: GsConnectAndSetRoot1 connected to goodrive://www.googleapis.com/:personal:/bannister_open_source
2026-02-20 05:31:22: GsConnectAndSetRoot1 connected to goodrive://www.googleapis.com/:personal:/bannister_open_source
2026-02-20 05:31:22: CopyFileSimple: OpenDownload: ERR: Cannot open file C:/Users/mr big/Dropbox/code/c sharp/projects/open_source/maui/bannister/.vs/Bannister/FileContentIndex/c937a603-0488-439e-bd07-f329182840a1.vsidx: cannot open file 'C:/Users/mr big/Dropbox/code/c sharp/projects/open_source/maui/bannister/.vs/Bannister/FileContentIndex/c937a603-0488-439e-bd07-f329182840a1.vsidx': The process cannot access the file because it is being used by another process.  (error 32)
2026-02-20 05:31:22: Connecting to Elevated Local GoodSync Server to complete operation
2026-02-20 05:31:22: LOCAL C:(127.0.0.1) -> S:127.0.0.1:33333
2026-02-20 05:31:29: Delete File goodrive://www.googleapis.com/:personal:/bannister_open_source/.vs/Bannister/FileContentIndex/c92d76dc-2a93-4b80-9caa-dd3b47a415a0.vsidx
2026-02-20 05:31:31: Copy Over 'C:/Users/mr big/Dropbox/code/c sharp/projects/open_source/maui/bannister/.vs/Bannister/CopilotIndices/17.13.441.19478/CodeChunks.db-wal' -> 'goodrive://www.googleapis.com/:personal:/bannister_open_source/.vs/Bannister/CopilotIndices/17.13.441.19478/CodeChunks.db-wal' (243,112)
2026-02-20 05:31:40: Copy Over 'C:/Users/mr big/Dropbox/code/c sharp/projects/open_source/maui/bannister/Bannister/bin/x64/Debug/net8.0-windows10.0.19041.0/win10-x64/AppxManifest.xml' -> 'goodrive://www.googleapis.com/:personal:/bannister_open_source/Bannister/bin/x64/Debug/net8.0-windows10.0.19041.0/win10-x64/AppxManifest.xml' (2,821)
2026-02-20 05:31:42: Copy Over 'C:/Users/mr big/Dropbox/code/c sharp/projects/open_source/maui/bannister/Bannister/bin/x64/Debug/net8.0-windows10.0.19041.0/win10-x64/AppX/AppxManifest.xml' -> 'goodrive://www.googleapis.com/:personal:/bannister_open_source/Bannister/bin/x64/Debug/net8.0-windows10.0.19041.0/win10-x64/AppX/AppxManifest.xml' (2,821)
2026-02-20 05:31:45: Copy Over 'C:/Users/mr big/Dropbox/code/c sharp/projects/open_source/maui/bannister/Bannister/bin/x64/Debug/net8.0-windows10.0.19041.0/win10-x64/AppX/Bannister.dll' -> 'goodrive://www.googleapis.com/:personal:/bannister_open_source/Bannister/bin/x64/Debug/net8.0-windows10.0.19041.0/win10-x64/AppX/Bannister.dll' (1,012,224)
2026-02-20 05:31:46: Copy Over 'C:/Users/mr big/Dropbox/code/c sharp/projects/open_source/maui/bannister/Bannister/bin/x64/Debug/net8.0-windows10.0.19041.0/win10-x64/AppX/Bannister.exe' -> 'goodrive://www.googleapis.com/:personal:/bannister_open_source/Bannister/bin/x64/Debug/net8.0-windows10.0.19041.0/win10-x64/AppX/Bannister.exe' (153,088)
2026-02-20 05:31:50: Copy Over 'C:/Users/mr big/Dropbox/code/c sharp/projects/open_source/maui/bannister/Bannister/bin/x64/Debug/net8.0-windows10.0.19041.0/win10-x64/AppX/vs.appxrecipe' -> 'goodrive://www.googleapis.com/:personal:/bannister_open_source/Bannister/bin/x64/Debug/net8.0-windows10.0.19041.0/win10-x64/AppX/vs.appxrecipe' (59,032)
2026-02-20 05:31:50: Copy Over 'C:/Users/mr big/Dropbox/code/c sharp/projects/open_source/maui/bannister/Bannister/bin/x64/Debug/net8.0-windows10.0.19041.0/win10-x64/Bannister.build.appxrecipe' -> 'goodrive://www.googleapis.com/:personal:/bannister_open_source/Bannister/bin/x64/Debug/net8.0-windows10.0.19041.0/win10-x64/Bannister.build.appxrecipe' (50,103)
2026-02-20 05:31:53: Copy Over 'C:/Users/mr big/Dropbox/code/c sharp/projects/open_source/maui/bannister/Bannister/bin/x64/Debug/net8.0-windows10.0.19041.0/win10-x64/Bannister.exe' -> 'goodrive://www.googleapis.com/:personal:/bannister_open_source/Bannister/bin/x64/Debug/net8.0-windows10.0.19041.0/win10-x64/Bannister.exe' (153,088)
2026-02-20 05:31:54: Copy Over 'C:/Users/mr big/Dropbox/code/c sharp/projects/open_source/maui/bannister/Bannister/bin/x64/Debug/net8.0-windows10.0.19041.0/win10-x64/Bannister.dll' -> 'goodrive://www.googleapis.com/:personal:/bannister_open_source/Bannister/bin/x64/Debug/net8.0-windows10.0.19041.0/win10-x64/Bannister.dll' (1,012,224)
2026-02-20 05:31:57: Copy Over 'C:/Users/mr big/Dropbox/code/c sharp/projects/open_source/maui/bannister/.vs/Bannister/CopilotIndices/17.13.441.19478/SemanticSymbols.db-wal' -> 'goodrive://www.googleapis.com/:personal:/bannister_open_source/.vs/Bannister/CopilotIndices/17.13.441.19478/SemanticSymbols.db-wal' (160,712)
2026-02-20 05:31:58: Copy Over 'C:/Users/mr big/Dropbox/code/c sharp/projects/open_source/maui/bannister/Bannister/bin/x64/Debug/net8.0-windows10.0.19041.0/win10-x64/Bannister.pdb' -> 'goodrive://www.googleapis.com/:personal:/bannister_open_source/Bannister/bin/x64/Debug/net8.0-windows10.0.19041.0/win10-x64/Bannister.pdb' (219,060)
2026-02-20 05:32:01: Copy Over 'C:/Users/mr big/Dropbox/code/c sharp/projects/open_source/maui/bannister/.vs/Bannister/v17/.suo' -> 'goodrive://www.googleapis.com/:personal:/bannister_open_source/.vs/Bannister/v17/.suo' (178,176)
2026-02-20 05:32:02: Copy Over 'C:/Users/mr big/Dropbox/code/c sharp/projects/open_source/maui/bannister/.vs/Bannister/v17/DocumentLayout.backup.json' -> 'goodrive://www.googleapis.com/:personal:/bannister_open_source/.vs/Bannister/v17/DocumentLayout.backup.json' (48,778)
2026-02-20 05:32:06: Copy Over 'C:/Users/mr big/Dropbox/code/c sharp/projects/open_source/maui/bannister/.vs/Bannister/v17/DocumentLayout.json' -> 'goodrive://www.googleapis.com/:personal:/bannister_open_source/.vs/Bannister/v17/DocumentLayout.json' (48,778)
2026-02-20 05:32:07: Copy Over 'C:/Users/mr big/Dropbox/code/c sharp/projects/open_source/maui/bannister/Bannister/Views/ActivityCreationPage.cs' -> 'goodrive://www.googleapis.com/:personal:/bannister_open_source/Bannister/Views/ActivityCreationPage.cs' (15,902)
2026-02-20 05:32:10: Copy Over 'C:/Users/mr big/Dropbox/code/c sharp/projects/open_source/maui/bannister/Bannister/obj/x64/Debug/net8.0-windows10.0.19041.0/win10-x64/Bannister.csproj.BuildWithSkipAnalyzers' -> 'goodrive://www.googleapis.com/:personal:/bannister_open_source/Bannister/obj/x64/Debug/net8.0-windows10.0.19041.0/win10-x64/Bannister.csproj.BuildWithSkipAnalyzers' (0)
2026-02-20 05:32:10: Copy Over 'C:/Users/mr big/Dropbox/code/c sharp/projects/open_source/maui/bannister/Bannister/obj/x64/Debug/net8.0-windows10.0.19041.0/win10-x64/apphost.exe' -> 'goodrive://www.googleapis.com/:personal:/bannister_open_source/Bannister/obj/x64/Debug/net8.0-windows10.0.19041.0/win10-x64/apphost.exe' (153,088)
2026-02-20 05:32:14: Copy Over 'C:/Users/mr big/Dropbox/code/c sharp/projects/open_source/maui/bannister/Bannister/obj/x64/Debug/net8.0-windows10.0.19041.0/win10-x64/Bannister.pdb' -> 'goodrive://www.googleapis.com/:personal:/bannister_open_source/Bannister/obj/x64/Debug/net8.0-windows10.0.19041.0/win10-x64/Bannister.pdb' (219,060)
2026-02-20 05:32:14: Copy Over 'C:/Users/mr big/Dropbox/code/c sharp/projects/open_source/maui/bannister/Bannister/obj/x64/Debug/net8.0-windows10.0.19041.0/win10-x64/Bannister.dll' -> 'goodrive://www.googleapis.com/:personal:/bannister_open_source/Bannister/obj/x64/Debug/net8.0-windows10.0.19041.0/win10-x64/Bannister.dll' (1,012,224)
2026-02-20 05:32:34: Copy Over 'C:/Users/mr big/Dropbox/code/c sharp/projects/open_source/maui/bannister/Bannister/obj/x64/Debug/net8.0-windows10.0.19041.0/win10-x64/intermediatexaml/Bannister.dll' -> 'goodrive://www.googleapis.com/:personal:/bannister_open_source/Bannister/obj/x64/Debug/net8.0-windows10.0.19041.0/win10-x64/intermediatexaml/Bannister.dll' (867,328)
2026-02-20 05:32:36: Copy Over 'C:/Users/mr big/Dropbox/code/c sharp/projects/open_source/maui/bannister/Bannister/obj/x64/Debug/net8.0-windows10.0.19041.0/win10-x64/Platforms/Windows/App.xaml' -> 'goodrive://www.googleapis.com/:personal:/bannister_open_source/Bannister/obj/x64/Debug/net8.0-windows10.0.19041.0/win10-x64/Platforms/Windows/App.xaml' (312)
2026-02-20 05:32:38: Copy Over 'C:/Users/mr big/Dropbox/code/c sharp/projects/open_source/maui/bannister/Bannister/obj/x64/Debug/net8.0-windows10.0.19041.0/win10-x64/ref/Bannister.dll' -> 'goodrive://www.googleapis.com/:personal:/bannister_open_source/Bannister/obj/x64/Debug/net8.0-windows10.0.19041.0/win10-x64/ref/Bannister.dll' (378,368)
2026-02-20 05:32:39: Copy Over 'C:/Users/mr big/Dropbox/code/c sharp/projects/open_source/maui/bannister/Bannister/obj/x64/Debug/net8.0-windows10.0.19041.0/win10-x64/XamlC.stamp' -> 'goodrive://www.googleapis.com/:personal:/bannister_open_source/Bannister/obj/x64/Debug/net8.0-windows10.0.19041.0/win10-x64/XamlC.stamp' (0)
2026-02-20 05:32:43: Copy Over 'C:/Users/mr big/Dropbox/code/c sharp/projects/open_source/maui/bannister/Bannister/obj/x64/Debug/net8.0-windows10.0.19041.0/win10-x64/refint/Bannister.dll' -> 'goodrive://www.googleapis.com/:personal:/bannister_open_source/Bannister/obj/x64/Debug/net8.0-windows10.0.19041.0/win10-x64/refint/Bannister.dll' (378,368)
2026-02-20 05:32:44: Copy Over 'C:/Users/mr big/Dropbox/code/c sharp/projects/open_source/maui/bannister/Bannister/obj/x64/Debug/net8.0-windows10.0.19041.0/win10-x64/XamlSaveStateFile.xml' -> 'goodrive://www.googleapis.com/:personal:/bannister_open_source/Bannister/obj/x64/Debug/net8.0-windows10.0.19041.0/win10-x64/XamlSaveStateFile.xml' (943)
2026-02-20 05:33:18: Created Snapshot of Volume 'C:' at '/GLOBALROOT/Device/HarddiskVolumeShadowCopy3', Elevated
2026-02-20 05:33:19: Open File Snap GetShadow: AbsPath=/GLOBALROOT/Device/HarddiskVolumeShadowCopy3/Users/mr big/Dropbox/code/c sharp/projects/open_source/maui/bannister/.vs/Bannister/FileContentIndex/c937a603-0488-439e-bd07-f329182840a1.vsidx SnapshotPath=/GLOBALROOT/Device/HarddiskVolumeShadowCopy3 SnapVolume=C:
2026-02-20 05:33:22: Copy New 'C:/Users/mr big/Dropbox/code/c sharp/projects/open_source/maui/bannister/.vs/Bannister/FileContentIndex/c937a603-0488-439e-bd07-f329182840a1.vsidx' -> 'goodrive://www.googleapis.com/:personal:/bannister_open_source/.vs/Bannister/FileContentIndex/c937a603-0488-439e-bd07-f329182840a1.vsidx' (93,125)
2026-02-20 05:33:37: Save State File C:/Users/mr big/Dropbox/code/c sharp/projects/open_source/maui/bannister/_gsdata_/_file_state_v4._gs
2026-02-20 05:33:39: Save State File goodrive://www.googleapis.com/:personal:/bannister_open_source/_gsdata_/_file_state_v4._gs
2026-02-20 05:33:39: Release Snapshot of Volume C:
2026-02-20 05:33:42: == Sync Complete. Time: 00:02:20, Speed: 47.77 KB/s, OK: 27, Errors: 0
