2026-04-02 05:32:48: -- Analysis Started by On Schedule Min=30 Hour=5 
2026-04-02 05:32:48: L: Reading State File C:/Users/mr big/Dropbox/code/c sharp/projects/open_source/maui/bannister/_gsdata_/_file_state_v4._gs
2026-04-02 05:32:57: R: Reading State File goodrive://www.googleapis.com/:personal:/bannister_open_source/_gsdata_/_file_state_v4._gs
2026-04-02 05:32:59: Changes: 85, Conflicts: 0, CopyTime: 0, FixState: 0, Errors: 0, All: 9269
2026-04-02 05:32:59: Left to Right: Copy File: 81 Delete File: 4 
2026-04-02 05:32:59: == Sync Started by On Schedule Min=30 Hour=5 
2026-04-02 05:32:59: ConnectCloned connected to file:///C:/Users/mr big/Dropbox/code/c sharp/projects/open_source/maui/bannister
2026-04-02 05:32:59: ConnectCloned connected to file:///C:/Users/mr big/Dropbox/code/c sharp/projects/open_source/maui/bannister
2026-04-02 05:32:59: ConnectCloned connected to file:///C:/Users/mr big/Dropbox/code/c sharp/projects/open_source/maui/bannister
2026-04-02 05:32:59: GsConnectAndSetRoot1 connected to goodrive://www.googleapis.com/:personal:/bannister_open_source
2026-04-02 05:33:00: GsConnectAndSetRoot1 connected to goodrive://www.googleapis.com/:personal:/bannister_open_source
2026-04-02 05:33:00: GsConnectAndSetRoot1 connected to goodrive://www.googleapis.com/:personal:/bannister_open_source
2026-04-02 05:33:05: Copy Over 'C:/Users/mr big/Dropbox/code/c sharp/projects/open_source/maui/bannister/.git/index' -> 'goodrive://www.googleapis.com/:personal:/bannister_open_source/.git/index' (23,132)
2026-04-02 05:33:05: Copy Over 'C:/Users/mr big/Dropbox/code/c sharp/projects/open_source/maui/bannister/.git/logs/HEAD' -> 'goodrive://www.googleapis.com/:personal:/bannister_open_source/.git/logs/HEAD' (6,210)
2026-04-02 05:33:05: Copy Over 'C:/Users/mr big/Dropbox/code/c sharp/projects/open_source/maui/bannister/.git/COMMIT_EDITMSG' -> 'goodrive://www.googleapis.com/:personal:/bannister_open_source/.git/COMMIT_EDITMSG' (147)
2026-04-02 05:33:08: Copy New 'C:/Users/mr big/Dropbox/code/c sharp/projects/open_source/maui/bannister/.git/objects/08/db4516d18f02494462159f974428ad465f16fd' -> 'goodrive://www.googleapis.com/:personal:/bannister_open_source/.git/objects/08/db4516d18f02494462159f974428ad465f16fd' (6,911)
2026-04-02 05:33:08: Copy New 'C:/Users/mr big/Dropbox/code/c sharp/projects/open_source/maui/bannister/.git/objects/05/53a695d462d6fac4a408636fc417103268d631' -> 'goodrive://www.googleapis.com/:personal:/bannister_open_source/.git/objects/05/53a695d462d6fac4a408636fc417103268d631' (573)
2026-04-02 05:33:08: Copy New 'C:/Users/mr big/Dropbox/code/c sharp/projects/open_source/maui/bannister/.git/objects/00/95aad44c32aca10c8044b3849d3d8db35ca031' -> 'goodrive://www.googleapis.com/:personal:/bannister_open_source/.git/objects/00/95aad44c32aca10c8044b3849d3d8db35ca031' (1,160)
2026-04-02 05:33:10: Copy New 'C:/Users/mr big/Dropbox/code/c sharp/projects/open_source/maui/bannister/.git/objects/23/dd96060ceba3bd1362b1604d10849dc696283b' -> 'goodrive://www.googleapis.com/:personal:/bannister_open_source/.git/objects/23/dd96060ceba3bd1362b1604d10849dc696283b' (2,332)
2026-04-02 05:33:10: Copy New 'C:/Users/mr big/Dropbox/code/c sharp/projects/open_source/maui/bannister/.git/objects/17/a07adea59bf356a7ef8b31eac6c48ae110dd60' -> 'goodrive://www.googleapis.com/:personal:/bannister_open_source/.git/objects/17/a07adea59bf356a7ef8b31eac6c48ae110dd60' (246)
2026-04-02 05:33:11: Copy New 'C:/Users/mr big/Dropbox/code/c sharp/projects/open_source/maui/bannister/.git/objects/28/e1e37c2865b8355dfb0fc7d6735234dfffffdc' -> 'goodrive://www.googleapis.com/:personal:/bannister_open_source/.git/objects/28/e1e37c2865b8355dfb0fc7d6735234dfffffdc' (1,905)
2026-04-02 05:33:11: Create Folder goodrive://www.googleapis.com/:personal:/bannister_open_source/.git/objects/45
2026-04-02 05:33:12: Copy New 'C:/Users/mr big/Dropbox/code/c sharp/projects/open_source/maui/bannister/.git/objects/2f/d325a0c8fc61b074083ce8d9e3c8ecfdc9f9d3' -> 'goodrive://www.googleapis.com/:personal:/bannister_open_source/.git/objects/2f/d325a0c8fc61b074083ce8d9e3c8ecfdc9f9d3' (568)
2026-04-02 05:33:12: Copy New 'C:/Users/mr big/Dropbox/code/c sharp/projects/open_source/maui/bannister/.git/objects/2e/24603ed9e3611826a696f0c42a1aaa85dc6382' -> 'goodrive://www.googleapis.com/:personal:/bannister_open_source/.git/objects/2e/24603ed9e3611826a696f0c42a1aaa85dc6382' (320)
2026-04-02 05:33:13: Create Folder goodrive://www.googleapis.com/:personal:/bannister_open_source/.git/objects/57
2026-04-02 05:33:14: Copy New 'C:/Users/mr big/Dropbox/code/c sharp/projects/open_source/maui/bannister/.git/objects/32/843f3ae6eaaaf5dd4c8406216c3c07653987aa' -> 'goodrive://www.googleapis.com/:personal:/bannister_open_source/.git/objects/32/843f3ae6eaaaf5dd4c8406216c3c07653987aa' (8,771)
2026-04-02 05:33:15: Copy New 'C:/Users/mr big/Dropbox/code/c sharp/projects/open_source/maui/bannister/.git/objects/45/46664f4f62059c0db7428a95da01e2a437fbfa' -> 'goodrive://www.googleapis.com/:personal:/bannister_open_source/.git/objects/45/46664f4f62059c0db7428a95da01e2a437fbfa' (4,023)
2026-04-02 05:33:15: Copy New 'C:/Users/mr big/Dropbox/code/c sharp/projects/open_source/maui/bannister/.git/objects/51/0ace4f2dceb3b5e9f6f7e602ff6679dc09fb38' -> 'goodrive://www.googleapis.com/:personal:/bannister_open_source/.git/objects/51/0ace4f2dceb3b5e9f6f7e602ff6679dc09fb38' (23,937)
2026-04-02 05:33:16: Create Folder goodrive://www.googleapis.com/:personal:/bannister_open_source/.git/objects/6d
2026-04-02 05:33:16: Create Folder goodrive://www.googleapis.com/:personal:/bannister_open_source/.git/objects/63
2026-04-02 05:33:16: Copy New 'C:/Users/mr big/Dropbox/code/c sharp/projects/open_source/maui/bannister/.git/objects/57/f99db6d83b65f3d732d74c5c6af34b71adf62a' -> 'goodrive://www.googleapis.com/:personal:/bannister_open_source/.git/objects/57/f99db6d83b65f3d732d74c5c6af34b71adf62a' (2,283)
2026-04-02 05:33:18: Copy New 'C:/Users/mr big/Dropbox/code/c sharp/projects/open_source/maui/bannister/.git/objects/73/1cc17b131b6ae91b785f5dcf45608f3876e4f9' -> 'goodrive://www.googleapis.com/:personal:/bannister_open_source/.git/objects/73/1cc17b131b6ae91b785f5dcf45608f3876e4f9' (4,775)
2026-04-02 05:33:18: Copy New 'C:/Users/mr big/Dropbox/code/c sharp/projects/open_source/maui/bannister/.git/objects/6d/e1ce480361e984ebe6b5998c087988a7ed785a' -> 'goodrive://www.googleapis.com/:personal:/bannister_open_source/.git/objects/6d/e1ce480361e984ebe6b5998c087988a7ed785a' (155)
2026-04-02 05:33:19: Create Folder goodrive://www.googleapis.com/:personal:/bannister_open_source/.git/objects/8d
2026-04-02 05:33:19: Copy New 'C:/Users/mr big/Dropbox/code/c sharp/projects/open_source/maui/bannister/.git/objects/63/992b19db6a336eceb03aaa5de7c2f0d2bd71a9' -> 'goodrive://www.googleapis.com/:personal:/bannister_open_source/.git/objects/63/992b19db6a336eceb03aaa5de7c2f0d2bd71a9' (4,380)
2026-04-02 05:33:20: Create Folder goodrive://www.googleapis.com/:personal:/bannister_open_source/.git/objects/95
2026-04-02 05:33:21: Copy New 'C:/Users/mr big/Dropbox/code/c sharp/projects/open_source/maui/bannister/.git/objects/85/0ce506b1329bc90b3f78deefa6d76061ba2c9e' -> 'goodrive://www.googleapis.com/:personal:/bannister_open_source/.git/objects/85/0ce506b1329bc90b3f78deefa6d76061ba2c9e' (498)
2026-04-02 05:33:21: Copy New 'C:/Users/mr big/Dropbox/code/c sharp/projects/open_source/maui/bannister/.git/objects/8d/bfa05e72af80b8e46f940b7420ee29911cc4ef' -> 'goodrive://www.googleapis.com/:personal:/bannister_open_source/.git/objects/8d/bfa05e72af80b8e46f940b7420ee29911cc4ef' (103,082)
2026-04-02 05:33:22: Create Folder goodrive://www.googleapis.com/:personal:/bannister_open_source/.git/objects/b6
2026-04-02 05:33:23: Copy New 'C:/Users/mr big/Dropbox/code/c sharp/projects/open_source/maui/bannister/.git/objects/9b/37df8e8bc65fa5a05aa5d99075c31650c1c450' -> 'goodrive://www.googleapis.com/:personal:/bannister_open_source/.git/objects/9b/37df8e8bc65fa5a05aa5d99075c31650c1c450' (6,699)
2026-04-02 05:33:23: Copy New 'C:/Users/mr big/Dropbox/code/c sharp/projects/open_source/maui/bannister/.git/objects/95/612b5b151844271e80284bc568b84b0677b138' -> 'goodrive://www.googleapis.com/:personal:/bannister_open_source/.git/objects/95/612b5b151844271e80284bc568b84b0677b138' (2,050)
2026-04-02 05:33:25: Copy New 'C:/Users/mr big/Dropbox/code/c sharp/projects/open_source/maui/bannister/.git/objects/b6/0b567c32d3883507288899d8d7d0f9bcefae66' -> 'goodrive://www.googleapis.com/:personal:/bannister_open_source/.git/objects/b6/0b567c32d3883507288899d8d7d0f9bcefae66' (1,018)
2026-04-02 05:33:25: Copy New 'C:/Users/mr big/Dropbox/code/c sharp/projects/open_source/maui/bannister/.git/objects/d5/aca3c429cb480774c3a8f17e201d0b3fb3e900' -> 'goodrive://www.googleapis.com/:personal:/bannister_open_source/.git/objects/d5/aca3c429cb480774c3a8f17e201d0b3fb3e900' (9,925)
2026-04-02 05:33:25: Copy New 'C:/Users/mr big/Dropbox/code/c sharp/projects/open_source/maui/bannister/.git/objects/eb/3f295b963836af96690aebd41a623ce0fd8650' -> 'goodrive://www.googleapis.com/:personal:/bannister_open_source/.git/objects/eb/3f295b963836af96690aebd41a623ce0fd8650' (408)
2026-04-02 05:33:27: Copy New 'C:/Users/mr big/Dropbox/code/c sharp/projects/open_source/maui/bannister/.git/objects/f6/ae138fcf99e592e36d4dde1b2ba17df1746d37' -> 'goodrive://www.googleapis.com/:personal:/bannister_open_source/.git/objects/f6/ae138fcf99e592e36d4dde1b2ba17df1746d37' (646)
2026-04-02 05:33:27: Copy New 'C:/Users/mr big/Dropbox/code/c sharp/projects/open_source/maui/bannister/.git/objects/ff/32b8e63eb11e9aae13bf6e4889fdd944d4d7bd' -> 'goodrive://www.googleapis.com/:personal:/bannister_open_source/.git/objects/ff/32b8e63eb11e9aae13bf6e4889fdd944d4d7bd' (1,450)
2026-04-02 05:33:29: Copy Over 'C:/Users/mr big/Dropbox/code/c sharp/projects/open_source/maui/bannister/.git/logs/refs/heads/main' -> 'goodrive://www.googleapis.com/:personal:/bannister_open_source/.git/logs/refs/heads/main' (6,263)
2026-04-02 05:33:30: Copy Over 'C:/Users/mr big/Dropbox/code/c sharp/projects/open_source/maui/bannister/.git/logs/refs/remotes/origin/main' -> 'goodrive://www.googleapis.com/:personal:/bannister_open_source/.git/logs/refs/remotes/origin/main' (3,045)
2026-04-02 05:33:31: Delete File goodrive://www.googleapis.com/:personal:/bannister_open_source/.vs/Bannister/FileContentIndex/1cac0b37-a7ce-47cd-adf5-9f6f5d108219.vsidx
2026-04-02 05:33:31: > Copy Over 'C:/Users/mr big/Dropbox/code/c sharp/projects/open_source/maui/bannister/.vs/Bannister/CopilotIndices/17.13.441.19478/CodeChunks.db' -> 'goodrive://www.googleapis.com/:personal:/bannister_open_source/.vs/Bannister/CopilotIndices/17.13.441.19478/CodeChunks.db' (2,879,488)
2026-04-02 05:33:31: Copy Over 'C:/Users/mr big/Dropbox/code/c sharp/projects/open_source/maui/bannister/.git/refs/heads/main' -> 'goodrive://www.googleapis.com/:personal:/bannister_open_source/.git/refs/heads/main' (41)
2026-04-02 05:33:31: > Copy Over 'C:/Users/mr big/Dropbox/code/c sharp/projects/open_source/maui/bannister/.vs/Bannister/CopilotIndices/17.13.441.19478/CodeChunks.db-wal' -> 'goodrive://www.googleapis.com/:personal:/bannister_open_source/.vs/Bannister/CopilotIndices/17.13.441.19478/CodeChunks.db-wal' (4,202,432)
2026-04-02 05:33:32: Copy Over 'C:/Users/mr big/Dropbox/code/c sharp/projects/open_source/maui/bannister/.git/refs/remotes/origin/main' -> 'goodrive://www.googleapis.com/:personal:/bannister_open_source/.git/refs/remotes/origin/main' (41)
2026-04-02 05:33:32: > Copy Over 'C:/Users/mr big/Dropbox/code/c sharp/projects/open_source/maui/bannister/.vs/Bannister/CopilotIndices/17.13.441.19478/SemanticSymbols.db' -> 'goodrive://www.googleapis.com/:personal:/bannister_open_source/.vs/Bannister/CopilotIndices/17.13.441.19478/SemanticSymbols.db' (1,081,344)
2026-04-02 05:33:35: < Copy Over 'C:/Users/mr big/Dropbox/code/c sharp/projects/open_source/maui/bannister/.vs/Bannister/CopilotIndices/17.13.441.19478/CodeChunks.db' -> 'goodrive://www.googleapis.com/:personal:/bannister_open_source/.vs/Bannister/CopilotIndices/17.13.441.19478/CodeChunks.db' (2,879,488)
2026-04-02 05:33:35: > Copy Over 'C:/Users/mr big/Dropbox/code/c sharp/projects/open_source/maui/bannister/.vs/Bannister/CopilotIndices/17.13.441.19478/SemanticSymbols.db-wal' -> 'goodrive://www.googleapis.com/:personal:/bannister_open_source/.vs/Bannister/CopilotIndices/17.13.441.19478/SemanticSymbols.db-wal' (4,202,432)
2026-04-02 05:33:36: < Copy Over 'C:/Users/mr big/Dropbox/code/c sharp/projects/open_source/maui/bannister/.vs/Bannister/CopilotIndices/17.13.441.19478/CodeChunks.db-wal' -> 'goodrive://www.googleapis.com/:personal:/bannister_open_source/.vs/Bannister/CopilotIndices/17.13.441.19478/CodeChunks.db-wal' (4,202,432)
2026-04-02 05:33:36: < Copy Over 'C:/Users/mr big/Dropbox/code/c sharp/projects/open_source/maui/bannister/.vs/Bannister/CopilotIndices/17.13.441.19478/SemanticSymbols.db' -> 'goodrive://www.googleapis.com/:personal:/bannister_open_source/.vs/Bannister/CopilotIndices/17.13.441.19478/SemanticSymbols.db' (1,081,344)
2026-04-02 05:33:36: Delete File goodrive://www.googleapis.com/:personal:/bannister_open_source/.vs/Bannister/FileContentIndex/236e9a5b-7b1a-4768-921b-c4f6bfc20b66.vsidx
2026-04-02 05:33:36: CopyFileSimple: OpenDownload: ERR: Cannot open file C:/Users/mr big/Dropbox/code/c sharp/projects/open_source/maui/bannister/.vs/Bannister/FileContentIndex/d4bae322-00f5-40cb-9e64-7b2bc4c4d820.vsidx: cannot open file 'C:/Users/mr big/Dropbox/code/c sharp/projects/open_source/maui/bannister/.vs/Bannister/FileContentIndex/d4bae322-00f5-40cb-9e64-7b2bc4c4d820.vsidx': The process cannot access the file because it is being used by another process.  (error 32)
2026-04-02 05:33:36: Connecting to Elevated Local GoodSync Server to complete operation
2026-04-02 05:33:36: LOCAL C:(127.0.0.1) -> S:127.0.0.1:33333
2026-04-02 05:33:37: Delete File goodrive://www.googleapis.com/:personal:/bannister_open_source/.vs/Bannister/FileContentIndex/ce2c2ea2-c24b-4ebd-b850-39335a23a6d5.vsidx
2026-04-02 05:33:37: CopyFileSimple: OpenDownload: ERR: Cannot open file C:/Users/mr big/Dropbox/code/c sharp/projects/open_source/maui/bannister/.vs/Bannister/FileContentIndex/d70507db-9a1e-40ec-9efe-ec12d90b7826.vsidx: cannot open file 'C:/Users/mr big/Dropbox/code/c sharp/projects/open_source/maui/bannister/.vs/Bannister/FileContentIndex/d70507db-9a1e-40ec-9efe-ec12d90b7826.vsidx': The process cannot access the file because it is being used by another process.  (error 32)
2026-04-02 05:33:40: < Copy Over 'C:/Users/mr big/Dropbox/code/c sharp/projects/open_source/maui/bannister/.vs/Bannister/CopilotIndices/17.13.441.19478/SemanticSymbols.db-wal' -> 'goodrive://www.googleapis.com/:personal:/bannister_open_source/.vs/Bannister/CopilotIndices/17.13.441.19478/SemanticSymbols.db-wal' (4,202,432)
2026-04-02 05:33:41: Delete File goodrive://www.googleapis.com/:personal:/bannister_open_source/.vs/Bannister/FileContentIndex/d7f36644-4833-41ec-b5d2-f9e85cd9320d.vsidx
2026-04-02 05:33:41: CopyFileSimple: OpenDownload: ERR: Cannot open file C:/Users/mr big/Dropbox/code/c sharp/projects/open_source/maui/bannister/.vs/Bannister/FileContentIndex/e6496ddc-42d2-425e-b287-42e8ab92b185.vsidx: cannot open file 'C:/Users/mr big/Dropbox/code/c sharp/projects/open_source/maui/bannister/.vs/Bannister/FileContentIndex/e6496ddc-42d2-425e-b287-42e8ab92b185.vsidx': The process cannot access the file because it is being used by another process.  (error 32)
2026-04-02 05:36:16: Created Snapshot of Volume 'C:' at '/GLOBALROOT/Device/HarddiskVolumeShadowCopy28', Elevated
2026-04-02 05:36:17: Open File Snap GetShadow: AbsPath=/GLOBALROOT/Device/HarddiskVolumeShadowCopy28/Users/mr big/Dropbox/code/c sharp/projects/open_source/maui/bannister/.vs/Bannister/FileContentIndex/d4bae322-00f5-40cb-9e64-7b2bc4c4d820.vsidx SnapshotPath=/GLOBALROOT/Device/HarddiskVolumeShadowCopy28 SnapVolume=C:
2026-04-02 05:36:17: Open File Snap GetShadow: AbsPath=/GLOBALROOT/Device/HarddiskVolumeShadowCopy28/Users/mr big/Dropbox/code/c sharp/projects/open_source/maui/bannister/.vs/Bannister/FileContentIndex/d70507db-9a1e-40ec-9efe-ec12d90b7826.vsidx SnapshotPath=/GLOBALROOT/Device/HarddiskVolumeShadowCopy28 SnapVolume=C:
2026-04-02 05:36:17: Open File Snap GetShadow: AbsPath=/GLOBALROOT/Device/HarddiskVolumeShadowCopy28/Users/mr big/Dropbox/code/c sharp/projects/open_source/maui/bannister/.vs/Bannister/FileContentIndex/e6496ddc-42d2-425e-b287-42e8ab92b185.vsidx SnapshotPath=/GLOBALROOT/Device/HarddiskVolumeShadowCopy28 SnapVolume=C:
2026-04-02 05:36:20: Copy New 'C:/Users/mr big/Dropbox/code/c sharp/projects/open_source/maui/bannister/.vs/Bannister/FileContentIndex/d70507db-9a1e-40ec-9efe-ec12d90b7826.vsidx' -> 'goodrive://www.googleapis.com/:personal:/bannister_open_source/.vs/Bannister/FileContentIndex/d70507db-9a1e-40ec-9efe-ec12d90b7826.vsidx' (157,952)
2026-04-02 05:36:20: Copy New 'C:/Users/mr big/Dropbox/code/c sharp/projects/open_source/maui/bannister/.vs/Bannister/FileContentIndex/d4bae322-00f5-40cb-9e64-7b2bc4c4d820.vsidx' -> 'goodrive://www.googleapis.com/:personal:/bannister_open_source/.vs/Bannister/FileContentIndex/d4bae322-00f5-40cb-9e64-7b2bc4c4d820.vsidx' (174,437)
2026-04-02 05:36:20: CopyFileSimple: OpenDownload: ERR: Cannot open file C:/Users/mr big/Dropbox/code/c sharp/projects/open_source/maui/bannister/.vs/Bannister/FileContentIndex/eb87b620-8a10-447f-a8cf-a5d6f8beb7fd.vsidx: cannot open file 'C:/Users/mr big/Dropbox/code/c sharp/projects/open_source/maui/bannister/.vs/Bannister/FileContentIndex/eb87b620-8a10-447f-a8cf-a5d6f8beb7fd.vsidx': The process cannot access the file because it is being used by another process.  (error 32)
2026-04-02 05:36:20: Open File Snap GetShadow: AbsPath=/GLOBALROOT/Device/HarddiskVolumeShadowCopy28/Users/mr big/Dropbox/code/c sharp/projects/open_source/maui/bannister/.vs/Bannister/FileContentIndex/eb87b620-8a10-447f-a8cf-a5d6f8beb7fd.vsidx SnapshotPath=/GLOBALROOT/Device/HarddiskVolumeShadowCopy28 SnapVolume=C:
2026-04-02 05:36:21: Copy New 'C:/Users/mr big/Dropbox/code/c sharp/projects/open_source/maui/bannister/.vs/Bannister/FileContentIndex/e6496ddc-42d2-425e-b287-42e8ab92b185.vsidx' -> 'goodrive://www.googleapis.com/:personal:/bannister_open_source/.vs/Bannister/FileContentIndex/e6496ddc-42d2-425e-b287-42e8ab92b185.vsidx' (159,943)
2026-04-02 05:36:24: Copy New 'C:/Users/mr big/Dropbox/code/c sharp/projects/open_source/maui/bannister/.vs/Bannister/FileContentIndex/eb87b620-8a10-447f-a8cf-a5d6f8beb7fd.vsidx' -> 'goodrive://www.googleapis.com/:personal:/bannister_open_source/.vs/Bannister/FileContentIndex/eb87b620-8a10-447f-a8cf-a5d6f8beb7fd.vsidx' (167,657)
2026-04-02 05:36:24: Copy Over 'C:/Users/mr big/Dropbox/code/c sharp/projects/open_source/maui/bannister/.vs/Bannister/v17/DocumentLayout.backup.json' -> 'goodrive://www.googleapis.com/:personal:/bannister_open_source/.vs/Bannister/v17/DocumentLayout.backup.json' (22,372)
2026-04-02 05:36:24: Copy Over 'C:/Users/mr big/Dropbox/code/c sharp/projects/open_source/maui/bannister/.vs/Bannister/v17/.suo' -> 'goodrive://www.googleapis.com/:personal:/bannister_open_source/.vs/Bannister/v17/.suo' (141,824)
2026-04-02 05:36:41: Copy Over 'C:/Users/mr big/Dropbox/code/c sharp/projects/open_source/maui/bannister/.vs/Bannister/v17/DocumentLayout.json' -> 'goodrive://www.googleapis.com/:personal:/bannister_open_source/.vs/Bannister/v17/DocumentLayout.json' (22,372)
2026-04-02 05:36:42: Copy Over 'C:/Users/mr big/Dropbox/code/c sharp/projects/open_source/maui/bannister/Bannister/MauiProgram.cs' -> 'goodrive://www.googleapis.com/:personal:/bannister_open_source/Bannister/MauiProgram.cs' (4,003)
2026-04-02 05:36:42: > Copy Over 'C:/Users/mr big/Dropbox/code/c sharp/projects/open_source/maui/bannister/Bannister/bin/x64/Debug/net8.0-windows10.0.19041.0/AppX/Bannister.dll' -> 'goodrive://www.googleapis.com/:personal:/bannister_open_source/Bannister/bin/x64/Debug/net8.0-windows10.0.19041.0/AppX/Bannister.dll' (2,332,160)
2026-04-02 05:36:42: Copy Over 'C:/Users/mr big/Dropbox/code/c sharp/projects/open_source/maui/bannister/Bannister/bin/x64/Debug/net8.0-windows10.0.19041.0/AppxManifest.xml' -> 'goodrive://www.googleapis.com/:personal:/bannister_open_source/Bannister/bin/x64/Debug/net8.0-windows10.0.19041.0/AppxManifest.xml' (2,821)
2026-04-02 05:36:45: Copy Over 'C:/Users/mr big/Dropbox/code/c sharp/projects/open_source/maui/bannister/Bannister/bin/x64/Debug/net8.0-windows10.0.19041.0/AppX/AppxManifest.xml' -> 'goodrive://www.googleapis.com/:personal:/bannister_open_source/Bannister/bin/x64/Debug/net8.0-windows10.0.19041.0/AppX/AppxManifest.xml' (2,821)
2026-04-02 05:36:46: Copy Over 'C:/Users/mr big/Dropbox/code/c sharp/projects/open_source/maui/bannister/Bannister/bin/x64/Debug/net8.0-windows10.0.19041.0/AppX/Bannister.exe' -> 'goodrive://www.googleapis.com/:personal:/bannister_open_source/Bannister/bin/x64/Debug/net8.0-windows10.0.19041.0/AppX/Bannister.exe' (153,088)
2026-04-02 05:36:46: < Copy Over 'C:/Users/mr big/Dropbox/code/c sharp/projects/open_source/maui/bannister/Bannister/bin/x64/Debug/net8.0-windows10.0.19041.0/AppX/Bannister.dll' -> 'goodrive://www.googleapis.com/:personal:/bannister_open_source/Bannister/bin/x64/Debug/net8.0-windows10.0.19041.0/AppX/Bannister.dll' (2,332,160)
2026-04-02 05:36:46: > Copy Over 'C:/Users/mr big/Dropbox/code/c sharp/projects/open_source/maui/bannister/Bannister/bin/x64/Debug/net8.0-windows10.0.19041.0/Bannister.dll' -> 'goodrive://www.googleapis.com/:personal:/bannister_open_source/Bannister/bin/x64/Debug/net8.0-windows10.0.19041.0/Bannister.dll' (2,332,160)
2026-04-02 05:36:48: Copy Over 'C:/Users/mr big/Dropbox/code/c sharp/projects/open_source/maui/bannister/Bannister/bin/x64/Debug/net8.0-windows10.0.19041.0/AppX/vs.appxrecipe' -> 'goodrive://www.googleapis.com/:personal:/bannister_open_source/Bannister/bin/x64/Debug/net8.0-windows10.0.19041.0/AppX/vs.appxrecipe' (67,613)
2026-04-02 05:36:49: Copy Over 'C:/Users/mr big/Dropbox/code/c sharp/projects/open_source/maui/bannister/Bannister/bin/x64/Debug/net8.0-windows10.0.19041.0/Bannister.build.appxrecipe' -> 'goodrive://www.googleapis.com/:personal:/bannister_open_source/Bannister/bin/x64/Debug/net8.0-windows10.0.19041.0/Bannister.build.appxrecipe' (57,124)
2026-04-02 05:36:50: < Copy Over 'C:/Users/mr big/Dropbox/code/c sharp/projects/open_source/maui/bannister/Bannister/bin/x64/Debug/net8.0-windows10.0.19041.0/Bannister.dll' -> 'goodrive://www.googleapis.com/:personal:/bannister_open_source/Bannister/bin/x64/Debug/net8.0-windows10.0.19041.0/Bannister.dll' (2,332,160)
2026-04-02 05:36:52: Copy New 'C:/Users/mr big/Dropbox/code/c sharp/projects/open_source/maui/bannister/Bannister/Models/StoryProject.cs' -> 'goodrive://www.googleapis.com/:personal:/bannister_open_source/Bannister/Models/StoryProject.cs' (4,179)
2026-04-02 05:36:52: Copy Over 'C:/Users/mr big/Dropbox/code/c sharp/projects/open_source/maui/bannister/Bannister/bin/x64/Debug/net8.0-windows10.0.19041.0/Bannister.exe' -> 'goodrive://www.googleapis.com/:personal:/bannister_open_source/Bannister/bin/x64/Debug/net8.0-windows10.0.19041.0/Bannister.exe' (153,088)
2026-04-02 05:36:54: Copy Over 'C:/Users/mr big/Dropbox/code/c sharp/projects/open_source/maui/bannister/Bannister/bin/x64/Debug/net8.0-windows10.0.19041.0/Bannister.pdb' -> 'goodrive://www.googleapis.com/:personal:/bannister_open_source/Bannister/bin/x64/Debug/net8.0-windows10.0.19041.0/Bannister.pdb' (515,200)
2026-04-02 05:36:54: Copy New 'C:/Users/mr big/Dropbox/code/c sharp/projects/open_source/maui/bannister/Bannister/Services/StoryProductionService.cs' -> 'goodrive://www.googleapis.com/:personal:/bannister_open_source/Bannister/Services/StoryProductionService.cs' (35,130)
2026-04-02 05:36:57: Copy New 'C:/Users/mr big/Dropbox/code/c sharp/projects/open_source/maui/bannister/Bannister/Views/StoryProductionPage.cs' -> 'goodrive://www.googleapis.com/:personal:/bannister_open_source/Bannister/Views/StoryProductionPage.cs' (113,188)
2026-04-02 05:36:57: Copy Over 'C:/Users/mr big/Dropbox/code/c sharp/projects/open_source/maui/bannister/Bannister/obj/x64/Debug/net8.0-windows10.0.19041.0/apphost.exe' -> 'goodrive://www.googleapis.com/:personal:/bannister_open_source/Bannister/obj/x64/Debug/net8.0-windows10.0.19041.0/apphost.exe' (153,088)
2026-04-02 05:36:57: Copy Over 'C:/Users/mr big/Dropbox/code/c sharp/projects/open_source/maui/bannister/Bannister/Views/HomePage.cs' -> 'goodrive://www.googleapis.com/:personal:/bannister_open_source/Bannister/Views/HomePage.cs' (15,207)
2026-04-02 05:36:57: > Copy Over 'C:/Users/mr big/Dropbox/code/c sharp/projects/open_source/maui/bannister/Bannister/obj/x64/Debug/net8.0-windows10.0.19041.0/Bannister.dll' -> 'goodrive://www.googleapis.com/:personal:/bannister_open_source/Bannister/obj/x64/Debug/net8.0-windows10.0.19041.0/Bannister.dll' (2,332,160)
2026-04-02 05:37:00: Copy Over 'C:/Users/mr big/Dropbox/code/c sharp/projects/open_source/maui/bannister/Bannister/obj/x64/Debug/net8.0-windows10.0.19041.0/Bannister.csproj.BuildWithSkipAnalyzers' -> 'goodrive://www.googleapis.com/:personal:/bannister_open_source/Bannister/obj/x64/Debug/net8.0-windows10.0.19041.0/Bannister.csproj.BuildWithSkipAnalyzers' (0)
2026-04-02 05:37:01: Copy Over 'C:/Users/mr big/Dropbox/code/c sharp/projects/open_source/maui/bannister/Bannister/obj/x64/Debug/net8.0-windows10.0.19041.0/Bannister.csproj.CoreCompileInputs.cache' -> 'goodrive://www.googleapis.com/:personal:/bannister_open_source/Bannister/obj/x64/Debug/net8.0-windows10.0.19041.0/Bannister.csproj.CoreCompileInputs.cache' (66)
2026-04-02 05:37:01: < Copy Over 'C:/Users/mr big/Dropbox/code/c sharp/projects/open_source/maui/bannister/Bannister/obj/x64/Debug/net8.0-windows10.0.19041.0/Bannister.dll' -> 'goodrive://www.googleapis.com/:personal:/bannister_open_source/Bannister/obj/x64/Debug/net8.0-windows10.0.19041.0/Bannister.dll' (2,332,160)
2026-04-02 05:37:04: Copy Over 'C:/Users/mr big/Dropbox/code/c sharp/projects/open_source/maui/bannister/Bannister/obj/x64/Debug/net8.0-windows10.0.19041.0/Bannister.pdb' -> 'goodrive://www.googleapis.com/:personal:/bannister_open_source/Bannister/obj/x64/Debug/net8.0-windows10.0.19041.0/Bannister.pdb' (515,200)
2026-04-02 05:37:04: Copy Over 'C:/Users/mr big/Dropbox/code/c sharp/projects/open_source/maui/bannister/Bannister/obj/x64/Debug/net8.0-windows10.0.19041.0/excluded.layout.resfiles.intermediate' -> 'goodrive://www.googleapis.com/:personal:/bannister_open_source/Bannister/obj/x64/Debug/net8.0-windows10.0.19041.0/excluded.layout.resfiles.intermediate' (0)
2026-04-02 05:37:04: > Copy Over 'C:/Users/mr big/Dropbox/code/c sharp/projects/open_source/maui/bannister/Bannister/obj/x64/Debug/net8.0-windows10.0.19041.0/intermediatexaml/Bannister.dll' -> 'goodrive://www.googleapis.com/:personal:/bannister_open_source/Bannister/obj/x64/Debug/net8.0-windows10.0.19041.0/intermediatexaml/Bannister.dll' (2,194,432)
2026-04-02 05:37:05: Copy Over 'C:/Users/mr big/Dropbox/code/c sharp/projects/open_source/maui/bannister/Bannister/obj/x64/Debug/net8.0-windows10.0.19041.0/embed/embed.resfiles.intermediate' -> 'goodrive://www.googleapis.com/:personal:/bannister_open_source/Bannister/obj/x64/Debug/net8.0-windows10.0.19041.0/embed/embed.resfiles.intermediate' (27)
2026-04-02 05:37:08: Copy Over 'C:/Users/mr big/Dropbox/code/c sharp/projects/open_source/maui/bannister/Bannister/obj/x64/Debug/net8.0-windows10.0.19041.0/filtered.layout.resfiles.intermediate' -> 'goodrive://www.googleapis.com/:personal:/bannister_open_source/Bannister/obj/x64/Debug/net8.0-windows10.0.19041.0/filtered.layout.resfiles.intermediate' (2,300)
2026-04-02 05:37:09: < Copy Over 'C:/Users/mr big/Dropbox/code/c sharp/projects/open_source/maui/bannister/Bannister/obj/x64/Debug/net8.0-windows10.0.19041.0/intermediatexaml/Bannister.dll' -> 'goodrive://www.googleapis.com/:personal:/bannister_open_source/Bannister/obj/x64/Debug/net8.0-windows10.0.19041.0/intermediatexaml/Bannister.dll' (2,194,432)
2026-04-02 05:37:10: Copy Over 'C:/Users/mr big/Dropbox/code/c sharp/projects/open_source/maui/bannister/Bannister/obj/x64/Debug/net8.0-windows10.0.19041.0/pri.resfiles.intermediate' -> 'goodrive://www.googleapis.com/:personal:/bannister_open_source/Bannister/obj/x64/Debug/net8.0-windows10.0.19041.0/pri.resfiles.intermediate' (386)
2026-04-02 05:37:12: Copy Over 'C:/Users/mr big/Dropbox/code/c sharp/projects/open_source/maui/bannister/Bannister/obj/x64/Debug/net8.0-windows10.0.19041.0/priconfig.xml.intermediate' -> 'goodrive://www.googleapis.com/:personal:/bannister_open_source/Bannister/obj/x64/Debug/net8.0-windows10.0.19041.0/priconfig.xml.intermediate' (3,154)
2026-04-02 05:37:12: Copy Over 'C:/Users/mr big/Dropbox/code/c sharp/projects/open_source/maui/bannister/Bannister/obj/x64/Debug/net8.0-windows10.0.19041.0/Platforms/Windows/App.xaml' -> 'goodrive://www.googleapis.com/:personal:/bannister_open_source/Bannister/obj/x64/Debug/net8.0-windows10.0.19041.0/Platforms/Windows/App.xaml' (312)
2026-04-02 05:37:13: Copy Over 'C:/Users/mr big/Dropbox/code/c sharp/projects/open_source/maui/bannister/Bannister/obj/x64/Debug/net8.0-windows10.0.19041.0/ref/Bannister.dll' -> 'goodrive://www.googleapis.com/:personal:/bannister_open_source/Bannister/obj/x64/Debug/net8.0-windows10.0.19041.0/ref/Bannister.dll' (634,368)
2026-04-02 05:37:16: Copy Over 'C:/Users/mr big/Dropbox/code/c sharp/projects/open_source/maui/bannister/Bannister/obj/x64/Debug/net8.0-windows10.0.19041.0/refint/Bannister.dll' -> 'goodrive://www.googleapis.com/:personal:/bannister_open_source/Bannister/obj/x64/Debug/net8.0-windows10.0.19041.0/refint/Bannister.dll' (634,368)
2026-04-02 05:37:16: Copy Over 'C:/Users/mr big/Dropbox/code/c sharp/projects/open_source/maui/bannister/Bannister/obj/x64/Debug/net8.0-windows10.0.19041.0/resources.resfiles.intermediate' -> 'goodrive://www.googleapis.com/:personal:/bannister_open_source/Bannister/obj/x64/Debug/net8.0-windows10.0.19041.0/resources.resfiles.intermediate' (0)
2026-04-02 05:37:17: Copy Over 'C:/Users/mr big/Dropbox/code/c sharp/projects/open_source/maui/bannister/Bannister/obj/x64/Debug/net8.0-windows10.0.19041.0/unfiltered.layout.resfiles.intermediate' -> 'goodrive://www.googleapis.com/:personal:/bannister_open_source/Bannister/obj/x64/Debug/net8.0-windows10.0.19041.0/unfiltered.layout.resfiles.intermediate' (2,300)
2026-04-02 05:37:19: Copy Over 'C:/Users/mr big/Dropbox/code/c sharp/projects/open_source/maui/bannister/Bannister/obj/x64/Debug/net8.0-windows10.0.19041.0/XamlSaveStateFile.xml' -> 'goodrive://www.googleapis.com/:personal:/bannister_open_source/Bannister/obj/x64/Debug/net8.0-windows10.0.19041.0/XamlSaveStateFile.xml' (923)
2026-04-02 05:37:19: Copy Over 'C:/Users/mr big/Dropbox/code/c sharp/projects/open_source/maui/bannister/Bannister/obj/x64/Debug/net8.0-windows10.0.19041.0/XamlC.stamp' -> 'goodrive://www.googleapis.com/:personal:/bannister_open_source/Bannister/obj/x64/Debug/net8.0-windows10.0.19041.0/XamlC.stamp' (0)
2026-04-02 05:37:19: Save State File C:/Users/mr big/Dropbox/code/c sharp/projects/open_source/maui/bannister/_gsdata_/_file_state_v4._gs
2026-04-02 05:37:22: Save State File goodrive://www.googleapis.com/:personal:/bannister_open_source/_gsdata_/_file_state_v4._gs
2026-04-02 05:37:23: Release Snapshot of Volume C:
2026-04-02 05:37:27: == Sync Complete. Time: 00:04:28, Speed: 98.79 KB/s, OK: 85, Errors: 0
