2026-03-19 05:32:44: -- Analysis Started by On Schedule Min=30 Hour=5 
2026-03-19 05:32:44: L: Reading State File C:/Users/mr big/Dropbox/code/c sharp/projects/open_source/maui/bannister/_gsdata_/_file_state_v4._gs
2026-03-19 05:32:53: R: Reading State File goodrive://www.googleapis.com/:personal:/bannister_open_source/_gsdata_/_file_state_v4._gs
2026-03-19 05:32:56: Changes: 79, Conflicts: 0, CopyTime: 0, FixState: 0, Errors: 0, All: 9090
2026-03-19 05:32:56: Left to Right: Copy File: 75 Delete File: 4 
2026-03-19 05:32:56: == Sync Started by On Schedule Min=30 Hour=5 
2026-03-19 05:32:56: ConnectCloned connected to file:///C:/Users/mr big/Dropbox/code/c sharp/projects/open_source/maui/bannister
2026-03-19 05:32:56: ConnectCloned connected to file:///C:/Users/mr big/Dropbox/code/c sharp/projects/open_source/maui/bannister
2026-03-19 05:32:56: ConnectCloned connected to file:///C:/Users/mr big/Dropbox/code/c sharp/projects/open_source/maui/bannister
2026-03-19 05:32:56: GsConnectAndSetRoot1 connected to goodrive://www.googleapis.com/:personal:/bannister_open_source
2026-03-19 05:32:56: GsConnectAndSetRoot1 connected to goodrive://www.googleapis.com/:personal:/bannister_open_source
2026-03-19 05:32:56: GsConnectAndSetRoot1 connected to goodrive://www.googleapis.com/:personal:/bannister_open_source
2026-03-19 05:32:56: > Copy Over 'C:/Users/mr big/Dropbox/code/c sharp/projects/open_source/maui/bannister/.vs/Bannister/CopilotIndices/17.13.441.19478/CodeChunks.db-wal' -> 'goodrive://www.googleapis.com/:personal:/bannister_open_source/.vs/Bannister/CopilotIndices/17.13.441.19478/CodeChunks.db-wal' (4,144,752)
2026-03-19 05:33:02: Copy Over 'C:/Users/mr big/Dropbox/code/c sharp/projects/open_source/maui/bannister/.git/COMMIT_EDITMSG' -> 'goodrive://www.googleapis.com/:personal:/bannister_open_source/.git/COMMIT_EDITMSG' (56)
2026-03-19 05:33:03: Copy Over 'C:/Users/mr big/Dropbox/code/c sharp/projects/open_source/maui/bannister/.vs/Bannister/CopilotIndices/17.13.441.19478/SemanticSymbols.db' -> 'goodrive://www.googleapis.com/:personal:/bannister_open_source/.vs/Bannister/CopilotIndices/17.13.441.19478/SemanticSymbols.db' (942,080)
2026-03-19 05:33:03: < Copy Over 'C:/Users/mr big/Dropbox/code/c sharp/projects/open_source/maui/bannister/.vs/Bannister/CopilotIndices/17.13.441.19478/CodeChunks.db-wal' -> 'goodrive://www.googleapis.com/:personal:/bannister_open_source/.vs/Bannister/CopilotIndices/17.13.441.19478/CodeChunks.db-wal' (4,144,752)
2026-03-19 05:33:03: > Copy Over 'C:/Users/mr big/Dropbox/code/c sharp/projects/open_source/maui/bannister/Bannister/bin/x64/Debug/net8.0-windows10.0.19041.0/AppX/Bannister.dll' -> 'goodrive://www.googleapis.com/:personal:/bannister_open_source/Bannister/bin/x64/Debug/net8.0-windows10.0.19041.0/AppX/Bannister.dll' (1,843,712)
2026-03-19 05:33:07: Copy Over 'C:/Users/mr big/Dropbox/code/c sharp/projects/open_source/maui/bannister/Bannister/bin/x64/Debug/net8.0-windows10.0.19041.0/AppxManifest.xml' -> 'goodrive://www.googleapis.com/:personal:/bannister_open_source/Bannister/bin/x64/Debug/net8.0-windows10.0.19041.0/AppxManifest.xml' (2,821)
2026-03-19 05:33:07: < Copy Over 'C:/Users/mr big/Dropbox/code/c sharp/projects/open_source/maui/bannister/Bannister/bin/x64/Debug/net8.0-windows10.0.19041.0/AppX/Bannister.dll' -> 'goodrive://www.googleapis.com/:personal:/bannister_open_source/Bannister/bin/x64/Debug/net8.0-windows10.0.19041.0/AppX/Bannister.dll' (1,843,712)
2026-03-19 05:33:08: Copy Over 'C:/Users/mr big/Dropbox/code/c sharp/projects/open_source/maui/bannister/Bannister/bin/x64/Debug/net8.0-windows10.0.19041.0/AppX/AppxManifest.xml' -> 'goodrive://www.googleapis.com/:personal:/bannister_open_source/Bannister/bin/x64/Debug/net8.0-windows10.0.19041.0/AppX/AppxManifest.xml' (2,821)
2026-03-19 05:33:11: Copy Over 'C:/Users/mr big/Dropbox/code/c sharp/projects/open_source/maui/bannister/Bannister/bin/x64/Debug/net8.0-windows10.0.19041.0/AppX/Bannister.exe' -> 'goodrive://www.googleapis.com/:personal:/bannister_open_source/Bannister/bin/x64/Debug/net8.0-windows10.0.19041.0/AppX/Bannister.exe' (153,088)
2026-03-19 05:33:11: > Copy Over 'C:/Users/mr big/Dropbox/code/c sharp/projects/open_source/maui/bannister/Bannister/bin/x64/Debug/net8.0-windows10.0.19041.0/Bannister.dll' -> 'goodrive://www.googleapis.com/:personal:/bannister_open_source/Bannister/bin/x64/Debug/net8.0-windows10.0.19041.0/Bannister.dll' (1,843,712)
2026-03-19 05:33:11: Copy Over 'C:/Users/mr big/Dropbox/code/c sharp/projects/open_source/maui/bannister/Bannister/bin/x64/Debug/net8.0-windows10.0.19041.0/Bannister.build.appxrecipe' -> 'goodrive://www.googleapis.com/:personal:/bannister_open_source/Bannister/bin/x64/Debug/net8.0-windows10.0.19041.0/Bannister.build.appxrecipe' (57,124)
2026-03-19 05:33:12: Copy Over 'C:/Users/mr big/Dropbox/code/c sharp/projects/open_source/maui/bannister/Bannister/bin/x64/Debug/net8.0-windows10.0.19041.0/AppX/vs.appxrecipe' -> 'goodrive://www.googleapis.com/:personal:/bannister_open_source/Bannister/bin/x64/Debug/net8.0-windows10.0.19041.0/AppX/vs.appxrecipe' (67,613)
2026-03-19 05:33:15: Copy Over 'C:/Users/mr big/Dropbox/code/c sharp/projects/open_source/maui/bannister/Bannister/bin/x64/Debug/net8.0-windows10.0.19041.0/Bannister.exe' -> 'goodrive://www.googleapis.com/:personal:/bannister_open_source/Bannister/bin/x64/Debug/net8.0-windows10.0.19041.0/Bannister.exe' (153,088)
2026-03-19 05:33:15: > Copy Over 'C:/Users/mr big/Dropbox/code/c sharp/projects/open_source/maui/bannister/.vs/Bannister/CopilotIndices/17.13.441.19478/SemanticSymbols.db-wal' -> 'goodrive://www.googleapis.com/:personal:/bannister_open_source/.vs/Bannister/CopilotIndices/17.13.441.19478/SemanticSymbols.db-wal' (4,214,792)
2026-03-19 05:33:15: < Copy Over 'C:/Users/mr big/Dropbox/code/c sharp/projects/open_source/maui/bannister/Bannister/bin/x64/Debug/net8.0-windows10.0.19041.0/Bannister.dll' -> 'goodrive://www.googleapis.com/:personal:/bannister_open_source/Bannister/bin/x64/Debug/net8.0-windows10.0.19041.0/Bannister.dll' (1,843,712)
2026-03-19 05:33:16: Copy Over 'C:/Users/mr big/Dropbox/code/c sharp/projects/open_source/maui/bannister/Bannister/bin/x64/Debug/net8.0-windows10.0.19041.0/Bannister.pdb' -> 'goodrive://www.googleapis.com/:personal:/bannister_open_source/Bannister/bin/x64/Debug/net8.0-windows10.0.19041.0/Bannister.pdb' (409,368)
2026-03-19 05:33:16: Delete File goodrive://www.googleapis.com/:personal:/bannister_open_source/.vs/Bannister/FileContentIndex/d738b610-53c3-4ea9-a25f-67ca7e5ae9d0.vsidx
2026-03-19 05:33:20: < Copy Over 'C:/Users/mr big/Dropbox/code/c sharp/projects/open_source/maui/bannister/.vs/Bannister/CopilotIndices/17.13.441.19478/SemanticSymbols.db-wal' -> 'goodrive://www.googleapis.com/:personal:/bannister_open_source/.vs/Bannister/CopilotIndices/17.13.441.19478/SemanticSymbols.db-wal' (4,214,792)
2026-03-19 05:33:21: Copy Over 'C:/Users/mr big/Dropbox/code/c sharp/projects/open_source/maui/bannister/.vs/Bannister/v17/.suo' -> 'goodrive://www.googleapis.com/:personal:/bannister_open_source/.vs/Bannister/v17/.suo' (115,200)
2026-03-19 05:33:21: Copy Over 'C:/Users/mr big/Dropbox/code/c sharp/projects/open_source/maui/bannister/.vs/Bannister/v17/DocumentLayout.backup.json' -> 'goodrive://www.googleapis.com/:personal:/bannister_open_source/.vs/Bannister/v17/DocumentLayout.backup.json' (4,836)
2026-03-19 05:33:21: CopyFileSimple: OpenDownload: ERR: Cannot open file C:/Users/mr big/Dropbox/code/c sharp/projects/open_source/maui/bannister/.vs/Bannister/FileContentIndex/e65d251f-2eb7-405e-b2e4-3f7d60e174d7.vsidx: cannot open file 'C:/Users/mr big/Dropbox/code/c sharp/projects/open_source/maui/bannister/.vs/Bannister/FileContentIndex/e65d251f-2eb7-405e-b2e4-3f7d60e174d7.vsidx': The process cannot access the file because it is being used by another process.  (error 32)
2026-03-19 05:33:21: Connecting to Elevated Local GoodSync Server to complete operation
2026-03-19 05:33:21: LOCAL C:(127.0.0.1) -> S:127.0.0.1:33333
2026-03-19 05:33:21: Delete File goodrive://www.googleapis.com/:personal:/bannister_open_source/.vs/Bannister/FileContentIndex/db0399f7-8dcf-49d8-a42b-15f5ec31485d.vsidx
2026-03-19 05:33:21: CopyFileSimple: OpenDownload: ERR: Cannot open file C:/Users/mr big/Dropbox/code/c sharp/projects/open_source/maui/bannister/.vs/Bannister/FileContentIndex/f5e2f782-a4c2-47ab-9d4d-f960bbcc7952.vsidx: cannot open file 'C:/Users/mr big/Dropbox/code/c sharp/projects/open_source/maui/bannister/.vs/Bannister/FileContentIndex/f5e2f782-a4c2-47ab-9d4d-f960bbcc7952.vsidx': The process cannot access the file because it is being used by another process.  (error 32)
2026-03-19 05:33:25: Copy Over 'C:/Users/mr big/Dropbox/code/c sharp/projects/open_source/maui/bannister/.vs/Bannister/v17/DocumentLayout.json' -> 'goodrive://www.googleapis.com/:personal:/bannister_open_source/.vs/Bannister/v17/DocumentLayout.json' (4,836)
2026-03-19 05:33:26: Delete File goodrive://www.googleapis.com/:personal:/bannister_open_source/Bannister/Views/ActivityGamePage/ActivityGamePage.MobileUI.cs
2026-03-19 05:33:27: Delete File goodrive://www.googleapis.com/:personal:/bannister_open_source/Bannister/Views/ActivityGamePage/ActivityGamePage.Navigation.cs
2026-03-19 05:33:32: Copy Over 'C:/Users/mr big/Dropbox/code/c sharp/projects/open_source/maui/bannister/Bannister/obj/x64/Debug/net8.0-windows10.0.19041.0/apphost.exe' -> 'goodrive://www.googleapis.com/:personal:/bannister_open_source/Bannister/obj/x64/Debug/net8.0-windows10.0.19041.0/apphost.exe' (153,088)
2026-03-19 05:33:42: Copy Over 'C:/Users/mr big/Dropbox/code/c sharp/projects/open_source/maui/bannister/Bannister/obj/x64/Debug/net8.0-windows10.0.19041.0/Bannister.AssemblyInfo.cs' -> 'goodrive://www.googleapis.com/:personal:/bannister_open_source/Bannister/obj/x64/Debug/net8.0-windows10.0.19041.0/Bannister.AssemblyInfo.cs' (1,713)
2026-03-19 05:33:48: Copy Over 'C:/Users/mr big/Dropbox/code/c sharp/projects/open_source/maui/bannister/Bannister/obj/x64/Debug/net8.0-windows10.0.19041.0/Bannister.AssemblyInfoInputs.cache' -> 'goodrive://www.googleapis.com/:personal:/bannister_open_source/Bannister/obj/x64/Debug/net8.0-windows10.0.19041.0/Bannister.AssemblyInfoInputs.cache' (66)
2026-03-19 05:33:52: Copy Over 'C:/Users/mr big/Dropbox/code/c sharp/projects/open_source/maui/bannister/Bannister/obj/x64/Debug/net8.0-windows10.0.19041.0/Bannister.csproj.BuildWithSkipAnalyzers' -> 'goodrive://www.googleapis.com/:personal:/bannister_open_source/Bannister/obj/x64/Debug/net8.0-windows10.0.19041.0/Bannister.csproj.BuildWithSkipAnalyzers' (0)
2026-03-19 05:33:55: Copy Over 'C:/Users/mr big/Dropbox/code/c sharp/projects/open_source/maui/bannister/Bannister/obj/x64/Debug/net8.0-windows10.0.19041.0/Bannister.csproj.CoreCompileInputs.cache' -> 'goodrive://www.googleapis.com/:personal:/bannister_open_source/Bannister/obj/x64/Debug/net8.0-windows10.0.19041.0/Bannister.csproj.CoreCompileInputs.cache' (66)
2026-03-19 05:33:55: > Copy Over 'C:/Users/mr big/Dropbox/code/c sharp/projects/open_source/maui/bannister/Bannister/obj/x64/Debug/net8.0-windows10.0.19041.0/Bannister.dll' -> 'goodrive://www.googleapis.com/:personal:/bannister_open_source/Bannister/obj/x64/Debug/net8.0-windows10.0.19041.0/Bannister.dll' (1,843,712)
2026-03-19 05:34:00: < Copy Over 'C:/Users/mr big/Dropbox/code/c sharp/projects/open_source/maui/bannister/Bannister/obj/x64/Debug/net8.0-windows10.0.19041.0/Bannister.dll' -> 'goodrive://www.googleapis.com/:personal:/bannister_open_source/Bannister/obj/x64/Debug/net8.0-windows10.0.19041.0/Bannister.dll' (1,843,712)
2026-03-19 05:34:05: Copy Over 'C:/Users/mr big/Dropbox/code/c sharp/projects/open_source/maui/bannister/Bannister/obj/x64/Debug/net8.0-windows10.0.19041.0/Bannister.pdb' -> 'goodrive://www.googleapis.com/:personal:/bannister_open_source/Bannister/obj/x64/Debug/net8.0-windows10.0.19041.0/Bannister.pdb' (409,368)
2026-03-19 05:34:19: Copy Over 'C:/Users/mr big/Dropbox/code/c sharp/projects/open_source/maui/bannister/Bannister/obj/x64/Debug/net8.0-windows10.0.19041.0/Bannister.sourcelink.json' -> 'goodrive://www.googleapis.com/:personal:/bannister_open_source/Bannister/obj/x64/Debug/net8.0-windows10.0.19041.0/Bannister.sourcelink.json' (203)
2026-03-19 05:34:24: Copy Over 'C:/Users/mr big/Dropbox/code/c sharp/projects/open_source/maui/bannister/Bannister/obj/x64/Debug/net8.0-windows10.0.19041.0/excluded.layout.resfiles.intermediate' -> 'goodrive://www.googleapis.com/:personal:/bannister_open_source/Bannister/obj/x64/Debug/net8.0-windows10.0.19041.0/excluded.layout.resfiles.intermediate' (0)
2026-03-19 05:34:28: Copy Over 'C:/Users/mr big/Dropbox/code/c sharp/projects/open_source/maui/bannister/Bannister/obj/x64/Debug/net8.0-windows10.0.19041.0/embed/embed.resfiles.intermediate' -> 'goodrive://www.googleapis.com/:personal:/bannister_open_source/Bannister/obj/x64/Debug/net8.0-windows10.0.19041.0/embed/embed.resfiles.intermediate' (27)
2026-03-19 05:34:32: Copy Over 'C:/Users/mr big/Dropbox/code/c sharp/projects/open_source/maui/bannister/Bannister/obj/x64/Debug/net8.0-windows10.0.19041.0/filtered.layout.resfiles.intermediate' -> 'goodrive://www.googleapis.com/:personal:/bannister_open_source/Bannister/obj/x64/Debug/net8.0-windows10.0.19041.0/filtered.layout.resfiles.intermediate' (2,300)
2026-03-19 05:34:33: > Copy Over 'C:/Users/mr big/Dropbox/code/c sharp/projects/open_source/maui/bannister/Bannister/obj/x64/Debug/net8.0-windows10.0.19041.0/intermediatexaml/Bannister.dll' -> 'goodrive://www.googleapis.com/:personal:/bannister_open_source/Bannister/obj/x64/Debug/net8.0-windows10.0.19041.0/intermediatexaml/Bannister.dll' (1,693,696)
2026-03-19 05:34:38: < Copy Over 'C:/Users/mr big/Dropbox/code/c sharp/projects/open_source/maui/bannister/Bannister/obj/x64/Debug/net8.0-windows10.0.19041.0/intermediatexaml/Bannister.dll' -> 'goodrive://www.googleapis.com/:personal:/bannister_open_source/Bannister/obj/x64/Debug/net8.0-windows10.0.19041.0/intermediatexaml/Bannister.dll' (1,693,696)
2026-03-19 05:34:42: Copy Over 'C:/Users/mr big/Dropbox/code/c sharp/projects/open_source/maui/bannister/Bannister/obj/x64/Debug/net8.0-windows10.0.19041.0/pri.resfiles.intermediate' -> 'goodrive://www.googleapis.com/:personal:/bannister_open_source/Bannister/obj/x64/Debug/net8.0-windows10.0.19041.0/pri.resfiles.intermediate' (386)
2026-03-19 05:34:47: Copy Over 'C:/Users/mr big/Dropbox/code/c sharp/projects/open_source/maui/bannister/Bannister/obj/x64/Debug/net8.0-windows10.0.19041.0/Platforms/Windows/App.xaml' -> 'goodrive://www.googleapis.com/:personal:/bannister_open_source/Bannister/obj/x64/Debug/net8.0-windows10.0.19041.0/Platforms/Windows/App.xaml' (312)
2026-03-19 05:34:52: Copy Over 'C:/Users/mr big/Dropbox/code/c sharp/projects/open_source/maui/bannister/Bannister/obj/x64/Debug/net8.0-windows10.0.19041.0/priconfig.xml.intermediate' -> 'goodrive://www.googleapis.com/:personal:/bannister_open_source/Bannister/obj/x64/Debug/net8.0-windows10.0.19041.0/priconfig.xml.intermediate' (3,154)
2026-03-19 05:34:57: Copy Over 'C:/Users/mr big/Dropbox/code/c sharp/projects/open_source/maui/bannister/Bannister/obj/x64/Debug/net8.0-windows10.0.19041.0/ref/Bannister.dll' -> 'goodrive://www.googleapis.com/:personal:/bannister_open_source/Bannister/obj/x64/Debug/net8.0-windows10.0.19041.0/ref/Bannister.dll' (551,936)
2026-03-19 05:35:01: Copy Over 'C:/Users/mr big/Dropbox/code/c sharp/projects/open_source/maui/bannister/Bannister/obj/x64/Debug/net8.0-windows10.0.19041.0/refint/Bannister.dll' -> 'goodrive://www.googleapis.com/:personal:/bannister_open_source/Bannister/obj/x64/Debug/net8.0-windows10.0.19041.0/refint/Bannister.dll' (551,936)
2026-03-19 05:35:05: Copy Over 'C:/Users/mr big/Dropbox/code/c sharp/projects/open_source/maui/bannister/Bannister/obj/x64/Debug/net8.0-windows10.0.19041.0/resources.resfiles.intermediate' -> 'goodrive://www.googleapis.com/:personal:/bannister_open_source/Bannister/obj/x64/Debug/net8.0-windows10.0.19041.0/resources.resfiles.intermediate' (0)
2026-03-19 05:35:09: Created Snapshot of Volume 'C:' at '/GLOBALROOT/Device/HarddiskVolumeShadowCopy14', Elevated
2026-03-19 05:35:09: Open File Snap GetShadow: AbsPath=/GLOBALROOT/Device/HarddiskVolumeShadowCopy14/Users/mr big/Dropbox/code/c sharp/projects/open_source/maui/bannister/.vs/Bannister/FileContentIndex/e65d251f-2eb7-405e-b2e4-3f7d60e174d7.vsidx SnapshotPath=/GLOBALROOT/Device/HarddiskVolumeShadowCopy14 SnapVolume=C:
2026-03-19 05:35:09: Open File Snap GetShadow: AbsPath=/GLOBALROOT/Device/HarddiskVolumeShadowCopy14/Users/mr big/Dropbox/code/c sharp/projects/open_source/maui/bannister/.vs/Bannister/FileContentIndex/f5e2f782-a4c2-47ab-9d4d-f960bbcc7952.vsidx SnapshotPath=/GLOBALROOT/Device/HarddiskVolumeShadowCopy14 SnapVolume=C:
2026-03-19 05:35:10: Copy Over 'C:/Users/mr big/Dropbox/code/c sharp/projects/open_source/maui/bannister/Bannister/obj/x64/Debug/net8.0-windows10.0.19041.0/unfiltered.layout.resfiles.intermediate' -> 'goodrive://www.googleapis.com/:personal:/bannister_open_source/Bannister/obj/x64/Debug/net8.0-windows10.0.19041.0/unfiltered.layout.resfiles.intermediate' (2,300)
2026-03-19 05:35:12: Copy New 'C:/Users/mr big/Dropbox/code/c sharp/projects/open_source/maui/bannister/.vs/Bannister/FileContentIndex/e65d251f-2eb7-405e-b2e4-3f7d60e174d7.vsidx' -> 'goodrive://www.googleapis.com/:personal:/bannister_open_source/.vs/Bannister/FileContentIndex/e65d251f-2eb7-405e-b2e4-3f7d60e174d7.vsidx' (149,305)
2026-03-19 05:35:13: Copy New 'C:/Users/mr big/Dropbox/code/c sharp/projects/open_source/maui/bannister/.vs/Bannister/FileContentIndex/f5e2f782-a4c2-47ab-9d4d-f960bbcc7952.vsidx' -> 'goodrive://www.googleapis.com/:personal:/bannister_open_source/.vs/Bannister/FileContentIndex/f5e2f782-a4c2-47ab-9d4d-f960bbcc7952.vsidx' (148,261)
2026-03-19 05:35:14: Copy Over 'C:/Users/mr big/Dropbox/code/c sharp/projects/open_source/maui/bannister/Bannister/obj/x64/Debug/net8.0-windows10.0.19041.0/XamlC.stamp' -> 'goodrive://www.googleapis.com/:personal:/bannister_open_source/Bannister/obj/x64/Debug/net8.0-windows10.0.19041.0/XamlC.stamp' (0)
2026-03-19 05:35:16: Copy Over 'C:/Users/mr big/Dropbox/code/c sharp/projects/open_source/maui/bannister/Bannister/Views/ActivityGamePage/ActivityGamePage_DesktopUI.cs' -> 'goodrive://www.googleapis.com/:personal:/bannister_open_source/Bannister/Views/ActivityGamePage/ActivityGamePage_DesktopUI.cs' (11,884)
2026-03-19 05:35:16: Copy Over 'C:/Users/mr big/Dropbox/code/c sharp/projects/open_source/maui/bannister/Bannister/obj/x64/Debug/net8.0-windows10.0.19041.0/XamlSaveStateFile.xml' -> 'goodrive://www.googleapis.com/:personal:/bannister_open_source/Bannister/obj/x64/Debug/net8.0-windows10.0.19041.0/XamlSaveStateFile.xml' (923)
2026-03-19 05:35:17: Copy New 'C:/Users/mr big/Dropbox/code/c sharp/projects/open_source/maui/bannister/Bannister/Views/ActivityGamePage/ActivityGamePage_MobileUI.cs' -> 'goodrive://www.googleapis.com/:personal:/bannister_open_source/Bannister/Views/ActivityGamePage/ActivityGamePage_MobileUI.cs' (7,241)
2026-03-19 05:35:19: Copy New 'C:/Users/mr big/Dropbox/code/c sharp/projects/open_source/maui/bannister/Bannister/Views/ActivityGamePage/ActivityGamePage_Navigation.cs' -> 'goodrive://www.googleapis.com/:personal:/bannister_open_source/Bannister/Views/ActivityGamePage/ActivityGamePage_Navigation.cs' (8,656)
2026-03-19 05:35:21: Copy Over 'C:/Users/mr big/Dropbox/code/c sharp/projects/open_source/maui/bannister/.git/index' -> 'goodrive://www.googleapis.com/:personal:/bannister_open_source/.git/index' (21,964)
2026-03-19 05:35:26: Copy Over 'C:/Users/mr big/Dropbox/code/c sharp/projects/open_source/maui/bannister/.git/logs/HEAD' -> 'goodrive://www.googleapis.com/:personal:/bannister_open_source/.git/logs/HEAD' (3,971)
2026-03-19 05:35:26: Copy New 'C:/Users/mr big/Dropbox/code/c sharp/projects/open_source/maui/bannister/.git/objects/05/9acba955dcd63f0da6c0c4049e8cf05e9187e4' -> 'goodrive://www.googleapis.com/:personal:/bannister_open_source/.git/objects/05/9acba955dcd63f0da6c0c4049e8cf05e9187e4' (372)
2026-03-19 05:35:26: Copy New 'C:/Users/mr big/Dropbox/code/c sharp/projects/open_source/maui/bannister/.git/objects/06/eb09fc84246cd19bed09f7ca31b5f8c11a422f' -> 'goodrive://www.googleapis.com/:personal:/bannister_open_source/.git/objects/06/eb09fc84246cd19bed09f7ca31b5f8c11a422f' (2,674)
2026-03-19 05:35:28: Copy New 'C:/Users/mr big/Dropbox/code/c sharp/projects/open_source/maui/bannister/.git/objects/09/54341715d92f965aced37ade7ec57823e1d9bd' -> 'goodrive://www.googleapis.com/:personal:/bannister_open_source/.git/objects/09/54341715d92f965aced37ade7ec57823e1d9bd' (187)
2026-03-19 05:35:28: Copy New 'C:/Users/mr big/Dropbox/code/c sharp/projects/open_source/maui/bannister/.git/objects/25/26b968804f319924d677e77bd201fe474adbc1' -> 'goodrive://www.googleapis.com/:personal:/bannister_open_source/.git/objects/25/26b968804f319924d677e77bd201fe474adbc1' (1,868)
2026-03-19 05:35:28: Copy New 'C:/Users/mr big/Dropbox/code/c sharp/projects/open_source/maui/bannister/.git/objects/2f/b3afa403066fb4498873a721e1fdea69da1f7a' -> 'goodrive://www.googleapis.com/:personal:/bannister_open_source/.git/objects/2f/b3afa403066fb4498873a721e1fdea69da1f7a' (8,626)
2026-03-19 05:35:31: Copy New 'C:/Users/mr big/Dropbox/code/c sharp/projects/open_source/maui/bannister/.git/objects/34/fa34a3370436020ff8bf6c8e08eebff3926c3c' -> 'goodrive://www.googleapis.com/:personal:/bannister_open_source/.git/objects/34/fa34a3370436020ff8bf6c8e08eebff3926c3c' (1,809)
2026-03-19 05:35:31: Copy New 'C:/Users/mr big/Dropbox/code/c sharp/projects/open_source/maui/bannister/.git/objects/59/e5f9d04de786d17b26210a11b04c81d517cafd' -> 'goodrive://www.googleapis.com/:personal:/bannister_open_source/.git/objects/59/e5f9d04de786d17b26210a11b04c81d517cafd' (2,084)
2026-03-19 05:35:31: Copy New 'C:/Users/mr big/Dropbox/code/c sharp/projects/open_source/maui/bannister/.git/objects/4f/dc07cde01e16e8b73aa667585edc56715162e4' -> 'goodrive://www.googleapis.com/:personal:/bannister_open_source/.git/objects/4f/dc07cde01e16e8b73aa667585edc56715162e4' (1,768)
2026-03-19 05:35:33: Copy New 'C:/Users/mr big/Dropbox/code/c sharp/projects/open_source/maui/bannister/.git/objects/4f/dcc15242f7b0af91e04d050936eab1db8dd3e6' -> 'goodrive://www.googleapis.com/:personal:/bannister_open_source/.git/objects/4f/dcc15242f7b0af91e04d050936eab1db8dd3e6' (320)
2026-03-19 05:35:33: Copy New 'C:/Users/mr big/Dropbox/code/c sharp/projects/open_source/maui/bannister/.git/objects/68/f21324cbc75d260fc0eb478c3fdbc18765fd88' -> 'goodrive://www.googleapis.com/:personal:/bannister_open_source/.git/objects/68/f21324cbc75d260fc0eb478c3fdbc18765fd88' (2,632)
2026-03-19 05:35:33: Copy New 'C:/Users/mr big/Dropbox/code/c sharp/projects/open_source/maui/bannister/.git/objects/70/cec994ca4344f5d3748475fae1bb0875fd16dd' -> 'goodrive://www.googleapis.com/:personal:/bannister_open_source/.git/objects/70/cec994ca4344f5d3748475fae1bb0875fd16dd' (572)
2026-03-19 05:35:34: Create Folder goodrive://www.googleapis.com/:personal:/bannister_open_source/.git/objects/c9
2026-03-19 05:35:35: Copy New 'C:/Users/mr big/Dropbox/code/c sharp/projects/open_source/maui/bannister/.git/objects/89/c01595929445a9f945854647d5ab127e4ca5c1' -> 'goodrive://www.googleapis.com/:personal:/bannister_open_source/.git/objects/89/c01595929445a9f945854647d5ab127e4ca5c1' (3,423)
2026-03-19 05:35:36: Copy New 'C:/Users/mr big/Dropbox/code/c sharp/projects/open_source/maui/bannister/.git/objects/85/4d6d0a8eff621326c498d088a2c9df7e7533bf' -> 'goodrive://www.googleapis.com/:personal:/bannister_open_source/.git/objects/85/4d6d0a8eff621326c498d088a2c9df7e7533bf' (3,305)
2026-03-19 05:35:37: Copy New 'C:/Users/mr big/Dropbox/code/c sharp/projects/open_source/maui/bannister/.git/objects/9c/b0419a49e4264ab70c3e90c61b40a4b28cddf0' -> 'goodrive://www.googleapis.com/:personal:/bannister_open_source/.git/objects/9c/b0419a49e4264ab70c3e90c61b40a4b28cddf0' (155)
2026-03-19 05:35:38: Copy New 'C:/Users/mr big/Dropbox/code/c sharp/projects/open_source/maui/bannister/.git/objects/c9/24e079094dffca085f5beeb75166f7ef5033d1' -> 'goodrive://www.googleapis.com/:personal:/bannister_open_source/.git/objects/c9/24e079094dffca085f5beeb75166f7ef5033d1' (2,481)
2026-03-19 05:35:39: Copy New 'C:/Users/mr big/Dropbox/code/c sharp/projects/open_source/maui/bannister/.git/objects/d1/b767c626aaaf7a3b46126d7cd4a161e931efec' -> 'goodrive://www.googleapis.com/:personal:/bannister_open_source/.git/objects/d1/b767c626aaaf7a3b46126d7cd4a161e931efec' (372)
2026-03-19 05:35:39: Copy New 'C:/Users/mr big/Dropbox/code/c sharp/projects/open_source/maui/bannister/.git/objects/d9/9b07dc6be93d0b3f9c04a2268b0baba40e192a' -> 'goodrive://www.googleapis.com/:personal:/bannister_open_source/.git/objects/d9/9b07dc6be93d0b3f9c04a2268b0baba40e192a' (95,804)
2026-03-19 05:35:41: Copy New 'C:/Users/mr big/Dropbox/code/c sharp/projects/open_source/maui/bannister/.git/objects/e2/b5fffb45550a95953c1950c93ee9f39f56f4e0' -> 'goodrive://www.googleapis.com/:personal:/bannister_open_source/.git/objects/e2/b5fffb45550a95953c1950c93ee9f39f56f4e0' (2,195)
2026-03-19 05:35:42: Copy New 'C:/Users/mr big/Dropbox/code/c sharp/projects/open_source/maui/bannister/.git/objects/e2/d0d6c9b765d10b01abed796f1346b99f3d441b' -> 'goodrive://www.googleapis.com/:personal:/bannister_open_source/.git/objects/e2/d0d6c9b765d10b01abed796f1346b99f3d441b' (522)
2026-03-19 05:35:43: Copy New 'C:/Users/mr big/Dropbox/code/c sharp/projects/open_source/maui/bannister/.git/objects/e9/b97ad59cc0596d04356a89d51778b90fa7764e' -> 'goodrive://www.googleapis.com/:personal:/bannister_open_source/.git/objects/e9/b97ad59cc0596d04356a89d51778b90fa7764e' (1,867)
2026-03-19 05:35:44: Copy Over 'C:/Users/mr big/Dropbox/code/c sharp/projects/open_source/maui/bannister/.git/objects/e6/9b3b78554c46b0bdd45d7d7193c29aff3028d6' -> 'goodrive://www.googleapis.com/:personal:/bannister_open_source/.git/objects/e6/9b3b78554c46b0bdd45d7d7193c29aff3028d6' (4,614)
2026-03-19 05:35:44: Copy New 'C:/Users/mr big/Dropbox/code/c sharp/projects/open_source/maui/bannister/.git/objects/ec/1f6e0b5ee076c76c214dcc111908948f6d71a3' -> 'goodrive://www.googleapis.com/:personal:/bannister_open_source/.git/objects/ec/1f6e0b5ee076c76c214dcc111908948f6d71a3' (572)
2026-03-19 05:35:44: Create Folder goodrive://www.googleapis.com/:personal:/bannister_open_source/.git/objects/ef
2026-03-19 05:35:46: Copy New 'C:/Users/mr big/Dropbox/code/c sharp/projects/open_source/maui/bannister/.git/objects/f3/2de528cbafbfea7309361e84d45a593d3661a5' -> 'goodrive://www.googleapis.com/:personal:/bannister_open_source/.git/objects/f3/2de528cbafbfea7309361e84d45a593d3661a5' (320)
2026-03-19 05:35:46: Copy New 'C:/Users/mr big/Dropbox/code/c sharp/projects/open_source/maui/bannister/.git/objects/fd/58fded7a1510b49212ad815a2d3a4af96c0b09' -> 'goodrive://www.googleapis.com/:personal:/bannister_open_source/.git/objects/fd/58fded7a1510b49212ad815a2d3a4af96c0b09' (2,232)
2026-03-19 05:35:46: Copy New 'C:/Users/mr big/Dropbox/code/c sharp/projects/open_source/maui/bannister/.git/objects/ef/02a2d5dade4ed02f8c497dc0a76a5c1fc6b2ff' -> 'goodrive://www.googleapis.com/:personal:/bannister_open_source/.git/objects/ef/02a2d5dade4ed02f8c497dc0a76a5c1fc6b2ff' (210)
2026-03-19 05:35:51: Copy Over 'C:/Users/mr big/Dropbox/code/c sharp/projects/open_source/maui/bannister/.git/logs/refs/remotes/origin/main' -> 'goodrive://www.googleapis.com/:personal:/bannister_open_source/.git/logs/refs/remotes/origin/main' (2,320)
2026-03-19 05:35:51: Copy Over 'C:/Users/mr big/Dropbox/code/c sharp/projects/open_source/maui/bannister/.git/logs/refs/heads/main' -> 'goodrive://www.googleapis.com/:personal:/bannister_open_source/.git/logs/refs/heads/main' (4,024)
2026-03-19 05:35:51: Copy Over 'C:/Users/mr big/Dropbox/code/c sharp/projects/open_source/maui/bannister/.git/refs/heads/main' -> 'goodrive://www.googleapis.com/:personal:/bannister_open_source/.git/refs/heads/main' (41)
2026-03-19 05:35:55: Copy Over 'C:/Users/mr big/Dropbox/code/c sharp/projects/open_source/maui/bannister/.git/refs/remotes/origin/main' -> 'goodrive://www.googleapis.com/:personal:/bannister_open_source/.git/refs/remotes/origin/main' (41)
2026-03-19 05:35:55: Save State File C:/Users/mr big/Dropbox/code/c sharp/projects/open_source/maui/bannister/_gsdata_/_file_state_v4._gs
2026-03-19 05:35:58: Save State File goodrive://www.googleapis.com/:personal:/bannister_open_source/_gsdata_/_file_state_v4._gs
2026-03-19 05:35:59: Release Snapshot of Volume C:
2026-03-19 05:36:02: == Sync Complete. Time: 00:03:06, Speed: 108.73 KB/s, OK: 79, Errors: 0
