2026-05-26 21:55:14: == Sync Started by User Command
2026-05-26 21:55:15: ConnectCloned connected to file:///C:/rock/bannister
2026-05-26 21:55:15: ConnectCloned connected to file:///C:/rock/bannister
2026-05-26 21:55:15: ConnectCloned connected to file:///C:/rock/bannister
2026-05-26 21:55:15: GsConnectAndSetRoot1 connected to goodrive://www.googleapis.com/:personal:/bannister
2026-05-26 21:55:15: GsConnectAndSetRoot1 connected to goodrive://www.googleapis.com/:personal:/bannister
2026-05-26 21:55:15: GsConnectAndSetRoot1 connected to goodrive://www.googleapis.com/:personal:/bannister
2026-05-26 21:55:16: Copy New 'C:/rock/bannister/.vs/Bannister/FileContentIndex/05a7d020-12a1-46de-baa3-e222178365cf.vsidx' -> 'goodrive://www.googleapis.com/:personal:/bannister/.vs/Bannister/FileContentIndex/05a7d020-12a1-46de-baa3-e222178365cf.vsidx' (676,653)
- ERROR: Copying file: Cannot open file C:/rock/bannister/.vs/Bannister/FileContentIndex/05a7d020-12a1-46de-baa3-e222178365cf.vsidx: cannot open file 'C:/rock/bannister/.vs/Bannister/FileContentIndex/05a7d020-12a1-46de-baa3-e222178365cf.vsidx': The system cannot find the file specified.  (error 2)
2026-05-26 21:55:19: C:/rock/bannister/bannister/obj/Debug/net8.0-android/android/bin/classes/androidx/appcompat/R$style.class: Source file has changed between Analyze and Sync from '[file] size=21,413 accu-time=2026-05-25 05:44:43 attr=Archive,WArchive cktype=0' to 'size=21,413 time=2026-05-26 05:43:22', noted in source file state
2026-05-26 21:55:19: Copy Over 'C:/rock/bannister/Bannister/obj/Debug/net8.0-android/android/bin/classes/androidx/appcompat/R$style.class' -> 'goodrive://www.googleapis.com/:personal:/bannister/bannister/obj/Debug/net8.0-android/android/bin/classes/androidx/appcompat/R$style.class' (21,413)
2026-05-26 21:55:19: C:/rock/bannister/bannister/obj/Debug/net8.0-android/android/bin/classes/androidx/appcompat/R.class: Source file has changed between Analyze and Sync from '[file] size=866 accu-time=2026-05-25 05:44:43 attr=Archive,WArchive cktype=0' to 'size=866 time=2026-05-26 05:43:22', noted in source file state
2026-05-26 21:55:19: Copy Over 'C:/rock/bannister/Bannister/obj/Debug/net8.0-android/android/bin/classes/androidx/appcompat/R.class' -> 'goodrive://www.googleapis.com/:personal:/bannister/bannister/obj/Debug/net8.0-android/android/bin/classes/androidx/appcompat/R.class' (866)
2026-05-26 21:55:19: C:/rock/bannister/bannister/obj/Debug/net8.0-android/android/bin/classes/androidx/appcompat/R$styleable.class: Source file has changed between Analyze and Sync from '[file] size=25,717 accu-time=2026-05-25 05:44:43 attr=Archive,WArchive cktype=0' to 'size=25,717 time=2026-05-26 05:43:22', noted in source file state
2026-05-26 21:55:19: Copy Over 'C:/rock/bannister/Bannister/obj/Debug/net8.0-android/android/bin/classes/androidx/appcompat/R$styleable.class' -> 'goodrive://www.googleapis.com/:personal:/bannister/bannister/obj/Debug/net8.0-android/android/bin/classes/androidx/appcompat/R$styleable.class' (25,717)
2026-05-26 21:55:22: C:/rock/bannister/bannister/obj/Debug/net8.0-android/android/bin/classes/androidx/appcompat/resources/R$styleable.class: Source file has changed between Analyze and Sync from '[file] size=2,066 accu-time=2026-05-25 05:44:43 attr=Archive,WArchive cktype=0' to 'size=2,066 time=2026-05-26 05:43:23', noted in source file state
2026-05-26 21:55:22: Copy Over 'C:/rock/bannister/Bannister/obj/Debug/net8.0-android/android/bin/classes/androidx/appcompat/resources/R$styleable.class' -> 'goodrive://www.googleapis.com/:personal:/bannister/bannister/obj/Debug/net8.0-android/android/bin/classes/androidx/appcompat/resources/R$styleable.class' (2,066)
2026-05-26 21:55:22: C:/rock/bannister/bannister/obj/Debug/net8.0-android/android/bin/classes/androidx/appcompat/widget/Toolbar_NavigationOnClickEventDispatcher.class: Source file has changed between Analyze and Sync from '[file] size=1,926 accu-time=2026-05-25 05:44:43 attr=Archive,WArchive cktype=0' to 'size=1,926 time=2026-05-26 05:43:23', noted in source file state
2026-05-26 21:55:22: Copy Over 'C:/rock/bannister/Bannister/obj/Debug/net8.0-android/android/bin/classes/androidx/appcompat/widget/Toolbar_NavigationOnClickEventDispatcher.class' -> 'goodrive://www.googleapis.com/:personal:/bannister/bannister/obj/Debug/net8.0-android/android/bin/classes/androidx/appcompat/widget/Toolbar_NavigationOnClickEventDispatcher.class' (1,926)
2026-05-26 21:55:22: C:/rock/bannister/bannister/obj/Debug/net8.0-android/android/bin/classes/androidx/appcompat/resources/R$drawable.class: Source file has changed between Analyze and Sync from '[file] size=351 accu-time=2026-05-25 05:44:43 attr=Archive,WArchive cktype=0' to 'size=351 time=2026-05-26 05:43:23', noted in source file state
2026-05-26 21:55:22: Copy Over 'C:/rock/bannister/Bannister/obj/Debug/net8.0-android/android/bin/classes/androidx/appcompat/resources/R$drawable.class' -> 'goodrive://www.googleapis.com/:personal:/bannister/bannister/obj/Debug/net8.0-android/android/bin/classes/androidx/appcompat/resources/R$drawable.class' (351)
2026-05-26 21:55:22: Save State File C:/rock/bannister/_gsdata_/_file_state_v4._gs
2026-05-26 21:55:25: Save State File goodrive://www.googleapis.com/:personal:/bannister/_gsdata_/_file_state_v4._gs
2026-05-26 21:55:27: == Sync Complete. Time: 00:00:12, Speed: 74.02 KB/s, OK: 6, Errors: 1
