2026-04-09 07:28:08: -- Analysis Started by On Schedule Min=30 Hour=5 
2026-04-09 07:28:08: L: Reading State File C:/Users/mr big/Dropbox/code/c sharp/projects/open_source/maui/bannister/_gsdata_/_file_state_v4._gs
2026-04-09 07:28:12: R: Reading State File goodrive://www.googleapis.com/:personal:/bannister_open_source/_gsdata_/_file_state_v4._gs
2026-04-09 07:33:29: Changes: 99, Conflicts: 0, CopyTime: 0, FixState: 0, Errors: 0, All: 9388
2026-04-09 07:33:29: Left to Right: Copy File: 94 Delete File: 5 
2026-04-09 07:33:29: == Sync Started by On Schedule Min=30 Hour=5 
2026-04-09 07:33:29: ConnectCloned connected to file:///C:/Users/mr big/Dropbox/code/c sharp/projects/open_source/maui/bannister
2026-04-09 07:33:29: ConnectCloned connected to file:///C:/Users/mr big/Dropbox/code/c sharp/projects/open_source/maui/bannister
2026-04-09 07:33:29: ConnectCloned connected to file:///C:/Users/mr big/Dropbox/code/c sharp/projects/open_source/maui/bannister
2026-04-09 07:33:29: GsConnectAndSetRoot1 connected to goodrive://www.googleapis.com/:personal:/bannister_open_source
2026-04-09 07:33:29: GsConnectAndSetRoot1 connected to goodrive://www.googleapis.com/:personal:/bannister_open_source
2026-04-09 07:33:29: GsConnectAndSetRoot1 connected to goodrive://www.googleapis.com/:personal:/bannister_open_source
2026-04-09 07:33:30: > Copy Over 'C:/Users/mr big/Dropbox/code/c sharp/projects/open_source/maui/bannister/.vs/Bannister/CopilotIndices/17.13.441.19478/CodeChunks.db' -> 'goodrive://www.googleapis.com/:personal:/bannister_open_source/.vs/Bannister/CopilotIndices/17.13.441.19478/CodeChunks.db' (3,325,952)
2026-04-09 07:33:33: Copy New 'C:/Users/mr big/Dropbox/code/c sharp/projects/open_source/maui/bannister/Bannister/Models/ProductionTaskLog.cs' -> 'goodrive://www.googleapis.com/:personal:/bannister_open_source/Bannister/Models/ProductionTaskLog.cs' (1,784)
2026-04-09 07:33:37: Copy Over 'C:/Users/mr big/Dropbox/code/c sharp/projects/open_source/maui/bannister/Bannister/MauiProgram.cs' -> 'goodrive://www.googleapis.com/:personal:/bannister_open_source/Bannister/MauiProgram.cs' (4,300)
2026-04-09 07:33:37: > Copy Over 'C:/Users/mr big/Dropbox/code/c sharp/projects/open_source/maui/bannister/.vs/Bannister/CopilotIndices/17.13.441.19478/CodeChunks.db-wal' -> 'goodrive://www.googleapis.com/:personal:/bannister_open_source/.vs/Bannister/CopilotIndices/17.13.441.19478/CodeChunks.db-wal' (4,136,512)
2026-04-09 07:33:37: Copy Over 'C:/Users/mr big/Dropbox/code/c sharp/projects/open_source/maui/bannister/.vs/Bannister/CopilotIndices/17.13.441.19478/CodeChunks.db-shm' -> 'goodrive://www.googleapis.com/:personal:/bannister_open_source/.vs/Bannister/CopilotIndices/17.13.441.19478/CodeChunks.db-shm' (32,768)
2026-04-09 07:33:37: > Copy Over 'C:/Users/mr big/Dropbox/code/c sharp/projects/open_source/maui/bannister/.vs/Bannister/CopilotIndices/17.13.441.19478/SemanticSymbols.db' -> 'goodrive://www.googleapis.com/:personal:/bannister_open_source/.vs/Bannister/CopilotIndices/17.13.441.19478/SemanticSymbols.db' (1,282,048)
2026-04-09 07:33:37: < Copy Over 'C:/Users/mr big/Dropbox/code/c sharp/projects/open_source/maui/bannister/.vs/Bannister/CopilotIndices/17.13.441.19478/CodeChunks.db' -> 'goodrive://www.googleapis.com/:personal:/bannister_open_source/.vs/Bannister/CopilotIndices/17.13.441.19478/CodeChunks.db' (3,325,952)
2026-04-09 07:33:42: < Copy Over 'C:/Users/mr big/Dropbox/code/c sharp/projects/open_source/maui/bannister/.vs/Bannister/CopilotIndices/17.13.441.19478/SemanticSymbols.db' -> 'goodrive://www.googleapis.com/:personal:/bannister_open_source/.vs/Bannister/CopilotIndices/17.13.441.19478/SemanticSymbols.db' (1,282,048)
2026-04-09 07:33:42: > Copy Over 'C:/Users/mr big/Dropbox/code/c sharp/projects/open_source/maui/bannister/.vs/Bannister/CopilotIndices/17.13.441.19478/SemanticSymbols.db-wal' -> 'goodrive://www.googleapis.com/:personal:/bannister_open_source/.vs/Bannister/CopilotIndices/17.13.441.19478/SemanticSymbols.db-wal' (4,177,712)
2026-04-09 07:33:42: Copy Over 'C:/Users/mr big/Dropbox/code/c sharp/projects/open_source/maui/bannister/.vs/Bannister/CopilotIndices/17.13.441.19478/SemanticSymbols.db-shm' -> 'goodrive://www.googleapis.com/:personal:/bannister_open_source/.vs/Bannister/CopilotIndices/17.13.441.19478/SemanticSymbols.db-shm' (32,768)
2026-04-09 07:33:42: CopyFileSimple: OpenDownload: ERR: Cannot open file C:/Users/mr big/Dropbox/code/c sharp/projects/open_source/maui/bannister/.vs/Bannister/FileContentIndex/337b9e19-0478-450b-88f6-d5ec24bdb089.vsidx: cannot open file 'C:/Users/mr big/Dropbox/code/c sharp/projects/open_source/maui/bannister/.vs/Bannister/FileContentIndex/337b9e19-0478-450b-88f6-d5ec24bdb089.vsidx': The process cannot access the file because it is being used by another process.  (error 32)
2026-04-09 07:33:42: Connecting to Elevated Local GoodSync Server to complete operation
2026-04-09 07:33:42: LOCAL C:(127.0.0.1) -> S:127.0.0.1:33333
2026-04-09 07:33:42: < Copy Over 'C:/Users/mr big/Dropbox/code/c sharp/projects/open_source/maui/bannister/.vs/Bannister/CopilotIndices/17.13.441.19478/CodeChunks.db-wal' -> 'goodrive://www.googleapis.com/:personal:/bannister_open_source/.vs/Bannister/CopilotIndices/17.13.441.19478/CodeChunks.db-wal' (4,136,512)
2026-04-09 07:33:42: CopyFileSimple: OpenDownload: ERR: Cannot open file C:/Users/mr big/Dropbox/code/c sharp/projects/open_source/maui/bannister/.vs/Bannister/FileContentIndex/3454b1bd-ab43-47f1-abd8-dd1ff4f15731.vsidx: cannot open file 'C:/Users/mr big/Dropbox/code/c sharp/projects/open_source/maui/bannister/.vs/Bannister/FileContentIndex/3454b1bd-ab43-47f1-abd8-dd1ff4f15731.vsidx': The process cannot access the file because it is being used by another process.  (error 32)
2026-04-09 07:33:47: < Copy Over 'C:/Users/mr big/Dropbox/code/c sharp/projects/open_source/maui/bannister/.vs/Bannister/CopilotIndices/17.13.441.19478/SemanticSymbols.db-wal' -> 'goodrive://www.googleapis.com/:personal:/bannister_open_source/.vs/Bannister/CopilotIndices/17.13.441.19478/SemanticSymbols.db-wal' (4,177,712)
2026-04-09 07:33:48: Delete File goodrive://www.googleapis.com/:personal:/bannister_open_source/.vs/Bannister/FileContentIndex/4d169246-2be8-4210-af43-27754e9c68b0.vsidx
2026-04-09 07:33:48: CopyFileSimple: OpenDownload: ERR: Cannot open file C:/Users/mr big/Dropbox/code/c sharp/projects/open_source/maui/bannister/.vs/Bannister/FileContentIndex/581af412-21ad-413a-bfaf-dcbcaf30f8ea.vsidx: cannot open file 'C:/Users/mr big/Dropbox/code/c sharp/projects/open_source/maui/bannister/.vs/Bannister/FileContentIndex/581af412-21ad-413a-bfaf-dcbcaf30f8ea.vsidx': The process cannot access the file because it is being used by another process.  (error 32)
2026-04-09 07:35:39: Created Snapshot of Volume 'C:' at '/GLOBALROOT/Device/HarddiskVolumeShadowCopy2', Elevated
2026-04-09 07:35:40: Open File Snap GetShadow: AbsPath=/GLOBALROOT/Device/HarddiskVolumeShadowCopy2/Users/mr big/Dropbox/code/c sharp/projects/open_source/maui/bannister/.vs/Bannister/FileContentIndex/337b9e19-0478-450b-88f6-d5ec24bdb089.vsidx SnapshotPath=/GLOBALROOT/Device/HarddiskVolumeShadowCopy2 SnapVolume=C:
2026-04-09 07:35:40: Open File Snap GetShadow: AbsPath=/GLOBALROOT/Device/HarddiskVolumeShadowCopy2/Users/mr big/Dropbox/code/c sharp/projects/open_source/maui/bannister/.vs/Bannister/FileContentIndex/581af412-21ad-413a-bfaf-dcbcaf30f8ea.vsidx SnapshotPath=/GLOBALROOT/Device/HarddiskVolumeShadowCopy2 SnapVolume=C:
2026-04-09 07:35:40: Open File Snap GetShadow: AbsPath=/GLOBALROOT/Device/HarddiskVolumeShadowCopy2/Users/mr big/Dropbox/code/c sharp/projects/open_source/maui/bannister/.vs/Bannister/FileContentIndex/3454b1bd-ab43-47f1-abd8-dd1ff4f15731.vsidx SnapshotPath=/GLOBALROOT/Device/HarddiskVolumeShadowCopy2 SnapVolume=C:
2026-04-09 07:35:43: Copy New 'C:/Users/mr big/Dropbox/code/c sharp/projects/open_source/maui/bannister/.vs/Bannister/FileContentIndex/337b9e19-0478-450b-88f6-d5ec24bdb089.vsidx' -> 'goodrive://www.googleapis.com/:personal:/bannister_open_source/.vs/Bannister/FileContentIndex/337b9e19-0478-450b-88f6-d5ec24bdb089.vsidx' (179,499)
2026-04-09 07:35:43: Copy New 'C:/Users/mr big/Dropbox/code/c sharp/projects/open_source/maui/bannister/.vs/Bannister/FileContentIndex/581af412-21ad-413a-bfaf-dcbcaf30f8ea.vsidx' -> 'goodrive://www.googleapis.com/:personal:/bannister_open_source/.vs/Bannister/FileContentIndex/581af412-21ad-413a-bfaf-dcbcaf30f8ea.vsidx' (189,078)
2026-04-09 07:35:43: Copy New 'C:/Users/mr big/Dropbox/code/c sharp/projects/open_source/maui/bannister/.vs/Bannister/FileContentIndex/3454b1bd-ab43-47f1-abd8-dd1ff4f15731.vsidx' -> 'goodrive://www.googleapis.com/:personal:/bannister_open_source/.vs/Bannister/FileContentIndex/3454b1bd-ab43-47f1-abd8-dd1ff4f15731.vsidx' (181,179)
2026-04-09 07:35:44: Delete File goodrive://www.googleapis.com/:personal:/bannister_open_source/.vs/Bannister/FileContentIndex/bdfb7826-c4c1-4021-80c2-494bea8e26f2.vsidx
2026-04-09 07:35:44: Delete File goodrive://www.googleapis.com/:personal:/bannister_open_source/.vs/Bannister/FileContentIndex/9b1db763-6e73-4818-baf0-22f17de1f501.vsidx
2026-04-09 07:35:44: CopyFileSimple: OpenDownload: ERR: Cannot open file C:/Users/mr big/Dropbox/code/c sharp/projects/open_source/maui/bannister/.vs/Bannister/FileContentIndex/c25949a5-a8d1-4670-8d51-1cebbc77be36.vsidx: cannot open file 'C:/Users/mr big/Dropbox/code/c sharp/projects/open_source/maui/bannister/.vs/Bannister/FileContentIndex/c25949a5-a8d1-4670-8d51-1cebbc77be36.vsidx': The process cannot access the file because it is being used by another process.  (error 32)
2026-04-09 07:35:44: Open File Snap GetShadow: AbsPath=/GLOBALROOT/Device/HarddiskVolumeShadowCopy2/Users/mr big/Dropbox/code/c sharp/projects/open_source/maui/bannister/.vs/Bannister/FileContentIndex/c25949a5-a8d1-4670-8d51-1cebbc77be36.vsidx SnapshotPath=/GLOBALROOT/Device/HarddiskVolumeShadowCopy2 SnapVolume=C:
2026-04-09 07:35:44: Delete File goodrive://www.googleapis.com/:personal:/bannister_open_source/.vs/Bannister/FileContentIndex/61521550-510f-4d07-97c4-037d8542dc96.vsidx
2026-04-09 07:35:44: CopyFileSimple: OpenDownload: ERR: Cannot open file C:/Users/mr big/Dropbox/code/c sharp/projects/open_source/maui/bannister/.vs/Bannister/FileContentIndex/dfe696c7-3ba6-4ce4-9555-795e3df160b5.vsidx: cannot open file 'C:/Users/mr big/Dropbox/code/c sharp/projects/open_source/maui/bannister/.vs/Bannister/FileContentIndex/dfe696c7-3ba6-4ce4-9555-795e3df160b5.vsidx': The process cannot access the file because it is being used by another process.  (error 32)
2026-04-09 07:35:44: Open File Snap GetShadow: AbsPath=/GLOBALROOT/Device/HarddiskVolumeShadowCopy2/Users/mr big/Dropbox/code/c sharp/projects/open_source/maui/bannister/.vs/Bannister/FileContentIndex/dfe696c7-3ba6-4ce4-9555-795e3df160b5.vsidx SnapshotPath=/GLOBALROOT/Device/HarddiskVolumeShadowCopy2 SnapVolume=C:
2026-04-09 07:35:45: Delete File goodrive://www.googleapis.com/:personal:/bannister_open_source/.vs/Bannister/FileContentIndex/c1ef2907-3c79-4fae-89a4-4cc3af33f6de.vsidx
2026-04-09 07:35:47: Copy New 'C:/Users/mr big/Dropbox/code/c sharp/projects/open_source/maui/bannister/.vs/Bannister/FileContentIndex/dfe696c7-3ba6-4ce4-9555-795e3df160b5.vsidx' -> 'goodrive://www.googleapis.com/:personal:/bannister_open_source/.vs/Bannister/FileContentIndex/dfe696c7-3ba6-4ce4-9555-795e3df160b5.vsidx' (183,195)
2026-04-09 07:35:47: Copy New 'C:/Users/mr big/Dropbox/code/c sharp/projects/open_source/maui/bannister/.vs/Bannister/FileContentIndex/c25949a5-a8d1-4670-8d51-1cebbc77be36.vsidx' -> 'goodrive://www.googleapis.com/:personal:/bannister_open_source/.vs/Bannister/FileContentIndex/c25949a5-a8d1-4670-8d51-1cebbc77be36.vsidx' (180,453)
2026-04-09 07:35:48: Copy Over 'C:/Users/mr big/Dropbox/code/c sharp/projects/open_source/maui/bannister/Bannister/Models/StoryProject.cs' -> 'goodrive://www.googleapis.com/:personal:/bannister_open_source/Bannister/Models/StoryProject.cs' (4,931)
2026-04-09 07:35:49: Copy New 'C:/Users/mr big/Dropbox/code/c sharp/projects/open_source/maui/bannister/Bannister/Models/SubActivity.cs' -> 'goodrive://www.googleapis.com/:personal:/bannister_open_source/Bannister/Models/SubActivity.cs' (2,306)
2026-04-09 07:35:51: Copy Over 'C:/Users/mr big/Dropbox/code/c sharp/projects/open_source/maui/bannister/.vs/Bannister/v17/.suo' -> 'goodrive://www.googleapis.com/:personal:/bannister_open_source/.vs/Bannister/v17/.suo' (156,672)
2026-04-09 07:35:57: Copy Over 'C:/Users/mr big/Dropbox/code/c sharp/projects/open_source/maui/bannister/.vs/Bannister/v17/DocumentLayout.json' -> 'goodrive://www.googleapis.com/:personal:/bannister_open_source/.vs/Bannister/v17/DocumentLayout.json' (27,378)
2026-04-09 07:35:58: Copy Over 'C:/Users/mr big/Dropbox/code/c sharp/projects/open_source/maui/bannister/.vs/Bannister/v17/DocumentLayout.backup.json' -> 'goodrive://www.googleapis.com/:personal:/bannister_open_source/.vs/Bannister/v17/DocumentLayout.backup.json' (27,378)
2026-04-09 07:35:58: > Copy Over 'C:/Users/mr big/Dropbox/code/c sharp/projects/open_source/maui/bannister/Bannister/bin/x64/Debug/net8.0-windows10.0.19041.0/AppX/Bannister.dll' -> 'goodrive://www.googleapis.com/:personal:/bannister_open_source/Bannister/bin/x64/Debug/net8.0-windows10.0.19041.0/AppX/Bannister.dll' (2,804,736)
2026-04-09 07:36:01: Copy Over 'C:/Users/mr big/Dropbox/code/c sharp/projects/open_source/maui/bannister/Bannister/bin/x64/Debug/net8.0-windows10.0.19041.0/AppxManifest.xml' -> 'goodrive://www.googleapis.com/:personal:/bannister_open_source/Bannister/bin/x64/Debug/net8.0-windows10.0.19041.0/AppxManifest.xml' (2,821)
2026-04-09 07:36:02: Copy Over 'C:/Users/mr big/Dropbox/code/c sharp/projects/open_source/maui/bannister/Bannister/bin/x64/Debug/net8.0-windows10.0.19041.0/AppX/AppxManifest.xml' -> 'goodrive://www.googleapis.com/:personal:/bannister_open_source/Bannister/bin/x64/Debug/net8.0-windows10.0.19041.0/AppX/AppxManifest.xml' (2,821)
2026-04-09 07:36:03: < Copy Over 'C:/Users/mr big/Dropbox/code/c sharp/projects/open_source/maui/bannister/Bannister/bin/x64/Debug/net8.0-windows10.0.19041.0/AppX/Bannister.dll' -> 'goodrive://www.googleapis.com/:personal:/bannister_open_source/Bannister/bin/x64/Debug/net8.0-windows10.0.19041.0/AppX/Bannister.dll' (2,804,736)
2026-04-09 07:36:06: Copy Over 'C:/Users/mr big/Dropbox/code/c sharp/projects/open_source/maui/bannister/Bannister/bin/x64/Debug/net8.0-windows10.0.19041.0/AppX/vs.appxrecipe' -> 'goodrive://www.googleapis.com/:personal:/bannister_open_source/Bannister/bin/x64/Debug/net8.0-windows10.0.19041.0/AppX/vs.appxrecipe' (67,613)
2026-04-09 07:36:06: Copy Over 'C:/Users/mr big/Dropbox/code/c sharp/projects/open_source/maui/bannister/Bannister/bin/x64/Debug/net8.0-windows10.0.19041.0/AppX/Bannister.exe' -> 'goodrive://www.googleapis.com/:personal:/bannister_open_source/Bannister/bin/x64/Debug/net8.0-windows10.0.19041.0/AppX/Bannister.exe' (153,088)
2026-04-09 07:36:06: > Copy Over 'C:/Users/mr big/Dropbox/code/c sharp/projects/open_source/maui/bannister/Bannister/bin/x64/Debug/net8.0-windows10.0.19041.0/Bannister.dll' -> 'goodrive://www.googleapis.com/:personal:/bannister_open_source/Bannister/bin/x64/Debug/net8.0-windows10.0.19041.0/Bannister.dll' (2,804,736)
2026-04-09 07:36:07: Copy Over 'C:/Users/mr big/Dropbox/code/c sharp/projects/open_source/maui/bannister/Bannister/bin/x64/Debug/net8.0-windows10.0.19041.0/Bannister.build.appxrecipe' -> 'goodrive://www.googleapis.com/:personal:/bannister_open_source/Bannister/bin/x64/Debug/net8.0-windows10.0.19041.0/Bannister.build.appxrecipe' (57,124)
2026-04-09 07:36:10: Copy Over 'C:/Users/mr big/Dropbox/code/c sharp/projects/open_source/maui/bannister/Bannister/bin/x64/Debug/net8.0-windows10.0.19041.0/Bannister.exe' -> 'goodrive://www.googleapis.com/:personal:/bannister_open_source/Bannister/bin/x64/Debug/net8.0-windows10.0.19041.0/Bannister.exe' (153,088)
2026-04-09 07:36:11: < Copy Over 'C:/Users/mr big/Dropbox/code/c sharp/projects/open_source/maui/bannister/Bannister/bin/x64/Debug/net8.0-windows10.0.19041.0/Bannister.dll' -> 'goodrive://www.googleapis.com/:personal:/bannister_open_source/Bannister/bin/x64/Debug/net8.0-windows10.0.19041.0/Bannister.dll' (2,804,736)
2026-04-09 07:36:12: Copy Over 'C:/Users/mr big/Dropbox/code/c sharp/projects/open_source/maui/bannister/Bannister/bin/x64/Debug/net8.0-windows10.0.19041.0/Bannister.pdb' -> 'goodrive://www.googleapis.com/:personal:/bannister_open_source/Bannister/bin/x64/Debug/net8.0-windows10.0.19041.0/Bannister.pdb' (617,428)
2026-04-09 07:36:14: Copy New 'C:/Users/mr big/Dropbox/code/c sharp/projects/open_source/maui/bannister/Bannister/Services/SubActivityService.cs' -> 'goodrive://www.googleapis.com/:personal:/bannister_open_source/Bannister/Services/SubActivityService.cs' (8,801)
2026-04-09 07:36:16: Copy Over 'C:/Users/mr big/Dropbox/code/c sharp/projects/open_source/maui/bannister/Bannister/Services/StoryProductionService.cs' -> 'goodrive://www.googleapis.com/:personal:/bannister_open_source/Bannister/Services/StoryProductionService.cs' (47,775)
2026-04-09 07:36:17: Copy Over 'C:/Users/mr big/Dropbox/code/c sharp/projects/open_source/maui/bannister/Bannister/obj/x64/Debug/net8.0-windows10.0.19041.0/apphost.exe' -> 'goodrive://www.googleapis.com/:personal:/bannister_open_source/Bannister/obj/x64/Debug/net8.0-windows10.0.19041.0/apphost.exe' (153,088)
2026-04-09 07:36:18: Copy Over 'C:/Users/mr big/Dropbox/code/c sharp/projects/open_source/maui/bannister/Bannister/Views/HomePage.cs' -> 'goodrive://www.googleapis.com/:personal:/bannister_open_source/Bannister/Views/HomePage.cs' (18,592)
2026-04-09 07:36:20: Copy Over 'C:/Users/mr big/Dropbox/code/c sharp/projects/open_source/maui/bannister/Bannister/Views/PromptsBrowsePage.cs' -> 'goodrive://www.googleapis.com/:personal:/bannister_open_source/Bannister/Views/PromptsBrowsePage.cs' (36,457)
2026-04-09 07:36:21: Copy New 'C:/Users/mr big/Dropbox/code/c sharp/projects/open_source/maui/bannister/Bannister/Views/SubActivitiesPage.cs' -> 'goodrive://www.googleapis.com/:personal:/bannister_open_source/Bannister/Views/SubActivitiesPage.cs' (23,008)
2026-04-09 07:36:21: Copy Over 'C:/Users/mr big/Dropbox/code/c sharp/projects/open_source/maui/bannister/Bannister/Views/PromptsPage.cs' -> 'goodrive://www.googleapis.com/:personal:/bannister_open_source/Bannister/Views/PromptsPage.cs' (38,321)
2026-04-09 07:36:22: Copy New 'C:/Users/mr big/Dropbox/code/c sharp/projects/open_source/maui/bannister/Bannister/Views/storyproduction/ProductionStatsPage.cs' -> 'goodrive://www.googleapis.com/:personal:/bannister_open_source/Bannister/Views/storyproduction/ProductionStatsPage.cs' (20,173)
2026-04-09 07:36:24: Copy New 'C:/Users/mr big/Dropbox/code/c sharp/projects/open_source/maui/bannister/Bannister/Views/storyproduction/StoryProductionHubPage.cs' -> 'goodrive://www.googleapis.com/:personal:/bannister_open_source/Bannister/Views/storyproduction/StoryProductionHubPage.cs' (5,230)
2026-04-09 07:36:25: Copy Over 'C:/Users/mr big/Dropbox/code/c sharp/projects/open_source/maui/bannister/Bannister/Views/storyproduction/StoryProductionPage.cs' -> 'goodrive://www.googleapis.com/:personal:/bannister_open_source/Bannister/Views/storyproduction/StoryProductionPage.cs' (155,223)
2026-04-09 07:36:26: Copy Over 'C:/Users/mr big/Dropbox/code/c sharp/projects/open_source/maui/bannister/Bannister/obj/x64/Debug/net8.0-windows10.0.19041.0/Bannister.AssemblyInfo.cs' -> 'goodrive://www.googleapis.com/:personal:/bannister_open_source/Bannister/obj/x64/Debug/net8.0-windows10.0.19041.0/Bannister.AssemblyInfo.cs' (1,713)
2026-04-09 07:36:27: Copy Over 'C:/Users/mr big/Dropbox/code/c sharp/projects/open_source/maui/bannister/Bannister/obj/x64/Debug/net8.0-windows10.0.19041.0/Bannister.AssemblyInfoInputs.cache' -> 'goodrive://www.googleapis.com/:personal:/bannister_open_source/Bannister/obj/x64/Debug/net8.0-windows10.0.19041.0/Bannister.AssemblyInfoInputs.cache' (66)
2026-04-09 07:36:27: > Copy Over 'C:/Users/mr big/Dropbox/code/c sharp/projects/open_source/maui/bannister/Bannister/obj/x64/Debug/net8.0-windows10.0.19041.0/Bannister.dll' -> 'goodrive://www.googleapis.com/:personal:/bannister_open_source/Bannister/obj/x64/Debug/net8.0-windows10.0.19041.0/Bannister.dll' (2,804,736)
2026-04-09 07:36:30: Copy Over 'C:/Users/mr big/Dropbox/code/c sharp/projects/open_source/maui/bannister/Bannister/obj/x64/Debug/net8.0-windows10.0.19041.0/Bannister.csproj.CoreCompileInputs.cache' -> 'goodrive://www.googleapis.com/:personal:/bannister_open_source/Bannister/obj/x64/Debug/net8.0-windows10.0.19041.0/Bannister.csproj.CoreCompileInputs.cache' (66)
2026-04-09 07:36:30: Copy Over 'C:/Users/mr big/Dropbox/code/c sharp/projects/open_source/maui/bannister/Bannister/obj/x64/Debug/net8.0-windows10.0.19041.0/Bannister.csproj.BuildWithSkipAnalyzers' -> 'goodrive://www.googleapis.com/:personal:/bannister_open_source/Bannister/obj/x64/Debug/net8.0-windows10.0.19041.0/Bannister.csproj.BuildWithSkipAnalyzers' (0)
2026-04-09 07:36:32: < Copy Over 'C:/Users/mr big/Dropbox/code/c sharp/projects/open_source/maui/bannister/Bannister/obj/x64/Debug/net8.0-windows10.0.19041.0/Bannister.dll' -> 'goodrive://www.googleapis.com/:personal:/bannister_open_source/Bannister/obj/x64/Debug/net8.0-windows10.0.19041.0/Bannister.dll' (2,804,736)
2026-04-09 07:36:34: Copy Over 'C:/Users/mr big/Dropbox/code/c sharp/projects/open_source/maui/bannister/Bannister/obj/x64/Debug/net8.0-windows10.0.19041.0/Bannister.pdb' -> 'goodrive://www.googleapis.com/:personal:/bannister_open_source/Bannister/obj/x64/Debug/net8.0-windows10.0.19041.0/Bannister.pdb' (617,428)
2026-04-09 07:36:35: Copy Over 'C:/Users/mr big/Dropbox/code/c sharp/projects/open_source/maui/bannister/Bannister/obj/x64/Debug/net8.0-windows10.0.19041.0/Bannister.sourcelink.json' -> 'goodrive://www.googleapis.com/:personal:/bannister_open_source/Bannister/obj/x64/Debug/net8.0-windows10.0.19041.0/Bannister.sourcelink.json' (203)
2026-04-09 07:36:36: Copy Over 'C:/Users/mr big/Dropbox/code/c sharp/projects/open_source/maui/bannister/Bannister/obj/x64/Debug/net8.0-windows10.0.19041.0/excluded.layout.resfiles.intermediate' -> 'goodrive://www.googleapis.com/:personal:/bannister_open_source/Bannister/obj/x64/Debug/net8.0-windows10.0.19041.0/excluded.layout.resfiles.intermediate' (0)
2026-04-09 07:36:37: > Copy Over 'C:/Users/mr big/Dropbox/code/c sharp/projects/open_source/maui/bannister/Bannister/obj/x64/Debug/net8.0-windows10.0.19041.0/intermediatexaml/Bannister.dll' -> 'goodrive://www.googleapis.com/:personal:/bannister_open_source/Bannister/obj/x64/Debug/net8.0-windows10.0.19041.0/intermediatexaml/Bannister.dll' (2,666,496)
2026-04-09 07:36:38: Copy Over 'C:/Users/mr big/Dropbox/code/c sharp/projects/open_source/maui/bannister/Bannister/obj/x64/Debug/net8.0-windows10.0.19041.0/embed/embed.resfiles.intermediate' -> 'goodrive://www.googleapis.com/:personal:/bannister_open_source/Bannister/obj/x64/Debug/net8.0-windows10.0.19041.0/embed/embed.resfiles.intermediate' (27)
2026-04-09 07:36:39: Copy Over 'C:/Users/mr big/Dropbox/code/c sharp/projects/open_source/maui/bannister/Bannister/obj/x64/Debug/net8.0-windows10.0.19041.0/filtered.layout.resfiles.intermediate' -> 'goodrive://www.googleapis.com/:personal:/bannister_open_source/Bannister/obj/x64/Debug/net8.0-windows10.0.19041.0/filtered.layout.resfiles.intermediate' (2,300)
2026-04-09 07:36:42: < Copy Over 'C:/Users/mr big/Dropbox/code/c sharp/projects/open_source/maui/bannister/Bannister/obj/x64/Debug/net8.0-windows10.0.19041.0/intermediatexaml/Bannister.dll' -> 'goodrive://www.googleapis.com/:personal:/bannister_open_source/Bannister/obj/x64/Debug/net8.0-windows10.0.19041.0/intermediatexaml/Bannister.dll' (2,666,496)
2026-04-09 07:36:42: Copy Over 'C:/Users/mr big/Dropbox/code/c sharp/projects/open_source/maui/bannister/Bannister/obj/x64/Debug/net8.0-windows10.0.19041.0/pri.resfiles.intermediate' -> 'goodrive://www.googleapis.com/:personal:/bannister_open_source/Bannister/obj/x64/Debug/net8.0-windows10.0.19041.0/pri.resfiles.intermediate' (386)
2026-04-09 07:36:43: Copy Over 'C:/Users/mr big/Dropbox/code/c sharp/projects/open_source/maui/bannister/Bannister/obj/x64/Debug/net8.0-windows10.0.19041.0/Platforms/Windows/App.xaml' -> 'goodrive://www.googleapis.com/:personal:/bannister_open_source/Bannister/obj/x64/Debug/net8.0-windows10.0.19041.0/Platforms/Windows/App.xaml' (312)
2026-04-09 07:36:46: Copy Over 'C:/Users/mr big/Dropbox/code/c sharp/projects/open_source/maui/bannister/Bannister/obj/x64/Debug/net8.0-windows10.0.19041.0/priconfig.xml.intermediate' -> 'goodrive://www.googleapis.com/:personal:/bannister_open_source/Bannister/obj/x64/Debug/net8.0-windows10.0.19041.0/priconfig.xml.intermediate' (3,154)
2026-04-09 07:36:47: Copy Over 'C:/Users/mr big/Dropbox/code/c sharp/projects/open_source/maui/bannister/Bannister/obj/x64/Debug/net8.0-windows10.0.19041.0/ref/Bannister.dll' -> 'goodrive://www.googleapis.com/:personal:/bannister_open_source/Bannister/obj/x64/Debug/net8.0-windows10.0.19041.0/ref/Bannister.dll' (724,992)
2026-04-09 07:36:48: Copy Over 'C:/Users/mr big/Dropbox/code/c sharp/projects/open_source/maui/bannister/Bannister/obj/x64/Debug/net8.0-windows10.0.19041.0/refint/Bannister.dll' -> 'goodrive://www.googleapis.com/:personal:/bannister_open_source/Bannister/obj/x64/Debug/net8.0-windows10.0.19041.0/refint/Bannister.dll' (724,992)
2026-04-09 07:36:51: Copy Over 'C:/Users/mr big/Dropbox/code/c sharp/projects/open_source/maui/bannister/Bannister/obj/x64/Debug/net8.0-windows10.0.19041.0/unfiltered.layout.resfiles.intermediate' -> 'goodrive://www.googleapis.com/:personal:/bannister_open_source/Bannister/obj/x64/Debug/net8.0-windows10.0.19041.0/unfiltered.layout.resfiles.intermediate' (2,300)
2026-04-09 07:36:51: Copy Over 'C:/Users/mr big/Dropbox/code/c sharp/projects/open_source/maui/bannister/Bannister/obj/x64/Debug/net8.0-windows10.0.19041.0/resources.resfiles.intermediate' -> 'goodrive://www.googleapis.com/:personal:/bannister_open_source/Bannister/obj/x64/Debug/net8.0-windows10.0.19041.0/resources.resfiles.intermediate' (0)
2026-04-09 07:36:52: Copy Over 'C:/Users/mr big/Dropbox/code/c sharp/projects/open_source/maui/bannister/Bannister/obj/x64/Debug/net8.0-windows10.0.19041.0/XamlC.stamp' -> 'goodrive://www.googleapis.com/:personal:/bannister_open_source/Bannister/obj/x64/Debug/net8.0-windows10.0.19041.0/XamlC.stamp' (0)
2026-04-09 07:36:55: Copy Over 'C:/Users/mr big/Dropbox/code/c sharp/projects/open_source/maui/bannister/Bannister/obj/x64/Debug/net8.0-windows10.0.19041.0/XamlSaveStateFile.xml' -> 'goodrive://www.googleapis.com/:personal:/bannister_open_source/Bannister/obj/x64/Debug/net8.0-windows10.0.19041.0/XamlSaveStateFile.xml' (923)
2026-04-09 07:36:55: Copy Over 'C:/Users/mr big/Dropbox/code/c sharp/projects/open_source/maui/bannister/.git/COMMIT_EDITMSG' -> 'goodrive://www.googleapis.com/:personal:/bannister_open_source/.git/COMMIT_EDITMSG' (228)
2026-04-09 07:36:56: Copy Over 'C:/Users/mr big/Dropbox/code/c sharp/projects/open_source/maui/bannister/.git/index' -> 'goodrive://www.googleapis.com/:personal:/bannister_open_source/.git/index' (25,172)
2026-04-09 07:36:58: Copy New 'C:/Users/mr big/Dropbox/code/c sharp/projects/open_source/maui/bannister/.git/objects/07/9095087a0508cba5563759d3d8cbc1202c96b7' -> 'goodrive://www.googleapis.com/:personal:/bannister_open_source/.git/objects/07/9095087a0508cba5563759d3d8cbc1202c96b7' (651)
2026-04-09 07:36:59: Copy New 'C:/Users/mr big/Dropbox/code/c sharp/projects/open_source/maui/bannister/.git/objects/0f/77cdcb98ae12fae1a112cf3a3c3df5042636f7' -> 'goodrive://www.googleapis.com/:personal:/bannister_open_source/.git/objects/0f/77cdcb98ae12fae1a112cf3a3c3df5042636f7' (1,967)
2026-04-09 07:37:00: Copy Over 'C:/Users/mr big/Dropbox/code/c sharp/projects/open_source/maui/bannister/.git/logs/HEAD' -> 'goodrive://www.googleapis.com/:personal:/bannister_open_source/.git/logs/HEAD' (7,748)
2026-04-09 07:37:00: Copy New 'C:/Users/mr big/Dropbox/code/c sharp/projects/open_source/maui/bannister/.git/objects/17/e2c0381d9f09152d26d58b7d729c828417c9ce' -> 'goodrive://www.googleapis.com/:personal:/bannister_open_source/.git/objects/17/e2c0381d9f09152d26d58b7d729c828417c9ce' (199)
2026-04-09 07:37:01: Copy New 'C:/Users/mr big/Dropbox/code/c sharp/projects/open_source/maui/bannister/.git/objects/19/034b65fd51b6c2a45b97523ec6e333d95dab3a' -> 'goodrive://www.googleapis.com/:personal:/bannister_open_source/.git/objects/19/034b65fd51b6c2a45b97523ec6e333d95dab3a' (1,685)
2026-04-09 07:37:02: Copy New 'C:/Users/mr big/Dropbox/code/c sharp/projects/open_source/maui/bannister/.git/objects/28/a65c84a8eadd9962e0b825337d9cd6fb320bd4' -> 'goodrive://www.googleapis.com/:personal:/bannister_open_source/.git/objects/28/a65c84a8eadd9962e0b825337d9cd6fb320bd4' (33,160)
2026-04-09 07:37:02: Copy New 'C:/Users/mr big/Dropbox/code/c sharp/projects/open_source/maui/bannister/.git/objects/30/6b7401070b8e8099317b9338d6aeeddeec0acc' -> 'goodrive://www.googleapis.com/:personal:/bannister_open_source/.git/objects/30/6b7401070b8e8099317b9338d6aeeddeec0acc' (11,536)
2026-04-09 07:37:03: Copy New 'C:/Users/mr big/Dropbox/code/c sharp/projects/open_source/maui/bannister/.git/objects/3a/b114ce2b942150faf435856bfcb9fec57eb95a' -> 'goodrive://www.googleapis.com/:personal:/bannister_open_source/.git/objects/3a/b114ce2b942150faf435856bfcb9fec57eb95a' (616)
2026-04-09 07:37:04: Copy New 'C:/Users/mr big/Dropbox/code/c sharp/projects/open_source/maui/bannister/.git/objects/3e/548536cb9fc4fe7687f25e68d5bdf5e6874df2' -> 'goodrive://www.googleapis.com/:personal:/bannister_open_source/.git/objects/3e/548536cb9fc4fe7687f25e68d5bdf5e6874df2' (985)
2026-04-09 07:37:04: Copy New 'C:/Users/mr big/Dropbox/code/c sharp/projects/open_source/maui/bannister/.git/objects/47/667330ba1251913bcce275369533c74035d0e0' -> 'goodrive://www.googleapis.com/:personal:/bannister_open_source/.git/objects/47/667330ba1251913bcce275369533c74035d0e0' (5,332)
2026-04-09 07:37:06: Copy New 'C:/Users/mr big/Dropbox/code/c sharp/projects/open_source/maui/bannister/.git/objects/4f/23343b1621be409a2ea900b100aa14bfde667b' -> 'goodrive://www.googleapis.com/:personal:/bannister_open_source/.git/objects/4f/23343b1621be409a2ea900b100aa14bfde667b' (5,864)
2026-04-09 07:37:06: Copy New 'C:/Users/mr big/Dropbox/code/c sharp/projects/open_source/maui/bannister/.git/objects/5c/ff2017c32dcf0e702ed89de6d2ef55d3368c7e' -> 'goodrive://www.googleapis.com/:personal:/bannister_open_source/.git/objects/5c/ff2017c32dcf0e702ed89de6d2ef55d3368c7e' (573)
2026-04-09 07:37:06: Copy New 'C:/Users/mr big/Dropbox/code/c sharp/projects/open_source/maui/bannister/.git/objects/5a/72882e21b7df4fa5c897eed08bf4e0c11d7d81' -> 'goodrive://www.googleapis.com/:personal:/bannister_open_source/.git/objects/5a/72882e21b7df4fa5c897eed08bf4e0c11d7d81' (1,060)
2026-04-09 07:37:08: Copy New 'C:/Users/mr big/Dropbox/code/c sharp/projects/open_source/maui/bannister/.git/objects/65/e0ac287c0cb06200cd2adaae880af604c67945' -> 'goodrive://www.googleapis.com/:personal:/bannister_open_source/.git/objects/65/e0ac287c0cb06200cd2adaae880af604c67945' (656)
2026-04-09 07:37:08: Copy New 'C:/Users/mr big/Dropbox/code/c sharp/projects/open_source/maui/bannister/.git/objects/83/4367d8c149efdcee77062b33c11a6b0736d2f3' -> 'goodrive://www.googleapis.com/:personal:/bannister_open_source/.git/objects/83/4367d8c149efdcee77062b33c11a6b0736d2f3' (806)
2026-04-09 07:37:08: Copy New 'C:/Users/mr big/Dropbox/code/c sharp/projects/open_source/maui/bannister/.git/objects/76/f0ee78b417e4e3d9da78505d69885febe3e3cf' -> 'goodrive://www.googleapis.com/:personal:/bannister_open_source/.git/objects/76/f0ee78b417e4e3d9da78505d69885febe3e3cf' (967)
2026-04-09 07:37:09: Create Folder goodrive://www.googleapis.com/:personal:/bannister_open_source/.git/objects/a8
2026-04-09 07:37:11: Copy New 'C:/Users/mr big/Dropbox/code/c sharp/projects/open_source/maui/bannister/.git/objects/90/8f1faabc4bb9a890d35c0c7e3c503c399fa9c0' -> 'goodrive://www.googleapis.com/:personal:/bannister_open_source/.git/objects/90/8f1faabc4bb9a890d35c0c7e3c503c399fa9c0' (1,669)
2026-04-09 07:37:11: Copy New 'C:/Users/mr big/Dropbox/code/c sharp/projects/open_source/maui/bannister/.git/objects/94/2c5ddab446c7ccc6911261e8b8a6bd287da64b' -> 'goodrive://www.googleapis.com/:personal:/bannister_open_source/.git/objects/94/2c5ddab446c7ccc6911261e8b8a6bd287da64b' (2,014)
2026-04-09 07:37:12: Copy New 'C:/Users/mr big/Dropbox/code/c sharp/projects/open_source/maui/bannister/.git/objects/a8/f92c927f8b953c24ff2b2ec4c269dce726039a' -> 'goodrive://www.googleapis.com/:personal:/bannister_open_source/.git/objects/a8/f92c927f8b953c24ff2b2ec4c269dce726039a' (4,672)
2026-04-09 07:37:13: Copy New 'C:/Users/mr big/Dropbox/code/c sharp/projects/open_source/maui/bannister/.git/objects/bc/eae4696d271b70849c183513bc83b493ea8630' -> 'goodrive://www.googleapis.com/:personal:/bannister_open_source/.git/objects/bc/eae4696d271b70849c183513bc83b493ea8630' (760)
2026-04-09 07:37:13: Copy New 'C:/Users/mr big/Dropbox/code/c sharp/projects/open_source/maui/bannister/.git/objects/ab/01c3b533c660d303349e2dc6508f8e79094846' -> 'goodrive://www.googleapis.com/:personal:/bannister_open_source/.git/objects/ab/01c3b533c660d303349e2dc6508f8e79094846' (156)
2026-04-09 07:37:14: Create Folder goodrive://www.googleapis.com/:personal:/bannister_open_source/.git/objects/d0
2026-04-09 07:37:14: Copy New 'C:/Users/mr big/Dropbox/code/c sharp/projects/open_source/maui/bannister/.git/objects/bf/8efd9eb63aae1c461203dedd69d5730389f2a2' -> 'goodrive://www.googleapis.com/:personal:/bannister_open_source/.git/objects/bf/8efd9eb63aae1c461203dedd69d5730389f2a2' (8,722)
2026-04-09 07:37:16: Copy New 'C:/Users/mr big/Dropbox/code/c sharp/projects/open_source/maui/bannister/.git/objects/dc/3b06b1a5246ea257721f8db221e9ef18a67d45' -> 'goodrive://www.googleapis.com/:personal:/bannister_open_source/.git/objects/dc/3b06b1a5246ea257721f8db221e9ef18a67d45' (9,495)
2026-04-09 07:37:16: Copy New 'C:/Users/mr big/Dropbox/code/c sharp/projects/open_source/maui/bannister/.git/objects/d7/0850b679e467e61500eee37bc824a7c872a671' -> 'goodrive://www.googleapis.com/:personal:/bannister_open_source/.git/objects/d7/0850b679e467e61500eee37bc824a7c872a671' (107,110)
2026-04-09 07:37:17: Create Folder goodrive://www.googleapis.com/:personal:/bannister_open_source/.git/objects/dd
2026-04-09 07:37:17: Copy New 'C:/Users/mr big/Dropbox/code/c sharp/projects/open_source/maui/bannister/.git/objects/d0/10c73c17112b95f3c4f2a80e9c4344d5d0aa16' -> 'goodrive://www.googleapis.com/:personal:/bannister_open_source/.git/objects/d0/10c73c17112b95f3c4f2a80e9c4344d5d0aa16' (279)
2026-04-09 07:37:19: Copy New 'C:/Users/mr big/Dropbox/code/c sharp/projects/open_source/maui/bannister/.git/objects/ea/04472c30e7e7591de130bd8b37e1ee1ba57a8e' -> 'goodrive://www.googleapis.com/:personal:/bannister_open_source/.git/objects/ea/04472c30e7e7591de130bd8b37e1ee1ba57a8e' (320)
2026-04-09 07:37:19: Copy New 'C:/Users/mr big/Dropbox/code/c sharp/projects/open_source/maui/bannister/.git/objects/fa/53886e30cdb22fd04e4bc62d5aac9c1436bccf' -> 'goodrive://www.googleapis.com/:personal:/bannister_open_source/.git/objects/fa/53886e30cdb22fd04e4bc62d5aac9c1436bccf' (5,393)
2026-04-09 07:37:20: Copy New 'C:/Users/mr big/Dropbox/code/c sharp/projects/open_source/maui/bannister/.git/objects/dd/526fcf7178b57ea048aae75d84234acca4f6d6' -> 'goodrive://www.googleapis.com/:personal:/bannister_open_source/.git/objects/dd/526fcf7178b57ea048aae75d84234acca4f6d6' (455)
2026-04-09 07:37:23: Copy Over 'C:/Users/mr big/Dropbox/code/c sharp/projects/open_source/maui/bannister/.git/logs/refs/heads/main' -> 'goodrive://www.googleapis.com/:personal:/bannister_open_source/.git/logs/refs/heads/main' (7,801)
2026-04-09 07:37:26: Copy Over 'C:/Users/mr big/Dropbox/code/c sharp/projects/open_source/maui/bannister/.git/refs/heads/main' -> 'goodrive://www.googleapis.com/:personal:/bannister_open_source/.git/refs/heads/main' (41)
2026-04-09 07:37:26: Copy Over 'C:/Users/mr big/Dropbox/code/c sharp/projects/open_source/maui/bannister/.git/refs/remotes/origin/main' -> 'goodrive://www.googleapis.com/:personal:/bannister_open_source/.git/refs/remotes/origin/main' (41)
2026-04-09 07:37:28: Copy Over 'C:/Users/mr big/Dropbox/code/c sharp/projects/open_source/maui/bannister/.git/logs/refs/remotes/origin/main' -> 'goodrive://www.googleapis.com/:personal:/bannister_open_source/.git/logs/refs/remotes/origin/main' (3,335)
2026-04-09 07:37:28: Save State File C:/Users/mr big/Dropbox/code/c sharp/projects/open_source/maui/bannister/_gsdata_/_file_state_v4._gs
2026-04-09 07:37:31: Save State File goodrive://www.googleapis.com/:personal:/bannister_open_source/_gsdata_/_file_state_v4._gs
2026-04-09 07:37:31: Release Snapshot of Volume C:
2026-04-09 07:47:10: == Sync Complete. Time: 00:13:41, Speed: 121.81 KB/s, OK: 99, Errors: 0
