2026-02-24 05:31:20: -- Analysis Started by On Schedule Min=30 Hour=5 
2026-02-24 05:31:20: L: Reading State File C:/Users/mr big/Dropbox/code/c sharp/projects/open_source/maui/bannister/_gsdata_/_file_state_v4._gs
2026-02-24 05:31:26: R: Reading State File goodrive://www.googleapis.com/:personal:/bannister_open_source/_gsdata_/_file_state_v4._gs
2026-02-24 05:31:28: Changes: 28, Conflicts: 0, CopyTime: 0, FixState: 0, Errors: 0, All: 6007
2026-02-24 05:31:28: Left to Right: Copy File: 28 
2026-02-24 05:31:28: == Sync Started by On Schedule Min=30 Hour=5 
2026-02-24 05:31:28: ConnectCloned connected to file:///C:/Users/mr big/Dropbox/code/c sharp/projects/open_source/maui/bannister
2026-02-24 05:31:28: ConnectCloned connected to file:///C:/Users/mr big/Dropbox/code/c sharp/projects/open_source/maui/bannister
2026-02-24 05:31:28: ConnectCloned connected to file:///C:/Users/mr big/Dropbox/code/c sharp/projects/open_source/maui/bannister
2026-02-24 05:31:28: GsConnectAndSetRoot1 connected to goodrive://www.googleapis.com/:personal:/bannister_open_source
2026-02-24 05:31:28: GsConnectAndSetRoot1 connected to goodrive://www.googleapis.com/:personal:/bannister_open_source
2026-02-24 05:31:28: GsConnectAndSetRoot1 connected to goodrive://www.googleapis.com/:personal:/bannister_open_source
2026-02-24 05:31:34: Copy Over 'C:/Users/mr big/Dropbox/code/c sharp/projects/open_source/maui/bannister/Bannister/Bannister.csproj.user' -> 'goodrive://www.googleapis.com/:personal:/bannister_open_source/Bannister/Bannister.csproj.user' (684)
2026-02-24 05:31:35: Copy Over 'C:/Users/mr big/Dropbox/code/c sharp/projects/open_source/maui/bannister/.vs/Bannister/v17/.suo' -> 'goodrive://www.googleapis.com/:personal:/bannister_open_source/.vs/Bannister/v17/.suo' (202,240)
2026-02-24 05:31:35: Copy Over 'C:/Users/mr big/Dropbox/code/c sharp/projects/open_source/maui/bannister/.vs/Bannister/v17/DocumentLayout.backup.json' -> 'goodrive://www.googleapis.com/:personal:/bannister_open_source/.vs/Bannister/v17/DocumentLayout.backup.json' (54,228)
2026-02-24 05:31:39: Copy Over 'C:/Users/mr big/Dropbox/code/c sharp/projects/open_source/maui/bannister/.vs/Bannister/v17/DocumentLayout.json' -> 'goodrive://www.googleapis.com/:personal:/bannister_open_source/.vs/Bannister/v17/DocumentLayout.json' (54,228)
2026-02-24 05:31:40: Copy Over 'C:/Users/mr big/Dropbox/code/c sharp/projects/open_source/maui/bannister/Bannister/bin/x64/Debug/net8.0-windows10.0.19041.0/win10-x64/AppX/AppxManifest.xml' -> 'goodrive://www.googleapis.com/:personal:/bannister_open_source/Bannister/bin/x64/Debug/net8.0-windows10.0.19041.0/win10-x64/AppX/AppxManifest.xml' (2,821)
2026-02-24 05:31:40: Copy Over 'C:/Users/mr big/Dropbox/code/c sharp/projects/open_source/maui/bannister/Bannister/bin/x64/Debug/net8.0-windows10.0.19041.0/win10-x64/AppX/Bannister.deps.json' -> 'goodrive://www.googleapis.com/:personal:/bannister_open_source/Bannister/bin/x64/Debug/net8.0-windows10.0.19041.0/win10-x64/AppX/Bannister.deps.json' (32,443)
2026-02-24 05:31:44: Copy Over 'C:/Users/mr big/Dropbox/code/c sharp/projects/open_source/maui/bannister/Bannister/bin/x64/Debug/net8.0-windows10.0.19041.0/win10-x64/AppX/resources.pri' -> 'goodrive://www.googleapis.com/:personal:/bannister_open_source/Bannister/bin/x64/Debug/net8.0-windows10.0.19041.0/win10-x64/AppX/resources.pri' (140,664)
2026-02-24 05:31:44: Copy Over 'C:/Users/mr big/Dropbox/code/c sharp/projects/open_source/maui/bannister/Bannister/obj/x64/Debug/net8.0-windows10.0.19041.0/win10-x64/apphost.exe' -> 'goodrive://www.googleapis.com/:personal:/bannister_open_source/Bannister/obj/x64/Debug/net8.0-windows10.0.19041.0/win10-x64/apphost.exe' (153,088)
2026-02-24 05:31:44: > Copy Over 'C:/Users/mr big/Dropbox/code/c sharp/projects/open_source/maui/bannister/Bannister/obj/x64/Debug/net8.0-windows10.0.19041.0/win10-x64/Bannister.dll' -> 'goodrive://www.googleapis.com/:personal:/bannister_open_source/Bannister/obj/x64/Debug/net8.0-windows10.0.19041.0/win10-x64/Bannister.dll' (1,140,224)
2026-02-24 05:31:44: Copy Over 'C:/Users/mr big/Dropbox/code/c sharp/projects/open_source/maui/bannister/Bannister/obj/x64/Debug/net8.0-windows10.0.19041.0/win10-x64/Bannister.csproj.BuildWithSkipAnalyzers' -> 'goodrive://www.googleapis.com/:personal:/bannister_open_source/Bannister/obj/x64/Debug/net8.0-windows10.0.19041.0/win10-x64/Bannister.csproj.BuildWithSkipAnalyzers' (0)
2026-02-24 05:31:48: Copy Over 'C:/Users/mr big/Dropbox/code/c sharp/projects/open_source/maui/bannister/Bannister/obj/x64/Debug/net8.0-windows10.0.19041.0/win10-x64/Bannister.pdb' -> 'goodrive://www.googleapis.com/:personal:/bannister_open_source/Bannister/obj/x64/Debug/net8.0-windows10.0.19041.0/win10-x64/Bannister.pdb' (244,588)
2026-02-24 05:31:48: Copy Over 'C:/Users/mr big/Dropbox/code/c sharp/projects/open_source/maui/bannister/Bannister/obj/x64/Debug/net8.0-windows10.0.19041.0/win10-x64/excluded.layout.resfiles.intermediate' -> 'goodrive://www.googleapis.com/:personal:/bannister_open_source/Bannister/obj/x64/Debug/net8.0-windows10.0.19041.0/win10-x64/excluded.layout.resfiles.intermediate' (0)
2026-02-24 05:31:50: < Copy Over 'C:/Users/mr big/Dropbox/code/c sharp/projects/open_source/maui/bannister/Bannister/obj/x64/Debug/net8.0-windows10.0.19041.0/win10-x64/Bannister.dll' -> 'goodrive://www.googleapis.com/:personal:/bannister_open_source/Bannister/obj/x64/Debug/net8.0-windows10.0.19041.0/win10-x64/Bannister.dll' (1,140,224)
2026-02-24 05:31:53: Copy Over 'C:/Users/mr big/Dropbox/code/c sharp/projects/open_source/maui/bannister/Bannister/obj/x64/Debug/net8.0-windows10.0.19041.0/win10-x64/filtered.layout.resfiles.intermediate' -> 'goodrive://www.googleapis.com/:personal:/bannister_open_source/Bannister/obj/x64/Debug/net8.0-windows10.0.19041.0/win10-x64/filtered.layout.resfiles.intermediate' (2,300)
2026-02-24 05:31:53: Copy Over 'C:/Users/mr big/Dropbox/code/c sharp/projects/open_source/maui/bannister/Bannister/obj/x64/Debug/net8.0-windows10.0.19041.0/win10-x64/embed/embed.resfiles.intermediate' -> 'goodrive://www.googleapis.com/:personal:/bannister_open_source/Bannister/obj/x64/Debug/net8.0-windows10.0.19041.0/win10-x64/embed/embed.resfiles.intermediate' (27)
2026-02-24 05:31:54: Copy Over 'C:/Users/mr big/Dropbox/code/c sharp/projects/open_source/maui/bannister/Bannister/obj/x64/Debug/net8.0-windows10.0.19041.0/win10-x64/intermediatexaml/Bannister.dll' -> 'goodrive://www.googleapis.com/:personal:/bannister_open_source/Bannister/obj/x64/Debug/net8.0-windows10.0.19041.0/win10-x64/intermediatexaml/Bannister.dll' (993,280)
2026-02-24 05:31:57: Copy Over 'C:/Users/mr big/Dropbox/code/c sharp/projects/open_source/maui/bannister/Bannister/obj/x64/Debug/net8.0-windows10.0.19041.0/win10-x64/pri.resfiles.intermediate' -> 'goodrive://www.googleapis.com/:personal:/bannister_open_source/Bannister/obj/x64/Debug/net8.0-windows10.0.19041.0/win10-x64/pri.resfiles.intermediate' (386)
2026-02-24 05:31:57: Copy Over 'C:/Users/mr big/Dropbox/code/c sharp/projects/open_source/maui/bannister/Bannister/obj/x64/Debug/net8.0-windows10.0.19041.0/win10-x64/Platforms/Windows/App.xaml' -> 'goodrive://www.googleapis.com/:personal:/bannister_open_source/Bannister/obj/x64/Debug/net8.0-windows10.0.19041.0/win10-x64/Platforms/Windows/App.xaml' (312)
2026-02-24 05:31:58: Copy Over 'C:/Users/mr big/Dropbox/code/c sharp/projects/open_source/maui/bannister/Bannister/obj/x64/Debug/net8.0-windows10.0.19041.0/win10-x64/priconfig.xml.intermediate' -> 'goodrive://www.googleapis.com/:personal:/bannister_open_source/Bannister/obj/x64/Debug/net8.0-windows10.0.19041.0/win10-x64/priconfig.xml.intermediate' (3,194)
2026-02-24 05:32:01: Copy Over 'C:/Users/mr big/Dropbox/code/c sharp/projects/open_source/maui/bannister/Bannister/obj/x64/Debug/net8.0-windows10.0.19041.0/win10-x64/qualifiers.txt.intermediate' -> 'goodrive://www.googleapis.com/:personal:/bannister_open_source/Bannister/obj/x64/Debug/net8.0-windows10.0.19041.0/win10-x64/qualifiers.txt.intermediate' (184)
2026-02-24 05:32:02: Copy Over 'C:/Users/mr big/Dropbox/code/c sharp/projects/open_source/maui/bannister/Bannister/obj/x64/Debug/net8.0-windows10.0.19041.0/win10-x64/ref/Bannister.dll' -> 'goodrive://www.googleapis.com/:personal:/bannister_open_source/Bannister/obj/x64/Debug/net8.0-windows10.0.19041.0/win10-x64/ref/Bannister.dll' (399,360)
2026-02-24 05:32:02: Copy Over 'C:/Users/mr big/Dropbox/code/c sharp/projects/open_source/maui/bannister/Bannister/obj/x64/Debug/net8.0-windows10.0.19041.0/win10-x64/refint/Bannister.dll' -> 'goodrive://www.googleapis.com/:personal:/bannister_open_source/Bannister/obj/x64/Debug/net8.0-windows10.0.19041.0/win10-x64/refint/Bannister.dll' (399,360)
2026-02-24 05:32:05: Copy Over 'C:/Users/mr big/Dropbox/code/c sharp/projects/open_source/maui/bannister/Bannister/obj/x64/Debug/net8.0-windows10.0.19041.0/win10-x64/resources.resfiles.intermediate' -> 'goodrive://www.googleapis.com/:personal:/bannister_open_source/Bannister/obj/x64/Debug/net8.0-windows10.0.19041.0/win10-x64/resources.resfiles.intermediate' (0)
2026-02-24 05:32:06: Copy Over 'C:/Users/mr big/Dropbox/code/c sharp/projects/open_source/maui/bannister/Bannister/obj/x64/Debug/net8.0-windows10.0.19041.0/win10-x64/XamlC.stamp' -> 'goodrive://www.googleapis.com/:personal:/bannister_open_source/Bannister/obj/x64/Debug/net8.0-windows10.0.19041.0/win10-x64/XamlC.stamp' (0)
2026-02-24 05:32:07: Copy Over 'C:/Users/mr big/Dropbox/code/c sharp/projects/open_source/maui/bannister/Bannister/obj/x64/Debug/net8.0-windows10.0.19041.0/win10-x64/unfiltered.layout.resfiles.intermediate' -> 'goodrive://www.googleapis.com/:personal:/bannister_open_source/Bannister/obj/x64/Debug/net8.0-windows10.0.19041.0/win10-x64/unfiltered.layout.resfiles.intermediate' (2,300)
2026-02-24 05:32:09: Copy Over 'C:/Users/mr big/Dropbox/code/c sharp/projects/open_source/maui/bannister/Bannister/obj/x64/Debug/net8.0-windows10.0.19041.0/win10-x64/XamlSaveStateFile.xml' -> 'goodrive://www.googleapis.com/:personal:/bannister_open_source/Bannister/obj/x64/Debug/net8.0-windows10.0.19041.0/win10-x64/XamlSaveStateFile.xml' (943)
2026-02-24 05:32:11: Copy Over 'C:/Users/mr big/Dropbox/code/c sharp/projects/open_source/maui/bannister/Bannister/bin/x64/Debug/net8.0-windows10.0.19041.0/win10-x64/Bannister.deps.json' -> 'goodrive://www.googleapis.com/:personal:/bannister_open_source/Bannister/bin/x64/Debug/net8.0-windows10.0.19041.0/win10-x64/Bannister.deps.json' (32,443)
2026-02-24 05:32:11: Copy Over 'C:/Users/mr big/Dropbox/code/c sharp/projects/open_source/maui/bannister/Bannister/bin/x64/Debug/net8.0-windows10.0.19041.0/win10-x64/AppX/vs.appxrecipe' -> 'goodrive://www.googleapis.com/:personal:/bannister_open_source/Bannister/bin/x64/Debug/net8.0-windows10.0.19041.0/win10-x64/AppX/vs.appxrecipe' (59,032)
2026-02-24 05:32:12: Copy Over 'C:/Users/mr big/Dropbox/code/c sharp/projects/open_source/maui/bannister/Bannister/bin/x64/Debug/net8.0-windows10.0.19041.0/win10-x64/resources.pri' -> 'goodrive://www.googleapis.com/:personal:/bannister_open_source/Bannister/bin/x64/Debug/net8.0-windows10.0.19041.0/win10-x64/resources.pri' (140,664)
2026-02-24 05:32:13: Save State File C:/Users/mr big/Dropbox/code/c sharp/projects/open_source/maui/bannister/_gsdata_/_file_state_v4._gs
2026-02-24 05:32:15: Save State File goodrive://www.googleapis.com/:personal:/bannister_open_source/_gsdata_/_file_state_v4._gs
2026-02-24 05:32:18: == Sync Complete. Time: 00:00:50, Speed: 87.30 KB/s, OK: 28, Errors: 0
