2026-03-28 07:17:49: -- Analysis Started by On Schedule Min=30 Hour=5 
2026-03-28 07:17:49: L: Reading State File C:/Users/mr big/Dropbox/code/c sharp/projects/open_source/maui/bannister/_gsdata_/_file_state_v4._gs
2026-03-28 07:17:58: R: Reading State File goodrive://www.googleapis.com/:personal:/bannister_open_source/_gsdata_/_file_state_v4._gs
2026-03-28 07:22:37: Changes: 99, Conflicts: 0, CopyTime: 0, FixState: 0, Errors: 0, All: 9190
2026-03-28 07:22:37: Left to Right: Copy File: 93 Delete File: 6 
2026-03-28 07:22:37: == Sync Started by On Schedule Min=30 Hour=5 
2026-03-28 07:22:38: ConnectCloned connected to file:///C:/Users/mr big/Dropbox/code/c sharp/projects/open_source/maui/bannister
2026-03-28 07:22:38: ConnectCloned connected to file:///C:/Users/mr big/Dropbox/code/c sharp/projects/open_source/maui/bannister
2026-03-28 07:22:38: ConnectCloned connected to file:///C:/Users/mr big/Dropbox/code/c sharp/projects/open_source/maui/bannister
2026-03-28 07:22:38: GsConnectAndSetRoot1 connected to goodrive://www.googleapis.com/:personal:/bannister_open_source
2026-03-28 07:22:38: GsConnectAndSetRoot1 connected to goodrive://www.googleapis.com/:personal:/bannister_open_source
2026-03-28 07:22:38: GsConnectAndSetRoot1 connected to goodrive://www.googleapis.com/:personal:/bannister_open_source
2026-03-28 07:22:46: Copy Over 'C:/Users/mr big/Dropbox/code/c sharp/projects/open_source/maui/bannister/Bannister/ConversationPractice/Views/TreeBuilderPage.cs' -> 'goodrive://www.googleapis.com/:personal:/bannister_open_source/Bannister/ConversationPractice/Views/TreeBuilderPage.cs' (13,963)
2026-03-28 07:22:46: Copy Over 'C:/Users/mr big/Dropbox/code/c sharp/projects/open_source/maui/bannister/Bannister/bin/x64/Debug/net8.0-windows10.0.19041.0/AppX/AppxManifest.xml' -> 'goodrive://www.googleapis.com/:personal:/bannister_open_source/Bannister/bin/x64/Debug/net8.0-windows10.0.19041.0/AppX/AppxManifest.xml' (2,821)
2026-03-28 07:22:48: Copy Over 'C:/Users/mr big/Dropbox/code/c sharp/projects/open_source/maui/bannister/Bannister/Bannister.csproj' -> 'goodrive://www.googleapis.com/:personal:/bannister_open_source/Bannister/Bannister.csproj' (3,293)
2026-03-28 07:22:51: Copy Over 'C:/Users/mr big/Dropbox/code/c sharp/projects/open_source/maui/bannister/Bannister/obj/x64/Debug/net8.0-windows10.0.19041.0/apphost.exe' -> 'goodrive://www.googleapis.com/:personal:/bannister_open_source/Bannister/obj/x64/Debug/net8.0-windows10.0.19041.0/apphost.exe' (153,088)
2026-03-28 07:22:51: Copy Over 'C:/Users/mr big/Dropbox/code/c sharp/projects/open_source/maui/bannister/Bannister/obj/x64/Debug/net8.0-windows10.0.19041.0/Bannister.AssemblyInfoInputs.cache' -> 'goodrive://www.googleapis.com/:personal:/bannister_open_source/Bannister/obj/x64/Debug/net8.0-windows10.0.19041.0/Bannister.AssemblyInfoInputs.cache' (66)
2026-03-28 07:22:51: Copy Over 'C:/Users/mr big/Dropbox/code/c sharp/projects/open_source/maui/bannister/Bannister/obj/x64/Debug/net8.0-windows10.0.19041.0/Bannister.AssemblyInfo.cs' -> 'goodrive://www.googleapis.com/:personal:/bannister_open_source/Bannister/obj/x64/Debug/net8.0-windows10.0.19041.0/Bannister.AssemblyInfo.cs' (1,713)
2026-03-28 07:22:51: > Copy Over 'C:/Users/mr big/Dropbox/code/c sharp/projects/open_source/maui/bannister/Bannister/obj/x64/Debug/net8.0-windows10.0.19041.0/Bannister.dll' -> 'goodrive://www.googleapis.com/:personal:/bannister_open_source/Bannister/obj/x64/Debug/net8.0-windows10.0.19041.0/Bannister.dll' (2,053,632)
2026-03-28 07:22:55: Copy Over 'C:/Users/mr big/Dropbox/code/c sharp/projects/open_source/maui/bannister/Bannister/obj/x64/Debug/net8.0-windows10.0.19041.0/Bannister.csproj.CoreCompileInputs.cache' -> 'goodrive://www.googleapis.com/:personal:/bannister_open_source/Bannister/obj/x64/Debug/net8.0-windows10.0.19041.0/Bannister.csproj.CoreCompileInputs.cache' (66)
2026-03-28 07:22:55: Copy Over 'C:/Users/mr big/Dropbox/code/c sharp/projects/open_source/maui/bannister/Bannister/obj/x64/Debug/net8.0-windows10.0.19041.0/Bannister.csproj.BuildWithSkipAnalyzers' -> 'goodrive://www.googleapis.com/:personal:/bannister_open_source/Bannister/obj/x64/Debug/net8.0-windows10.0.19041.0/Bannister.csproj.BuildWithSkipAnalyzers' (0)
2026-03-28 07:22:56: < Copy Over 'C:/Users/mr big/Dropbox/code/c sharp/projects/open_source/maui/bannister/Bannister/obj/x64/Debug/net8.0-windows10.0.19041.0/Bannister.dll' -> 'goodrive://www.googleapis.com/:personal:/bannister_open_source/Bannister/obj/x64/Debug/net8.0-windows10.0.19041.0/Bannister.dll' (2,053,632)
2026-03-28 07:22:58: Copy Over 'C:/Users/mr big/Dropbox/code/c sharp/projects/open_source/maui/bannister/Bannister/obj/x64/Debug/net8.0-windows10.0.19041.0/Bannister.GeneratedMSBuildEditorConfig.editorconfig' -> 'goodrive://www.googleapis.com/:personal:/bannister_open_source/Bannister/obj/x64/Debug/net8.0-windows10.0.19041.0/Bannister.GeneratedMSBuildEditorConfig.editorconfig' (7,337)
2026-03-28 07:22:59: Copy Over 'C:/Users/mr big/Dropbox/code/c sharp/projects/open_source/maui/bannister/Bannister/obj/x64/Debug/net8.0-windows10.0.19041.0/Bannister.pdb' -> 'goodrive://www.googleapis.com/:personal:/bannister_open_source/Bannister/obj/x64/Debug/net8.0-windows10.0.19041.0/Bannister.pdb' (455,896)
2026-03-28 07:23:00: Copy Over 'C:/Users/mr big/Dropbox/code/c sharp/projects/open_source/maui/bannister/Bannister/obj/x64/Debug/net8.0-windows10.0.19041.0/Bannister.sourcelink.json' -> 'goodrive://www.googleapis.com/:personal:/bannister_open_source/Bannister/obj/x64/Debug/net8.0-windows10.0.19041.0/Bannister.sourcelink.json' (203)
2026-03-28 07:23:02: Copy Over 'C:/Users/mr big/Dropbox/code/c sharp/projects/open_source/maui/bannister/Bannister/obj/x64/Debug/net8.0-windows10.0.19041.0/excluded.layout.resfiles.intermediate' -> 'goodrive://www.googleapis.com/:personal:/bannister_open_source/Bannister/obj/x64/Debug/net8.0-windows10.0.19041.0/excluded.layout.resfiles.intermediate' (0)
2026-03-28 07:23:02: > Copy Over 'C:/Users/mr big/Dropbox/code/c sharp/projects/open_source/maui/bannister/Bannister/obj/x64/Debug/net8.0-windows10.0.19041.0/intermediatexaml/Bannister.dll' -> 'goodrive://www.googleapis.com/:personal:/bannister_open_source/Bannister/obj/x64/Debug/net8.0-windows10.0.19041.0/intermediatexaml/Bannister.dll' (1,911,296)
2026-03-28 07:23:03: Copy Over 'C:/Users/mr big/Dropbox/code/c sharp/projects/open_source/maui/bannister/Bannister/obj/x64/Debug/net8.0-windows10.0.19041.0/embed/embed.resfiles.intermediate' -> 'goodrive://www.googleapis.com/:personal:/bannister_open_source/Bannister/obj/x64/Debug/net8.0-windows10.0.19041.0/embed/embed.resfiles.intermediate' (27)
2026-03-28 07:23:04: Copy Over 'C:/Users/mr big/Dropbox/code/c sharp/projects/open_source/maui/bannister/Bannister/obj/x64/Debug/net8.0-windows10.0.19041.0/filtered.layout.resfiles.intermediate' -> 'goodrive://www.googleapis.com/:personal:/bannister_open_source/Bannister/obj/x64/Debug/net8.0-windows10.0.19041.0/filtered.layout.resfiles.intermediate' (2,300)
2026-03-28 07:23:05: < Copy Over 'C:/Users/mr big/Dropbox/code/c sharp/projects/open_source/maui/bannister/Bannister/obj/x64/Debug/net8.0-windows10.0.19041.0/intermediatexaml/Bannister.dll' -> 'goodrive://www.googleapis.com/:personal:/bannister_open_source/Bannister/obj/x64/Debug/net8.0-windows10.0.19041.0/intermediatexaml/Bannister.dll' (1,911,296)
2026-03-28 07:23:07: Copy Over 'C:/Users/mr big/Dropbox/code/c sharp/projects/open_source/maui/bannister/Bannister/obj/x64/Debug/net8.0-windows10.0.19041.0/pri.resfiles.intermediate' -> 'goodrive://www.googleapis.com/:personal:/bannister_open_source/Bannister/obj/x64/Debug/net8.0-windows10.0.19041.0/pri.resfiles.intermediate' (386)
2026-03-28 07:23:08: Copy Over 'C:/Users/mr big/Dropbox/code/c sharp/projects/open_source/maui/bannister/Bannister/obj/x64/Debug/net8.0-windows10.0.19041.0/Platforms/Windows/App.xaml' -> 'goodrive://www.googleapis.com/:personal:/bannister_open_source/Bannister/obj/x64/Debug/net8.0-windows10.0.19041.0/Platforms/Windows/App.xaml' (312)
2026-03-28 07:23:09: Copy Over 'C:/Users/mr big/Dropbox/code/c sharp/projects/open_source/maui/bannister/Bannister/obj/x64/Debug/net8.0-windows10.0.19041.0/priconfig.xml.intermediate' -> 'goodrive://www.googleapis.com/:personal:/bannister_open_source/Bannister/obj/x64/Debug/net8.0-windows10.0.19041.0/priconfig.xml.intermediate' (3,154)
2026-03-28 07:23:11: Copy Over 'C:/Users/mr big/Dropbox/code/c sharp/projects/open_source/maui/bannister/Bannister/obj/x64/Debug/net8.0-windows10.0.19041.0/qualifiers.txt.intermediate' -> 'goodrive://www.googleapis.com/:personal:/bannister_open_source/Bannister/obj/x64/Debug/net8.0-windows10.0.19041.0/qualifiers.txt.intermediate' (184)
2026-03-28 07:23:12: Copy Over 'C:/Users/mr big/Dropbox/code/c sharp/projects/open_source/maui/bannister/Bannister/obj/x64/Debug/net8.0-windows10.0.19041.0/ref/Bannister.dll' -> 'goodrive://www.googleapis.com/:personal:/bannister_open_source/Bannister/obj/x64/Debug/net8.0-windows10.0.19041.0/ref/Bannister.dll' (580,608)
2026-03-28 07:23:14: Copy Over 'C:/Users/mr big/Dropbox/code/c sharp/projects/open_source/maui/bannister/Bannister/obj/x64/Debug/net8.0-windows10.0.19041.0/resources.resfiles.intermediate' -> 'goodrive://www.googleapis.com/:personal:/bannister_open_source/Bannister/obj/x64/Debug/net8.0-windows10.0.19041.0/resources.resfiles.intermediate' (0)
2026-03-28 07:23:14: Copy Over 'C:/Users/mr big/Dropbox/code/c sharp/projects/open_source/maui/bannister/Bannister/obj/x64/Debug/net8.0-windows10.0.19041.0/refint/Bannister.dll' -> 'goodrive://www.googleapis.com/:personal:/bannister_open_source/Bannister/obj/x64/Debug/net8.0-windows10.0.19041.0/refint/Bannister.dll' (580,608)
2026-03-28 07:23:15: Copy Over 'C:/Users/mr big/Dropbox/code/c sharp/projects/open_source/maui/bannister/Bannister/obj/x64/Debug/net8.0-windows10.0.19041.0/unfiltered.layout.resfiles.intermediate' -> 'goodrive://www.googleapis.com/:personal:/bannister_open_source/Bannister/obj/x64/Debug/net8.0-windows10.0.19041.0/unfiltered.layout.resfiles.intermediate' (2,300)
2026-03-28 07:23:17: Copy Over 'C:/Users/mr big/Dropbox/code/c sharp/projects/open_source/maui/bannister/Bannister/obj/x64/Debug/net8.0-windows10.0.19041.0/XamlC.stamp' -> 'goodrive://www.googleapis.com/:personal:/bannister_open_source/Bannister/obj/x64/Debug/net8.0-windows10.0.19041.0/XamlC.stamp' (0)
2026-03-28 07:23:17: Copy Over 'C:/Users/mr big/Dropbox/code/c sharp/projects/open_source/maui/bannister/Bannister/obj/x64/Debug/net8.0-windows10.0.19041.0/XamlSaveStateFile.xml' -> 'goodrive://www.googleapis.com/:personal:/bannister_open_source/Bannister/obj/x64/Debug/net8.0-windows10.0.19041.0/XamlSaveStateFile.xml' (923)
2026-03-28 07:23:17: > Copy Over 'C:/Users/mr big/Dropbox/code/c sharp/projects/open_source/maui/bannister/Bannister/bin/x64/Debug/net8.0-windows10.0.19041.0/AppX/Bannister.dll' -> 'goodrive://www.googleapis.com/:personal:/bannister_open_source/Bannister/bin/x64/Debug/net8.0-windows10.0.19041.0/AppX/Bannister.dll' (2,053,632)
2026-03-28 07:23:19: Copy Over 'C:/Users/mr big/Dropbox/code/c sharp/projects/open_source/maui/bannister/Bannister/bin/x64/Debug/net8.0-windows10.0.19041.0/AppX/Bannister.deps.json' -> 'goodrive://www.googleapis.com/:personal:/bannister_open_source/Bannister/bin/x64/Debug/net8.0-windows10.0.19041.0/AppX/Bannister.deps.json' (38,340)
2026-03-28 07:23:21: Copy Over 'C:/Users/mr big/Dropbox/code/c sharp/projects/open_source/maui/bannister/Bannister/bin/x64/Debug/net8.0-windows10.0.19041.0/AppX/Bannister.exe' -> 'goodrive://www.googleapis.com/:personal:/bannister_open_source/Bannister/bin/x64/Debug/net8.0-windows10.0.19041.0/AppX/Bannister.exe' (153,088)
2026-03-28 07:23:22: < Copy Over 'C:/Users/mr big/Dropbox/code/c sharp/projects/open_source/maui/bannister/Bannister/bin/x64/Debug/net8.0-windows10.0.19041.0/AppX/Bannister.dll' -> 'goodrive://www.googleapis.com/:personal:/bannister_open_source/Bannister/bin/x64/Debug/net8.0-windows10.0.19041.0/AppX/Bannister.dll' (2,053,632)
2026-03-28 07:23:23: Copy Over 'C:/Users/mr big/Dropbox/code/c sharp/projects/open_source/maui/bannister/Bannister/bin/x64/Debug/net8.0-windows10.0.19041.0/AppX/resources.pri' -> 'goodrive://www.googleapis.com/:personal:/bannister_open_source/Bannister/bin/x64/Debug/net8.0-windows10.0.19041.0/AppX/resources.pri' (140,664)
2026-03-28 07:23:25: Copy Over 'C:/Users/mr big/Dropbox/code/c sharp/projects/open_source/maui/bannister/Bannister/bin/x64/Debug/net8.0-windows10.0.19041.0/AppX/vs.appxrecipe' -> 'goodrive://www.googleapis.com/:personal:/bannister_open_source/Bannister/bin/x64/Debug/net8.0-windows10.0.19041.0/AppX/vs.appxrecipe' (67,613)
2026-03-28 07:23:26: Copy Over 'C:/Users/mr big/Dropbox/code/c sharp/projects/open_source/maui/bannister/Bannister/bin/x64/Debug/net8.0-windows10.0.19041.0/AppxManifest.xml' -> 'goodrive://www.googleapis.com/:personal:/bannister_open_source/Bannister/bin/x64/Debug/net8.0-windows10.0.19041.0/AppxManifest.xml' (2,821)
2026-03-28 07:23:26: > Copy Over 'C:/Users/mr big/Dropbox/code/c sharp/projects/open_source/maui/bannister/Bannister/bin/x64/Debug/net8.0-windows10.0.19041.0/Bannister.dll' -> 'goodrive://www.googleapis.com/:personal:/bannister_open_source/Bannister/bin/x64/Debug/net8.0-windows10.0.19041.0/Bannister.dll' (2,053,632)
2026-03-28 07:23:26: Copy Over 'C:/Users/mr big/Dropbox/code/c sharp/projects/open_source/maui/bannister/Bannister/bin/x64/Debug/net8.0-windows10.0.19041.0/Bannister.build.appxrecipe' -> 'goodrive://www.googleapis.com/:personal:/bannister_open_source/Bannister/bin/x64/Debug/net8.0-windows10.0.19041.0/Bannister.build.appxrecipe' (57,124)
2026-03-28 07:23:29: Copy Over 'C:/Users/mr big/Dropbox/code/c sharp/projects/open_source/maui/bannister/Bannister/bin/x64/Debug/net8.0-windows10.0.19041.0/Bannister.exe' -> 'goodrive://www.googleapis.com/:personal:/bannister_open_source/Bannister/bin/x64/Debug/net8.0-windows10.0.19041.0/Bannister.exe' (153,088)
2026-03-28 07:23:30: Copy Over 'C:/Users/mr big/Dropbox/code/c sharp/projects/open_source/maui/bannister/Bannister/bin/x64/Debug/net8.0-windows10.0.19041.0/Bannister.deps.json' -> 'goodrive://www.googleapis.com/:personal:/bannister_open_source/Bannister/bin/x64/Debug/net8.0-windows10.0.19041.0/Bannister.deps.json' (38,340)
2026-03-28 07:23:30: < Copy Over 'C:/Users/mr big/Dropbox/code/c sharp/projects/open_source/maui/bannister/Bannister/bin/x64/Debug/net8.0-windows10.0.19041.0/Bannister.dll' -> 'goodrive://www.googleapis.com/:personal:/bannister_open_source/Bannister/bin/x64/Debug/net8.0-windows10.0.19041.0/Bannister.dll' (2,053,632)
2026-03-28 07:23:33: Copy Over 'C:/Users/mr big/Dropbox/code/c sharp/projects/open_source/maui/bannister/Bannister/Services/LearningService.cs' -> 'goodrive://www.googleapis.com/:personal:/bannister_open_source/Bannister/Services/LearningService.cs' (8,831)
2026-03-28 07:23:33: Copy Over 'C:/Users/mr big/Dropbox/code/c sharp/projects/open_source/maui/bannister/Bannister/bin/x64/Debug/net8.0-windows10.0.19041.0/resources.pri' -> 'goodrive://www.googleapis.com/:personal:/bannister_open_source/Bannister/bin/x64/Debug/net8.0-windows10.0.19041.0/resources.pri' (140,664)
2026-03-28 07:23:34: Copy Over 'C:/Users/mr big/Dropbox/code/c sharp/projects/open_source/maui/bannister/Bannister/bin/x64/Debug/net8.0-windows10.0.19041.0/Bannister.pdb' -> 'goodrive://www.googleapis.com/:personal:/bannister_open_source/Bannister/bin/x64/Debug/net8.0-windows10.0.19041.0/Bannister.pdb' (455,896)
2026-03-28 07:23:35: Delete File goodrive://www.googleapis.com/:personal:/bannister_open_source/Bannister/Views/ExpiredActivitiesPage.xaml
2026-03-28 07:23:35: Delete File goodrive://www.googleapis.com/:personal:/bannister_open_source/Bannister/Views/ExpiredActivitiesPage.xaml.cs
2026-03-28 07:23:36: Copy New 'C:/Users/mr big/Dropbox/code/c sharp/projects/open_source/maui/bannister/Bannister/Views/ExpiredActivitiesPage.cs' -> 'goodrive://www.googleapis.com/:personal:/bannister_open_source/Bannister/Views/ExpiredActivitiesPage.cs' (19,461)
2026-03-28 07:23:38: Delete File goodrive://www.googleapis.com/:personal:/bannister_open_source/.vs/Bannister/FileContentIndex/2f606225-03f9-48ab-ab8e-01dba30e234f.vsidx
2026-03-28 07:23:38: > Copy Over 'C:/Users/mr big/Dropbox/code/c sharp/projects/open_source/maui/bannister/.vs/Bannister/CopilotIndices/17.13.441.19478/CodeChunks.db-wal' -> 'goodrive://www.googleapis.com/:personal:/bannister_open_source/.vs/Bannister/CopilotIndices/17.13.441.19478/CodeChunks.db-wal' (4,144,752)
2026-03-28 07:23:41: Copy Over 'C:/Users/mr big/Dropbox/code/c sharp/projects/open_source/maui/bannister/Bannister/Views/LearningPage.cs' -> 'goodrive://www.googleapis.com/:personal:/bannister_open_source/Bannister/Views/LearningPage.cs' (160,635)
2026-03-28 07:23:41: Copy Over 'C:/Users/mr big/Dropbox/code/c sharp/projects/open_source/maui/bannister/.git/COMMIT_EDITMSG' -> 'goodrive://www.googleapis.com/:personal:/bannister_open_source/.git/COMMIT_EDITMSG' (570)
2026-03-28 07:23:41: > Copy Over 'C:/Users/mr big/Dropbox/code/c sharp/projects/open_source/maui/bannister/.vs/Bannister/CopilotIndices/17.13.441.19478/SemanticSymbols.db-wal' -> 'goodrive://www.googleapis.com/:personal:/bannister_open_source/.vs/Bannister/CopilotIndices/17.13.441.19478/SemanticSymbols.db-wal' (4,210,672)
2026-03-28 07:23:41: CopyFileSimple: OpenDownload: ERR: Cannot open file C:/Users/mr big/Dropbox/code/c sharp/projects/open_source/maui/bannister/.vs/Bannister/FileContentIndex/32a55bf4-5d98-459e-aeb7-9d4eb2fa4578.vsidx: cannot open file 'C:/Users/mr big/Dropbox/code/c sharp/projects/open_source/maui/bannister/.vs/Bannister/FileContentIndex/32a55bf4-5d98-459e-aeb7-9d4eb2fa4578.vsidx': The process cannot access the file because it is being used by another process.  (error 32)
2026-03-28 07:23:41: Connecting to Elevated Local GoodSync Server to complete operation
2026-03-28 07:23:41: LOCAL C:(127.0.0.1) -> S:127.0.0.1:33333
2026-03-28 07:23:43: C:/Users/mr big/Dropbox/code/c sharp/projects/open_source/maui/bannister/.vs/Bannister/CopilotIndices/17.13.441.19478/CodeChunks.db-wal: Source file has changed between Analyze and Sync from '[file] size=4,144,752 accu-time=2026-03-28 06:13:03 attr=Archive,WArchive cktype=0' to 'size=4,144,752 time=2026-03-28 07:16:30', noted in source file state
2026-03-28 07:23:43: < Copy Over 'C:/Users/mr big/Dropbox/code/c sharp/projects/open_source/maui/bannister/.vs/Bannister/CopilotIndices/17.13.441.19478/CodeChunks.db-wal' -> 'goodrive://www.googleapis.com/:personal:/bannister_open_source/.vs/Bannister/CopilotIndices/17.13.441.19478/CodeChunks.db-wal' (4,144,752)
2026-03-28 07:23:43: CopyFileSimple: OpenDownload: ERR: Cannot open file C:/Users/mr big/Dropbox/code/c sharp/projects/open_source/maui/bannister/.vs/Bannister/FileContentIndex/60ad74a3-727f-43ec-baf2-79febffe5b3a.vsidx: cannot open file 'C:/Users/mr big/Dropbox/code/c sharp/projects/open_source/maui/bannister/.vs/Bannister/FileContentIndex/60ad74a3-727f-43ec-baf2-79febffe5b3a.vsidx': The process cannot access the file because it is being used by another process.  (error 32)
2026-03-28 07:23:51: C:/Users/mr big/Dropbox/code/c sharp/projects/open_source/maui/bannister/.vs/Bannister/CopilotIndices/17.13.441.19478/SemanticSymbols.db-wal: Source file has changed between Analyze and Sync from '[file] size=4,210,672 accu-time=2026-03-28 06:13:03 attr=Archive,WArchive cktype=0' to 'size=4,210,672 time=2026-03-28 07:16:30', noted in source file state
2026-03-28 07:23:51: < Copy Over 'C:/Users/mr big/Dropbox/code/c sharp/projects/open_source/maui/bannister/.vs/Bannister/CopilotIndices/17.13.441.19478/SemanticSymbols.db-wal' -> 'goodrive://www.googleapis.com/:personal:/bannister_open_source/.vs/Bannister/CopilotIndices/17.13.441.19478/SemanticSymbols.db-wal' (4,210,672)
2026-03-28 07:23:54: Delete File goodrive://www.googleapis.com/:personal:/bannister_open_source/.vs/Bannister/FileContentIndex/8edb3abd-3433-49a7-8d65-d08dc1b956db.vsidx
2026-03-28 07:23:55: Delete File goodrive://www.googleapis.com/:personal:/bannister_open_source/.vs/Bannister/FileContentIndex/8ff14a9f-df99-4ada-a373-4e37095031d7.vsidx
2026-03-28 07:23:55: CopyFileSimple: OpenDownload: ERR: Cannot open file C:/Users/mr big/Dropbox/code/c sharp/projects/open_source/maui/bannister/.vs/Bannister/FileContentIndex/a17d204d-80a4-4198-82ba-73d702a96c08.vsidx: cannot open file 'C:/Users/mr big/Dropbox/code/c sharp/projects/open_source/maui/bannister/.vs/Bannister/FileContentIndex/a17d204d-80a4-4198-82ba-73d702a96c08.vsidx': The process cannot access the file because it is being used by another process.  (error 32)
2026-03-28 07:25:44: Created Snapshot of Volume 'C:' at '/GLOBALROOT/Device/HarddiskVolumeShadowCopy22', Elevated
2026-03-28 07:25:45: Open File Snap GetShadow: AbsPath=/GLOBALROOT/Device/HarddiskVolumeShadowCopy22/Users/mr big/Dropbox/code/c sharp/projects/open_source/maui/bannister/.vs/Bannister/FileContentIndex/32a55bf4-5d98-459e-aeb7-9d4eb2fa4578.vsidx SnapshotPath=/GLOBALROOT/Device/HarddiskVolumeShadowCopy22 SnapVolume=C:
2026-03-28 07:25:45: Open File Snap GetShadow: AbsPath=/GLOBALROOT/Device/HarddiskVolumeShadowCopy22/Users/mr big/Dropbox/code/c sharp/projects/open_source/maui/bannister/.vs/Bannister/FileContentIndex/60ad74a3-727f-43ec-baf2-79febffe5b3a.vsidx SnapshotPath=/GLOBALROOT/Device/HarddiskVolumeShadowCopy22 SnapVolume=C:
2026-03-28 07:25:45: Open File Snap GetShadow: AbsPath=/GLOBALROOT/Device/HarddiskVolumeShadowCopy22/Users/mr big/Dropbox/code/c sharp/projects/open_source/maui/bannister/.vs/Bannister/FileContentIndex/a17d204d-80a4-4198-82ba-73d702a96c08.vsidx SnapshotPath=/GLOBALROOT/Device/HarddiskVolumeShadowCopy22 SnapVolume=C:
2026-03-28 07:25:47: Copy New 'C:/Users/mr big/Dropbox/code/c sharp/projects/open_source/maui/bannister/.vs/Bannister/FileContentIndex/32a55bf4-5d98-459e-aeb7-9d4eb2fa4578.vsidx' -> 'goodrive://www.googleapis.com/:personal:/bannister_open_source/.vs/Bannister/FileContentIndex/32a55bf4-5d98-459e-aeb7-9d4eb2fa4578.vsidx' (151,539)
2026-03-28 07:25:47: Copy New 'C:/Users/mr big/Dropbox/code/c sharp/projects/open_source/maui/bannister/.vs/Bannister/FileContentIndex/a17d204d-80a4-4198-82ba-73d702a96c08.vsidx' -> 'goodrive://www.googleapis.com/:personal:/bannister_open_source/.vs/Bannister/FileContentIndex/a17d204d-80a4-4198-82ba-73d702a96c08.vsidx' (151,935)
2026-03-28 07:25:47: CopyFileSimple: OpenDownload: ERR: Cannot open file C:/Users/mr big/Dropbox/code/c sharp/projects/open_source/maui/bannister/.vs/Bannister/FileContentIndex/c62c31e7-c61f-465c-9a1c-57a97cbbe859.vsidx: cannot open file 'C:/Users/mr big/Dropbox/code/c sharp/projects/open_source/maui/bannister/.vs/Bannister/FileContentIndex/c62c31e7-c61f-465c-9a1c-57a97cbbe859.vsidx': The process cannot access the file because it is being used by another process.  (error 32)
2026-03-28 07:25:47: Open File Snap GetShadow: AbsPath=/GLOBALROOT/Device/HarddiskVolumeShadowCopy22/Users/mr big/Dropbox/code/c sharp/projects/open_source/maui/bannister/.vs/Bannister/FileContentIndex/c62c31e7-c61f-465c-9a1c-57a97cbbe859.vsidx SnapshotPath=/GLOBALROOT/Device/HarddiskVolumeShadowCopy22 SnapVolume=C:
2026-03-28 07:25:48: Copy New 'C:/Users/mr big/Dropbox/code/c sharp/projects/open_source/maui/bannister/.vs/Bannister/FileContentIndex/60ad74a3-727f-43ec-baf2-79febffe5b3a.vsidx' -> 'goodrive://www.googleapis.com/:personal:/bannister_open_source/.vs/Bannister/FileContentIndex/60ad74a3-727f-43ec-baf2-79febffe5b3a.vsidx' (162,812)
2026-03-28 07:25:48: Delete File goodrive://www.googleapis.com/:personal:/bannister_open_source/.vs/Bannister/FileContentIndex/d8f96d18-f15d-41a8-a99e-f8c824d99f09.vsidx
2026-03-28 07:25:50: Copy New 'C:/Users/mr big/Dropbox/code/c sharp/projects/open_source/maui/bannister/.vs/Bannister/FileContentIndex/c62c31e7-c61f-465c-9a1c-57a97cbbe859.vsidx' -> 'goodrive://www.googleapis.com/:personal:/bannister_open_source/.vs/Bannister/FileContentIndex/c62c31e7-c61f-465c-9a1c-57a97cbbe859.vsidx' (148,670)
2026-03-28 07:25:52: Copy Over 'C:/Users/mr big/Dropbox/code/c sharp/projects/open_source/maui/bannister/.vs/Bannister/v17/.suo' -> 'goodrive://www.googleapis.com/:personal:/bannister_open_source/.vs/Bannister/v17/.suo' (125,440)
2026-03-28 07:25:52: Copy Over 'C:/Users/mr big/Dropbox/code/c sharp/projects/open_source/maui/bannister/.git/index' -> 'goodrive://www.googleapis.com/:personal:/bannister_open_source/.git/index' (22,636)
2026-03-28 07:25:54: Copy Over 'C:/Users/mr big/Dropbox/code/c sharp/projects/open_source/maui/bannister/.vs/Bannister/v17/DocumentLayout.backup.json' -> 'goodrive://www.googleapis.com/:personal:/bannister_open_source/.vs/Bannister/v17/DocumentLayout.backup.json' (14,503)
2026-03-28 07:25:56: Copy New 'C:/Users/mr big/Dropbox/code/c sharp/projects/open_source/maui/bannister/.git/objects/10/ee3fef3f44ad9066ca775dace6c6178c233511' -> 'goodrive://www.googleapis.com/:personal:/bannister_open_source/.git/objects/10/ee3fef3f44ad9066ca775dace6c6178c233511' (2,568)
2026-03-28 07:25:56: Copy Over 'C:/Users/mr big/Dropbox/code/c sharp/projects/open_source/maui/bannister/.vs/Bannister/v17/DocumentLayout.json' -> 'goodrive://www.googleapis.com/:personal:/bannister_open_source/.vs/Bannister/v17/DocumentLayout.json' (14,503)
2026-03-28 07:25:57: Create Folder goodrive://www.googleapis.com/:personal:/bannister_open_source/.git/objects/2c
2026-03-28 07:26:03: Copy Over 'C:/Users/mr big/Dropbox/code/c sharp/projects/open_source/maui/bannister/.git/logs/HEAD' -> 'goodrive://www.googleapis.com/:personal:/bannister_open_source/.git/logs/HEAD' (5,459)
2026-03-28 07:26:04: Copy New 'C:/Users/mr big/Dropbox/code/c sharp/projects/open_source/maui/bannister/.git/objects/27/34371e729893e690c0d24cdf109a0db74fcefd' -> 'goodrive://www.googleapis.com/:personal:/bannister_open_source/.git/objects/27/34371e729893e690c0d24cdf109a0db74fcefd' (408)
2026-03-28 07:26:04: Copy New 'C:/Users/mr big/Dropbox/code/c sharp/projects/open_source/maui/bannister/.git/objects/2c/5c53c29306c7ce3189a406a6ef4af229c8e551' -> 'goodrive://www.googleapis.com/:personal:/bannister_open_source/.git/objects/2c/5c53c29306c7ce3189a406a6ef4af229c8e551' (10,179)
2026-03-28 07:26:06: Copy New 'C:/Users/mr big/Dropbox/code/c sharp/projects/open_source/maui/bannister/.git/objects/30/5c96ad66e5822cf14f06c2a4051886bf5a2784' -> 'goodrive://www.googleapis.com/:personal:/bannister_open_source/.git/objects/30/5c96ad66e5822cf14f06c2a4051886bf5a2784' (2,462)
2026-03-28 07:26:06: Copy New 'C:/Users/mr big/Dropbox/code/c sharp/projects/open_source/maui/bannister/.git/objects/47/9613f328d6e8cfb58b6af1872bac257b249cb3' -> 'goodrive://www.googleapis.com/:personal:/bannister_open_source/.git/objects/47/9613f328d6e8cfb58b6af1872bac257b249cb3' (9,384)
2026-03-28 07:26:06: Copy New 'C:/Users/mr big/Dropbox/code/c sharp/projects/open_source/maui/bannister/.git/objects/44/99e4590f8ffef92adfd3da4dee031dab42eaac' -> 'goodrive://www.googleapis.com/:personal:/bannister_open_source/.git/objects/44/99e4590f8ffef92adfd3da4dee031dab42eaac' (1,569)
2026-03-28 07:26:07: Create Folder goodrive://www.googleapis.com/:personal:/bannister_open_source/.git/objects/56
2026-03-28 07:26:08: Copy New 'C:/Users/mr big/Dropbox/code/c sharp/projects/open_source/maui/bannister/.git/objects/49/5ddf0cc237641dc3f61691adb275405f197da2' -> 'goodrive://www.googleapis.com/:personal:/bannister_open_source/.git/objects/49/5ddf0cc237641dc3f61691adb275405f197da2' (4,942)
2026-03-28 07:26:09: Copy New 'C:/Users/mr big/Dropbox/code/c sharp/projects/open_source/maui/bannister/.git/objects/56/6ef61f3788cbb2e7e8906d36379890673cf303' -> 'goodrive://www.googleapis.com/:personal:/bannister_open_source/.git/objects/56/6ef61f3788cbb2e7e8906d36379890673cf303' (321)
2026-03-28 07:26:10: Copy New 'C:/Users/mr big/Dropbox/code/c sharp/projects/open_source/maui/bannister/.git/objects/4a/f5965f7073127bc33abf4faf9f2f3c833972f1' -> 'goodrive://www.googleapis.com/:personal:/bannister_open_source/.git/objects/4a/f5965f7073127bc33abf4faf9f2f3c833972f1' (6,743)
2026-03-28 07:26:10: Copy New 'C:/Users/mr big/Dropbox/code/c sharp/projects/open_source/maui/bannister/.git/objects/75/315f3f092a2df7e0c6826d49dfe2ceb188188b' -> 'goodrive://www.googleapis.com/:personal:/bannister_open_source/.git/objects/75/315f3f092a2df7e0c6826d49dfe2ceb188188b' (436)
2026-03-28 07:26:12: Copy New 'C:/Users/mr big/Dropbox/code/c sharp/projects/open_source/maui/bannister/.git/objects/86/702c093d5ba1c943e1c3c12c882a6bd0b38444' -> 'goodrive://www.googleapis.com/:personal:/bannister_open_source/.git/objects/86/702c093d5ba1c943e1c3c12c882a6bd0b38444' (8,982)
2026-03-28 07:26:12: Copy New 'C:/Users/mr big/Dropbox/code/c sharp/projects/open_source/maui/bannister/.git/objects/87/7affef8b52b64fee1ec1d792509c5bb9a9f5ca' -> 'goodrive://www.googleapis.com/:personal:/bannister_open_source/.git/objects/87/7affef8b52b64fee1ec1d792509c5bb9a9f5ca' (1,870)
2026-03-28 07:26:13: Copy New 'C:/Users/mr big/Dropbox/code/c sharp/projects/open_source/maui/bannister/.git/objects/82/f2734cb666b4371340b1def20d9232169746ed' -> 'goodrive://www.googleapis.com/:personal:/bannister_open_source/.git/objects/82/f2734cb666b4371340b1def20d9232169746ed' (2,626)
2026-03-28 07:26:13: Create Folder goodrive://www.googleapis.com/:personal:/bannister_open_source/.git/objects/93
2026-03-28 07:26:15: Copy New 'C:/Users/mr big/Dropbox/code/c sharp/projects/open_source/maui/bannister/.git/objects/a0/703f99ee00c0e772e2d09e372d13efc3e230ae' -> 'goodrive://www.googleapis.com/:personal:/bannister_open_source/.git/objects/a0/703f99ee00c0e772e2d09e372d13efc3e230ae' (572)
2026-03-28 07:26:15: Copy New 'C:/Users/mr big/Dropbox/code/c sharp/projects/open_source/maui/bannister/.git/objects/9c/2681df74a1006a79e036f3445884a86066df6d' -> 'goodrive://www.googleapis.com/:personal:/bannister_open_source/.git/objects/9c/2681df74a1006a79e036f3445884a86066df6d' (445)
2026-03-28 07:26:16: Copy Over 'C:/Users/mr big/Dropbox/code/c sharp/projects/open_source/maui/bannister/.git/objects/89/c01595929445a9f945854647d5ab127e4ca5c1' -> 'goodrive://www.googleapis.com/:personal:/bannister_open_source/.git/objects/89/c01595929445a9f945854647d5ab127e4ca5c1' (3,423)
2026-03-28 07:26:17: Copy New 'C:/Users/mr big/Dropbox/code/c sharp/projects/open_source/maui/bannister/.git/objects/93/b4be2d20a2e00edfea4f8d5ecf33d136e1147e' -> 'goodrive://www.googleapis.com/:personal:/bannister_open_source/.git/objects/93/b4be2d20a2e00edfea4f8d5ecf33d136e1147e' (6,758)
2026-03-28 07:26:18: Copy New 'C:/Users/mr big/Dropbox/code/c sharp/projects/open_source/maui/bannister/.git/objects/a1/f46f0bdeb9390fcbd5c7c1f07227398ee65506' -> 'goodrive://www.googleapis.com/:personal:/bannister_open_source/.git/objects/a1/f46f0bdeb9390fcbd5c7c1f07227398ee65506' (29,939)
2026-03-28 07:26:18: Copy New 'C:/Users/mr big/Dropbox/code/c sharp/projects/open_source/maui/bannister/.git/objects/a3/c64cbb1b6c1a945633b9cf4853277a2994be07' -> 'goodrive://www.googleapis.com/:personal:/bannister_open_source/.git/objects/a3/c64cbb1b6c1a945633b9cf4853277a2994be07' (6,649)
2026-03-28 07:26:20: Copy New 'C:/Users/mr big/Dropbox/code/c sharp/projects/open_source/maui/bannister/.git/objects/c1/c08924eaf05c07e03e9442ebb640e3f8b3a80b' -> 'goodrive://www.googleapis.com/:personal:/bannister_open_source/.git/objects/c1/c08924eaf05c07e03e9442ebb640e3f8b3a80b' (1,206)
2026-03-28 07:26:20: Copy New 'C:/Users/mr big/Dropbox/code/c sharp/projects/open_source/maui/bannister/.git/objects/bd/3ec964bb98d69271e29af9f04f9eb94e970f40' -> 'goodrive://www.googleapis.com/:personal:/bannister_open_source/.git/objects/bd/3ec964bb98d69271e29af9f04f9eb94e970f40' (636)
2026-03-28 07:26:20: Copy New 'C:/Users/mr big/Dropbox/code/c sharp/projects/open_source/maui/bannister/.git/objects/bd/65758562e271de0ad1790c7ba673107f3cfe5b' -> 'goodrive://www.googleapis.com/:personal:/bannister_open_source/.git/objects/bd/65758562e271de0ad1790c7ba673107f3cfe5b' (2,652)
2026-03-28 07:26:21: Create Folder goodrive://www.googleapis.com/:personal:/bannister_open_source/.git/objects/d6
2026-03-28 07:26:21: Create Folder goodrive://www.googleapis.com/:personal:/bannister_open_source/.git/objects/e0
2026-03-28 07:26:21: Create Folder goodrive://www.googleapis.com/:personal:/bannister_open_source/.git/objects/e1
2026-03-28 07:26:22: Copy New 'C:/Users/mr big/Dropbox/code/c sharp/projects/open_source/maui/bannister/.git/objects/d8/f1e5e4b7bbd5ca6ee6eadcc4ed67529b4eb123' -> 'goodrive://www.googleapis.com/:personal:/bannister_open_source/.git/objects/d8/f1e5e4b7bbd5ca6ee6eadcc4ed67529b4eb123' (1,337)
2026-03-28 07:26:23: Copy New 'C:/Users/mr big/Dropbox/code/c sharp/projects/open_source/maui/bannister/.git/objects/d6/bc5ee0efff9ae1d12d06362f0ce00bd70cedcc' -> 'goodrive://www.googleapis.com/:personal:/bannister_open_source/.git/objects/d6/bc5ee0efff9ae1d12d06362f0ce00bd70cedcc' (156)
2026-03-28 07:26:24: Copy New 'C:/Users/mr big/Dropbox/code/c sharp/projects/open_source/maui/bannister/.git/objects/e0/ccd502d4d1f731ada108d01599f684b3ec94a5' -> 'goodrive://www.googleapis.com/:personal:/bannister_open_source/.git/objects/e0/ccd502d4d1f731ada108d01599f684b3ec94a5' (10,266)
2026-03-28 07:26:24: Create Folder goodrive://www.googleapis.com/:personal:/bannister_open_source/.git/objects/f2
2026-03-28 07:26:25: Copy New 'C:/Users/mr big/Dropbox/code/c sharp/projects/open_source/maui/bannister/.git/objects/e1/add6ecbcca865c0d80ab1d94b72cae050dd642' -> 'goodrive://www.googleapis.com/:personal:/bannister_open_source/.git/objects/e1/add6ecbcca865c0d80ab1d94b72cae050dd642' (1,857)
2026-03-28 07:26:26: Copy New 'C:/Users/mr big/Dropbox/code/c sharp/projects/open_source/maui/bannister/.git/objects/ec/1755e08ca5cf38893fb0b828cdcba816a1cb90' -> 'goodrive://www.googleapis.com/:personal:/bannister_open_source/.git/objects/ec/1755e08ca5cf38893fb0b828cdcba816a1cb90' (99,942)
2026-03-28 07:26:27: Copy New 'C:/Users/mr big/Dropbox/code/c sharp/projects/open_source/maui/bannister/.git/objects/f2/a93e95196dead04be864a9d3236de1c959db91' -> 'goodrive://www.googleapis.com/:personal:/bannister_open_source/.git/objects/f2/a93e95196dead04be864a9d3236de1c959db91' (2,334)
2026-03-28 07:26:28: Copy New 'C:/Users/mr big/Dropbox/code/c sharp/projects/open_source/maui/bannister/.git/objects/fe/5aef4a64e38811e437b501fba9d2ead49c9e62' -> 'goodrive://www.googleapis.com/:personal:/bannister_open_source/.git/objects/fe/5aef4a64e38811e437b501fba9d2ead49c9e62' (4,036)
2026-03-28 07:26:31: Copy Over 'C:/Users/mr big/Dropbox/code/c sharp/projects/open_source/maui/bannister/.git/refs/heads/main' -> 'goodrive://www.googleapis.com/:personal:/bannister_open_source/.git/refs/heads/main' (41)
2026-03-28 07:26:32: Copy Over 'C:/Users/mr big/Dropbox/code/c sharp/projects/open_source/maui/bannister/.git/logs/refs/heads/main' -> 'goodrive://www.googleapis.com/:personal:/bannister_open_source/.git/logs/refs/heads/main' (5,512)
2026-03-28 07:26:33: Copy Over 'C:/Users/mr big/Dropbox/code/c sharp/projects/open_source/maui/bannister/.git/refs/remotes/origin/main' -> 'goodrive://www.googleapis.com/:personal:/bannister_open_source/.git/refs/remotes/origin/main' (41)
2026-03-28 07:26:36: Copy Over 'C:/Users/mr big/Dropbox/code/c sharp/projects/open_source/maui/bannister/.git/logs/refs/remotes/origin/main' -> 'goodrive://www.googleapis.com/:personal:/bannister_open_source/.git/logs/refs/remotes/origin/main' (2,755)
2026-03-28 07:26:36: Save State File C:/Users/mr big/Dropbox/code/c sharp/projects/open_source/maui/bannister/_gsdata_/_file_state_v4._gs
2026-03-28 07:26:39: Save State File goodrive://www.googleapis.com/:personal:/bannister_open_source/_gsdata_/_file_state_v4._gs
2026-03-28 07:26:39: Release Snapshot of Volume C:
2026-03-28 07:26:40: Deleted Recycled: goodrive://www.googleapis.com/:personal:/bannister_open_source/_gsdata_/_saved_/.vs/Bannister/FileContentIndex/3f5cd575-f39b-4204-8ff0-e2042e2dd9ec.vsidx
2026-03-28 07:26:40: Deleted Recycled: goodrive://www.googleapis.com/:personal:/bannister_open_source/_gsdata_/_saved_/.vs/Bannister/FileContentIndex/92c016ae-2f3f-43ec-9346-797b211381e1.vsidx
2026-03-28 07:26:41: Deleted Recycled: goodrive://www.googleapis.com/:personal:/bannister_open_source/_gsdata_/_saved_/.vs/Bannister/FileContentIndex/94397296-e60a-41b9-887a-fc78e60f13d0.vsidx
2026-03-28 07:26:42: Deleted Recycled: goodrive://www.googleapis.com/:personal:/bannister_open_source/_gsdata_/_saved_/.vs/Bannister/FileContentIndex/9c62872d-e21c-495a-98ec-6e9c32402cb3.vsidx
2026-03-28 07:26:43: Deleted Recycled: goodrive://www.googleapis.com/:personal:/bannister_open_source/_gsdata_/_saved_/.vs/Bannister/FileContentIndex/aa4de304-c5ba-49ad-8212-382cd8e21a88.vsidx
2026-03-28 07:26:44: Deleted Recycled: goodrive://www.googleapis.com/:personal:/bannister_open_source/_gsdata_/_saved_/Bannister/Views/ActivityGamePage/ActivityGamePage.DesktopUI.cs
2026-03-28 07:35:31: == Sync Complete. Time: 00:12:53, Speed: 87.28 KB/s, OK: 99, Errors: 0
