2026-05-03 08:49:12: -- Analysis Started by Analyze All
2026-05-03 08:49:12: L: Reading State File C:/rock/Bannister/_gsdata_/_file_state_v4._gs
2026-05-03 08:49:12: R: Reading State File goodrive://www.googleapis.com/:personal:/bannister_open_source/_gsdata_/_file_state_v4._gs
2026-05-03 08:49:14: /Bannister/bin/x64/Debug/net8.0-windows10.0.19041.0/AppX/runtimes/linux-arm/native/libe_sqlite3.so: Warning: Older file to replace Newer file
2026-05-03 08:49:14: /Bannister/bin/x64/Debug/net8.0-windows10.0.19041.0/AppX/runtimes/linux-arm64/native/libe_sqlite3.so: Warning: Older file to replace Newer file
2026-05-03 08:49:14: /Bannister/bin/x64/Debug/net8.0-windows10.0.19041.0/AppX/runtimes/linux-armel/native/libe_sqlite3.so: Warning: Older file to replace Newer file
2026-05-03 08:49:14: /Bannister/bin/x64/Debug/net8.0-windows10.0.19041.0/AppX/runtimes/linux-mips64/native/libe_sqlite3.so: Warning: Older file to replace Newer file
2026-05-03 08:49:14: /Bannister/bin/x64/Debug/net8.0-windows10.0.19041.0/AppX/runtimes/linux-musl-arm/native/libe_sqlite3.so: Warning: Older file to replace Newer file
2026-05-03 08:49:14: /Bannister/bin/x64/Debug/net8.0-windows10.0.19041.0/AppX/runtimes/linux-musl-arm64/native/libe_sqlite3.so: Warning: Older file to replace Newer file
2026-05-03 08:49:14: /Bannister/bin/x64/Debug/net8.0-windows10.0.19041.0/AppX/runtimes/linux-musl-x64/native/libe_sqlite3.so: Warning: Older file to replace Newer file
2026-05-03 08:49:14: /Bannister/bin/x64/Debug/net8.0-windows10.0.19041.0/AppX/runtimes/linux-s390x/native/libe_sqlite3.so: Warning: Older file to replace Newer file
2026-05-03 08:49:14: /Bannister/bin/x64/Debug/net8.0-windows10.0.19041.0/AppX/runtimes/linux-x64/native/libe_sqlite3.so: Warning: Older file to replace Newer file
2026-05-03 08:49:14: /Bannister/bin/x64/Debug/net8.0-windows10.0.19041.0/AppX/runtimes/linux-x86/native/libe_sqlite3.so: Warning: Older file to replace Newer file
2026-05-03 08:49:14: /Bannister/bin/x64/Debug/net8.0-windows10.0.19041.0/AppX/runtimes/maccatalyst-arm64/native/libe_sqlite3.dylib: Warning: Older file to replace Newer file
2026-05-03 08:49:14: /Bannister/bin/x64/Debug/net8.0-windows10.0.19041.0/AppX/runtimes/maccatalyst-x64/native/libe_sqlite3.dylib: Warning: Older file to replace Newer file
2026-05-03 08:49:14: /Bannister/bin/x64/Debug/net8.0-windows10.0.19041.0/AppX/runtimes/osx-arm64/native/libe_sqlite3.dylib: Warning: Older file to replace Newer file
2026-05-03 08:49:14: /Bannister/bin/x64/Debug/net8.0-windows10.0.19041.0/AppX/runtimes/osx-x64/native/libe_sqlite3.dylib: Warning: Older file to replace Newer file
2026-05-03 08:49:14: /Bannister/bin/x64/Debug/net8.0-windows10.0.19041.0/AppX/runtimes/win-arm/native/e_sqlite3.dll: Warning: Older file to replace Newer file
2026-05-03 08:49:14: /Bannister/bin/x64/Debug/net8.0-windows10.0.19041.0/AppX/runtimes/win-arm64/native/e_sqlite3.dll: Warning: Older file to replace Newer file
2026-05-03 08:49:14: /Bannister/bin/x64/Debug/net8.0-windows10.0.19041.0/AppX/runtimes/win-x64/native/e_sqlite3.dll: Warning: Older file to replace Newer file
2026-05-03 08:49:14: /Bannister/bin/x64/Debug/net8.0-windows10.0.19041.0/AppX/runtimes/win-x86/native/e_sqlite3.dll: Warning: Older file to replace Newer file
2026-05-03 08:49:14: /Bannister/bin/x64/Debug/net8.0-windows10.0.19041.0/AppX/SQLitePCLRaw.provider.e_sqlite3.dll: Warning: Older file to replace Newer file
2026-05-03 08:49:14: /Bannister/bin/x64/Debug/net8.0-windows10.0.19041.0/runtimes/linux-arm/native/libe_sqlite3.so: Warning: Older file to replace Newer file
2026-05-03 08:49:14: /Bannister/bin/x64/Debug/net8.0-windows10.0.19041.0/runtimes/linux-arm64/native/libe_sqlite3.so: Warning: Older file to replace Newer file
2026-05-03 08:49:14: /Bannister/bin/x64/Debug/net8.0-windows10.0.19041.0/runtimes/linux-armel/native/libe_sqlite3.so: Warning: Older file to replace Newer file
2026-05-03 08:49:14: /Bannister/bin/x64/Debug/net8.0-windows10.0.19041.0/runtimes/linux-mips64/native/libe_sqlite3.so: Warning: Older file to replace Newer file
2026-05-03 08:49:14: /Bannister/bin/x64/Debug/net8.0-windows10.0.19041.0/runtimes/linux-musl-arm/native/libe_sqlite3.so: Warning: Older file to replace Newer file
2026-05-03 08:49:14: /Bannister/bin/x64/Debug/net8.0-windows10.0.19041.0/runtimes/linux-musl-arm64/native/libe_sqlite3.so: Warning: Older file to replace Newer file
2026-05-03 08:49:14: /Bannister/bin/x64/Debug/net8.0-windows10.0.19041.0/runtimes/linux-musl-x64/native/libe_sqlite3.so: Warning: Older file to replace Newer file
2026-05-03 08:49:14: /Bannister/bin/x64/Debug/net8.0-windows10.0.19041.0/runtimes/linux-s390x/native/libe_sqlite3.so: Warning: Older file to replace Newer file
2026-05-03 08:49:14: /Bannister/bin/x64/Debug/net8.0-windows10.0.19041.0/runtimes/linux-x64/native/libe_sqlite3.so: Warning: Older file to replace Newer file
2026-05-03 08:49:14: /Bannister/bin/x64/Debug/net8.0-windows10.0.19041.0/runtimes/linux-x86/native/libe_sqlite3.so: Warning: Older file to replace Newer file
2026-05-03 08:49:14: /Bannister/bin/x64/Debug/net8.0-windows10.0.19041.0/runtimes/maccatalyst-arm64/native/libe_sqlite3.dylib: Warning: Older file to replace Newer file
2026-05-03 08:49:14: /Bannister/bin/x64/Debug/net8.0-windows10.0.19041.0/runtimes/maccatalyst-x64/native/libe_sqlite3.dylib: Warning: Older file to replace Newer file
2026-05-03 08:49:14: /Bannister/bin/x64/Debug/net8.0-windows10.0.19041.0/runtimes/osx-arm64/native/libe_sqlite3.dylib: Warning: Older file to replace Newer file
2026-05-03 08:49:14: /Bannister/bin/x64/Debug/net8.0-windows10.0.19041.0/runtimes/osx-x64/native/libe_sqlite3.dylib: Warning: Older file to replace Newer file
2026-05-03 08:49:14: /Bannister/bin/x64/Debug/net8.0-windows10.0.19041.0/runtimes/win-arm/native/e_sqlite3.dll: Warning: Older file to replace Newer file
2026-05-03 08:49:14: /Bannister/bin/x64/Debug/net8.0-windows10.0.19041.0/runtimes/win-arm64/native/e_sqlite3.dll: Warning: Older file to replace Newer file
2026-05-03 08:49:14: /Bannister/bin/x64/Debug/net8.0-windows10.0.19041.0/runtimes/win-x64/native/e_sqlite3.dll: Warning: Older file to replace Newer file
2026-05-03 08:49:14: /Bannister/bin/x64/Debug/net8.0-windows10.0.19041.0/runtimes/win-x86/native/e_sqlite3.dll: Warning: Older file to replace Newer file
2026-05-03 08:49:14: /Bannister/bin/x64/Debug/net8.0-windows10.0.19041.0/SQLitePCLRaw.provider.e_sqlite3.dll: Warning: Older file to replace Newer file
2026-05-03 08:49:14: Changes: 553, Conflicts: 0, CopyTime: 0, FixState: 5,021, Errors: 0, All: 11893
2026-05-03 08:49:14: Left to Right: Copy File: 537 Delete File: 16 
2026-05-03 08:49:14: -- Analysis Complete. Time 00:00:02, Speed: 776 files/s
